
          -------------------------------------------------------
          Amber 18 PMEMD                              2018
          -------------------------------------------------------

| PMEMD implementation of SANDER, Release 18

| Run on 02/22/2021 at 13:08:46

|   Executable path: pmemd.cuda
| Working directory: /home/almacen/pbarletta/reobp/run/apo/pre
|          Hostname: Unknown
  [-O]verwriting output

File Assignments:
|   MDIN: step6.in                                                              
|  MDOUT: step6.out                                                             
| INPCRD: step5.rst7                                                            
|   PARM: ../../../top_files/apo.prmtop                                         
| RESTRT: step6.rst7                                                            
|   REFC: step5.rst7                                                            
|  MDVEL: mdvel                                                                 
|   MDEN: mden                                                                  
|  MDCRD: step6.nc                                                              
| MDINFO: step6.mdinfo                                                          
|  MDFRC: mdfrc                                                                 


 Here is the input file:

MD: step6.in                                                                   
 &cntrl                                                                        
   imin = 0, nstlim = 5000, dt = 0.001,                                        
   ntx = 1, irest = 0, ig = -1,                                                
   ntwx = 500, ntwv = 0, ioutfm = 0, ntxo = 1, ntpr = 50, ntwr = 500,          
   iwrap = 0, nscm = 0,                                                        
   ntc = 2, ntf = 2, ntb = 2, cut = 8.0,                                       
   ntt = 3, gamma_ln = 5, temp0 = 300, tempi = 300,                            
   ntp = 1, barostat = 2, pres0 = 1.0,                                         
   ntr = 1, restraintmask = ":1-119&!@H=|:120", restraint_wt = 1.0,            
 &end                                                                          


Note: ig = -1. Setting random seed to   609512 based on wallclock time in 
      microseconds.
| irandom = 1, using AMBER's internal random number generator (default).
 
|--------------------- INFORMATION ----------------------
| GPU (CUDA) Version of PMEMD in use: NVIDIA GPU IN USE.
|                    Version 18.0.0
| 
|                      03/25/2018
| 
| Implementation by:
|                    Ross C. Walker     (SDSC)
|                    Scott Le Grand     (nVIDIA)
| 
| Version 18 performance extensions by:
|                    David Cerutti     (Rutgers)
| 
| Precision model in use:
|      [SPFP] - Single Precision Forces, 64-bit Fixed Point
|               Accumulation. (Default)
| 
|--------------------------------------------------------
 
|----------------- CITATION INFORMATION -----------------
|
|    When publishing work that utilized the CUDA version
|    of AMBER, please cite the following in addition to
|    the regular AMBER citations:
|
|  - Romelia Salomon-Ferrer; Andreas W. Goetz; Duncan
|    Poole; Scott Le Grand; Ross C. Walker "Routine
|    microsecond molecular dynamics simulations with
|    AMBER - Part II: Particle Mesh Ewald", J. Chem.
|    Theory Comput., 2013, 9 (9), pp3878-3888,
|    DOI: 10.1021/ct400314y.
|
|  - Andreas W. Goetz; Mark J. Williamson; Dong Xu;
|    Duncan Poole; Scott Le Grand; Ross C. Walker
|    "Routine microsecond molecular dynamics simulations
|    with AMBER - Part I: Generalized Born", J. Chem.
|    Theory Comput., 2012, 8 (5), pp1542-1555.
|
|  - Scott Le Grand; Andreas W. Goetz; Ross C. Walker
|    "SPFP: Speed without compromise - a mixed precision
|    model for GPU accelerated molecular dynamics
|    simulations.", Comp. Phys. Comm., 2013, 184
|    pp374-380, DOI: 10.1016/j.cpc.2012.09.022
|
|--------------------------------------------------------
 
|------------------- GPU DEVICE INFO --------------------
|
|            CUDA_VISIBLE_DEVICES: not set
|   CUDA Capable Devices Detected:      1
|           CUDA Device ID in use:      0
|                CUDA Device Name: GeForce GTX 1080 Ti
|     CUDA Device Global Mem Size:  11178 MB
| CUDA Device Num Multiprocessors:     28
|           CUDA Device Core Freq:   1.72 GHz
|
|--------------------------------------------------------
 
 
| Conditional Compilation Defines Used:
| PUBFFT
| BINTRAJ
| CUDA
| EMIL

| Largest sphere to fit in unit cell has radius =    25.275

| New format PARM file being parsed.
| Version =    1.000 Date = 02/22/21 Time = 12:43:07

| Note: 1-4 EEL scale factors are being read from the topology file.

| Note: 1-4 VDW scale factors are being read from the topology file.
| Duplicated    0 dihedrals

| Duplicated    0 dihedrals

--------------------------------------------------------------------------------
   1.  RESOURCE   USE: 
--------------------------------------------------------------------------------

 getting new box info from bottom of inpcrd
 NATOM  =   15691 NTYPES =      17 NBONH =   14747 MBONA  =     953
 NTHETH =    2337 MTHETA =    1282 NPHIH =    4475 MPHIA  =    3254
 NHPARM =       0 NPARM  =       0 NNB   =   29243 NRES   =    4688
 NBONA  =     953 NTHETA =    1282 NPHIA =    3254 NUMBND =      42
 NUMANG =      92 NPTRA  =      39 NATYP =      28 NPHB   =       1
 IFBOX  =       2 NMXRS  =      24 IFCAP =       0 NEXTRA =       0
 NCOPY  =       0

| Coordinate Index Table dimensions:    12   12   12
| Direct force subcell size =     5.1593    5.1593    5.1593

     BOX TYPE: TRUNCATED OCTAHEDRON

--------------------------------------------------------------------------------
   2.  CONTROL  DATA  FOR  THE  RUN
--------------------------------------------------------------------------------

default_name                                                                    

General flags:
     imin    =       0, nmropt  =       0

Nature and format of input:
     ntx     =       1, irest   =       0, ntrx    =       1

Nature and format of output:
     ntxo    =       1, ntpr    =      50, ntrx    =       1, ntwr    =     500
     iwrap   =       0, ntwx    =     500, ntwv    =       0, ntwe    =       0
     ioutfm  =       0, ntwprt  =       0, idecomp =       0, rbornstat=      0

Potential function:
     ntf     =       2, ntb     =       2, igb     =       0, nsnb    =      25
     ipol    =       0, gbsa    =       0, iesp    =       0
     dielc   =   1.00000, cut     =   8.00000, intdiel =   1.00000

Frozen or restrained atoms:
     ibelly  =       0, ntr     =       1
     restraint_wt =   1.00000

Molecular dynamics:
     nstlim  =      5000, nscm    =         0, nrespa  =         1
     t       =   0.00000, dt      =   0.00100, vlimit  =  -1.00000

Langevin dynamics temperature regulation:
     ig      =  609512
     temp0   = 300.00000, tempi   = 300.00000, gamma_ln=   5.00000

Pressure regulation:
     ntp     =       1
     pres0   =   1.00000, comp    =  44.60000, taup    =   1.00000
     Monte-Carlo Barostat:
     mcbarint  =     100

SHAKE:
     ntc     =       2, jfastw  =       0
     tol     =   0.00001

| Intermolecular bonds treatment:
|     no_intermolecular_bonds =       1

| Energy averages sample interval:
|     ene_avg_sampling =      50

Ewald parameters:
     verbose =       0, ew_type =       0, nbflag  =       1, use_pme =       1
     vdwmeth =       1, eedmeth =       1, netfrc  =       1
     Box X =   61.911   Box Y =   61.911   Box Z =   61.911
     Alpha =  109.471   Beta  =  109.471   Gamma =  109.471
     NFFT1 =   64       NFFT2 =   64       NFFT3 =   64
     Cutoff=    8.000   Tol   =0.100E-04
     Ewald Coefficient =  0.34864
     Interpolation order =    4

    LOADING THE CONSTRAINED ATOMS AS GROUPS


   5.  REFERENCE ATOM COORDINATES

  default_name                                                                    
     Mask :1-119&!@H=|:120; matches   944 atoms
| MONTE CARLO BAROSTAT IMPORTANT NOTE:
|   The Monte-Carlo barostat does not require the virial to adjust the system volume.
|   Since it is an expensive calculation, it is skipped for efficiency. A side-effect
|   is that the reported pressure is always 0 because it is not calculated.

--------------------------------------------------------------------------------
   3.  ATOMIC COORDINATES AND VELOCITIES
--------------------------------------------------------------------------------

default_name                                                                    
 begin time read from input coords =     0.000 ps

 
 Number of triangulated 3-point waters found:     4568

     Sum of charges from parm topology file =  -0.00000006
     Forcing neutrality...

| Dynamic Memory, Types Used:
| Reals              789820
| Integers           643723

| Nonbonded Pairs Initial Allocation:     2620789

| GPU memory information (estimate):
| KB of GPU memory in use:         0
| KB of CPU memory in use:         0

--------------------------------------------------------------------------------
   4.  RESULTS
--------------------------------------------------------------------------------


 NSTEP =        0   TIME(PS) =       0.000  TEMP(K) =   435.11  PRESS =     0.0
 Etot   =    -52825.2571  EKtot   =     13975.3925  EPtot      =    -66800.6496
 BOND   =        57.8405  ANGLE   =       288.3194  DIHED      =      1165.4735
 1-4 NB =       381.4780  1-4 EEL =      6198.3258  VDWAALS    =      9833.8174
 EELEC  =    -84725.9042  EHBOND  =         0.0000  RESTRAINT  =         0.0000
 EKCMT  =         0.0000  VIRIAL  =         0.0000  VOLUME     =    182679.1778
                                                    Density    =         0.8720
 ------------------------------------------------------------------------------


 NSTEP =       50   TIME(PS) =       0.050  TEMP(K) =   188.52  PRESS =     0.0
 Etot   =    -46251.6285  EKtot   =      6055.1294  EPtot      =    -52306.7578
 BOND   =       225.6270  ANGLE   =       724.7159  DIHED      =      1276.1726
 1-4 NB =       417.6526  1-4 EEL =      6217.3303  VDWAALS    =      9792.0927
 EELEC  =    -70980.4406  EHBOND  =         0.0000  RESTRAINT  =        20.0916
 EAMBER (non-restraint)  =    -52326.8494
 EKCMT  =         0.0000  VIRIAL  =         0.0000  VOLUME     =    182679.1778
                                                    Density    =         0.8720
 ------------------------------------------------------------------------------


 NSTEP =      100   TIME(PS) =       0.100  TEMP(K) =   204.47  PRESS =     0.0
 Etot   =    -44693.2702  EKtot   =      6567.4556  EPtot      =    -51260.7257
 BOND   =       250.1021  ANGLE   =       783.8733  DIHED      =      1275.6854
 1-4 NB =       427.7910  1-4 EEL =      6175.2896  VDWAALS    =      7757.1912
 EELEC  =    -67969.2336  EHBOND  =         0.0000  RESTRAINT  =        38.5752
 EAMBER (non-restraint)  =    -51299.3009
 EKCMT  =         0.0000  VIRIAL  =         0.0000  VOLUME     =    182679.1778
                                                    Density    =         0.8720
 ------------------------------------------------------------------------------


 NSTEP =      150   TIME(PS) =       0.150  TEMP(K) =   220.42  PRESS =     0.0
 Etot   =    -43334.1941  EKtot   =      7079.7803  EPtot      =    -50413.9744
 BOND   =       248.1495  ANGLE   =       848.1364  DIHED      =      1288.5625
 1-4 NB =       437.0058  1-4 EEL =      6167.6520  VDWAALS    =      7023.1630
 EELEC  =    -66477.7078  EHBOND  =         0.0000  RESTRAINT  =        51.0642
 EAMBER (non-restraint)  =    -50465.0386
 EKCMT  =         0.0000  VIRIAL  =         0.0000  VOLUME     =    182679.1778
                                                    Density    =         0.8720
 ------------------------------------------------------------------------------


 NSTEP =      200   TIME(PS) =       0.200  TEMP(K) =   234.85  PRESS =     0.0
 Etot   =    -42155.8689  EKtot   =      7543.2417  EPtot      =    -49699.1106
 BOND   =       286.6184  ANGLE   =       895.8896  DIHED      =      1293.9372
 1-4 NB =       428.0465  1-4 EEL =      6167.3587  VDWAALS    =      6892.7208
 EELEC  =    -65720.2578  EHBOND  =         0.0000  RESTRAINT  =        56.5759
 EAMBER (non-restraint)  =    -49755.6865
 EKCMT  =         0.0000  VIRIAL  =         0.0000  VOLUME     =    182047.4655
                                                    Density    =         0.8750
 ------------------------------------------------------------------------------


 NSTEP =      250   TIME(PS) =       0.250  TEMP(K) =   243.45  PRESS =     0.0
 Etot   =    -41320.7199  EKtot   =      7819.5181  EPtot      =    -49140.2380
 BOND   =       294.4852  ANGLE   =       909.1009  DIHED      =      1329.1707
 1-4 NB =       430.7367  1-4 EEL =      6188.2798  VDWAALS    =      6665.6936
 EELEC  =    -65016.0545  EHBOND  =         0.0000  RESTRAINT  =        58.3496
 EAMBER (non-restraint)  =    -49198.5876
 EKCMT  =         0.0000  VIRIAL  =         0.0000  VOLUME     =    182047.4655
                                                    Density    =         0.8750
 ------------------------------------------------------------------------------


 NSTEP =      300   TIME(PS) =       0.300  TEMP(K) =   254.29  PRESS =     0.0
 Etot   =    -40582.6724  EKtot   =      8167.6504  EPtot      =    -48750.3228
 BOND   =       327.7053  ANGLE   =       914.8631  DIHED      =      1326.3313
 1-4 NB =       430.8255  1-4 EEL =      6223.6200  VDWAALS    =      6579.5144
 EELEC  =    -64612.6711  EHBOND  =         0.0000  RESTRAINT  =        59.4887
 EAMBER (non-restraint)  =    -48809.8114
 EKCMT  =         0.0000  VIRIAL  =         0.0000  VOLUME     =    182047.4655
                                                    Density    =         0.8750
 ------------------------------------------------------------------------------


 NSTEP =      350   TIME(PS) =       0.350  TEMP(K) =   262.39  PRESS =     0.0
 Etot   =    -39954.3305  EKtot   =      8427.8291  EPtot      =    -48382.1596
 BOND   =       304.3885  ANGLE   =       964.4943  DIHED      =      1317.3918
 1-4 NB =       432.2291  1-4 EEL =      6214.0760  VDWAALS    =      6493.0339
 EELEC  =    -64167.1701  EHBOND  =         0.0000  RESTRAINT  =        59.3968
 EAMBER (non-restraint)  =    -48441.5564
 EKCMT  =         0.0000  VIRIAL  =         0.0000  VOLUME     =    182047.4655
                                                    Density    =         0.8750
 ------------------------------------------------------------------------------


 NSTEP =      400   TIME(PS) =       0.400  TEMP(K) =   270.81  PRESS =     0.0
 Etot   =    -39359.9529  EKtot   =      8698.0811  EPtot      =    -48058.0339
 BOND   =       299.6699  ANGLE   =       942.6097  DIHED      =      1300.1462
 1-4 NB =       443.9317  1-4 EEL =      6207.9872  VDWAALS    =      6229.4690
 EELEC  =    -63539.6992  EHBOND  =         0.0000  RESTRAINT  =        57.8517
 EAMBER (non-restraint)  =    -48115.8856
 EKCMT  =         0.0000  VIRIAL  =         0.0000  VOLUME     =    182047.4655
                                                    Density    =         0.8750
 ------------------------------------------------------------------------------


 NSTEP =      450   TIME(PS) =       0.450  TEMP(K) =   276.44  PRESS =     0.0
 Etot   =    -38875.7637  EKtot   =      8878.9990  EPtot      =    -47754.7627
 BOND   =       311.0262  ANGLE   =       954.8146  DIHED      =      1334.7124
 1-4 NB =       430.1303  1-4 EEL =      6170.3972  VDWAALS    =      5988.2395
 EELEC  =    -63003.8505  EHBOND  =         0.0000  RESTRAINT  =        59.7677
 EAMBER (non-restraint)  =    -47814.5305
 EKCMT  =         0.0000  VIRIAL  =         0.0000  VOLUME     =    182047.4655
                                                    Density    =         0.8750
 ------------------------------------------------------------------------------


 NSTEP =      500   TIME(PS) =       0.500  TEMP(K) =   277.06  PRESS =     0.0
 Etot   =    -38567.3559  EKtot   =      8898.8213  EPtot      =    -47466.1772
 BOND   =       322.2532  ANGLE   =       966.2900  DIHED      =      1334.8787
 1-4 NB =       438.4660  1-4 EEL =      6199.3055  VDWAALS    =      6333.2677
 EELEC  =    -63124.8340  EHBOND  =         0.0000  RESTRAINT  =        64.1957
 EAMBER (non-restraint)  =    -47530.3728
 EKCMT  =         0.0000  VIRIAL  =         0.0000  VOLUME     =    181186.6380
                                                    Density    =         0.8792
 ------------------------------------------------------------------------------


 NSTEP =      550   TIME(PS) =       0.550  TEMP(K) =   279.29  PRESS =     0.0
 Etot   =    -38293.3089  EKtot   =      8970.4980  EPtot      =    -47263.8069
 BOND   =       297.1438  ANGLE   =       945.5992  DIHED      =      1333.5561
 1-4 NB =       445.5769  1-4 EEL =      6222.3064  VDWAALS    =      6101.7760
 EELEC  =    -62672.7525  EHBOND  =         0.0000  RESTRAINT  =        62.9871
 EAMBER (non-restraint)  =    -47326.7940
 EKCMT  =         0.0000  VIRIAL  =         0.0000  VOLUME     =    181186.6380
                                                    Density    =         0.8792
 ------------------------------------------------------------------------------


 NSTEP =      600   TIME(PS) =       0.600  TEMP(K) =   282.73  PRESS =     0.0
 Etot   =    -38092.0084  EKtot   =      9081.1055  EPtot      =    -47173.1139
 BOND   =       293.5007  ANGLE   =       957.7167  DIHED      =      1312.2950
 1-4 NB =       440.7454  1-4 EEL =      6193.8404  VDWAALS    =      5751.5320
 EELEC  =    -62184.5707  EHBOND  =         0.0000  RESTRAINT  =        61.8267
 EAMBER (non-restraint)  =    -47234.9405
 EKCMT  =         0.0000  VIRIAL  =         0.0000  VOLUME     =    181186.6380
                                                    Density    =         0.8792
 ------------------------------------------------------------------------------


 NSTEP =      650   TIME(PS) =       0.650  TEMP(K) =   284.50  PRESS =     0.0
 Etot   =    -37769.3332  EKtot   =      9138.0039  EPtot      =    -46907.3372
 BOND   =       317.4717  ANGLE   =      1001.9847  DIHED      =      1347.0182
 1-4 NB =       425.9080  1-4 EEL =      6195.5467  VDWAALS    =      5683.2210
 EELEC  =    -61942.9317  EHBOND  =         0.0000  RESTRAINT  =        64.4441
 EAMBER (non-restraint)  =    -46971.7813
 EKCMT  =         0.0000  VIRIAL  =         0.0000  VOLUME     =    181186.6380
                                                    Density    =         0.8792
 ------------------------------------------------------------------------------


 NSTEP =      700   TIME(PS) =       0.700  TEMP(K) =   286.76  PRESS =     0.0
 Etot   =    -37558.7942  EKtot   =      9210.3252  EPtot      =    -46769.1194
 BOND   =       342.5298  ANGLE   =       988.4759  DIHED      =      1341.0260
 1-4 NB =       439.9827  1-4 EEL =      6197.0580  VDWAALS    =      5581.9291
 EELEC  =    -61726.2814  EHBOND  =         0.0000  RESTRAINT  =        66.1604
 EAMBER (non-restraint)  =    -46835.2798
 EKCMT  =         0.0000  VIRIAL  =         0.0000  VOLUME     =    180921.2683
                                                    Density    =         0.8805
 ------------------------------------------------------------------------------


 NSTEP =      750   TIME(PS) =       0.750  TEMP(K) =   292.54  PRESS =     0.0
 Etot   =    -37358.7854  EKtot   =      9396.2422  EPtot      =    -46755.0276
 BOND   =       332.8030  ANGLE   =       971.1681  DIHED      =      1344.3409
 1-4 NB =       441.2239  1-4 EEL =      6227.0279  VDWAALS    =      5698.7036
 EELEC  =    -61837.5549  EHBOND  =         0.0000  RESTRAINT  =        67.2597
 EAMBER (non-restraint)  =    -46822.2874
 EKCMT  =         0.0000  VIRIAL  =         0.0000  VOLUME     =    180921.2683
                                                    Density    =         0.8805
 ------------------------------------------------------------------------------


 NSTEP =      800   TIME(PS) =       0.800  TEMP(K) =   293.45  PRESS =     0.0
 Etot   =    -37256.3352  EKtot   =      9425.2891  EPtot      =    -46681.6243
 BOND   =       336.3136  ANGLE   =       985.6383  DIHED      =      1335.6385
 1-4 NB =       430.7641  1-4 EEL =      6173.0950  VDWAALS    =      5665.0277
 EELEC  =    -61677.2780  EHBOND  =         0.0000  RESTRAINT  =        69.1763
 EAMBER (non-restraint)  =    -46750.8006
 EKCMT  =         0.0000  VIRIAL  =         0.0000  VOLUME     =    180921.2683
                                                    Density    =         0.8805
 ------------------------------------------------------------------------------


 NSTEP =      850   TIME(PS) =       0.850  TEMP(K) =   290.59  PRESS =     0.0
 Etot   =    -37184.1381  EKtot   =      9333.3496  EPtot      =    -46517.4877
 BOND   =       350.6925  ANGLE   =       999.5800  DIHED      =      1343.3667
 1-4 NB =       433.0998  1-4 EEL =      6212.6414  VDWAALS    =      5497.6486
 EELEC  =    -61424.9601  EHBOND  =         0.0000  RESTRAINT  =        70.4435
 EAMBER (non-restraint)  =    -46587.9312
 EKCMT  =         0.0000  VIRIAL  =         0.0000  VOLUME     =    180921.2683
                                                    Density    =         0.8805
 ------------------------------------------------------------------------------


 NSTEP =      900   TIME(PS) =       0.900  TEMP(K) =   293.29  PRESS =     0.0
 Etot   =    -37000.0221  EKtot   =      9420.3018  EPtot      =    -46420.3239
 BOND   =       328.8687  ANGLE   =      1023.5195  DIHED      =      1345.0770
 1-4 NB =       441.7404  1-4 EEL =      6183.3932  VDWAALS    =      5518.8308
 EELEC  =    -61332.1709  EHBOND  =         0.0000  RESTRAINT  =        70.4174
 EAMBER (non-restraint)  =    -46490.7412
 EKCMT  =         0.0000  VIRIAL  =         0.0000  VOLUME     =    180921.2683
                                                    Density    =         0.8805
 ------------------------------------------------------------------------------


 NSTEP =      950   TIME(PS) =       0.950  TEMP(K) =   291.71  PRESS =     0.0
 Etot   =    -36873.2814  EKtot   =      9369.5605  EPtot      =    -46242.8420
 BOND   =       360.3696  ANGLE   =      1039.1727  DIHED      =      1355.1898
 1-4 NB =       438.6859  1-4 EEL =      6138.2436  VDWAALS    =      5492.2065
 EELEC  =    -61134.4913  EHBOND  =         0.0000  RESTRAINT  =        67.7812
 EAMBER (non-restraint)  =    -46310.6232
 EKCMT  =         0.0000  VIRIAL  =         0.0000  VOLUME     =    180921.2683
                                                    Density    =         0.8805
 ------------------------------------------------------------------------------


 NSTEP =     1000   TIME(PS) =       1.000  TEMP(K) =   293.87  PRESS =     0.0
 Etot   =    -36781.2197  EKtot   =      9438.9551  EPtot      =    -46220.1748
 BOND   =       339.1306  ANGLE   =      1032.0036  DIHED      =      1321.7998
 1-4 NB =       426.9894  1-4 EEL =      6153.2485  VDWAALS    =      5283.2533
 EELEC  =    -60845.3805  EHBOND  =         0.0000  RESTRAINT  =        68.7805
 EAMBER (non-restraint)  =    -46288.9553
 EKCMT  =         0.0000  VIRIAL  =         0.0000  VOLUME     =    180921.2683
                                                    Density    =         0.8805
 ------------------------------------------------------------------------------


 NSTEP =     1050   TIME(PS) =       1.050  TEMP(K) =   293.44  PRESS =     0.0
 Etot   =    -36692.8161  EKtot   =      9424.8555  EPtot      =    -46117.6716
 BOND   =       316.2449  ANGLE   =      1042.0022  DIHED      =      1346.0188
 1-4 NB =       455.2364  1-4 EEL =      6207.5927  VDWAALS    =      5127.2247
 EELEC  =    -60683.9955  EHBOND  =         0.0000  RESTRAINT  =        72.0042
 EAMBER (non-restraint)  =    -46189.6757
 EKCMT  =         0.0000  VIRIAL  =         0.0000  VOLUME     =    180921.2683
                                                    Density    =         0.8805
 ------------------------------------------------------------------------------


 NSTEP =     1100   TIME(PS) =       1.100  TEMP(K) =   295.52  PRESS =     0.0
 Etot   =    -36545.1704  EKtot   =      9491.7773  EPtot      =    -46036.9477
 BOND   =       338.5536  ANGLE   =      1003.1426  DIHED      =      1361.8015
 1-4 NB =       431.5327  1-4 EEL =      6225.6541  VDWAALS    =      5230.9760
 EELEC  =    -60702.5361  EHBOND  =         0.0000  RESTRAINT  =        73.9280
 EAMBER (non-restraint)  =    -46110.8757
 EKCMT  =         0.0000  VIRIAL  =         0.0000  VOLUME     =    180921.2683
                                                    Density    =         0.8805
 ------------------------------------------------------------------------------


 NSTEP =     1150   TIME(PS) =       1.150  TEMP(K) =   295.12  PRESS =     0.0
 Etot   =    -36506.1437  EKtot   =      9478.9062  EPtot      =    -45985.0499
 BOND   =       349.7708  ANGLE   =      1055.3101  DIHED      =      1333.6392
 1-4 NB =       438.1466  1-4 EEL =      6151.7236  VDWAALS    =      5360.1406
 EELEC  =    -60744.7694  EHBOND  =         0.0000  RESTRAINT  =        70.9886
 EAMBER (non-restraint)  =    -46056.0386
 EKCMT  =         0.0000  VIRIAL  =         0.0000  VOLUME     =    180921.2683
                                                    Density    =         0.8805
 ------------------------------------------------------------------------------


 NSTEP =     1200   TIME(PS) =       1.200  TEMP(K) =   295.63  PRESS =     0.0
 Etot   =    -36511.0135  EKtot   =      9495.4912  EPtot      =    -46006.5047
 BOND   =       366.9254  ANGLE   =      1011.8465  DIHED      =      1329.5407
 1-4 NB =       437.9269  1-4 EEL =      6207.1601  VDWAALS    =      5903.7140
 EELEC  =    -61332.7260  EHBOND  =         0.0000  RESTRAINT  =        69.1078
 EAMBER (non-restraint)  =    -46075.6125
 EKCMT  =         0.0000  VIRIAL  =         0.0000  VOLUME     =    179436.6594
                                                    Density    =         0.8877
 ------------------------------------------------------------------------------


 NSTEP =     1250   TIME(PS) =       1.250  TEMP(K) =   297.97  PRESS =     0.0
 Etot   =    -36513.6787  EKtot   =      9570.4238  EPtot      =    -46084.1025
 BOND   =       312.2329  ANGLE   =      1062.7048  DIHED      =      1324.4149
 1-4 NB =       452.1382  1-4 EEL =      6186.4354  VDWAALS    =      5315.4167
 EELEC  =    -60808.5391  EHBOND  =         0.0000  RESTRAINT  =        71.0937
 EAMBER (non-restraint)  =    -46155.1962
 EKCMT  =         0.0000  VIRIAL  =         0.0000  VOLUME     =    179436.6594
                                                    Density    =         0.8877
 ------------------------------------------------------------------------------


 NSTEP =     1300   TIME(PS) =       1.300  TEMP(K) =   297.56  PRESS =     0.0
 Etot   =    -36540.7737  EKtot   =      9557.4199  EPtot      =    -46098.1936
 BOND   =       319.6179  ANGLE   =      1030.6921  DIHED      =      1342.4162
 1-4 NB =       428.4797  1-4 EEL =      6183.4023  VDWAALS    =      5396.7576
 EELEC  =    -60872.4359  EHBOND  =         0.0000  RESTRAINT  =        72.8766
 EAMBER (non-restraint)  =    -46171.0702
 EKCMT  =         0.0000  VIRIAL  =         0.0000  VOLUME     =    178984.9991
                                                    Density    =         0.8900
 ------------------------------------------------------------------------------


 NSTEP =     1350   TIME(PS) =       1.350  TEMP(K) =   296.91  PRESS =     0.0
 Etot   =    -36483.9001  EKtot   =      9536.5361  EPtot      =    -46020.4362
 BOND   =       334.3811  ANGLE   =      1041.8933  DIHED      =      1348.5296
 1-4 NB =       438.9324  1-4 EEL =      6188.4920  VDWAALS    =      5349.5898
 EELEC  =    -60797.2312  EHBOND  =         0.0000  RESTRAINT  =        74.9769
 EAMBER (non-restraint)  =    -46095.4131
 EKCMT  =         0.0000  VIRIAL  =         0.0000  VOLUME     =    178984.9991
                                                    Density    =         0.8900
 ------------------------------------------------------------------------------


 NSTEP =     1400   TIME(PS) =       1.400  TEMP(K) =   296.79  PRESS =     0.0
 Etot   =    -36438.5384  EKtot   =      9532.6973  EPtot      =    -45971.2356
 BOND   =       345.8053  ANGLE   =      1042.0641  DIHED      =      1356.5290
 1-4 NB =       438.7884  1-4 EEL =      6151.4220  VDWAALS    =      5205.2782
 EELEC  =    -60587.2963  EHBOND  =         0.0000  RESTRAINT  =        76.1735
 EAMBER (non-restraint)  =    -46047.4091
 EKCMT  =         0.0000  VIRIAL  =         0.0000  VOLUME     =    178984.9991
                                                    Density    =         0.8900
 ------------------------------------------------------------------------------


 NSTEP =     1450   TIME(PS) =       1.450  TEMP(K) =   297.35  PRESS =     0.0
 Etot   =    -36323.2073  EKtot   =      9550.4385  EPtot      =    -45873.6458
 BOND   =       329.7916  ANGLE   =      1039.0596  DIHED      =      1364.1627
 1-4 NB =       439.4734  1-4 EEL =      6172.3912  VDWAALS    =      5099.2264
 EELEC  =    -60398.2786  EHBOND  =         0.0000  RESTRAINT  =        80.5279
 EAMBER (non-restraint)  =    -45954.1737
 EKCMT  =         0.0000  VIRIAL  =         0.0000  VOLUME     =    178984.9991
                                                    Density    =         0.8900
 ------------------------------------------------------------------------------


 NSTEP =     1500   TIME(PS) =       1.500  TEMP(K) =   300.44  PRESS =     0.0
 Etot   =    -36269.5944  EKtot   =      9649.8848  EPtot      =    -45919.4792
 BOND   =       353.4249  ANGLE   =      1002.3780  DIHED      =      1328.1336
 1-4 NB =       442.8954  1-4 EEL =      6215.5524  VDWAALS    =      5307.3814
 EELEC  =    -60647.5860  EHBOND  =         0.0000  RESTRAINT  =        78.3413
 EAMBER (non-restraint)  =    -45997.8204
 EKCMT  =         0.0000  VIRIAL  =         0.0000  VOLUME     =    178617.0455
                                                    Density    =         0.8918
 ------------------------------------------------------------------------------


 NSTEP =     1550   TIME(PS) =       1.550  TEMP(K) =   300.36  PRESS =     0.0
 Etot   =    -36218.4036  EKtot   =      9647.3193  EPtot      =    -45865.7230
 BOND   =       349.0933  ANGLE   =       997.9357  DIHED      =      1361.7315
 1-4 NB =       421.1905  1-4 EEL =      6197.0621  VDWAALS    =      5088.0066
 EELEC  =    -60352.2973  EHBOND  =         0.0000  RESTRAINT  =        71.5545
 EAMBER (non-restraint)  =    -45937.2775
 EKCMT  =         0.0000  VIRIAL  =         0.0000  VOLUME     =    178617.0455
                                                    Density    =         0.8918
 ------------------------------------------------------------------------------


 NSTEP =     1600   TIME(PS) =       1.600  TEMP(K) =   297.21  PRESS =     0.0
 Etot   =    -36351.4923  EKtot   =      9546.1133  EPtot      =    -45897.6056
 BOND   =       310.5140  ANGLE   =      1013.2038  DIHED      =      1347.5976
 1-4 NB =       449.4959  1-4 EEL =      6192.7364  VDWAALS    =      5217.0864
 EELEC  =    -60497.6710  EHBOND  =         0.0000  RESTRAINT  =        69.4313
 EAMBER (non-restraint)  =    -45967.0369
 EKCMT  =         0.0000  VIRIAL  =         0.0000  VOLUME     =    177832.2553
                                                    Density    =         0.8958
 ------------------------------------------------------------------------------


 NSTEP =     1650   TIME(PS) =       1.650  TEMP(K) =   302.29  PRESS =     0.0
 Etot   =    -36239.8151  EKtot   =      9709.2070  EPtot      =    -45949.0221
 BOND   =       314.4879  ANGLE   =      1017.7602  DIHED      =      1345.0984
 1-4 NB =       451.5733  1-4 EEL =      6230.3927  VDWAALS    =      5180.6501
 EELEC  =    -60558.9503  EHBOND  =         0.0000  RESTRAINT  =        69.9658
 EAMBER (non-restraint)  =    -46018.9878
 EKCMT  =         0.0000  VIRIAL  =         0.0000  VOLUME     =    177832.2553
                                                    Density    =         0.8958
 ------------------------------------------------------------------------------


 NSTEP =     1700   TIME(PS) =       1.700  TEMP(K) =   301.87  PRESS =     0.0
 Etot   =    -36197.7305  EKtot   =      9695.6904  EPtot      =    -45893.4209
 BOND   =       362.0436  ANGLE   =      1046.1406  DIHED      =      1359.4402
 1-4 NB =       424.1080  1-4 EEL =      6179.5094  VDWAALS    =      5177.5187
 EELEC  =    -60510.0198  EHBOND  =         0.0000  RESTRAINT  =        67.8384
 EAMBER (non-restraint)  =    -45961.2593
 EKCMT  =         0.0000  VIRIAL  =         0.0000  VOLUME     =    177698.9943
                                                    Density    =         0.8964
 ------------------------------------------------------------------------------


 NSTEP =     1750   TIME(PS) =       1.750  TEMP(K) =   298.99  PRESS =     0.0
 Etot   =    -36136.4247  EKtot   =      9603.4082  EPtot      =    -45739.8329
 BOND   =       345.3748  ANGLE   =      1012.9267  DIHED      =      1359.1168
 1-4 NB =       438.3575  1-4 EEL =      6238.6159  VDWAALS    =      5145.8051
 EELEC  =    -60348.8622  EHBOND  =         0.0000  RESTRAINT  =        68.8326
 EAMBER (non-restraint)  =    -45808.6655
 EKCMT  =         0.0000  VIRIAL  =         0.0000  VOLUME     =    177698.9943
                                                    Density    =         0.8964
 ------------------------------------------------------------------------------


 NSTEP =     1800   TIME(PS) =       1.800  TEMP(K) =   298.36  PRESS =     0.0
 Etot   =    -36171.4775  EKtot   =      9583.1621  EPtot      =    -45754.6396
 BOND   =       356.0774  ANGLE   =      1008.6952  DIHED      =      1340.7054
 1-4 NB =       441.6542  1-4 EEL =      6184.1003  VDWAALS    =      5051.8525
 EELEC  =    -60211.4744  EHBOND  =         0.0000  RESTRAINT  =        73.7498
 EAMBER (non-restraint)  =    -45828.3894
 EKCMT  =         0.0000  VIRIAL  =         0.0000  VOLUME     =    177698.9943
                                                    Density    =         0.8964
 ------------------------------------------------------------------------------


 NSTEP =     1850   TIME(PS) =       1.850  TEMP(K) =   301.57  PRESS =     0.0
 Etot   =    -36069.8891  EKtot   =      9686.1494  EPtot      =    -45756.0385
 BOND   =       331.3763  ANGLE   =      1042.9191  DIHED      =      1332.9921
 1-4 NB =       443.3683  1-4 EEL =      6181.7960  VDWAALS    =      4925.0792
 EELEC  =    -60087.2651  EHBOND  =         0.0000  RESTRAINT  =        73.6956
 EAMBER (non-restraint)  =    -45829.7341
 EKCMT  =         0.0000  VIRIAL  =         0.0000  VOLUME     =    177698.9943
                                                    Density    =         0.8964
 ------------------------------------------------------------------------------


 NSTEP =     1900   TIME(PS) =       1.900  TEMP(K) =   299.57  PRESS =     0.0
 Etot   =    -36030.6512  EKtot   =      9621.9414  EPtot      =    -45652.5926
 BOND   =       318.3113  ANGLE   =      1027.6881  DIHED      =      1353.6293
 1-4 NB =       446.6498  1-4 EEL =      6190.8135  VDWAALS    =      4934.9473
 EELEC  =    -59999.5671  EHBOND  =         0.0000  RESTRAINT  =        74.9352
 EAMBER (non-restraint)  =    -45727.5278
 EKCMT  =         0.0000  VIRIAL  =         0.0000  VOLUME     =    177698.9943
                                                    Density    =         0.8964
 ------------------------------------------------------------------------------


 NSTEP =     1950   TIME(PS) =       1.950  TEMP(K) =   298.61  PRESS =     0.0
 Etot   =    -36119.3098  EKtot   =      9591.0146  EPtot      =    -45710.3245
 BOND   =       349.1569  ANGLE   =       995.7512  DIHED      =      1351.4142
 1-4 NB =       445.4964  1-4 EEL =      6159.9734  VDWAALS    =      5003.6137
 EELEC  =    -60094.6264  EHBOND  =         0.0000  RESTRAINT  =        78.8961
 EAMBER (non-restraint)  =    -45789.2205
 EKCMT  =         0.0000  VIRIAL  =         0.0000  VOLUME     =    177698.9943
                                                    Density    =         0.8964
 ------------------------------------------------------------------------------


 NSTEP =     2000   TIME(PS) =       2.000  TEMP(K) =   300.18  PRESS =     0.0
 Etot   =    -36047.5916  EKtot   =      9641.5889  EPtot      =    -45689.1805
 BOND   =       333.5635  ANGLE   =      1037.8743  DIHED      =      1334.5515
 1-4 NB =       451.3118  1-4 EEL =      6190.6429  VDWAALS    =      4988.1894
 EELEC  =    -60107.0023  EHBOND  =         0.0000  RESTRAINT  =        81.6884
 EAMBER (non-restraint)  =    -45770.8689
 EKCMT  =         0.0000  VIRIAL  =         0.0000  VOLUME     =    177698.9943
                                                    Density    =         0.8964
 ------------------------------------------------------------------------------


 NSTEP =     2050   TIME(PS) =       2.050  TEMP(K) =   299.39  PRESS =     0.0
 Etot   =    -36030.6542  EKtot   =      9616.0371  EPtot      =    -45646.6913
 BOND   =       350.9281  ANGLE   =      1029.9046  DIHED      =      1344.2242
 1-4 NB =       421.4627  1-4 EEL =      6164.0649  VDWAALS    =      5077.0052
 EELEC  =    -60115.8122  EHBOND  =         0.0000  RESTRAINT  =        81.5312
 EAMBER (non-restraint)  =    -45728.2225
 EKCMT  =         0.0000  VIRIAL  =         0.0000  VOLUME     =    177698.9943
                                                    Density    =         0.8964
 ------------------------------------------------------------------------------


 NSTEP =     2100   TIME(PS) =       2.100  TEMP(K) =   300.90  PRESS =     0.0
 Etot   =    -36084.9214  EKtot   =      9664.6787  EPtot      =    -45749.6001
 BOND   =       338.5272  ANGLE   =      1016.5584  DIHED      =      1312.3424
 1-4 NB =       437.7890  1-4 EEL =      6180.2543  VDWAALS    =      5588.2186
 EELEC  =    -60698.8753  EHBOND  =         0.0000  RESTRAINT  =        75.5854
 EAMBER (non-restraint)  =    -45825.1855
 EKCMT  =         0.0000  VIRIAL  =         0.0000  VOLUME     =    175939.0245
                                                    Density    =         0.9054
 ------------------------------------------------------------------------------


 NSTEP =     2150   TIME(PS) =       2.150  TEMP(K) =   303.01  PRESS =     0.0
 Etot   =    -36135.9762  EKtot   =      9732.4258  EPtot      =    -45868.4019
 BOND   =       349.8748  ANGLE   =       977.3183  DIHED      =      1336.8292
 1-4 NB =       436.1368  1-4 EEL =      6207.6317  VDWAALS    =      5169.0594
 EELEC  =    -60415.8830  EHBOND  =         0.0000  RESTRAINT  =        70.6308
 EAMBER (non-restraint)  =    -45939.0327
 EKCMT  =         0.0000  VIRIAL  =         0.0000  VOLUME     =    175939.0245
                                                    Density    =         0.9054
 ------------------------------------------------------------------------------


 NSTEP =     2200   TIME(PS) =       2.200  TEMP(K) =   302.09  PRESS =     0.0
 Etot   =    -36130.6658  EKtot   =      9702.6963  EPtot      =    -45833.3620
 BOND   =       370.3359  ANGLE   =      1016.7351  DIHED      =      1339.5608
 1-4 NB =       423.2564  1-4 EEL =      6192.9160  VDWAALS    =      5205.6037
 EELEC  =    -60446.9638  EHBOND  =         0.0000  RESTRAINT  =        65.1938
 EAMBER (non-restraint)  =    -45898.5559
 EKCMT  =         0.0000  VIRIAL  =         0.0000  VOLUME     =    175939.0245
                                                    Density    =         0.9054
 ------------------------------------------------------------------------------


 NSTEP =     2250   TIME(PS) =       2.250  TEMP(K) =   304.60  PRESS =     0.0
 Etot   =    -35974.5155  EKtot   =      9783.5146  EPtot      =    -45758.0302
 BOND   =       337.8141  ANGLE   =      1019.0893  DIHED      =      1353.4502
 1-4 NB =       433.4450  1-4 EEL =      6192.9320  VDWAALS    =      5120.0719
 EELEC  =    -60280.2355  EHBOND  =         0.0000  RESTRAINT  =        65.4028
 EAMBER (non-restraint)  =    -45823.4329
 EKCMT  =         0.0000  VIRIAL  =         0.0000  VOLUME     =    175939.0245
                                                    Density    =         0.9054
 ------------------------------------------------------------------------------


 NSTEP =     2300   TIME(PS) =       2.300  TEMP(K) =   303.87  PRESS =     0.0
 Etot   =    -36027.0248  EKtot   =      9760.0986  EPtot      =    -45787.1235
 BOND   =       339.2191  ANGLE   =      1012.4337  DIHED      =      1346.1510
 1-4 NB =       441.8363  1-4 EEL =      6173.9028  VDWAALS    =      5698.7964
 EELEC  =    -60866.2718  EHBOND  =         0.0000  RESTRAINT  =        66.8091
 EAMBER (non-restraint)  =    -45853.9325
 EKCMT  =         0.0000  VIRIAL  =         0.0000  VOLUME     =    174325.9213
                                                    Density    =         0.9138
 ------------------------------------------------------------------------------


 NSTEP =     2350   TIME(PS) =       2.350  TEMP(K) =   306.77  PRESS =     0.0
 Etot   =    -35973.0320  EKtot   =      9853.2393  EPtot      =    -45826.2713
 BOND   =       329.7720  ANGLE   =      1028.3363  DIHED      =      1365.4074
 1-4 NB =       454.8630  1-4 EEL =      6204.4561  VDWAALS    =      5347.9019
 EELEC  =    -60624.8673  EHBOND  =         0.0000  RESTRAINT  =        67.8594
 EAMBER (non-restraint)  =    -45894.1307
 EKCMT  =         0.0000  VIRIAL  =         0.0000  VOLUME     =    174325.9213
                                                    Density    =         0.9138
 ------------------------------------------------------------------------------


 NSTEP =     2400   TIME(PS) =       2.400  TEMP(K) =   302.97  PRESS =     0.0
 Etot   =    -36143.3249  EKtot   =      9730.9473  EPtot      =    -45874.2721
 BOND   =       320.3217  ANGLE   =      1015.8037  DIHED      =      1348.9896
 1-4 NB =       440.6493  1-4 EEL =      6202.4190  VDWAALS    =      5185.9161
 EELEC  =    -60455.9423  EHBOND  =         0.0000  RESTRAINT  =        67.5706
 EAMBER (non-restraint)  =    -45941.8428
 EKCMT  =         0.0000  VIRIAL  =         0.0000  VOLUME     =    174160.9295
                                                    Density    =         0.9146
 ------------------------------------------------------------------------------


 NSTEP =     2450   TIME(PS) =       2.450  TEMP(K) =   299.68  PRESS =     0.0
 Etot   =    -36171.6054  EKtot   =      9625.2744  EPtot      =    -45796.8798
 BOND   =       357.9782  ANGLE   =      1023.1124  DIHED      =      1360.7940
 1-4 NB =       441.3250  1-4 EEL =      6210.8513  VDWAALS    =      5162.3974
 EELEC  =    -60426.7337  EHBOND  =         0.0000  RESTRAINT  =        73.3955
 EAMBER (non-restraint)  =    -45870.2753
 EKCMT  =         0.0000  VIRIAL  =         0.0000  VOLUME     =    174160.9295
                                                    Density    =         0.9146
 ------------------------------------------------------------------------------


 NSTEP =     2500   TIME(PS) =       2.500  TEMP(K) =   300.07  PRESS =     0.0
 Etot   =    -36140.0552  EKtot   =      9637.9736  EPtot      =    -45778.0289
 BOND   =       330.1235  ANGLE   =      1045.3619  DIHED      =      1363.9302
 1-4 NB =       451.6099  1-4 EEL =      6176.9294  VDWAALS    =      5304.2675
 EELEC  =    -60524.3195  EHBOND  =         0.0000  RESTRAINT  =        74.0681
 EAMBER (non-restraint)  =    -45852.0970
 EKCMT  =         0.0000  VIRIAL  =         0.0000  VOLUME     =    173708.3868
                                                    Density    =         0.9170
 ------------------------------------------------------------------------------


 NSTEP =     2550   TIME(PS) =       2.550  TEMP(K) =   303.74  PRESS =     0.0
 Etot   =    -36060.5860  EKtot   =      9755.7295  EPtot      =    -45816.3154
 BOND   =       343.3098  ANGLE   =      1011.4590  DIHED      =      1355.1249
 1-4 NB =       442.0504  1-4 EEL =      6208.4173  VDWAALS    =      5349.8822
 EELEC  =    -60600.8943  EHBOND  =         0.0000  RESTRAINT  =        74.3354
 EAMBER (non-restraint)  =    -45890.6508
 EKCMT  =         0.0000  VIRIAL  =         0.0000  VOLUME     =    173708.3868
                                                    Density    =         0.9170
 ------------------------------------------------------------------------------


 NSTEP =     2600   TIME(PS) =       2.600  TEMP(K) =   305.09  PRESS =     0.0
 Etot   =    -36103.0664  EKtot   =      9799.3135  EPtot      =    -45902.3799
 BOND   =       340.3998  ANGLE   =      1007.4457  DIHED      =      1345.8151
 1-4 NB =       435.8420  1-4 EEL =      6194.4965  VDWAALS    =      5597.2819
 EELEC  =    -60896.0170  EHBOND  =         0.0000  RESTRAINT  =        72.3561
 EAMBER (non-restraint)  =    -45974.7360
 EKCMT  =         0.0000  VIRIAL  =         0.0000  VOLUME     =    172650.2763
                                                    Density    =         0.9226
 ------------------------------------------------------------------------------


 NSTEP =     2650   TIME(PS) =       2.650  TEMP(K) =   304.80  PRESS =     0.0
 Etot   =    -36104.2279  EKtot   =      9789.9863  EPtot      =    -45894.2142
 BOND   =       342.3152  ANGLE   =      1074.4193  DIHED      =      1319.0099
 1-4 NB =       436.1349  1-4 EEL =      6185.8089  VDWAALS    =      5251.4931
 EELEC  =    -60577.6222  EHBOND  =         0.0000  RESTRAINT  =        74.2266
 EAMBER (non-restraint)  =    -45968.4408
 EKCMT  =         0.0000  VIRIAL  =         0.0000  VOLUME     =    172650.2763
                                                    Density    =         0.9226
 ------------------------------------------------------------------------------


 NSTEP =     2700   TIME(PS) =       2.700  TEMP(K) =   302.69  PRESS =     0.0
 Etot   =    -36237.9191  EKtot   =      9722.1318  EPtot      =    -45960.0510
 BOND   =       346.5906  ANGLE   =      1002.2811  DIHED      =      1344.3253
 1-4 NB =       455.3949  1-4 EEL =      6202.1255  VDWAALS    =      5579.9094
 EELEC  =    -60969.3096  EHBOND  =         0.0000  RESTRAINT  =        78.6319
 EAMBER (non-restraint)  =    -46038.6829
 EKCMT  =         0.0000  VIRIAL  =         0.0000  VOLUME     =    171717.7479
                                                    Density    =         0.9276
 ------------------------------------------------------------------------------


 NSTEP =     2750   TIME(PS) =       2.750  TEMP(K) =   302.18  PRESS =     0.0
 Etot   =    -36301.4309  EKtot   =      9705.7148  EPtot      =    -46007.1458
 BOND   =       339.5624  ANGLE   =      1025.1074  DIHED      =      1325.4103
 1-4 NB =       430.2247  1-4 EEL =      6172.4260  VDWAALS    =      5317.3221
 EELEC  =    -60696.5791  EHBOND  =         0.0000  RESTRAINT  =        79.3804
 EAMBER (non-restraint)  =    -46086.5262
 EKCMT  =         0.0000  VIRIAL  =         0.0000  VOLUME     =    171717.7479
                                                    Density    =         0.9276
 ------------------------------------------------------------------------------


 NSTEP =     2800   TIME(PS) =       2.800  TEMP(K) =   298.18  PRESS =     0.0
 Etot   =    -36343.3118  EKtot   =      9577.2568  EPtot      =    -45920.5686
 BOND   =       340.9587  ANGLE   =      1014.1318  DIHED      =      1358.8887
 1-4 NB =       423.9348  1-4 EEL =      6160.0267  VDWAALS    =      5167.4727
 EELEC  =    -60462.4284  EHBOND  =         0.0000  RESTRAINT  =        76.4464
 EAMBER (non-restraint)  =    -45997.0150
 EKCMT  =         0.0000  VIRIAL  =         0.0000  VOLUME     =    171717.7479
                                                    Density    =         0.9276
 ------------------------------------------------------------------------------


 NSTEP =     2850   TIME(PS) =       2.850  TEMP(K) =   300.97  PRESS =     0.0
 Etot   =    -36289.4316  EKtot   =      9666.8232  EPtot      =    -45956.2548
 BOND   =       350.1732  ANGLE   =       973.3750  DIHED      =      1350.1580
 1-4 NB =       427.0511  1-4 EEL =      6176.4633  VDWAALS    =      5209.3186
 EELEC  =    -60515.8223  EHBOND  =         0.0000  RESTRAINT  =        73.0281
 EAMBER (non-restraint)  =    -46029.2829
 EKCMT  =         0.0000  VIRIAL  =         0.0000  VOLUME     =    171717.7479
                                                    Density    =         0.9276
 ------------------------------------------------------------------------------


 NSTEP =     2900   TIME(PS) =       2.900  TEMP(K) =   301.40  PRESS =     0.0
 Etot   =    -36370.9484  EKtot   =      9680.5088  EPtot      =    -46051.4572
 BOND   =       363.0242  ANGLE   =       990.5141  DIHED      =      1355.2032
 1-4 NB =       446.1017  1-4 EEL =      6180.3476  VDWAALS    =      5355.7454
 EELEC  =    -60817.6914  EHBOND  =         0.0000  RESTRAINT  =        75.2981
 EAMBER (non-restraint)  =    -46126.7553
 EKCMT  =         0.0000  VIRIAL  =         0.0000  VOLUME     =    170660.8111
                                                    Density    =         0.9334
 ------------------------------------------------------------------------------


 NSTEP =     2950   TIME(PS) =       2.950  TEMP(K) =   300.68  PRESS =     0.0
 Etot   =    -36508.7591  EKtot   =      9657.5742  EPtot      =    -46166.3333
 BOND   =       340.8296  ANGLE   =      1005.2394  DIHED      =      1333.7035
 1-4 NB =       439.3106  1-4 EEL =      6200.1470  VDWAALS    =      5238.9872
 EELEC  =    -60801.1315  EHBOND  =         0.0000  RESTRAINT  =        76.5810
 EAMBER (non-restraint)  =    -46242.9142
 EKCMT  =         0.0000  VIRIAL  =         0.0000  VOLUME     =    170660.8111
                                                    Density    =         0.9334
 ------------------------------------------------------------------------------


 NSTEP =     3000   TIME(PS) =       3.000  TEMP(K) =   302.01  PRESS =     0.0
 Etot   =    -36367.8920  EKtot   =      9700.2695  EPtot      =    -46068.1616
 BOND   =       334.7934  ANGLE   =       998.7546  DIHED      =      1352.3004
 1-4 NB =       434.6416  1-4 EEL =      6196.4919  VDWAALS    =      5310.4622
 EELEC  =    -60774.2926  EHBOND  =         0.0000  RESTRAINT  =        78.6869
 EAMBER (non-restraint)  =    -46146.8485
 EKCMT  =         0.0000  VIRIAL  =         0.0000  VOLUME     =    170660.8111
                                                    Density    =         0.9334
 ------------------------------------------------------------------------------


 NSTEP =     3050   TIME(PS) =       3.050  TEMP(K) =   302.59  PRESS =     0.0
 Etot   =    -36373.7431  EKtot   =      9718.7900  EPtot      =    -46092.5332
 BOND   =       336.1792  ANGLE   =      1012.5971  DIHED      =      1344.1962
 1-4 NB =       434.0211  1-4 EEL =      6171.9902  VDWAALS    =      5182.0324
 EELEC  =    -60652.3373  EHBOND  =         0.0000  RESTRAINT  =        78.7880
 EAMBER (non-restraint)  =    -46171.3212
 EKCMT  =         0.0000  VIRIAL  =         0.0000  VOLUME     =    170660.8111
                                                    Density    =         0.9334
 ------------------------------------------------------------------------------


 NSTEP =     3100   TIME(PS) =       3.100  TEMP(K) =   299.87  PRESS =     0.0
 Etot   =    -36356.3325  EKtot   =      9631.6445  EPtot      =    -45987.9770
 BOND   =       348.4324  ANGLE   =      1057.9533  DIHED      =      1346.9176
 1-4 NB =       431.2214  1-4 EEL =      6172.0193  VDWAALS    =      5092.6878
 EELEC  =    -60516.2958  EHBOND  =         0.0000  RESTRAINT  =        79.0871
 EAMBER (non-restraint)  =    -46067.0641
 EKCMT  =         0.0000  VIRIAL  =         0.0000  VOLUME     =    170660.8111
                                                    Density    =         0.9334
 ------------------------------------------------------------------------------


 NSTEP =     3150   TIME(PS) =       3.150  TEMP(K) =   302.30  PRESS =     0.0
 Etot   =    -36438.1736  EKtot   =      9709.5352  EPtot      =    -46147.7088
 BOND   =       331.6202  ANGLE   =      1041.0421  DIHED      =      1336.5111
 1-4 NB =       441.7904  1-4 EEL =      6204.9869  VDWAALS    =      4987.6661
 EELEC  =    -60567.6498  EHBOND  =         0.0000  RESTRAINT  =        76.3242
 EAMBER (non-restraint)  =    -46224.0330
 EKCMT  =         0.0000  VIRIAL  =         0.0000  VOLUME     =    170660.8111
                                                    Density    =         0.9334
 ------------------------------------------------------------------------------


 NSTEP =     3200   TIME(PS) =       3.200  TEMP(K) =   303.55  PRESS =     0.0
 Etot   =    -36331.4637  EKtot   =      9749.6758  EPtot      =    -46081.1395
 BOND   =       349.3378  ANGLE   =      1042.4662  DIHED      =      1347.3187
 1-4 NB =       452.5819  1-4 EEL =      6192.9826  VDWAALS    =      5144.6244
 EELEC  =    -60687.6356  EHBOND  =         0.0000  RESTRAINT  =        77.1845
 EAMBER (non-restraint)  =    -46158.3239
 EKCMT  =         0.0000  VIRIAL  =         0.0000  VOLUME     =    170660.8111
                                                    Density    =         0.9334
 ------------------------------------------------------------------------------


 NSTEP =     3250   TIME(PS) =       3.250  TEMP(K) =   306.45  PRESS =     0.0
 Etot   =    -36304.7628  EKtot   =      9842.9043  EPtot      =    -46147.6670
 BOND   =       352.3218  ANGLE   =      1026.1910  DIHED      =      1345.7463
 1-4 NB =       431.1322  1-4 EEL =      6163.7963  VDWAALS    =      5301.7854
 EELEC  =    -60848.0539  EHBOND  =         0.0000  RESTRAINT  =        79.4139
 EAMBER (non-restraint)  =    -46227.0810
 EKCMT  =         0.0000  VIRIAL  =         0.0000  VOLUME     =    170660.8111
                                                    Density    =         0.9334
 ------------------------------------------------------------------------------


 NSTEP =     3300   TIME(PS) =       3.300  TEMP(K) =   301.11  PRESS =     0.0
 Etot   =    -36480.4671  EKtot   =      9671.3193  EPtot      =    -46151.7864
 BOND   =       315.7096  ANGLE   =      1032.6201  DIHED      =      1353.7729
 1-4 NB =       444.4317  1-4 EEL =      6229.8290  VDWAALS    =      5169.0406
 EELEC  =    -60780.4878  EHBOND  =         0.0000  RESTRAINT  =        83.2975
 EAMBER (non-restraint)  =    -46235.0840
 EKCMT  =         0.0000  VIRIAL  =         0.0000  VOLUME     =    170660.8111
                                                    Density    =         0.9334
 ------------------------------------------------------------------------------


 NSTEP =     3350   TIME(PS) =       3.350  TEMP(K) =   297.15  PRESS =     0.0
 Etot   =    -36429.0026  EKtot   =      9544.0010  EPtot      =    -45973.0036
 BOND   =       341.4962  ANGLE   =      1056.5103  DIHED      =      1338.2291
 1-4 NB =       452.8418  1-4 EEL =      6188.8585  VDWAALS    =      5066.8649
 EELEC  =    -60504.8854  EHBOND  =         0.0000  RESTRAINT  =        87.0811
 EAMBER (non-restraint)  =    -46060.0847
 EKCMT  =         0.0000  VIRIAL  =         0.0000  VOLUME     =    170660.8111
                                                    Density    =         0.9334
 ------------------------------------------------------------------------------


 NSTEP =     3400   TIME(PS) =       3.400  TEMP(K) =   296.87  PRESS =     0.0
 Etot   =    -36414.7121  EKtot   =      9535.2266  EPtot      =    -45949.9387
 BOND   =       368.5071  ANGLE   =      1022.3457  DIHED      =      1322.4898
 1-4 NB =       447.1942  1-4 EEL =      6180.9006  VDWAALS    =      4996.7045
 EELEC  =    -60372.3200  EHBOND  =         0.0000  RESTRAINT  =        84.2395
 EAMBER (non-restraint)  =    -46034.1782
 EKCMT  =         0.0000  VIRIAL  =         0.0000  VOLUME     =    170660.8111
                                                    Density    =         0.9334
 ------------------------------------------------------------------------------


 NSTEP =     3450   TIME(PS) =       3.450  TEMP(K) =   301.64  PRESS =     0.0
 Etot   =    -36388.3103  EKtot   =      9688.5166  EPtot      =    -46076.8269
 BOND   =       335.6633  ANGLE   =      1037.5858  DIHED      =      1344.2826
 1-4 NB =       447.1607  1-4 EEL =      6180.8949  VDWAALS    =      5076.3972
 EELEC  =    -60585.5704  EHBOND  =         0.0000  RESTRAINT  =        86.7590
 EAMBER (non-restraint)  =    -46163.5859
 EKCMT  =         0.0000  VIRIAL  =         0.0000  VOLUME     =    170660.8111
                                                    Density    =         0.9334
 ------------------------------------------------------------------------------


 NSTEP =     3500   TIME(PS) =       3.500  TEMP(K) =   299.67  PRESS =     0.0
 Etot   =    -36516.0884  EKtot   =      9625.0908  EPtot      =    -46141.1792
 BOND   =       336.7880  ANGLE   =      1024.1200  DIHED      =      1357.5807
 1-4 NB =       430.1450  1-4 EEL =      6174.8812  VDWAALS    =      5055.9869
 EELEC  =    -60605.8333  EHBOND  =         0.0000  RESTRAINT  =        85.1523
 EAMBER (non-restraint)  =    -46226.3315
 EKCMT  =         0.0000  VIRIAL  =         0.0000  VOLUME     =    170660.8111
                                                    Density    =         0.9334
 ------------------------------------------------------------------------------


 NSTEP =     3550   TIME(PS) =       3.550  TEMP(K) =   297.96  PRESS =     0.0
 Etot   =    -36529.0510  EKtot   =      9570.2881  EPtot      =    -46099.3391
 BOND   =       337.5817  ANGLE   =      1049.3557  DIHED      =      1328.4276
 1-4 NB =       441.8461  1-4 EEL =      6168.5971  VDWAALS    =      4962.7534
 EELEC  =    -60471.2677  EHBOND  =         0.0000  RESTRAINT  =        83.3670
 EAMBER (non-restraint)  =    -46182.7060
 EKCMT  =         0.0000  VIRIAL  =         0.0000  VOLUME     =    170660.8111
                                                    Density    =         0.9334
 ------------------------------------------------------------------------------


 NSTEP =     3600   TIME(PS) =       3.600  TEMP(K) =   301.06  PRESS =     0.0
 Etot   =    -36529.4630  EKtot   =      9669.8389  EPtot      =    -46199.3019
 BOND   =       315.7265  ANGLE   =      1050.7465  DIHED      =      1324.0419
 1-4 NB =       450.1324  1-4 EEL =      6184.3669  VDWAALS    =      4880.3032
 EELEC  =    -60487.1658  EHBOND  =         0.0000  RESTRAINT  =        82.5466
 EAMBER (non-restraint)  =    -46281.8484
 EKCMT  =         0.0000  VIRIAL  =         0.0000  VOLUME     =    170660.8111
                                                    Density    =         0.9334
 ------------------------------------------------------------------------------


 NSTEP =     3650   TIME(PS) =       3.650  TEMP(K) =   299.97  PRESS =     0.0
 Etot   =    -36471.4209  EKtot   =      9634.6270  EPtot      =    -46106.0478
 BOND   =       333.7386  ANGLE   =      1012.7544  DIHED      =      1329.0423
 1-4 NB =       418.2753  1-4 EEL =      6185.5338  VDWAALS    =      5003.1467
 EELEC  =    -60467.4142  EHBOND  =         0.0000  RESTRAINT  =        78.8752
 EAMBER (non-restraint)  =    -46184.9231
 EKCMT  =         0.0000  VIRIAL  =         0.0000  VOLUME     =    170660.8111
                                                    Density    =         0.9334
 ------------------------------------------------------------------------------


 NSTEP =     3700   TIME(PS) =       3.700  TEMP(K) =   299.04  PRESS =     0.0
 Etot   =    -36560.7821  EKtot   =      9604.8291  EPtot      =    -46165.6112
 BOND   =       360.5641  ANGLE   =      1010.4299  DIHED      =      1342.4866
 1-4 NB =       440.0256  1-4 EEL =      6173.7674  VDWAALS    =      4956.4648
 EELEC  =    -60524.4708  EHBOND  =         0.0000  RESTRAINT  =        75.1211
 EAMBER (non-restraint)  =    -46240.7323
 EKCMT  =         0.0000  VIRIAL  =         0.0000  VOLUME     =    170660.8111
                                                    Density    =         0.9334
 ------------------------------------------------------------------------------


 NSTEP =     3750   TIME(PS) =       3.750  TEMP(K) =   302.73  PRESS =     0.0
 Etot   =    -36494.2759  EKtot   =      9723.3291  EPtot      =    -46217.6050
 BOND   =       305.5943  ANGLE   =      1026.6059  DIHED      =      1317.7174
 1-4 NB =       436.5642  1-4 EEL =      6186.9203  VDWAALS    =      5023.2591
 EELEC  =    -60592.4885  EHBOND  =         0.0000  RESTRAINT  =        78.2224
 EAMBER (non-restraint)  =    -46295.8273
 EKCMT  =         0.0000  VIRIAL  =         0.0000  VOLUME     =    170660.8111
                                                    Density    =         0.9334
 ------------------------------------------------------------------------------


 NSTEP =     3800   TIME(PS) =       3.800  TEMP(K) =   298.03  PRESS =     0.0
 Etot   =    -36522.6591  EKtot   =      9572.3750  EPtot      =    -46095.0341
 BOND   =       331.5660  ANGLE   =      1039.9357  DIHED      =      1323.6719
 1-4 NB =       441.5647  1-4 EEL =      6182.4958  VDWAALS    =      5088.3380
 EELEC  =    -60579.4150  EHBOND  =         0.0000  RESTRAINT  =        76.8088
 EAMBER (non-restraint)  =    -46171.8429
 EKCMT  =         0.0000  VIRIAL  =         0.0000  VOLUME     =    170660.8111
                                                    Density    =         0.9334
 ------------------------------------------------------------------------------


 NSTEP =     3850   TIME(PS) =       3.850  TEMP(K) =   297.02  PRESS =     0.0
 Etot   =    -36513.5906  EKtot   =      9539.9785  EPtot      =    -46053.5691
 BOND   =       323.1770  ANGLE   =      1041.3801  DIHED      =      1319.6293
 1-4 NB =       438.7623  1-4 EEL =      6184.4076  VDWAALS    =      5174.0380
 EELEC  =    -60612.3988  EHBOND  =         0.0000  RESTRAINT  =        77.4354
 EAMBER (non-restraint)  =    -46131.0044
 EKCMT  =         0.0000  VIRIAL  =         0.0000  VOLUME     =    170660.8111
                                                    Density    =         0.9334
 ------------------------------------------------------------------------------


 NSTEP =     3900   TIME(PS) =       3.900  TEMP(K) =   302.95  PRESS =     0.0
 Etot   =    -36373.0179  EKtot   =      9730.4404  EPtot      =    -46103.4583
 BOND   =       354.0562  ANGLE   =      1040.7014  DIHED      =      1331.7759
 1-4 NB =       425.6096  1-4 EEL =      6213.7571  VDWAALS    =      5132.0472
 EELEC  =    -60680.4587  EHBOND  =         0.0000  RESTRAINT  =        79.0530
 EAMBER (non-restraint)  =    -46182.5113
 EKCMT  =         0.0000  VIRIAL  =         0.0000  VOLUME     =    170660.8111
                                                    Density    =         0.9334
 ------------------------------------------------------------------------------


 NSTEP =     3950   TIME(PS) =       3.950  TEMP(K) =   301.47  PRESS =     0.0
 Etot   =    -36312.1558  EKtot   =      9682.7891  EPtot      =    -45994.9449
 BOND   =       362.5345  ANGLE   =      1017.6760  DIHED      =      1338.4944
 1-4 NB =       445.1602  1-4 EEL =      6189.4110  VDWAALS    =      5157.2213
 EELEC  =    -60588.1146  EHBOND  =         0.0000  RESTRAINT  =        82.6724
 EAMBER (non-restraint)  =    -46077.6173
 EKCMT  =         0.0000  VIRIAL  =         0.0000  VOLUME     =    170660.8111
                                                    Density    =         0.9334
 ------------------------------------------------------------------------------


 NSTEP =     4000   TIME(PS) =       4.000  TEMP(K) =   305.04  PRESS =     0.0
 Etot   =    -36308.9669  EKtot   =      9797.5879  EPtot      =    -46106.5548
 BOND   =       372.6459  ANGLE   =      1013.1916  DIHED      =      1328.8792
 1-4 NB =       423.7993  1-4 EEL =      6154.2722  VDWAALS    =      5052.7994
 EELEC  =    -60535.6258  EHBOND  =         0.0000  RESTRAINT  =        83.4834
 EAMBER (non-restraint)  =    -46190.0382
 EKCMT  =         0.0000  VIRIAL  =         0.0000  VOLUME     =    170660.8111
                                                    Density    =         0.9334
 ------------------------------------------------------------------------------


 NSTEP =     4050   TIME(PS) =       4.050  TEMP(K) =   302.48  PRESS =     0.0
 Etot   =    -36342.6350  EKtot   =      9715.3477  EPtot      =    -46057.9826
 BOND   =       351.4640  ANGLE   =       991.7531  DIHED      =      1311.5589
 1-4 NB =       436.8108  1-4 EEL =      6212.5953  VDWAALS    =      4985.1475
 EELEC  =    -60427.9548  EHBOND  =         0.0000  RESTRAINT  =        80.6425
 EAMBER (non-restraint)  =    -46138.6251
 EKCMT  =         0.0000  VIRIAL  =         0.0000  VOLUME     =    170660.8111
                                                    Density    =         0.9334
 ------------------------------------------------------------------------------


 NSTEP =     4100   TIME(PS) =       4.100  TEMP(K) =   299.15  PRESS =     0.0
 Etot   =    -36308.1323  EKtot   =      9608.5068  EPtot      =    -45916.6391
 BOND   =       353.4301  ANGLE   =      1021.2735  DIHED      =      1338.4440
 1-4 NB =       447.4142  1-4 EEL =      6188.5855  VDWAALS    =      5303.2045
 EELEC  =    -60647.0041  EHBOND  =         0.0000  RESTRAINT  =        78.0132
 EAMBER (non-restraint)  =    -45994.6523
 EKCMT  =         0.0000  VIRIAL  =         0.0000  VOLUME     =    170077.4925
                                                    Density    =         0.9366
 ------------------------------------------------------------------------------


 NSTEP =     4150   TIME(PS) =       4.150  TEMP(K) =   302.14  PRESS =     0.0
 Etot   =    -36294.6733  EKtot   =      9704.4248  EPtot      =    -45999.0981
 BOND   =       346.4582  ANGLE   =      1034.0604  DIHED      =      1333.8117
 1-4 NB =       433.8313  1-4 EEL =      6158.5235  VDWAALS    =      5178.9387
 EELEC  =    -60562.1674  EHBOND  =         0.0000  RESTRAINT  =        77.4455
 EAMBER (non-restraint)  =    -46076.5436
 EKCMT  =         0.0000  VIRIAL  =         0.0000  VOLUME     =    170077.4925
                                                    Density    =         0.9366
 ------------------------------------------------------------------------------


 NSTEP =     4200   TIME(PS) =       4.200  TEMP(K) =   303.46  PRESS =     0.0
 Etot   =    -36294.5818  EKtot   =      9746.7500  EPtot      =    -46041.3318
 BOND   =       343.9487  ANGLE   =      1049.3069  DIHED      =      1317.5955
 1-4 NB =       435.6718  1-4 EEL =      6190.8364  VDWAALS    =      5451.4190
 EELEC  =    -60905.5926  EHBOND  =         0.0000  RESTRAINT  =        75.4825
 EAMBER (non-restraint)  =    -46116.8143
 EKCMT  =         0.0000  VIRIAL  =         0.0000  VOLUME     =    169038.1607
                                                    Density    =         0.9424
 ------------------------------------------------------------------------------


 NSTEP =     4250   TIME(PS) =       4.250  TEMP(K) =   304.08  PRESS =     0.0
 Etot   =    -36368.7794  EKtot   =      9766.5850  EPtot      =    -46135.3644
 BOND   =       332.9283  ANGLE   =      1063.5597  DIHED      =      1354.0010
 1-4 NB =       447.6889  1-4 EEL =      6207.1140  VDWAALS    =      5236.7591
 EELEC  =    -60851.1472  EHBOND  =         0.0000  RESTRAINT  =        73.7318
 EAMBER (non-restraint)  =    -46209.0962
 EKCMT  =         0.0000  VIRIAL  =         0.0000  VOLUME     =    169038.1607
                                                    Density    =         0.9424
 ------------------------------------------------------------------------------


 NSTEP =     4300   TIME(PS) =       4.300  TEMP(K) =   304.53  PRESS =     0.0
 Etot   =    -36464.0617  EKtot   =      9781.0498  EPtot      =    -46245.1115
 BOND   =       377.9789  ANGLE   =      1061.2206  DIHED      =      1328.8195
 1-4 NB =       427.6570  1-4 EEL =      6177.2961  VDWAALS    =      5196.6618
 EELEC  =    -60890.8170  EHBOND  =         0.0000  RESTRAINT  =        76.0716
 EAMBER (non-restraint)  =    -46321.1831
 EKCMT  =         0.0000  VIRIAL  =         0.0000  VOLUME     =    168773.6070
                                                    Density    =         0.9438
 ------------------------------------------------------------------------------


 NSTEP =     4350   TIME(PS) =       4.350  TEMP(K) =   299.89  PRESS =     0.0
 Etot   =    -36519.7844  EKtot   =      9632.1475  EPtot      =    -46151.9319
 BOND   =       382.0096  ANGLE   =      1008.3255  DIHED      =      1347.1072
 1-4 NB =       430.3951  1-4 EEL =      6191.8783  VDWAALS    =      5225.9380
 EELEC  =    -60813.6650  EHBOND  =         0.0000  RESTRAINT  =        76.0793
 EAMBER (non-restraint)  =    -46228.0112
 EKCMT  =         0.0000  VIRIAL  =         0.0000  VOLUME     =    168773.6070
                                                    Density    =         0.9438
 ------------------------------------------------------------------------------


 NSTEP =     4400   TIME(PS) =       4.400  TEMP(K) =   301.40  PRESS =     0.0
 Etot   =    -36493.8765  EKtot   =      9680.5020  EPtot      =    -46174.3785
 BOND   =       360.0576  ANGLE   =      1016.4298  DIHED      =      1336.8518
 1-4 NB =       442.7198  1-4 EEL =      6177.4054  VDWAALS    =      5123.3247
 EELEC  =    -60708.1995  EHBOND  =         0.0000  RESTRAINT  =        77.0319
 EAMBER (non-restraint)  =    -46251.4104
 EKCMT  =         0.0000  VIRIAL  =         0.0000  VOLUME     =    168773.6070
                                                    Density    =         0.9438
 ------------------------------------------------------------------------------


 NSTEP =     4450   TIME(PS) =       4.450  TEMP(K) =   300.87  PRESS =     0.0
 Etot   =    -36520.1680  EKtot   =      9663.6143  EPtot      =    -46183.7823
 BOND   =       331.3538  ANGLE   =      1015.9192  DIHED      =      1338.0884
 1-4 NB =       446.7390  1-4 EEL =      6210.4416  VDWAALS    =      4946.0325
 EELEC  =    -60549.6952  EHBOND  =         0.0000  RESTRAINT  =        77.3384
 EAMBER (non-restraint)  =    -46261.1207
 EKCMT  =         0.0000  VIRIAL  =         0.0000  VOLUME     =    168773.6070
                                                    Density    =         0.9438
 ------------------------------------------------------------------------------


 NSTEP =     4500   TIME(PS) =       4.500  TEMP(K) =   298.90  PRESS =     0.0
 Etot   =    -36582.0285  EKtot   =      9600.2607  EPtot      =    -46182.2892
 BOND   =       361.8673  ANGLE   =      1028.0980  DIHED      =      1337.3984
 1-4 NB =       424.2614  1-4 EEL =      6145.5679  VDWAALS    =      5301.2082
 EELEC  =    -60862.5087  EHBOND  =         0.0000  RESTRAINT  =        81.8183
 EAMBER (non-restraint)  =    -46264.1075
 EKCMT  =         0.0000  VIRIAL  =         0.0000  VOLUME     =    168280.5389
                                                    Density    =         0.9466
 ------------------------------------------------------------------------------


 NSTEP =     4550   TIME(PS) =       4.550  TEMP(K) =   301.56  PRESS =     0.0
 Etot   =    -36641.7375  EKtot   =      9685.8691  EPtot      =    -46327.6067
 BOND   =       345.7255  ANGLE   =      1011.4453  DIHED      =      1320.2255
 1-4 NB =       441.9459  1-4 EEL =      6184.1656  VDWAALS    =      5295.1753
 EELEC  =    -61014.3601  EHBOND  =         0.0000  RESTRAINT  =        88.0703
 EAMBER (non-restraint)  =    -46415.6770
 EKCMT  =         0.0000  VIRIAL  =         0.0000  VOLUME     =    168280.5389
                                                    Density    =         0.9466
 ------------------------------------------------------------------------------


 NSTEP =     4600   TIME(PS) =       4.600  TEMP(K) =   299.65  PRESS =     0.0
 Etot   =    -36651.5960  EKtot   =      9624.4375  EPtot      =    -46276.0335
 BOND   =       363.7452  ANGLE   =      1001.7508  DIHED      =      1328.3856
 1-4 NB =       436.8521  1-4 EEL =      6220.2848  VDWAALS    =      5558.3007
 EELEC  =    -61276.5605  EHBOND  =         0.0000  RESTRAINT  =        91.2080
 EAMBER (non-restraint)  =    -46367.2415
 EKCMT  =         0.0000  VIRIAL  =         0.0000  VOLUME     =    167463.9620
                                                    Density    =         0.9512
 ------------------------------------------------------------------------------


 NSTEP =     4650   TIME(PS) =       4.650  TEMP(K) =   302.57  PRESS =     0.0
 Etot   =    -36709.6650  EKtot   =      9718.0996  EPtot      =    -46427.7647
 BOND   =       364.0168  ANGLE   =       992.6099  DIHED      =      1338.7472
 1-4 NB =       434.8555  1-4 EEL =      6186.0455  VDWAALS    =      5265.9549
 EELEC  =    -61099.3408  EHBOND  =         0.0000  RESTRAINT  =        89.3465
 EAMBER (non-restraint)  =    -46517.1111
 EKCMT  =         0.0000  VIRIAL  =         0.0000  VOLUME     =    167463.9620
                                                    Density    =         0.9512
 ------------------------------------------------------------------------------


 NSTEP =     4700   TIME(PS) =       4.700  TEMP(K) =   300.78  PRESS =     0.0
 Etot   =    -36632.1731  EKtot   =      9660.7607  EPtot      =    -46292.9339
 BOND   =       353.2819  ANGLE   =      1008.7365  DIHED      =      1339.3406
 1-4 NB =       449.7989  1-4 EEL =      6185.7783  VDWAALS    =      5001.8056
 EELEC  =    -60720.1302  EHBOND  =         0.0000  RESTRAINT  =        88.4545
 EAMBER (non-restraint)  =    -46381.3884
 EKCMT  =         0.0000  VIRIAL  =         0.0000  VOLUME     =    167463.9620
                                                    Density    =         0.9512
 ------------------------------------------------------------------------------


 NSTEP =     4750   TIME(PS) =       4.750  TEMP(K) =   298.24  PRESS =     0.0
 Etot   =    -36746.3298  EKtot   =      9579.0850  EPtot      =    -46325.4147
 BOND   =       374.2845  ANGLE   =      1047.6902  DIHED      =      1342.5630
 1-4 NB =       441.4120  1-4 EEL =      6190.5716  VDWAALS    =      5055.7491
 EELEC  =    -60859.9244  EHBOND  =         0.0000  RESTRAINT  =        82.2392
 EAMBER (non-restraint)  =    -46407.6539
 EKCMT  =         0.0000  VIRIAL  =         0.0000  VOLUME     =    167463.9620
                                                    Density    =         0.9512
 ------------------------------------------------------------------------------


 NSTEP =     4800   TIME(PS) =       4.800  TEMP(K) =   299.22  PRESS =     0.0
 Etot   =    -36643.6454  EKtot   =      9610.6777  EPtot      =    -46254.3231
 BOND   =       378.5114  ANGLE   =      1007.5146  DIHED      =      1336.6953
 1-4 NB =       427.5668  1-4 EEL =      6199.6528  VDWAALS    =      5151.1001
 EELEC  =    -60833.4521  EHBOND  =         0.0000  RESTRAINT  =        78.0879
 EAMBER (non-restraint)  =    -46332.4110
 EKCMT  =         0.0000  VIRIAL  =         0.0000  VOLUME     =    167463.9620
                                                    Density    =         0.9512
 ------------------------------------------------------------------------------


 NSTEP =     4850   TIME(PS) =       4.850  TEMP(K) =   299.09  PRESS =     0.0
 Etot   =    -36763.7542  EKtot   =      9606.4951  EPtot      =    -46370.2494
 BOND   =       343.9762  ANGLE   =      1023.4311  DIHED      =      1351.9566
 1-4 NB =       437.1358  1-4 EEL =      6177.2365  VDWAALS    =      5089.2361
 EELEC  =    -60870.9419  EHBOND  =         0.0000  RESTRAINT  =        77.7202
 EAMBER (non-restraint)  =    -46447.9696
 EKCMT  =         0.0000  VIRIAL  =         0.0000  VOLUME     =    167463.9620
                                                    Density    =         0.9512
 ------------------------------------------------------------------------------


 NSTEP =     4900   TIME(PS) =       4.900  TEMP(K) =   296.99  PRESS =     0.0
 Etot   =    -36765.9257  EKtot   =      9539.1533  EPtot      =    -46305.0790
 BOND   =       319.0759  ANGLE   =      1030.6358  DIHED      =      1332.1316
 1-4 NB =       453.3170  1-4 EEL =      6213.8908  VDWAALS    =      5326.1730
 EELEC  =    -61058.0643  EHBOND  =         0.0000  RESTRAINT  =        77.7612
 EAMBER (non-restraint)  =    -46382.8401
 EKCMT  =         0.0000  VIRIAL  =         0.0000  VOLUME     =    166752.0344
                                                    Density    =         0.9553
 ------------------------------------------------------------------------------


 NSTEP =     4950   TIME(PS) =       4.950  TEMP(K) =   300.90  PRESS =     0.0
 Etot   =    -36764.8237  EKtot   =      9664.4619  EPtot      =    -46429.2856
 BOND   =       333.5893  ANGLE   =      1062.8818  DIHED      =      1372.1895
 1-4 NB =       427.0980  1-4 EEL =      6191.7093  VDWAALS    =      5177.3966
 EELEC  =    -61074.2645  EHBOND  =         0.0000  RESTRAINT  =        80.1143
 EAMBER (non-restraint)  =    -46509.3999
 EKCMT  =         0.0000  VIRIAL  =         0.0000  VOLUME     =    166752.0344
                                                    Density    =         0.9553
 ------------------------------------------------------------------------------


 NSTEP =     5000   TIME(PS) =       5.000  TEMP(K) =   302.39  PRESS =     0.0
 Etot   =    -36760.6447  EKtot   =      9712.5557  EPtot      =    -46473.2004
 BOND   =       361.5039  ANGLE   =      1029.5969  DIHED      =      1342.6483
 1-4 NB =       431.0110  1-4 EEL =      6179.2609  VDWAALS    =      5656.7014
 EELEC  =    -61555.9886  EHBOND  =         0.0000  RESTRAINT  =        82.0658
 EAMBER (non-restraint)  =    -46555.2662
 EKCMT  =         0.0000  VIRIAL  =         0.0000  VOLUME     =    165665.1504
                                                    Density    =         0.9615
 ------------------------------------------------------------------------------


      A V E R A G E S   O V E R     100 S T E P S


 NSTEP =     5000   TIME(PS) =       5.000  TEMP(K) =   293.67  PRESS =     0.0
 Etot   =    -36990.8741  EKtot   =      9432.3993  EPtot      =    -46423.2734
 BOND   =       336.6490  ANGLE   =      1008.3146  DIHED      =      1337.5915
 1-4 NB =       437.7979  1-4 EEL =      6189.1978  VDWAALS    =      5423.0447
 EELEC  =    -61229.4278  EHBOND  =         0.0000  RESTRAINT  =        73.5589
 EAMBER (non-restraint)  =    -46496.8323
 EKCMT  =         0.0000  VIRIAL  =         0.0000  VOLUME     =    174536.0282
                                                    Density    =         0.9134
 ------------------------------------------------------------------------------


      R M S  F L U C T U A T I O N S


 NSTEP =     5000   TIME(PS) =       5.000  TEMP(K) =    19.71  PRESS =     0.0
 Etot   =      1738.5627  EKtot   =       633.0185  EPtot      =      1114.2364
 BOND   =        25.9463  ANGLE   =        51.4957  DIHED      =        17.6073
 1-4 NB =         8.9670  1-4 EEL =        19.9994  VDWAALS    =       653.0052
 EELEC  =      1651.1903  EHBOND  =         0.0000  RESTRAINT  =        10.0032
 EAMBER (non-restraint)  =      1104.2331
 EKCMT  =         0.0000  VIRIAL  =         0.0000  VOLUME     =      5103.4721
                                                    Density    =         0.0266
 ------------------------------------------------------------------------------

| MC Barostat:         50 volume changes attempted.
| MC Barostat:         22 changes successful ( 44.00%)
 ------------------------------------------------------------------------------

--------------------------------------------------------------------------------
   5.  TIMINGS
--------------------------------------------------------------------------------

|  NonSetup CPU Time in Major Routines:
|
|     Routine           Sec        %
|     ------------------------------
|     Nonbond           0.44   18.49
|     Bond              0.00    0.00
|     Angle             0.00    0.00
|     Dihedral          0.00    0.00
|     Shake             0.03    1.12
|     RunMD             1.88   78.74
|     Other             0.04    1.66
|     ------------------------------
|     Total             2.38

|  PME Nonbond Pairlist CPU Time:
|
|     Routine              Sec        %
|     ---------------------------------
|     Set Up Cit           0.00    0.00
|     Build List           0.00    0.00
|     ---------------------------------
|     Total                0.00    0.00

|  PME Direct Force CPU Time:
|
|     Routine              Sec        %
|     ---------------------------------
|     NonBonded Calc       0.00    0.00
|     Exclude Masked       0.00    0.00
|     Other                0.00    0.11
|     ---------------------------------
|     Total                0.00    0.11

|  PME Reciprocal Force CPU Time:
|
|     Routine              Sec        %
|     ---------------------------------
|     1D bspline           0.00    0.00
|     Grid Charges         0.00    0.00
|     Scalar Sum           0.00    0.00
|     Gradient Sum         0.00    0.00
|     FFT                  0.00    0.00
|     ---------------------------------
|     Total                0.00    0.00

|  Final Performance Info:
|     -----------------------------------------------------
|     Average timings for last    5000 steps:
|     Elapsed(s) =       2.38 Per Step(ms) =       0.48
|         ns/day =     181.21   seconds/ns =     476.79
|
|     Average timings for all steps:
|     Elapsed(s) =       2.38 Per Step(ms) =       0.48
|         ns/day =     181.21   seconds/ns =     476.79
|     -----------------------------------------------------

|  Setup CPU time:            0.41 seconds
|  NonSetup CPU time:         2.38 seconds
|  Total CPU time:            2.79 seconds     0.00 hours

|  Setup wall time:           0    seconds
|  NonSetup wall time:        2    seconds
|  Total wall time:           2    seconds     0.00 hours
