
          -------------------------------------------------------
          Amber 18 PMEMD                              2018
          -------------------------------------------------------

| PMEMD implementation of SANDER, Release 18

| Run on 02/22/2021 at 13:08:57

|   Executable path: pmemd.cuda
| Working directory: /home/almacen/pbarletta/reobp/run/apo/pre
|          Hostname: Unknown
  [-O]verwriting output

File Assignments:
|   MDIN: step9.in                                                              
|  MDOUT: step9.out                                                             
| INPCRD: step8.rst7                                                            
|   PARM: ../../../top_files/apo.prmtop                                         
| RESTRT: step9.rst7                                                            
|   REFC: step5.rst7                                                            
|  MDVEL: mdvel                                                                 
|   MDEN: mden                                                                  
|  MDCRD: step9.nc                                                              
| MDINFO: step9.mdinfo                                                          
|  MDFRC: mdfrc                                                                 


 Here is the input file:

MD: step9.in                                                                   
 &cntrl                                                                        
   imin = 0, nstlim = 5000, dt = 0.002,                                        
   ntx = 5, irest = 1, ig = -1,                                                
   ntwx = 500, ntwv = 0, ioutfm = 0, ntxo = 1, ntpr = 50, ntwr = 500,          
   iwrap = 0, nscm = 1000,                                                     
   ntc = 2, ntf = 2, ntb = 2, cut = 8.0,                                       
   ntt = 3, gamma_ln = 5, temp0 = 300, tempi = 300,                            
   ntp = 1, barostat = 2, pres0 = 1.0,                                         
   ntr = 0,                                                                    
 &end                                                                          


Note: ig = -1. Setting random seed to   826581 based on wallclock time in 
      microseconds.
| irandom = 1, using AMBER's internal random number generator (default).
 
|--------------------- INFORMATION ----------------------
| GPU (CUDA) Version of PMEMD in use: NVIDIA GPU IN USE.
|                    Version 18.0.0
| 
|                      03/25/2018
| 
| Implementation by:
|                    Ross C. Walker     (SDSC)
|                    Scott Le Grand     (nVIDIA)
| 
| Version 18 performance extensions by:
|                    David Cerutti     (Rutgers)
| 
| Precision model in use:
|      [SPFP] - Single Precision Forces, 64-bit Fixed Point
|               Accumulation. (Default)
| 
|--------------------------------------------------------
 
|----------------- CITATION INFORMATION -----------------
|
|    When publishing work that utilized the CUDA version
|    of AMBER, please cite the following in addition to
|    the regular AMBER citations:
|
|  - Romelia Salomon-Ferrer; Andreas W. Goetz; Duncan
|    Poole; Scott Le Grand; Ross C. Walker "Routine
|    microsecond molecular dynamics simulations with
|    AMBER - Part II: Particle Mesh Ewald", J. Chem.
|    Theory Comput., 2013, 9 (9), pp3878-3888,
|    DOI: 10.1021/ct400314y.
|
|  - Andreas W. Goetz; Mark J. Williamson; Dong Xu;
|    Duncan Poole; Scott Le Grand; Ross C. Walker
|    "Routine microsecond molecular dynamics simulations
|    with AMBER - Part I: Generalized Born", J. Chem.
|    Theory Comput., 2012, 8 (5), pp1542-1555.
|
|  - Scott Le Grand; Andreas W. Goetz; Ross C. Walker
|    "SPFP: Speed without compromise - a mixed precision
|    model for GPU accelerated molecular dynamics
|    simulations.", Comp. Phys. Comm., 2013, 184
|    pp374-380, DOI: 10.1016/j.cpc.2012.09.022
|
|--------------------------------------------------------
 
|------------------- GPU DEVICE INFO --------------------
|
|            CUDA_VISIBLE_DEVICES: not set
|   CUDA Capable Devices Detected:      1
|           CUDA Device ID in use:      0
|                CUDA Device Name: GeForce GTX 1080 Ti
|     CUDA Device Global Mem Size:  11178 MB
| CUDA Device Num Multiprocessors:     28
|           CUDA Device Core Freq:   1.72 GHz
|
|--------------------------------------------------------
 
 
| Conditional Compilation Defines Used:
| PUBFFT
| BINTRAJ
| CUDA
| EMIL

| Largest sphere to fit in unit cell has radius =    23.992

| New format PARM file being parsed.
| Version =    1.000 Date = 02/22/21 Time = 12:43:07

| Note: 1-4 EEL scale factors are being read from the topology file.

| Note: 1-4 VDW scale factors are being read from the topology file.
| Duplicated    0 dihedrals

| Duplicated    0 dihedrals

--------------------------------------------------------------------------------
   1.  RESOURCE   USE: 
--------------------------------------------------------------------------------

 getting new box info from bottom of inpcrd
 NATOM  =   15691 NTYPES =      17 NBONH =   14747 MBONA  =     953
 NTHETH =    2337 MTHETA =    1282 NPHIH =    4475 MPHIA  =    3254
 NHPARM =       0 NPARM  =       0 NNB   =   29243 NRES   =    4688
 NBONA  =     953 NTHETA =    1282 NPHIA =    3254 NUMBND =      42
 NUMANG =      92 NPTRA  =      39 NATYP =      28 NPHB   =       1
 IFBOX  =       2 NMXRS  =      24 IFCAP =       0 NEXTRA =       0
 NCOPY  =       0

| Coordinate Index Table dimensions:    11   11   11
| Direct force subcell size =     5.3426    5.3426    5.3426

     BOX TYPE: TRUNCATED OCTAHEDRON

--------------------------------------------------------------------------------
   2.  CONTROL  DATA  FOR  THE  RUN
--------------------------------------------------------------------------------

default_name                                                                    

General flags:
     imin    =       0, nmropt  =       0

Nature and format of input:
     ntx     =       5, irest   =       1, ntrx    =       1

Nature and format of output:
     ntxo    =       1, ntpr    =      50, ntrx    =       1, ntwr    =     500
     iwrap   =       0, ntwx    =     500, ntwv    =       0, ntwe    =       0
     ioutfm  =       0, ntwprt  =       0, idecomp =       0, rbornstat=      0

Potential function:
     ntf     =       2, ntb     =       2, igb     =       0, nsnb    =      25
     ipol    =       0, gbsa    =       0, iesp    =       0
     dielc   =   1.00000, cut     =   8.00000, intdiel =   1.00000

Frozen or restrained atoms:
     ibelly  =       0, ntr     =       0

Molecular dynamics:
     nstlim  =      5000, nscm    =      1000, nrespa  =         1
     t       =   0.00000, dt      =   0.00200, vlimit  =  -1.00000

Langevin dynamics temperature regulation:
     ig      =  826581
     temp0   = 300.00000, tempi   = 300.00000, gamma_ln=   5.00000

Pressure regulation:
     ntp     =       1
     pres0   =   1.00000, comp    =  44.60000, taup    =   1.00000
     Monte-Carlo Barostat:
     mcbarint  =     100

SHAKE:
     ntc     =       2, jfastw  =       0
     tol     =   0.00001

| Intermolecular bonds treatment:
|     no_intermolecular_bonds =       1

| Energy averages sample interval:
|     ene_avg_sampling =      50

Ewald parameters:
     verbose =       0, ew_type =       0, nbflag  =       1, use_pme =       1
     vdwmeth =       1, eedmeth =       1, netfrc  =       1
     Box X =   58.769   Box Y =   58.769   Box Z =   58.769
     Alpha =  109.471   Beta  =  109.471   Gamma =  109.471
     NFFT1 =   64       NFFT2 =   64       NFFT3 =   64
     Cutoff=    8.000   Tol   =0.100E-04
     Ewald Coefficient =  0.34864
     Interpolation order =    4
| MONTE CARLO BAROSTAT IMPORTANT NOTE:
|   The Monte-Carlo barostat does not require the virial to adjust the system volume.
|   Since it is an expensive calculation, it is skipped for efficiency. A side-effect
|   is that the reported pressure is always 0 because it is not calculated.

--------------------------------------------------------------------------------
   3.  ATOMIC COORDINATES AND VELOCITIES
--------------------------------------------------------------------------------

default_name                                                                    
 begin time read from input coords =    20.000 ps

 
 Number of triangulated 3-point waters found:     4568

     Sum of charges from parm topology file =  -0.00000006
     Forcing neutrality...

| Dynamic Memory, Types Used:
| Reals              727056
| Integers           628032

| Nonbonded Pairs Initial Allocation:     2620789

| GPU memory information (estimate):
| KB of GPU memory in use:         0
| KB of CPU memory in use:         0

--------------------------------------------------------------------------------
   4.  RESULTS
--------------------------------------------------------------------------------


 NSTEP =       50   TIME(PS) =      20.100  TEMP(K) =   298.95  PRESS =     0.0
 Etot   =    -37509.2404  EKtot   =      9601.8271  EPtot      =    -47111.0676
 BOND   =       350.9607  ANGLE   =      1056.3861  DIHED      =      1344.0295
 1-4 NB =       448.5828  1-4 EEL =      6179.0193  VDWAALS    =      5517.9092
 EELEC  =    -62007.9552  EHBOND  =         0.0000  RESTRAINT  =         0.0000
 EKCMT  =         0.0000  VIRIAL  =         0.0000  VOLUME     =    156247.8287
                                                    Density    =         1.0195
 ------------------------------------------------------------------------------


 NSTEP =      100   TIME(PS) =      20.200  TEMP(K) =   299.98  PRESS =     0.0
 Etot   =    -37476.0383  EKtot   =      9634.9326  EPtot      =    -47110.9709
 BOND   =       348.5715  ANGLE   =      1058.1521  DIHED      =      1334.7483
 1-4 NB =       442.8364  1-4 EEL =      6180.9275  VDWAALS    =      5413.0618
 EELEC  =    -61889.2685  EHBOND  =         0.0000  RESTRAINT  =         0.0000
 EKCMT  =         0.0000  VIRIAL  =         0.0000  VOLUME     =    156247.8287
                                                    Density    =         1.0195
 ------------------------------------------------------------------------------


 NSTEP =      150   TIME(PS) =      20.300  TEMP(K) =   298.88  PRESS =     0.0
 Etot   =    -37472.1339  EKtot   =      9599.6221  EPtot      =    -47071.7560
 BOND   =       368.9085  ANGLE   =      1052.4365  DIHED      =      1351.0623
 1-4 NB =       442.4566  1-4 EEL =      6159.2990  VDWAALS    =      5393.6113
 EELEC  =    -61839.5302  EHBOND  =         0.0000  RESTRAINT  =         0.0000
 EKCMT  =         0.0000  VIRIAL  =         0.0000  VOLUME     =    156247.8287
                                                    Density    =         1.0195
 ------------------------------------------------------------------------------


 NSTEP =      200   TIME(PS) =      20.400  TEMP(K) =   299.62  PRESS =     0.0
 Etot   =    -37544.0770  EKtot   =      9623.3350  EPtot      =    -47167.4120
 BOND   =       341.0486  ANGLE   =      1037.5907  DIHED      =      1346.2630
 1-4 NB =       445.8336  1-4 EEL =      6201.4689  VDWAALS    =      5377.0612
 EELEC  =    -61916.6780  EHBOND  =         0.0000  RESTRAINT  =         0.0000
 EKCMT  =         0.0000  VIRIAL  =         0.0000  VOLUME     =    156176.1877
                                                    Density    =         1.0200
 ------------------------------------------------------------------------------


 NSTEP =      250   TIME(PS) =      20.500  TEMP(K) =   301.74  PRESS =     0.0
 Etot   =    -37507.5885  EKtot   =      9691.6396  EPtot      =    -47199.2281
 BOND   =       336.1756  ANGLE   =      1077.4693  DIHED      =      1341.1567
 1-4 NB =       448.4433  1-4 EEL =      6188.4637  VDWAALS    =      5399.9470
 EELEC  =    -61990.8839  EHBOND  =         0.0000  RESTRAINT  =         0.0000
 EKCMT  =         0.0000  VIRIAL  =         0.0000  VOLUME     =    156176.1877
                                                    Density    =         1.0200
 ------------------------------------------------------------------------------


 NSTEP =      300   TIME(PS) =      20.600  TEMP(K) =   299.55  PRESS =     0.0
 Etot   =    -37541.0753  EKtot   =      9621.3818  EPtot      =    -47162.4571
 BOND   =       338.0082  ANGLE   =      1056.4298  DIHED      =      1318.7620
 1-4 NB =       441.2197  1-4 EEL =      6163.8392  VDWAALS    =      5364.1582
 EELEC  =    -61844.8744  EHBOND  =         0.0000  RESTRAINT  =         0.0000
 EKCMT  =         0.0000  VIRIAL  =         0.0000  VOLUME     =    156176.1877
                                                    Density    =         1.0200
 ------------------------------------------------------------------------------


 NSTEP =      350   TIME(PS) =      20.700  TEMP(K) =   299.41  PRESS =     0.0
 Etot   =    -37560.3669  EKtot   =      9616.6348  EPtot      =    -47177.0017
 BOND   =       382.4601  ANGLE   =      1027.9611  DIHED      =      1322.8399
 1-4 NB =       447.6793  1-4 EEL =      6215.5427  VDWAALS    =      5325.0549
 EELEC  =    -61898.5397  EHBOND  =         0.0000  RESTRAINT  =         0.0000
 EKCMT  =         0.0000  VIRIAL  =         0.0000  VOLUME     =    156176.1877
                                                    Density    =         1.0200
 ------------------------------------------------------------------------------


 NSTEP =      400   TIME(PS) =      20.800  TEMP(K) =   302.00  PRESS =     0.0
 Etot   =    -37426.9023  EKtot   =      9700.0586  EPtot      =    -47126.9609
 BOND   =       349.8565  ANGLE   =      1096.3150  DIHED      =      1333.2314
 1-4 NB =       439.7689  1-4 EEL =      6141.1665  VDWAALS    =      5413.1838
 EELEC  =    -61900.4830  EHBOND  =         0.0000  RESTRAINT  =         0.0000
 EKCMT  =         0.0000  VIRIAL  =         0.0000  VOLUME     =    156176.1877
                                                    Density    =         1.0200
 ------------------------------------------------------------------------------


 NSTEP =      450   TIME(PS) =      20.900  TEMP(K) =   297.25  PRESS =     0.0
 Etot   =    -37363.8056  EKtot   =      9547.3193  EPtot      =    -46911.1250
 BOND   =       359.9520  ANGLE   =      1053.3146  DIHED      =      1332.6335
 1-4 NB =       450.8388  1-4 EEL =      6188.9934  VDWAALS    =      5381.4302
 EELEC  =    -61678.2874  EHBOND  =         0.0000  RESTRAINT  =         0.0000
 EKCMT  =         0.0000  VIRIAL  =         0.0000  VOLUME     =    156176.1877
                                                    Density    =         1.0200
 ------------------------------------------------------------------------------


 NSTEP =      500   TIME(PS) =      21.000  TEMP(K) =   297.69  PRESS =     0.0
 Etot   =    -37378.3844  EKtot   =      9561.5205  EPtot      =    -46939.9049
 BOND   =       359.5859  ANGLE   =      1085.5699  DIHED      =      1342.8592
 1-4 NB =       454.2707  1-4 EEL =      6218.3514  VDWAALS    =      5496.0616
 EELEC  =    -61896.6037  EHBOND  =         0.0000  RESTRAINT  =         0.0000
 EKCMT  =         0.0000  VIRIAL  =         0.0000  VOLUME     =    156176.1877
                                                    Density    =         1.0200
 ------------------------------------------------------------------------------


 NSTEP =      550   TIME(PS) =      21.100  TEMP(K) =   305.69  PRESS =     0.0
 Etot   =    -37187.1691  EKtot   =      9818.3027  EPtot      =    -47005.4719
 BOND   =       360.0828  ANGLE   =      1108.3711  DIHED      =      1338.0257
 1-4 NB =       442.5156  1-4 EEL =      6170.2078  VDWAALS    =      5510.3217
 EELEC  =    -61934.9966  EHBOND  =         0.0000  RESTRAINT  =         0.0000
 EKCMT  =         0.0000  VIRIAL  =         0.0000  VOLUME     =    156176.1877
                                                    Density    =         1.0200
 ------------------------------------------------------------------------------


 NSTEP =      600   TIME(PS) =      21.200  TEMP(K) =   300.97  PRESS =     0.0
 Etot   =    -37377.0243  EKtot   =      9666.8428  EPtot      =    -47043.8671
 BOND   =       364.0194  ANGLE   =      1074.7448  DIHED      =      1357.9074
 1-4 NB =       439.1210  1-4 EEL =      6144.0639  VDWAALS    =      5313.5276
 EELEC  =    -61737.2511  EHBOND  =         0.0000  RESTRAINT  =         0.0000
 EKCMT  =         0.0000  VIRIAL  =         0.0000  VOLUME     =    156176.1877
                                                    Density    =         1.0200
 ------------------------------------------------------------------------------


 NSTEP =      650   TIME(PS) =      21.300  TEMP(K) =   300.75  PRESS =     0.0
 Etot   =    -37357.6133  EKtot   =      9659.8125  EPtot      =    -47017.4258
 BOND   =       354.7467  ANGLE   =      1076.9548  DIHED      =      1347.4701
 1-4 NB =       449.7638  1-4 EEL =      6163.1657  VDWAALS    =      5505.0788
 EELEC  =    -61914.6057  EHBOND  =         0.0000  RESTRAINT  =         0.0000
 EKCMT  =         0.0000  VIRIAL  =         0.0000  VOLUME     =    156176.1877
                                                    Density    =         1.0200
 ------------------------------------------------------------------------------


 NSTEP =      700   TIME(PS) =      21.400  TEMP(K) =   301.43  PRESS =     0.0
 Etot   =    -37374.3223  EKtot   =      9681.7461  EPtot      =    -47056.0684
 BOND   =       357.9840  ANGLE   =      1059.2045  DIHED      =      1345.6804
 1-4 NB =       450.0672  1-4 EEL =      6178.0664  VDWAALS    =      5535.4428
 EELEC  =    -61982.5137  EHBOND  =         0.0000  RESTRAINT  =         0.0000
 EKCMT  =         0.0000  VIRIAL  =         0.0000  VOLUME     =    156176.1877
                                                    Density    =         1.0200
 ------------------------------------------------------------------------------


 NSTEP =      750   TIME(PS) =      21.500  TEMP(K) =   298.98  PRESS =     0.0
 Etot   =    -37393.8057  EKtot   =      9603.0488  EPtot      =    -46996.8546
 BOND   =       351.0628  ANGLE   =      1074.5924  DIHED      =      1343.2008
 1-4 NB =       438.0646  1-4 EEL =      6179.8447  VDWAALS    =      5450.0109
 EELEC  =    -61833.6308  EHBOND  =         0.0000  RESTRAINT  =         0.0000
 EKCMT  =         0.0000  VIRIAL  =         0.0000  VOLUME     =    156176.1877
                                                    Density    =         1.0200
 ------------------------------------------------------------------------------


 NSTEP =      800   TIME(PS) =      21.600  TEMP(K) =   297.63  PRESS =     0.0
 Etot   =    -37397.5838  EKtot   =      9559.4863  EPtot      =    -46957.0701
 BOND   =       366.5476  ANGLE   =      1122.2718  DIHED      =      1329.9007
 1-4 NB =       443.0953  1-4 EEL =      6166.8579  VDWAALS    =      5213.4795
 EELEC  =    -61599.2228  EHBOND  =         0.0000  RESTRAINT  =         0.0000
 EKCMT  =         0.0000  VIRIAL  =         0.0000  VOLUME     =    156021.4192
                                                    Density    =         1.0210
 ------------------------------------------------------------------------------


 NSTEP =      850   TIME(PS) =      21.700  TEMP(K) =   302.50  PRESS =     0.0
 Etot   =    -37326.3247  EKtot   =      9716.0869  EPtot      =    -47042.4116
 BOND   =       366.3383  ANGLE   =      1061.1143  DIHED      =      1332.5954
 1-4 NB =       441.7502  1-4 EEL =      6196.3971  VDWAALS    =      5370.8280
 EELEC  =    -61811.4350  EHBOND  =         0.0000  RESTRAINT  =         0.0000
 EKCMT  =         0.0000  VIRIAL  =         0.0000  VOLUME     =    156021.4192
                                                    Density    =         1.0210
 ------------------------------------------------------------------------------


 NSTEP =      900   TIME(PS) =      21.800  TEMP(K) =   298.33  PRESS =     0.0
 Etot   =    -37476.2428  EKtot   =      9582.1973  EPtot      =    -47058.4401
 BOND   =       372.3146  ANGLE   =      1093.8361  DIHED      =      1341.6390
 1-4 NB =       433.7267  1-4 EEL =      6161.6953  VDWAALS    =      5439.0981
 EELEC  =    -61900.7499  EHBOND  =         0.0000  RESTRAINT  =         0.0000
 EKCMT  =         0.0000  VIRIAL  =         0.0000  VOLUME     =    156021.4192
                                                    Density    =         1.0210
 ------------------------------------------------------------------------------


 NSTEP =      950   TIME(PS) =      21.900  TEMP(K) =   301.99  PRESS =     0.0
 Etot   =    -37436.6092  EKtot   =      9699.5977  EPtot      =    -47136.2068
 BOND   =       367.8248  ANGLE   =      1036.8938  DIHED      =      1339.5301
 1-4 NB =       441.0232  1-4 EEL =      6156.2904  VDWAALS    =      5406.3575
 EELEC  =    -61884.1267  EHBOND  =         0.0000  RESTRAINT  =         0.0000
 EKCMT  =         0.0000  VIRIAL  =         0.0000  VOLUME     =    156021.4192
                                                    Density    =         1.0210
 ------------------------------------------------------------------------------

| MC Barostat: Decreasing size of volume moves

 NSTEP =     1000   TIME(PS) =      22.000  TEMP(K) =   299.83  PRESS =     0.0
 Etot   =    -37415.9637  EKtot   =      9630.3740  EPtot      =    -47046.3378
 BOND   =       387.2181  ANGLE   =      1076.6501  DIHED      =      1338.4617
 1-4 NB =       447.4961  1-4 EEL =      6185.6093  VDWAALS    =      5349.6659
 EELEC  =    -61831.4389  EHBOND  =         0.0000  RESTRAINT  =         0.0000
 EKCMT  =         0.0000  VIRIAL  =         0.0000  VOLUME     =    156021.4192
                                                    Density    =         1.0210
 ------------------------------------------------------------------------------


 NSTEP =     1050   TIME(PS) =      22.100  TEMP(K) =   300.30  PRESS =     0.0
 Etot   =    -37440.2875  EKtot   =      9645.3184  EPtot      =    -47085.6059
 BOND   =       335.7315  ANGLE   =      1081.7063  DIHED      =      1350.9110
 1-4 NB =       460.2445  1-4 EEL =      6185.6888  VDWAALS    =      5229.7332
 EELEC  =    -61729.6212  EHBOND  =         0.0000  RESTRAINT  =         0.0000
 EKCMT  =         0.0000  VIRIAL  =         0.0000  VOLUME     =    156021.4192
                                                    Density    =         1.0210
 ------------------------------------------------------------------------------


 NSTEP =     1100   TIME(PS) =      22.200  TEMP(K) =   303.56  PRESS =     0.0
 Etot   =    -37404.8056  EKtot   =      9750.1348  EPtot      =    -47154.9403
 BOND   =       350.9085  ANGLE   =      1076.9607  DIHED      =      1354.1479
 1-4 NB =       470.6956  1-4 EEL =      6203.1088  VDWAALS    =      5401.4169
 EELEC  =    -62012.1788  EHBOND  =         0.0000  RESTRAINT  =         0.0000
 EKCMT  =         0.0000  VIRIAL  =         0.0000  VOLUME     =    156021.4192
                                                    Density    =         1.0210
 ------------------------------------------------------------------------------


 NSTEP =     1150   TIME(PS) =      22.300  TEMP(K) =   302.92  PRESS =     0.0
 Etot   =    -37388.6554  EKtot   =      9729.3682  EPtot      =    -47118.0236
 BOND   =       378.1375  ANGLE   =      1100.9668  DIHED      =      1348.9795
 1-4 NB =       446.7412  1-4 EEL =      6158.4128  VDWAALS    =      5623.1383
 EELEC  =    -62174.3998  EHBOND  =         0.0000  RESTRAINT  =         0.0000
 EKCMT  =         0.0000  VIRIAL  =         0.0000  VOLUME     =    156021.4192
                                                    Density    =         1.0210
 ------------------------------------------------------------------------------


 NSTEP =     1200   TIME(PS) =      22.400  TEMP(K) =   298.32  PRESS =     0.0
 Etot   =    -37462.1969  EKtot   =      9581.7773  EPtot      =    -47043.9742
 BOND   =       334.7222  ANGLE   =      1086.3242  DIHED      =      1335.3681
 1-4 NB =       450.7891  1-4 EEL =      6178.2346  VDWAALS    =      5618.5480
 EELEC  =    -62047.9604  EHBOND  =         0.0000  RESTRAINT  =         0.0000
 EKCMT  =         0.0000  VIRIAL  =         0.0000  VOLUME     =    156021.4192
                                                    Density    =         1.0210
 ------------------------------------------------------------------------------


 NSTEP =     1250   TIME(PS) =      22.500  TEMP(K) =   301.99  PRESS =     0.0
 Etot   =    -37347.0473  EKtot   =      9699.5879  EPtot      =    -47046.6352
 BOND   =       343.2061  ANGLE   =      1046.0109  DIHED      =      1326.3214
 1-4 NB =       447.1698  1-4 EEL =      6197.5052  VDWAALS    =      5285.3688
 EELEC  =    -61692.2175  EHBOND  =         0.0000  RESTRAINT  =         0.0000
 EKCMT  =         0.0000  VIRIAL  =         0.0000  VOLUME     =    156021.4192
                                                    Density    =         1.0210
 ------------------------------------------------------------------------------


 NSTEP =     1300   TIME(PS) =      22.600  TEMP(K) =   304.55  PRESS =     0.0
 Etot   =    -37241.4173  EKtot   =      9781.9824  EPtot      =    -47023.3997
 BOND   =       355.0999  ANGLE   =      1068.3199  DIHED      =      1360.3325
 1-4 NB =       455.2477  1-4 EEL =      6189.8394  VDWAALS    =      5602.7589
 EELEC  =    -62054.9980  EHBOND  =         0.0000  RESTRAINT  =         0.0000
 EKCMT  =         0.0000  VIRIAL  =         0.0000  VOLUME     =    156021.4192
                                                    Density    =         1.0210
 ------------------------------------------------------------------------------


 NSTEP =     1350   TIME(PS) =      22.700  TEMP(K) =   299.43  PRESS =     0.0
 Etot   =    -37462.2314  EKtot   =      9617.3398  EPtot      =    -47079.5712
 BOND   =       360.4273  ANGLE   =      1061.5850  DIHED      =      1337.0863
 1-4 NB =       444.8047  1-4 EEL =      6204.9284  VDWAALS    =      5334.5049
 EELEC  =    -61822.9077  EHBOND  =         0.0000  RESTRAINT  =         0.0000
 EKCMT  =         0.0000  VIRIAL  =         0.0000  VOLUME     =    156021.4192
                                                    Density    =         1.0210
 ------------------------------------------------------------------------------


 NSTEP =     1400   TIME(PS) =      22.800  TEMP(K) =   300.49  PRESS =     0.0
 Etot   =    -37407.3374  EKtot   =      9651.4775  EPtot      =    -47058.8149
 BOND   =       369.6078  ANGLE   =      1080.7850  DIHED      =      1349.6991
 1-4 NB =       434.6089  1-4 EEL =      6152.2459  VDWAALS    =      5239.2400
 EELEC  =    -61685.0016  EHBOND  =         0.0000  RESTRAINT  =         0.0000
 EKCMT  =         0.0000  VIRIAL  =         0.0000  VOLUME     =    156056.0553
                                                    Density    =         1.0207
 ------------------------------------------------------------------------------


 NSTEP =     1450   TIME(PS) =      22.900  TEMP(K) =   301.19  PRESS =     0.0
 Etot   =    -37328.6674  EKtot   =      9673.9658  EPtot      =    -47002.6333
 BOND   =       364.5042  ANGLE   =      1065.6298  DIHED      =      1323.0458
 1-4 NB =       460.9941  1-4 EEL =      6191.2071  VDWAALS    =      5344.0873
 EELEC  =    -61752.1016  EHBOND  =         0.0000  RESTRAINT  =         0.0000
 EKCMT  =         0.0000  VIRIAL  =         0.0000  VOLUME     =    156056.0553
                                                    Density    =         1.0207
 ------------------------------------------------------------------------------


 NSTEP =     1500   TIME(PS) =      23.000  TEMP(K) =   303.77  PRESS =     0.0
 Etot   =    -37411.5340  EKtot   =      9756.7041  EPtot      =    -47168.2381
 BOND   =       345.6392  ANGLE   =      1024.2107  DIHED      =      1350.2611
 1-4 NB =       452.4623  1-4 EEL =      6179.1018  VDWAALS    =      5281.9826
 EELEC  =    -61801.8959  EHBOND  =         0.0000  RESTRAINT  =         0.0000
 EKCMT  =         0.0000  VIRIAL  =         0.0000  VOLUME     =    156056.0553
                                                    Density    =         1.0207
 ------------------------------------------------------------------------------


 NSTEP =     1550   TIME(PS) =      23.100  TEMP(K) =   297.54  PRESS =     0.0
 Etot   =    -37602.4847  EKtot   =      9556.6318  EPtot      =    -47159.1166
 BOND   =       336.4010  ANGLE   =      1074.6542  DIHED      =      1335.7512
 1-4 NB =       435.4294  1-4 EEL =      6162.2205  VDWAALS    =      5286.4968
 EELEC  =    -61790.0697  EHBOND  =         0.0000  RESTRAINT  =         0.0000
 EKCMT  =         0.0000  VIRIAL  =         0.0000  VOLUME     =    156056.0553
                                                    Density    =         1.0207
 ------------------------------------------------------------------------------


 NSTEP =     1600   TIME(PS) =      23.200  TEMP(K) =   297.59  PRESS =     0.0
 Etot   =    -37527.4671  EKtot   =      9558.3643  EPtot      =    -47085.8314
 BOND   =       338.3679  ANGLE   =       983.9225  DIHED      =      1328.3384
 1-4 NB =       442.6849  1-4 EEL =      6178.9741  VDWAALS    =      5256.9584
 EELEC  =    -61615.0776  EHBOND  =         0.0000  RESTRAINT  =         0.0000
 EKCMT  =         0.0000  VIRIAL  =         0.0000  VOLUME     =    156056.0553
                                                    Density    =         1.0207
 ------------------------------------------------------------------------------


 NSTEP =     1650   TIME(PS) =      23.300  TEMP(K) =   296.20  PRESS =     0.0
 Etot   =    -37548.8597  EKtot   =      9513.6553  EPtot      =    -47062.5149
 BOND   =       343.1146  ANGLE   =      1049.9548  DIHED      =      1335.7002
 1-4 NB =       444.9359  1-4 EEL =      6127.9967  VDWAALS    =      5320.2982
 EELEC  =    -61684.5153  EHBOND  =         0.0000  RESTRAINT  =         0.0000
 EKCMT  =         0.0000  VIRIAL  =         0.0000  VOLUME     =    156056.0553
                                                    Density    =         1.0207
 ------------------------------------------------------------------------------


 NSTEP =     1700   TIME(PS) =      23.400  TEMP(K) =   298.42  PRESS =     0.0
 Etot   =    -37506.0014  EKtot   =      9585.0459  EPtot      =    -47091.0473
 BOND   =       338.3231  ANGLE   =      1054.7224  DIHED      =      1336.8338
 1-4 NB =       442.6383  1-4 EEL =      6185.2277  VDWAALS    =      5217.5752
 EELEC  =    -61666.3677  EHBOND  =         0.0000  RESTRAINT  =         0.0000
 EKCMT  =         0.0000  VIRIAL  =         0.0000  VOLUME     =    156056.0553
                                                    Density    =         1.0207
 ------------------------------------------------------------------------------


 NSTEP =     1750   TIME(PS) =      23.500  TEMP(K) =   300.68  PRESS =     0.0
 Etot   =    -37397.3823  EKtot   =      9657.3887  EPtot      =    -47054.7709
 BOND   =       343.2233  ANGLE   =      1045.0342  DIHED      =      1337.8271
 1-4 NB =       446.2605  1-4 EEL =      6164.2882  VDWAALS    =      5222.0675
 EELEC  =    -61613.4718  EHBOND  =         0.0000  RESTRAINT  =         0.0000
 EKCMT  =         0.0000  VIRIAL  =         0.0000  VOLUME     =    156056.0553
                                                    Density    =         1.0207
 ------------------------------------------------------------------------------


 NSTEP =     1800   TIME(PS) =      23.600  TEMP(K) =   303.87  PRESS =     0.0
 Etot   =    -37188.5589  EKtot   =      9759.8711  EPtot      =    -46948.4300
 BOND   =       352.2134  ANGLE   =      1078.0405  DIHED      =      1348.8923
 1-4 NB =       432.4476  1-4 EEL =      6186.4768  VDWAALS    =      5361.0809
 EELEC  =    -61707.5815  EHBOND  =         0.0000  RESTRAINT  =         0.0000
 EKCMT  =         0.0000  VIRIAL  =         0.0000  VOLUME     =    155881.7314
                                                    Density    =         1.0219
 ------------------------------------------------------------------------------


 NSTEP =     1850   TIME(PS) =      23.700  TEMP(K) =   298.37  PRESS =     0.0
 Etot   =    -37429.0451  EKtot   =      9583.2412  EPtot      =    -47012.2863
 BOND   =       343.9142  ANGLE   =      1068.0720  DIHED      =      1341.6482
 1-4 NB =       476.7720  1-4 EEL =      6194.2644  VDWAALS    =      5327.1555
 EELEC  =    -61764.1125  EHBOND  =         0.0000  RESTRAINT  =         0.0000
 EKCMT  =         0.0000  VIRIAL  =         0.0000  VOLUME     =    155881.7314
                                                    Density    =         1.0219
 ------------------------------------------------------------------------------


 NSTEP =     1900   TIME(PS) =      23.800  TEMP(K) =   298.37  PRESS =     0.0
 Etot   =    -37465.9224  EKtot   =      9583.3184  EPtot      =    -47049.2407
 BOND   =       359.1431  ANGLE   =      1061.1017  DIHED      =      1335.3151
 1-4 NB =       455.3221  1-4 EEL =      6155.8294  VDWAALS    =      5342.8378
 EELEC  =    -61758.7899  EHBOND  =         0.0000  RESTRAINT  =         0.0000
 EKCMT  =         0.0000  VIRIAL  =         0.0000  VOLUME     =    155881.7314
                                                    Density    =         1.0219
 ------------------------------------------------------------------------------


 NSTEP =     1950   TIME(PS) =      23.900  TEMP(K) =   300.48  PRESS =     0.0
 Etot   =    -37396.2961  EKtot   =      9651.1836  EPtot      =    -47047.4797
 BOND   =       364.5267  ANGLE   =      1085.0168  DIHED      =      1336.8037
 1-4 NB =       430.5721  1-4 EEL =      6176.3576  VDWAALS    =      5500.9960
 EELEC  =    -61941.7526  EHBOND  =         0.0000  RESTRAINT  =         0.0000
 EKCMT  =         0.0000  VIRIAL  =         0.0000  VOLUME     =    155881.7314
                                                    Density    =         1.0219
 ------------------------------------------------------------------------------

| MC Barostat: Decreasing size of volume moves

 NSTEP =     2000   TIME(PS) =      24.000  TEMP(K) =   302.26  PRESS =     0.0
 Etot   =    -37329.5895  EKtot   =      9708.3418  EPtot      =    -47037.9313
 BOND   =       350.1469  ANGLE   =      1053.1225  DIHED      =      1350.8791
 1-4 NB =       453.6943  1-4 EEL =      6188.8646  VDWAALS    =      5305.1543
 EELEC  =    -61739.7929  EHBOND  =         0.0000  RESTRAINT  =         0.0000
 EKCMT  =         0.0000  VIRIAL  =         0.0000  VOLUME     =    155881.7314
                                                    Density    =         1.0219
 ------------------------------------------------------------------------------


 NSTEP =     2050   TIME(PS) =      24.100  TEMP(K) =   301.23  PRESS =     0.0
 Etot   =    -37415.6120  EKtot   =      9675.3027  EPtot      =    -47090.9147
 BOND   =       338.9626  ANGLE   =      1021.6696  DIHED      =      1329.3740
 1-4 NB =       467.7266  1-4 EEL =      6208.1732  VDWAALS    =      5296.8206
 EELEC  =    -61753.6412  EHBOND  =         0.0000  RESTRAINT  =         0.0000
 EKCMT  =         0.0000  VIRIAL  =         0.0000  VOLUME     =    155881.7314
                                                    Density    =         1.0219
 ------------------------------------------------------------------------------


 NSTEP =     2100   TIME(PS) =      24.200  TEMP(K) =   300.16  PRESS =     0.0
 Etot   =    -37505.6424  EKtot   =      9640.8154  EPtot      =    -47146.4578
 BOND   =       344.1234  ANGLE   =      1068.9235  DIHED      =      1355.4859
 1-4 NB =       447.6506  1-4 EEL =      6191.3262  VDWAALS    =      5096.3094
 EELEC  =    -61650.2768  EHBOND  =         0.0000  RESTRAINT  =         0.0000
 EKCMT  =         0.0000  VIRIAL  =         0.0000  VOLUME     =    155881.7314
                                                    Density    =         1.0219
 ------------------------------------------------------------------------------


 NSTEP =     2150   TIME(PS) =      24.300  TEMP(K) =   300.13  PRESS =     0.0
 Etot   =    -37374.1858  EKtot   =      9639.7939  EPtot      =    -47013.9798
 BOND   =       332.9450  ANGLE   =      1081.4597  DIHED      =      1343.1778
 1-4 NB =       448.0676  1-4 EEL =      6193.3870  VDWAALS    =      5373.8189
 EELEC  =    -61786.8357  EHBOND  =         0.0000  RESTRAINT  =         0.0000
 EKCMT  =         0.0000  VIRIAL  =         0.0000  VOLUME     =    155881.7314
                                                    Density    =         1.0219
 ------------------------------------------------------------------------------


 NSTEP =     2200   TIME(PS) =      24.400  TEMP(K) =   297.40  PRESS =     0.0
 Etot   =    -37383.8900  EKtot   =      9552.1689  EPtot      =    -46936.0590
 BOND   =       357.5919  ANGLE   =      1100.6945  DIHED      =      1336.8513
 1-4 NB =       448.9619  1-4 EEL =      6188.5717  VDWAALS    =      5405.3787
 EELEC  =    -61774.1089  EHBOND  =         0.0000  RESTRAINT  =         0.0000
 EKCMT  =         0.0000  VIRIAL  =         0.0000  VOLUME     =    155881.7314
                                                    Density    =         1.0219
 ------------------------------------------------------------------------------


 NSTEP =     2250   TIME(PS) =      24.500  TEMP(K) =   301.11  PRESS =     0.0
 Etot   =    -37511.1043  EKtot   =      9671.4980  EPtot      =    -47182.6024
 BOND   =       352.9885  ANGLE   =      1041.8015  DIHED      =      1334.1867
 1-4 NB =       442.3810  1-4 EEL =      6190.6056  VDWAALS    =      5372.0991
 EELEC  =    -61916.6648  EHBOND  =         0.0000  RESTRAINT  =         0.0000
 EKCMT  =         0.0000  VIRIAL  =         0.0000  VOLUME     =    155881.7314
                                                    Density    =         1.0219
 ------------------------------------------------------------------------------


 NSTEP =     2300   TIME(PS) =      24.600  TEMP(K) =   298.04  PRESS =     0.0
 Etot   =    -37477.2187  EKtot   =      9572.6523  EPtot      =    -47049.8711
 BOND   =       361.7981  ANGLE   =      1030.1919  DIHED      =      1340.6770
 1-4 NB =       441.6957  1-4 EEL =      6204.0222  VDWAALS    =      5358.3400
 EELEC  =    -61786.5961  EHBOND  =         0.0000  RESTRAINT  =         0.0000
 EKCMT  =         0.0000  VIRIAL  =         0.0000  VOLUME     =    156238.9516
                                                    Density    =         1.0196
 ------------------------------------------------------------------------------


 NSTEP =     2350   TIME(PS) =      24.700  TEMP(K) =   299.98  PRESS =     0.0
 Etot   =    -37447.2097  EKtot   =      9634.9248  EPtot      =    -47082.1345
 BOND   =       357.9282  ANGLE   =      1056.0515  DIHED      =      1310.5164
 1-4 NB =       440.0529  1-4 EEL =      6211.5249  VDWAALS    =      5459.2657
 EELEC  =    -61917.4740  EHBOND  =         0.0000  RESTRAINT  =         0.0000
 EKCMT  =         0.0000  VIRIAL  =         0.0000  VOLUME     =    156238.9516
                                                    Density    =         1.0196
 ------------------------------------------------------------------------------


 NSTEP =     2400   TIME(PS) =      24.800  TEMP(K) =   298.98  PRESS =     0.0
 Etot   =    -37434.8295  EKtot   =      9602.9688  EPtot      =    -47037.7982
 BOND   =       368.8697  ANGLE   =      1058.5553  DIHED      =      1329.0555
 1-4 NB =       446.5773  1-4 EEL =      6171.6841  VDWAALS    =      5384.2123
 EELEC  =    -61796.7524  EHBOND  =         0.0000  RESTRAINT  =         0.0000
 EKCMT  =         0.0000  VIRIAL  =         0.0000  VOLUME     =    156238.9516
                                                    Density    =         1.0196
 ------------------------------------------------------------------------------


 NSTEP =     2450   TIME(PS) =      24.900  TEMP(K) =   298.44  PRESS =     0.0
 Etot   =    -37442.4910  EKtot   =      9585.6699  EPtot      =    -47028.1610
 BOND   =       374.0502  ANGLE   =      1071.6933  DIHED      =      1325.4085
 1-4 NB =       446.9337  1-4 EEL =      6188.5576  VDWAALS    =      5301.6469
 EELEC  =    -61736.4511  EHBOND  =         0.0000  RESTRAINT  =         0.0000
 EKCMT  =         0.0000  VIRIAL  =         0.0000  VOLUME     =    156238.9516
                                                    Density    =         1.0196
 ------------------------------------------------------------------------------


 NSTEP =     2500   TIME(PS) =      25.000  TEMP(K) =   297.73  PRESS =     0.0
 Etot   =    -37453.6427  EKtot   =      9562.8066  EPtot      =    -47016.4493
 BOND   =       356.4212  ANGLE   =      1098.2610  DIHED      =      1360.9514
 1-4 NB =       444.0338  1-4 EEL =      6164.3514  VDWAALS    =      5342.5982
 EELEC  =    -61783.0664  EHBOND  =         0.0000  RESTRAINT  =         0.0000
 EKCMT  =         0.0000  VIRIAL  =         0.0000  VOLUME     =    156238.9516
                                                    Density    =         1.0196
 ------------------------------------------------------------------------------


 NSTEP =     2550   TIME(PS) =      25.100  TEMP(K) =   297.39  PRESS =     0.0
 Etot   =    -37617.9374  EKtot   =      9551.9990  EPtot      =    -47169.9364
 BOND   =       364.3192  ANGLE   =      1018.8739  DIHED      =      1339.5709
 1-4 NB =       443.0944  1-4 EEL =      6150.7398  VDWAALS    =      5243.0060
 EELEC  =    -61729.5406  EHBOND  =         0.0000  RESTRAINT  =         0.0000
 EKCMT  =         0.0000  VIRIAL  =         0.0000  VOLUME     =    156238.9516
                                                    Density    =         1.0196
 ------------------------------------------------------------------------------


 NSTEP =     2600   TIME(PS) =      25.200  TEMP(K) =   297.38  PRESS =     0.0
 Etot   =    -37596.4559  EKtot   =      9551.4912  EPtot      =    -47147.9471
 BOND   =       344.9032  ANGLE   =      1061.9044  DIHED      =      1330.3315
 1-4 NB =       451.5102  1-4 EEL =      6174.2623  VDWAALS    =      5358.6348
 EELEC  =    -61869.4935  EHBOND  =         0.0000  RESTRAINT  =         0.0000
 EKCMT  =         0.0000  VIRIAL  =         0.0000  VOLUME     =    156238.9516
                                                    Density    =         1.0196
 ------------------------------------------------------------------------------


 NSTEP =     2650   TIME(PS) =      25.300  TEMP(K) =   300.79  PRESS =     0.0
 Etot   =    -37567.1096  EKtot   =      9660.9150  EPtot      =    -47228.0247
 BOND   =       371.5929  ANGLE   =      1027.2532  DIHED      =      1324.6636
 1-4 NB =       431.8025  1-4 EEL =      6192.8328  VDWAALS    =      5290.0801
 EELEC  =    -61866.2499  EHBOND  =         0.0000  RESTRAINT  =         0.0000
 EKCMT  =         0.0000  VIRIAL  =         0.0000  VOLUME     =    156238.9516
                                                    Density    =         1.0196
 ------------------------------------------------------------------------------


 NSTEP =     2700   TIME(PS) =      25.400  TEMP(K) =   299.04  PRESS =     0.0
 Etot   =    -37561.3406  EKtot   =      9604.9385  EPtot      =    -47166.2791
 BOND   =       345.8353  ANGLE   =      1024.9784  DIHED      =      1356.1060
 1-4 NB =       442.0416  1-4 EEL =      6170.3154  VDWAALS    =      5352.7050
 EELEC  =    -61858.2607  EHBOND  =         0.0000  RESTRAINT  =         0.0000
 EKCMT  =         0.0000  VIRIAL  =         0.0000  VOLUME     =    156238.9516
                                                    Density    =         1.0196
 ------------------------------------------------------------------------------


 NSTEP =     2750   TIME(PS) =      25.500  TEMP(K) =   298.41  PRESS =     0.0
 Etot   =    -37413.9832  EKtot   =      9584.5635  EPtot      =    -46998.5467
 BOND   =       355.3218  ANGLE   =      1077.0597  DIHED      =      1339.8778
 1-4 NB =       427.7440  1-4 EEL =      6161.4648  VDWAALS    =      5261.5452
 EELEC  =    -61621.5599  EHBOND  =         0.0000  RESTRAINT  =         0.0000
 EKCMT  =         0.0000  VIRIAL  =         0.0000  VOLUME     =    156238.9516
                                                    Density    =         1.0196
 ------------------------------------------------------------------------------


 NSTEP =     2800   TIME(PS) =      25.600  TEMP(K) =   299.63  PRESS =     0.0
 Etot   =    -37460.6186  EKtot   =      9623.8662  EPtot      =    -47084.4848
 BOND   =       330.3327  ANGLE   =      1038.8164  DIHED      =      1339.5635
 1-4 NB =       462.0337  1-4 EEL =      6193.6506  VDWAALS    =      5413.6622
 EELEC  =    -61862.5439  EHBOND  =         0.0000  RESTRAINT  =         0.0000
 EKCMT  =         0.0000  VIRIAL  =         0.0000  VOLUME     =    156238.9516
                                                    Density    =         1.0196
 ------------------------------------------------------------------------------


 NSTEP =     2850   TIME(PS) =      25.700  TEMP(K) =   297.15  PRESS =     0.0
 Etot   =    -37580.8600  EKtot   =      9544.3145  EPtot      =    -47125.1744
 BOND   =       352.7271  ANGLE   =      1041.6109  DIHED      =      1335.9091
 1-4 NB =       454.4615  1-4 EEL =      6212.0851  VDWAALS    =      5496.7728
 EELEC  =    -62018.7410  EHBOND  =         0.0000  RESTRAINT  =         0.0000
 EKCMT  =         0.0000  VIRIAL  =         0.0000  VOLUME     =    156238.9516
                                                    Density    =         1.0196
 ------------------------------------------------------------------------------


 NSTEP =     2900   TIME(PS) =      25.800  TEMP(K) =   298.02  PRESS =     0.0
 Etot   =    -37755.5211  EKtot   =      9572.2510  EPtot      =    -47327.7721
 BOND   =       374.1412  ANGLE   =      1043.1099  DIHED      =      1357.0826
 1-4 NB =       435.3102  1-4 EEL =      6174.5037  VDWAALS    =      5307.6045
 EELEC  =    -62019.5243  EHBOND  =         0.0000  RESTRAINT  =         0.0000
 EKCMT  =         0.0000  VIRIAL  =         0.0000  VOLUME     =    156569.0519
                                                    Density    =         1.0174
 ------------------------------------------------------------------------------


 NSTEP =     2950   TIME(PS) =      25.900  TEMP(K) =   296.86  PRESS =     0.0
 Etot   =    -37633.2383  EKtot   =      9534.8555  EPtot      =    -47168.0937
 BOND   =       351.7683  ANGLE   =      1035.3907  DIHED      =      1332.3037
 1-4 NB =       439.7826  1-4 EEL =      6210.8941  VDWAALS    =      5325.5709
 EELEC  =    -61863.8042  EHBOND  =         0.0000  RESTRAINT  =         0.0000
 EKCMT  =         0.0000  VIRIAL  =         0.0000  VOLUME     =    156569.0519
                                                    Density    =         1.0174
 ------------------------------------------------------------------------------

| MC Barostat: Decreasing size of volume moves

 NSTEP =     3000   TIME(PS) =      26.000  TEMP(K) =   297.68  PRESS =     0.0
 Etot   =    -37606.2817  EKtot   =      9561.0996  EPtot      =    -47167.3813
 BOND   =       366.7284  ANGLE   =      1061.7195  DIHED      =      1345.6854
 1-4 NB =       427.8361  1-4 EEL =      6174.8052  VDWAALS    =      5290.0361
 EELEC  =    -61834.1921  EHBOND  =         0.0000  RESTRAINT  =         0.0000
 EKCMT  =         0.0000  VIRIAL  =         0.0000  VOLUME     =    156569.0519
                                                    Density    =         1.0174
 ------------------------------------------------------------------------------


 NSTEP =     3050   TIME(PS) =      26.100  TEMP(K) =   296.72  PRESS =     0.0
 Etot   =    -37599.9303  EKtot   =      9530.2764  EPtot      =    -47130.2067
 BOND   =       363.9926  ANGLE   =      1047.4707  DIHED      =      1339.4425
 1-4 NB =       459.0306  1-4 EEL =      6199.1633  VDWAALS    =      5354.0539
 EELEC  =    -61893.3603  EHBOND  =         0.0000  RESTRAINT  =         0.0000
 EKCMT  =         0.0000  VIRIAL  =         0.0000  VOLUME     =    156569.0519
                                                    Density    =         1.0174
 ------------------------------------------------------------------------------


 NSTEP =     3100   TIME(PS) =      26.200  TEMP(K) =   302.56  PRESS =     0.0
 Etot   =    -37502.7411  EKtot   =      9717.8955  EPtot      =    -47220.6366
 BOND   =       358.8158  ANGLE   =      1021.7727  DIHED      =      1318.4876
 1-4 NB =       439.8672  1-4 EEL =      6211.4137  VDWAALS    =      5438.1179
 EELEC  =    -62009.1115  EHBOND  =         0.0000  RESTRAINT  =         0.0000
 EKCMT  =         0.0000  VIRIAL  =         0.0000  VOLUME     =    156569.0519
                                                    Density    =         1.0174
 ------------------------------------------------------------------------------


 NSTEP =     3150   TIME(PS) =      26.300  TEMP(K) =   302.87  PRESS =     0.0
 Etot   =    -37394.2381  EKtot   =      9727.9648  EPtot      =    -47122.2029
 BOND   =       368.8688  ANGLE   =      1021.0008  DIHED      =      1327.2198
 1-4 NB =       434.6170  1-4 EEL =      6180.0234  VDWAALS    =      5445.8099
 EELEC  =    -61899.7427  EHBOND  =         0.0000  RESTRAINT  =         0.0000
 EKCMT  =         0.0000  VIRIAL  =         0.0000  VOLUME     =    156569.0519
                                                    Density    =         1.0174
 ------------------------------------------------------------------------------


 NSTEP =     3200   TIME(PS) =      26.400  TEMP(K) =   299.52  PRESS =     0.0
 Etot   =    -37459.2275  EKtot   =      9620.2510  EPtot      =    -47079.4784
 BOND   =       349.5707  ANGLE   =      1080.0560  DIHED      =      1350.9692
 1-4 NB =       430.3362  1-4 EEL =      6194.9375  VDWAALS    =      5380.4342
 EELEC  =    -61865.7822  EHBOND  =         0.0000  RESTRAINT  =         0.0000
 EKCMT  =         0.0000  VIRIAL  =         0.0000  VOLUME     =    156569.0519
                                                    Density    =         1.0174
 ------------------------------------------------------------------------------


 NSTEP =     3250   TIME(PS) =      26.500  TEMP(K) =   299.67  PRESS =     0.0
 Etot   =    -37443.5080  EKtot   =      9625.1523  EPtot      =    -47068.6603
 BOND   =       358.4728  ANGLE   =      1031.1719  DIHED      =      1344.1196
 1-4 NB =       437.6414  1-4 EEL =      6145.0593  VDWAALS    =      5363.1050
 EELEC  =    -61748.2303  EHBOND  =         0.0000  RESTRAINT  =         0.0000
 EKCMT  =         0.0000  VIRIAL  =         0.0000  VOLUME     =    156569.0519
                                                    Density    =         1.0174
 ------------------------------------------------------------------------------


 NSTEP =     3300   TIME(PS) =      26.600  TEMP(K) =   298.85  PRESS =     0.0
 Etot   =    -37498.6799  EKtot   =      9598.8799  EPtot      =    -47097.5598
 BOND   =       362.3557  ANGLE   =      1073.0599  DIHED      =      1317.2878
 1-4 NB =       438.7322  1-4 EEL =      6214.5966  VDWAALS    =      5347.5880
 EELEC  =    -61851.1800  EHBOND  =         0.0000  RESTRAINT  =         0.0000
 EKCMT  =         0.0000  VIRIAL  =         0.0000  VOLUME     =    156569.0519
                                                    Density    =         1.0174
 ------------------------------------------------------------------------------


 NSTEP =     3350   TIME(PS) =      26.700  TEMP(K) =   301.29  PRESS =     0.0
 Etot   =    -37458.2625  EKtot   =      9677.0918  EPtot      =    -47135.3543
 BOND   =       334.9002  ANGLE   =      1074.1030  DIHED      =      1317.1005
 1-4 NB =       454.7519  1-4 EEL =      6197.2061  VDWAALS    =      5253.9556
 EELEC  =    -61767.3717  EHBOND  =         0.0000  RESTRAINT  =         0.0000
 EKCMT  =         0.0000  VIRIAL  =         0.0000  VOLUME     =    156569.0519
                                                    Density    =         1.0174
 ------------------------------------------------------------------------------


 NSTEP =     3400   TIME(PS) =      26.800  TEMP(K) =   299.09  PRESS =     0.0
 Etot   =    -37453.5715  EKtot   =      9606.4766  EPtot      =    -47060.0480
 BOND   =       347.6969  ANGLE   =      1085.6003  DIHED      =      1331.9731
 1-4 NB =       450.5303  1-4 EEL =      6182.6468  VDWAALS    =      5449.9110
 EELEC  =    -61908.4063  EHBOND  =         0.0000  RESTRAINT  =         0.0000
 EKCMT  =         0.0000  VIRIAL  =         0.0000  VOLUME     =    156551.6626
                                                    Density    =         1.0175
 ------------------------------------------------------------------------------


 NSTEP =     3450   TIME(PS) =      26.900  TEMP(K) =   296.47  PRESS =     0.0
 Etot   =    -37490.2086  EKtot   =      9522.3662  EPtot      =    -47012.5749
 BOND   =       346.2236  ANGLE   =      1070.8595  DIHED      =      1337.6234
 1-4 NB =       457.4623  1-4 EEL =      6220.9684  VDWAALS    =      5350.8596
 EELEC  =    -61796.5717  EHBOND  =         0.0000  RESTRAINT  =         0.0000
 EKCMT  =         0.0000  VIRIAL  =         0.0000  VOLUME     =    156551.6626
                                                    Density    =         1.0175
 ------------------------------------------------------------------------------


 NSTEP =     3500   TIME(PS) =      27.000  TEMP(K) =   298.65  PRESS =     0.0
 Etot   =    -37434.4022  EKtot   =      9592.3887  EPtot      =    -47026.7909
 BOND   =       359.1260  ANGLE   =      1055.1546  DIHED      =      1330.7635
 1-4 NB =       444.2721  1-4 EEL =      6208.1067  VDWAALS    =      5162.5001
 EELEC  =    -61586.7138  EHBOND  =         0.0000  RESTRAINT  =         0.0000
 EKCMT  =         0.0000  VIRIAL  =         0.0000  VOLUME     =    156687.5574
                                                    Density    =         1.0166
 ------------------------------------------------------------------------------


 NSTEP =     3550   TIME(PS) =      27.100  TEMP(K) =   303.78  PRESS =     0.0
 Etot   =    -37327.1098  EKtot   =      9757.1553  EPtot      =    -47084.2651
 BOND   =       373.0214  ANGLE   =      1113.1173  DIHED      =      1329.3650
 1-4 NB =       443.9133  1-4 EEL =      6169.0970  VDWAALS    =      5407.0494
 EELEC  =    -61919.8285  EHBOND  =         0.0000  RESTRAINT  =         0.0000
 EKCMT  =         0.0000  VIRIAL  =         0.0000  VOLUME     =    156687.5574
                                                    Density    =         1.0166
 ------------------------------------------------------------------------------


 NSTEP =     3600   TIME(PS) =      27.200  TEMP(K) =   303.24  PRESS =     0.0
 Etot   =    -37330.6292  EKtot   =      9739.6064  EPtot      =    -47070.2357
 BOND   =       337.2365  ANGLE   =      1050.0433  DIHED      =      1352.4840
 1-4 NB =       443.5304  1-4 EEL =      6187.2667  VDWAALS    =      5330.6074
 EELEC  =    -61771.4039  EHBOND  =         0.0000  RESTRAINT  =         0.0000
 EKCMT  =         0.0000  VIRIAL  =         0.0000  VOLUME     =    156687.5574
                                                    Density    =         1.0166
 ------------------------------------------------------------------------------


 NSTEP =     3650   TIME(PS) =      27.300  TEMP(K) =   301.01  PRESS =     0.0
 Etot   =    -37277.7687  EKtot   =      9668.1387  EPtot      =    -46945.9074
 BOND   =       363.8152  ANGLE   =      1049.2715  DIHED      =      1349.0099
 1-4 NB =       432.6568  1-4 EEL =      6170.0191  VDWAALS    =      5306.4242
 EELEC  =    -61617.1041  EHBOND  =         0.0000  RESTRAINT  =         0.0000
 EKCMT  =         0.0000  VIRIAL  =         0.0000  VOLUME     =    156687.5574
                                                    Density    =         1.0166
 ------------------------------------------------------------------------------


 NSTEP =     3700   TIME(PS) =      27.400  TEMP(K) =   299.79  PRESS =     0.0
 Etot   =    -37299.7050  EKtot   =      9629.0996  EPtot      =    -46928.8046
 BOND   =       339.8000  ANGLE   =      1059.0398  DIHED      =      1333.0558
 1-4 NB =       455.1239  1-4 EEL =      6238.9528  VDWAALS    =      5152.1848
 EELEC  =    -61506.9616  EHBOND  =         0.0000  RESTRAINT  =         0.0000
 EKCMT  =         0.0000  VIRIAL  =         0.0000  VOLUME     =    156687.5574
                                                    Density    =         1.0166
 ------------------------------------------------------------------------------


 NSTEP =     3750   TIME(PS) =      27.500  TEMP(K) =   305.54  PRESS =     0.0
 Etot   =    -37186.4667  EKtot   =      9813.7783  EPtot      =    -47000.2450
 BOND   =       369.8307  ANGLE   =      1078.0216  DIHED      =      1345.5663
 1-4 NB =       441.7078  1-4 EEL =      6184.2854  VDWAALS    =      5244.4244
 EELEC  =    -61664.0811  EHBOND  =         0.0000  RESTRAINT  =         0.0000
 EKCMT  =         0.0000  VIRIAL  =         0.0000  VOLUME     =    156687.5574
                                                    Density    =         1.0166
 ------------------------------------------------------------------------------


 NSTEP =     3800   TIME(PS) =      27.600  TEMP(K) =   300.95  PRESS =     0.0
 Etot   =    -37331.0201  EKtot   =      9666.2539  EPtot      =    -46997.2740
 BOND   =       339.7272  ANGLE   =      1062.6597  DIHED      =      1349.6380
 1-4 NB =       452.9629  1-4 EEL =      6220.2332  VDWAALS    =      5313.5151
 EELEC  =    -61736.0100  EHBOND  =         0.0000  RESTRAINT  =         0.0000
 EKCMT  =         0.0000  VIRIAL  =         0.0000  VOLUME     =    156394.3632
                                                    Density    =         1.0185
 ------------------------------------------------------------------------------


 NSTEP =     3850   TIME(PS) =      27.700  TEMP(K) =   300.82  PRESS =     0.0
 Etot   =    -37294.5723  EKtot   =      9661.9375  EPtot      =    -46956.5098
 BOND   =       368.0729  ANGLE   =      1067.2782  DIHED      =      1343.4429
 1-4 NB =       443.2067  1-4 EEL =      6176.9466  VDWAALS    =      5135.0693
 EELEC  =    -61490.5265  EHBOND  =         0.0000  RESTRAINT  =         0.0000
 EKCMT  =         0.0000  VIRIAL  =         0.0000  VOLUME     =    156394.3632
                                                    Density    =         1.0185
 ------------------------------------------------------------------------------


 NSTEP =     3900   TIME(PS) =      27.800  TEMP(K) =   298.88  PRESS =     0.0
 Etot   =    -37309.1833  EKtot   =      9599.6592  EPtot      =    -46908.8425
 BOND   =       335.8242  ANGLE   =      1077.7230  DIHED      =      1366.5068
 1-4 NB =       454.2766  1-4 EEL =      6210.3564  VDWAALS    =      5486.0554
 EELEC  =    -61839.5849  EHBOND  =         0.0000  RESTRAINT  =         0.0000
 EKCMT  =         0.0000  VIRIAL  =         0.0000  VOLUME     =    156394.3632
                                                    Density    =         1.0185
 ------------------------------------------------------------------------------


 NSTEP =     3950   TIME(PS) =      27.900  TEMP(K) =   305.86  PRESS =     0.0
 Etot   =    -37224.7401  EKtot   =      9823.8838  EPtot      =    -47048.6239
 BOND   =       370.0544  ANGLE   =      1075.3048  DIHED      =      1347.9742
 1-4 NB =       451.2765  1-4 EEL =      6205.8619  VDWAALS    =      5499.2799
 EELEC  =    -61998.3757  EHBOND  =         0.0000  RESTRAINT  =         0.0000
 EKCMT  =         0.0000  VIRIAL  =         0.0000  VOLUME     =    156394.3632
                                                    Density    =         1.0185
 ------------------------------------------------------------------------------


 NSTEP =     4000   TIME(PS) =      28.000  TEMP(K) =   304.04  PRESS =     0.0
 Etot   =    -37211.1041  EKtot   =      9765.4971  EPtot      =    -46976.6012
 BOND   =       343.7849  ANGLE   =      1070.1956  DIHED      =      1351.0001
 1-4 NB =       478.1588  1-4 EEL =      6252.9482  VDWAALS    =      5302.2859
 EELEC  =    -61774.9747  EHBOND  =         0.0000  RESTRAINT  =         0.0000
 EKCMT  =         0.0000  VIRIAL  =         0.0000  VOLUME     =    156394.3632
                                                    Density    =         1.0185
 ------------------------------------------------------------------------------


 NSTEP =     4050   TIME(PS) =      28.100  TEMP(K) =   297.69  PRESS =     0.0
 Etot   =    -37349.1096  EKtot   =      9561.5791  EPtot      =    -46910.6887
 BOND   =       360.6499  ANGLE   =      1072.6814  DIHED      =      1325.6697
 1-4 NB =       458.6265  1-4 EEL =      6178.5610  VDWAALS    =      5243.3510
 EELEC  =    -61550.2283  EHBOND  =         0.0000  RESTRAINT  =         0.0000
 EKCMT  =         0.0000  VIRIAL  =         0.0000  VOLUME     =    156394.3632
                                                    Density    =         1.0185
 ------------------------------------------------------------------------------


 NSTEP =     4100   TIME(PS) =      28.200  TEMP(K) =   302.68  PRESS =     0.0
 Etot   =    -37344.4904  EKtot   =      9721.9082  EPtot      =    -47066.3986
 BOND   =       335.1973  ANGLE   =      1051.8413  DIHED      =      1343.1197
 1-4 NB =       450.9955  1-4 EEL =      6195.1720  VDWAALS    =      5150.1776
 EELEC  =    -61592.9020  EHBOND  =         0.0000  RESTRAINT  =         0.0000
 EKCMT  =         0.0000  VIRIAL  =         0.0000  VOLUME     =    156394.3632
                                                    Density    =         1.0185
 ------------------------------------------------------------------------------


 NSTEP =     4150   TIME(PS) =      28.300  TEMP(K) =   300.52  PRESS =     0.0
 Etot   =    -37380.9365  EKtot   =      9652.2441  EPtot      =    -47033.1807
 BOND   =       348.9746  ANGLE   =      1055.6406  DIHED      =      1360.7234
 1-4 NB =       437.9242  1-4 EEL =      6178.0681  VDWAALS    =      5173.1376
 EELEC  =    -61587.6491  EHBOND  =         0.0000  RESTRAINT  =         0.0000
 EKCMT  =         0.0000  VIRIAL  =         0.0000  VOLUME     =    156394.3632
                                                    Density    =         1.0185
 ------------------------------------------------------------------------------


 NSTEP =     4200   TIME(PS) =      28.400  TEMP(K) =   296.73  PRESS =     0.0
 Etot   =    -37497.6622  EKtot   =      9530.6836  EPtot      =    -47028.3458
 BOND   =       350.5080  ANGLE   =      1065.5331  DIHED      =      1351.2274
 1-4 NB =       441.7797  1-4 EEL =      6164.3826  VDWAALS    =      5367.6658
 EELEC  =    -61769.4423  EHBOND  =         0.0000  RESTRAINT  =         0.0000
 EKCMT  =         0.0000  VIRIAL  =         0.0000  VOLUME     =    156200.6932
                                                    Density    =         1.0198
 ------------------------------------------------------------------------------


 NSTEP =     4250   TIME(PS) =      28.500  TEMP(K) =   301.72  PRESS =     0.0
 Etot   =    -37374.3359  EKtot   =      9691.0537  EPtot      =    -47065.3896
 BOND   =       335.2311  ANGLE   =      1049.1716  DIHED      =      1353.2749
 1-4 NB =       447.6440  1-4 EEL =      6157.7952  VDWAALS    =      5243.0713
 EELEC  =    -61651.5777  EHBOND  =         0.0000  RESTRAINT  =         0.0000
 EKCMT  =         0.0000  VIRIAL  =         0.0000  VOLUME     =    156200.6932
                                                    Density    =         1.0198
 ------------------------------------------------------------------------------


 NSTEP =     4300   TIME(PS) =      28.600  TEMP(K) =   297.93  PRESS =     0.0
 Etot   =    -37368.9413  EKtot   =      9569.0615  EPtot      =    -46938.0029
 BOND   =       353.7153  ANGLE   =      1046.9537  DIHED      =      1332.7557
 1-4 NB =       446.0279  1-4 EEL =      6191.3742  VDWAALS    =      5277.6875
 EELEC  =    -61586.5171  EHBOND  =         0.0000  RESTRAINT  =         0.0000
 EKCMT  =         0.0000  VIRIAL  =         0.0000  VOLUME     =    156200.6932
                                                    Density    =         1.0198
 ------------------------------------------------------------------------------


 NSTEP =     4350   TIME(PS) =      28.700  TEMP(K) =   298.89  PRESS =     0.0
 Etot   =    -37494.3058  EKtot   =      9600.1523  EPtot      =    -47094.4582
 BOND   =       316.4422  ANGLE   =      1048.2924  DIHED      =      1311.3224
 1-4 NB =       458.2760  1-4 EEL =      6200.5564  VDWAALS    =      5427.4572
 EELEC  =    -61856.8047  EHBOND  =         0.0000  RESTRAINT  =         0.0000
 EKCMT  =         0.0000  VIRIAL  =         0.0000  VOLUME     =    156200.6932
                                                    Density    =         1.0198
 ------------------------------------------------------------------------------


 NSTEP =     4400   TIME(PS) =      28.800  TEMP(K) =   300.17  PRESS =     0.0
 Etot   =    -37327.4643  EKtot   =      9641.0771  EPtot      =    -46968.5414
 BOND   =       352.2465  ANGLE   =      1069.2411  DIHED      =      1336.2063
 1-4 NB =       454.8913  1-4 EEL =      6169.4824  VDWAALS    =      5379.5658
 EELEC  =    -61730.1748  EHBOND  =         0.0000  RESTRAINT  =         0.0000
 EKCMT  =         0.0000  VIRIAL  =         0.0000  VOLUME     =    156200.6932
                                                    Density    =         1.0198
 ------------------------------------------------------------------------------


 NSTEP =     4450   TIME(PS) =      28.900  TEMP(K) =   296.86  PRESS =     0.0
 Etot   =    -37458.8306  EKtot   =      9534.7012  EPtot      =    -46993.5317
 BOND   =       331.4312  ANGLE   =      1060.8694  DIHED      =      1343.9181
 1-4 NB =       452.9295  1-4 EEL =      6227.1591  VDWAALS    =      5045.6531
 EELEC  =    -61455.4921  EHBOND  =         0.0000  RESTRAINT  =         0.0000
 EKCMT  =         0.0000  VIRIAL  =         0.0000  VOLUME     =    156200.6932
                                                    Density    =         1.0198
 ------------------------------------------------------------------------------


 NSTEP =     4500   TIME(PS) =      29.000  TEMP(K) =   298.68  PRESS =     0.0
 Etot   =    -37290.9533  EKtot   =      9593.4395  EPtot      =    -46884.3928
 BOND   =       348.7679  ANGLE   =      1056.6822  DIHED      =      1369.4701
 1-4 NB =       453.0034  1-4 EEL =      6176.7899  VDWAALS    =      5286.3841
 EELEC  =    -61575.4904  EHBOND  =         0.0000  RESTRAINT  =         0.0000
 EKCMT  =         0.0000  VIRIAL  =         0.0000  VOLUME     =    155726.8655
                                                    Density    =         1.0229
 ------------------------------------------------------------------------------


 NSTEP =     4550   TIME(PS) =      29.100  TEMP(K) =   303.14  PRESS =     0.0
 Etot   =    -37305.7799  EKtot   =      9736.3965  EPtot      =    -47042.1764
 BOND   =       365.4371  ANGLE   =      1017.7706  DIHED      =      1352.2326
 1-4 NB =       438.9234  1-4 EEL =      6185.6238  VDWAALS    =      5393.3956
 EELEC  =    -61795.5594  EHBOND  =         0.0000  RESTRAINT  =         0.0000
 EKCMT  =         0.0000  VIRIAL  =         0.0000  VOLUME     =    155726.8655
                                                    Density    =         1.0229
 ------------------------------------------------------------------------------


 NSTEP =     4600   TIME(PS) =      29.200  TEMP(K) =   300.36  PRESS =     0.0
 Etot   =    -37283.3598  EKtot   =      9647.2500  EPtot      =    -46930.6098
 BOND   =       339.4303  ANGLE   =      1053.8955  DIHED      =      1345.4512
 1-4 NB =       455.0124  1-4 EEL =      6204.4841  VDWAALS    =      5381.1186
 EELEC  =    -61710.0020  EHBOND  =         0.0000  RESTRAINT  =         0.0000
 EKCMT  =         0.0000  VIRIAL  =         0.0000  VOLUME     =    155726.8655
                                                    Density    =         1.0229
 ------------------------------------------------------------------------------


 NSTEP =     4650   TIME(PS) =      29.300  TEMP(K) =   301.34  PRESS =     0.0
 Etot   =    -37270.3543  EKtot   =      9678.5967  EPtot      =    -46948.9510
 BOND   =       338.5877  ANGLE   =      1032.5045  DIHED      =      1340.9853
 1-4 NB =       445.6537  1-4 EEL =      6190.8887  VDWAALS    =      5283.8174
 EELEC  =    -61581.3882  EHBOND  =         0.0000  RESTRAINT  =         0.0000
 EKCMT  =         0.0000  VIRIAL  =         0.0000  VOLUME     =    155726.8655
                                                    Density    =         1.0229
 ------------------------------------------------------------------------------


 NSTEP =     4700   TIME(PS) =      29.400  TEMP(K) =   303.57  PRESS =     0.0
 Etot   =    -37250.6733  EKtot   =      9750.2510  EPtot      =    -47000.9243
 BOND   =       350.1118  ANGLE   =      1058.2103  DIHED      =      1330.2541
 1-4 NB =       455.3489  1-4 EEL =      6196.2731  VDWAALS    =      5362.0687
 EELEC  =    -61753.1912  EHBOND  =         0.0000  RESTRAINT  =         0.0000
 EKCMT  =         0.0000  VIRIAL  =         0.0000  VOLUME     =    155726.8655
                                                    Density    =         1.0229
 ------------------------------------------------------------------------------


 NSTEP =     4750   TIME(PS) =      29.500  TEMP(K) =   303.34  PRESS =     0.0
 Etot   =    -37269.2754  EKtot   =      9742.8174  EPtot      =    -47012.0928
 BOND   =       323.6877  ANGLE   =      1037.5877  DIHED      =      1350.9606
 1-4 NB =       454.1261  1-4 EEL =      6197.7390  VDWAALS    =      5344.5330
 EELEC  =    -61720.7269  EHBOND  =         0.0000  RESTRAINT  =         0.0000
 EKCMT  =         0.0000  VIRIAL  =         0.0000  VOLUME     =    155726.8655
                                                    Density    =         1.0229
 ------------------------------------------------------------------------------


 NSTEP =     4800   TIME(PS) =      29.600  TEMP(K) =   300.83  PRESS =     0.0
 Etot   =    -37317.0001  EKtot   =      9662.2734  EPtot      =    -46979.2736
 BOND   =       333.5179  ANGLE   =      1050.8069  DIHED      =      1318.5779
 1-4 NB =       455.9832  1-4 EEL =      6177.9627  VDWAALS    =      5290.1038
 EELEC  =    -61606.2259  EHBOND  =         0.0000  RESTRAINT  =         0.0000
 EKCMT  =         0.0000  VIRIAL  =         0.0000  VOLUME     =    155726.8655
                                                    Density    =         1.0229
 ------------------------------------------------------------------------------


 NSTEP =     4850   TIME(PS) =      29.700  TEMP(K) =   302.27  PRESS =     0.0
 Etot   =    -37326.8323  EKtot   =      9708.6885  EPtot      =    -47035.5208
 BOND   =       324.5853  ANGLE   =      1057.4098  DIHED      =      1314.9525
 1-4 NB =       453.3947  1-4 EEL =      6193.2815  VDWAALS    =      5312.1263
 EELEC  =    -61691.2709  EHBOND  =         0.0000  RESTRAINT  =         0.0000
 EKCMT  =         0.0000  VIRIAL  =         0.0000  VOLUME     =    155726.8655
                                                    Density    =         1.0229
 ------------------------------------------------------------------------------


 NSTEP =     4900   TIME(PS) =      29.800  TEMP(K) =   303.04  PRESS =     0.0
 Etot   =    -37288.0541  EKtot   =      9733.1943  EPtot      =    -47021.2485
 BOND   =       341.7077  ANGLE   =      1066.6821  DIHED      =      1373.4417
 1-4 NB =       442.0820  1-4 EEL =      6161.1440  VDWAALS    =      5262.0075
 EELEC  =    -61668.3135  EHBOND  =         0.0000  RESTRAINT  =         0.0000
 EKCMT  =         0.0000  VIRIAL  =         0.0000  VOLUME     =    155726.8655
                                                    Density    =         1.0229
 ------------------------------------------------------------------------------


 NSTEP =     4950   TIME(PS) =      29.900  TEMP(K) =   301.08  PRESS =     0.0
 Etot   =    -37333.0214  EKtot   =      9670.3613  EPtot      =    -47003.3828
 BOND   =       341.5725  ANGLE   =      1108.4832  DIHED      =      1356.4321
 1-4 NB =       441.6439  1-4 EEL =      6201.0868  VDWAALS    =      5406.1002
 EELEC  =    -61858.7016  EHBOND  =         0.0000  RESTRAINT  =         0.0000
 EKCMT  =         0.0000  VIRIAL  =         0.0000  VOLUME     =    155726.8655
                                                    Density    =         1.0229
 ------------------------------------------------------------------------------

| MC Barostat: Decreasing size of volume moves

 NSTEP =     5000   TIME(PS) =      30.000  TEMP(K) =   296.92  PRESS =     0.0
 Etot   =    -37466.5221  EKtot   =      9536.6436  EPtot      =    -47003.1656
 BOND   =       327.3568  ANGLE   =      1071.6028  DIHED      =      1366.6218
 1-4 NB =       441.9001  1-4 EEL =      6182.6232  VDWAALS    =      5203.7024
 EELEC  =    -61596.9727  EHBOND  =         0.0000  RESTRAINT  =         0.0000
 EKCMT  =         0.0000  VIRIAL  =         0.0000  VOLUME     =    155726.8655
                                                    Density    =         1.0229
 ------------------------------------------------------------------------------


      A V E R A G E S   O V E R     100 S T E P S


 NSTEP =     5000   TIME(PS) =      30.000  TEMP(K) =   300.16  PRESS =     0.0
 Etot   =    -37415.7220  EKtot   =      9640.9549  EPtot      =    -47056.6769
 BOND   =       352.0472  ANGLE   =      1060.8718  DIHED      =      1340.3354
 1-4 NB =       446.9299  1-4 EEL =      6185.2834  VDWAALS    =      5345.6315
 EELEC  =    -61787.7762  EHBOND  =         0.0000  RESTRAINT  =         0.0000
 EKCMT  =         0.0000  VIRIAL  =         0.0000  VOLUME     =    156175.2172
                                                    Density    =         1.0200
 ------------------------------------------------------------------------------


      R M S  F L U C T U A T I O N S


 NSTEP =     5000   TIME(PS) =      30.000  TEMP(K) =     2.28  PRESS =     0.0
 Etot   =       108.5545  EKtot   =        73.3773  EPtot      =        80.6192
 BOND   =        14.0568  ANGLE   =        23.2165  DIHED      =        12.7620
 1-4 NB =         9.4312  1-4 EEL =        21.2594  VDWAALS    =       105.7500
 EELEC  =       139.6650  EHBOND  =         0.0000  RESTRAINT  =         0.0000
 EKCMT  =         0.0000  VIRIAL  =         0.0000  VOLUME     =       270.7784
                                                    Density    =         0.0018
 ------------------------------------------------------------------------------

| MC Barostat:         50 volume changes attempted.
| MC Barostat:         11 changes successful ( 22.00%)
 ------------------------------------------------------------------------------

--------------------------------------------------------------------------------
   5.  TIMINGS
--------------------------------------------------------------------------------

|  NonSetup CPU Time in Major Routines:
|
|     Routine           Sec        %
|     ------------------------------
|     Nonbond           0.53   20.95
|     Bond              0.00    0.00
|     Angle             0.00    0.00
|     Dihedral          0.00    0.00
|     Shake             0.03    1.11
|     RunMD             1.93   76.40
|     Other             0.04    1.53
|     ------------------------------
|     Total             2.53

|  PME Nonbond Pairlist CPU Time:
|
|     Routine              Sec        %
|     ---------------------------------
|     Set Up Cit           0.00    0.00
|     Build List           0.00    0.00
|     ---------------------------------
|     Total                0.00    0.00

|  PME Direct Force CPU Time:
|
|     Routine              Sec        %
|     ---------------------------------
|     NonBonded Calc       0.00    0.00
|     Exclude Masked       0.00    0.00
|     Other                0.00    0.11
|     ---------------------------------
|     Total                0.00    0.11

|  PME Reciprocal Force CPU Time:
|
|     Routine              Sec        %
|     ---------------------------------
|     1D bspline           0.00    0.00
|     Grid Charges         0.00    0.00
|     Scalar Sum           0.00    0.00
|     Gradient Sum         0.00    0.00
|     FFT                  0.00    0.00
|     ---------------------------------
|     Total                0.00    0.00

|  Final Performance Info:
|     -----------------------------------------------------
|     Average timings for last    4950 steps:
|     Elapsed(s) =       2.51 Per Step(ms) =       0.51
|         ns/day =     341.08   seconds/ns =     253.32
|
|     Average timings for all steps:
|     Elapsed(s) =       2.53 Per Step(ms) =       0.51
|         ns/day =     341.98   seconds/ns =     252.65
|     -----------------------------------------------------

|  Setup CPU time:            0.40 seconds
|  NonSetup CPU time:         2.53 seconds
|  Total CPU time:            2.93 seconds     0.00 hours

|  Setup wall time:           0    seconds
|  NonSetup wall time:        3    seconds
|  Total wall time:           3    seconds     0.00 hours
