
          -------------------------------------------------------
          Amber 18 PMEMD                              2018
          -------------------------------------------------------

| PMEMD implementation of SANDER, Release 18

| Run on 02/22/2021 at 13:08:29

|   Executable path: pmemd.cuda_DPFP
| Working directory: /home/almacen/pbarletta/reobp/run/apo/pre
|          Hostname: Unknown
  [-O]verwriting output

File Assignments:
|   MDIN: step3.in                                                              
|  MDOUT: step3.out                                                             
| INPCRD: step2.rst7                                                            
|   PARM: ../../../top_files/apo.prmtop                                         
| RESTRT: step3.rst7                                                            
|   REFC: step2.rst7                                                            
|  MDVEL: mdvel                                                                 
|   MDEN: mden                                                                  
|  MDCRD: step3.nc                                                              
| MDINFO: step3.mdinfo                                                          
|  MDFRC: mdfrc                                                                 


 Here is the input file:

Minimization: step3.in                                                         
 &cntrl                                                                        
   imin = 1, ntmin = 1, maxcyc = 1000, ncyc = 200,                             
   ntwx = 500, ioutfm = 1, ntxo = 1, ntpr = 50, ntwr = 500,                    
   ntc = 1, ntf = 1, ntb = 1, cut = 8.0,                                       
   ntr = 1, restraintmask = ":1-119&!@H=|:120", restraint_wt = 2.0,            
 &end                                                                          


Note: ig = -1. Setting random seed to    23979 based on wallclock time in 
      microseconds.
| irandom = 1, using AMBER's internal random number generator (default).
 
|--------------------- INFORMATION ----------------------
| GPU (CUDA) Version of PMEMD in use: NVIDIA GPU IN USE.
|                    Version 18.0.0
| 
|                      03/25/2018
| 
| Implementation by:
|                    Ross C. Walker     (SDSC)
|                    Scott Le Grand     (nVIDIA)
| 
| Version 18 performance extensions by:
|                    David Cerutti     (Rutgers)
| 
| Precision model in use:
|      [DPFP] - Double Precision Forces, 64-bit Fixed point
|               Accumulation.
| 
|--------------------------------------------------------
 
|----------------- CITATION INFORMATION -----------------
|
|    When publishing work that utilized the CUDA version
|    of AMBER, please cite the following in addition to
|    the regular AMBER citations:
|
|  - Romelia Salomon-Ferrer; Andreas W. Goetz; Duncan
|    Poole; Scott Le Grand; Ross C. Walker "Routine
|    microsecond molecular dynamics simulations with
|    AMBER - Part II: Particle Mesh Ewald", J. Chem.
|    Theory Comput., 2013, 9 (9), pp3878-3888,
|    DOI: 10.1021/ct400314y.
|
|  - Andreas W. Goetz; Mark J. Williamson; Dong Xu;
|    Duncan Poole; Scott Le Grand; Ross C. Walker
|    "Routine microsecond molecular dynamics simulations
|    with AMBER - Part I: Generalized Born", J. Chem.
|    Theory Comput., 2012, 8 (5), pp1542-1555.
|
|--------------------------------------------------------
 
|------------------- GPU DEVICE INFO --------------------
|
|            CUDA_VISIBLE_DEVICES: not set
|   CUDA Capable Devices Detected:      1
|           CUDA Device ID in use:      0
|                CUDA Device Name: GeForce GTX 1080 Ti
|     CUDA Device Global Mem Size:  11178 MB
| CUDA Device Num Multiprocessors:     28
|           CUDA Device Core Freq:   1.72 GHz
|
|--------------------------------------------------------
 
 
| Conditional Compilation Defines Used:
| PUBFFT
| BINTRAJ
| CUDA
| EMIL

| Largest sphere to fit in unit cell has radius =    25.275

| New format PARM file being parsed.
| Version =    1.000 Date = 02/22/21 Time = 12:43:07

| Note: 1-4 EEL scale factors are being read from the topology file.

| Note: 1-4 VDW scale factors are being read from the topology file.
| Duplicated    0 dihedrals

| Duplicated    0 dihedrals

--------------------------------------------------------------------------------
   1.  RESOURCE   USE: 
--------------------------------------------------------------------------------

 getting new box info from bottom of inpcrd
 NATOM  =   15691 NTYPES =      17 NBONH =   14747 MBONA  =     953
 NTHETH =    2337 MTHETA =    1282 NPHIH =    4475 MPHIA  =    3254
 NHPARM =       0 NPARM  =       0 NNB   =   29243 NRES   =    4688
 NBONA  =     953 NTHETA =    1282 NPHIA =    3254 NUMBND =      42
 NUMANG =      92 NPTRA  =      39 NATYP =      28 NPHB   =       1
 IFBOX  =       2 NMXRS  =      24 IFCAP =       0 NEXTRA =       0
 NCOPY  =       0

| Coordinate Index Table dimensions:    12   12   12
| Direct force subcell size =     5.1593    5.1593    5.1593

     BOX TYPE: TRUNCATED OCTAHEDRON

--------------------------------------------------------------------------------
   2.  CONTROL  DATA  FOR  THE  RUN
--------------------------------------------------------------------------------

default_name                                                                    

General flags:
     imin    =       1, nmropt  =       0

Nature and format of input:
     ntx     =       1, irest   =       0, ntrx    =       1

Nature and format of output:
     ntxo    =       1, ntpr    =      50, ntrx    =       1, ntwr    =     500
     iwrap   =       0, ntwx    =     500, ntwv    =       0, ntwe    =       0
     ioutfm  =       1, ntwprt  =       0, idecomp =       0, rbornstat=      0

Potential function:
     ntf     =       1, ntb     =       1, igb     =       0, nsnb    =      25
     ipol    =       0, gbsa    =       0, iesp    =       0
     dielc   =   1.00000, cut     =   8.00000, intdiel =   1.00000

Frozen or restrained atoms:
     ibelly  =       0, ntr     =       1
     restraint_wt =   2.00000

Energy minimization:
     maxcyc  =    1000, ncyc    =     200, ntmin   =       1
     dx0     =   0.01000, drms    =   0.00010

| Intermolecular bonds treatment:
|     no_intermolecular_bonds =       1

| Energy averages sample interval:
|     ene_avg_sampling =       1

Ewald parameters:
     verbose =       0, ew_type =       0, nbflag  =       1, use_pme =       1
     vdwmeth =       1, eedmeth =       1, netfrc  =       0
     Box X =   61.911   Box Y =   61.911   Box Z =   61.911
     Alpha =  109.471   Beta  =  109.471   Gamma =  109.471
     NFFT1 =   64       NFFT2 =   64       NFFT3 =   64
     Cutoff=    8.000   Tol   =0.100E-04
     Ewald Coefficient =  0.34864
     Interpolation order =    4

    LOADING THE CONSTRAINED ATOMS AS GROUPS


   5.  REFERENCE ATOM COORDINATES

  default_name                                                                    
     Mask :1-119&!@H=|:120; matches   944 atoms

--------------------------------------------------------------------------------
   3.  ATOMIC COORDINATES AND VELOCITIES
--------------------------------------------------------------------------------

default_name                                                                    
 begin time read from input coords =    15.000 ps

 
 Number of triangulated 3-point waters found:     4568

     Sum of charges from parm topology file =  -0.00000006
     Forcing neutrality...

| Dynamic Memory, Types Used:
| Reals              531935
| Integers           603096

| Nonbonded Pairs Initial Allocation:     2620789

| GPU memory information (estimate):
| KB of GPU memory in use:         0
| KB of CPU memory in use:         0

--------------------------------------------------------------------------------
   4.  RESULTS
--------------------------------------------------------------------------------



   NSTEP       ENERGY          RMS            GMAX         NAME    NUMBER
      1      -4.5349E+04     1.4061E+01     1.1367E+02     N        1485

 BOND    =      307.0727  ANGLE   =     1026.6706  DIHED      =     1322.3878
 VDWAALS =     4977.2147  EEL     =   -59630.0805  HBOND      =        0.0000
 1-4 VDW =      458.6551  1-4 EEL =     6189.5566  RESTRAINT  =        0.0000


   NSTEP       ENERGY          RMS            GMAX         NAME    NUMBER
     50      -5.4206E+04     1.8900E+00     2.1454E+01     C        1483

 BOND    =     3050.1951  ANGLE   =      315.3810  DIHED      =     1195.9939
 VDWAALS =     4262.8357  EEL     =   -69646.0961  HBOND      =        0.0000
 1-4 VDW =      405.9707  1-4 EEL =     6201.5455  RESTRAINT  =        8.5528
 EAMBER  =   -54214.1741


   NSTEP       ENERGY          RMS            GMAX         NAME    NUMBER
    100      -5.5884E+04     1.1009E+00     1.1790E+01     OE2      1315

 BOND    =     3448.5892  ANGLE   =      299.3054  DIHED      =     1183.8955
 VDWAALS =     4566.8237  EEL     =   -72001.8202  HBOND      =        0.0000
 1-4 VDW =      398.8087  1-4 EEL =     6206.7022  RESTRAINT  =       13.2698
 EAMBER  =   -55897.6957


   NSTEP       ENERGY          RMS            GMAX         NAME    NUMBER
    150      -5.6746E+04     8.7396E-01     2.1260E+01     OE1       341

 BOND    =     3423.9844  ANGLE   =      295.9352  DIHED      =     1178.8788
 VDWAALS =     4932.3048  EEL     =   -73195.9547  HBOND      =        0.0000
 1-4 VDW =      395.1410  1-4 EEL =     6206.9886  RESTRAINT  =       16.6509
 EAMBER  =   -56762.7219


   NSTEP       ENERGY          RMS            GMAX         NAME    NUMBER
    200      -5.7312E+04     1.5255E+00     7.2336E+01     OE2       342

 BOND    =     3570.8647  ANGLE   =      295.7079  DIHED      =     1176.0022
 VDWAALS =     5285.6238  EEL     =   -74258.5372  HBOND      =        0.0000
 1-4 VDW =      392.8611  1-4 EEL =     6206.4948  RESTRAINT  =       19.4412
 EAMBER  =   -57330.9827


   NSTEP       ENERGY          RMS            GMAX         NAME    NUMBER
    250      -5.9151E+04     1.2105E+00     4.1331E+01     O        7763

 BOND    =     3972.4875  ANGLE   =      291.8726  DIHED      =     1169.2973
 VDWAALS =     7074.3546  EEL     =   -78286.0332  HBOND      =        0.0000
 1-4 VDW =      387.1394  1-4 EEL =     6204.7658  RESTRAINT  =       35.4004
 EAMBER  =   -59186.1160


   NSTEP       ENERGY          RMS            GMAX         NAME    NUMBER
    300      -5.9566E+04     8.3812E-01     3.5743E+01     C        1984

 BOND    =     4032.6911  ANGLE   =      292.9749  DIHED      =     1168.8106
 VDWAALS =     7366.8571  EEL     =   -79055.7897  HBOND      =        0.0000
 1-4 VDW =      386.9888  1-4 EEL =     6204.6335  RESTRAINT  =       37.1105
 EAMBER  =   -59602.8338


   NSTEP       ENERGY          RMS            GMAX         NAME    NUMBER
    350      -5.9823E+04     7.5276E-01     3.1069E+01     C        1984

 BOND    =     4078.0710  ANGLE   =      292.7545  DIHED      =     1168.7150
 VDWAALS =     7580.9756  EEL     =   -79574.2006  HBOND      =        0.0000
 1-4 VDW =      387.2355  1-4 EEL =     6204.5601  RESTRAINT  =       38.5178
 EAMBER  =   -59861.8891


   NSTEP       ENERGY          RMS            GMAX         NAME    NUMBER
    400      -6.0067E+04     7.4689E-01     3.4931E+01     C        1984

 BOND    =     4127.2313  ANGLE   =      291.8527  DIHED      =     1168.7344
 VDWAALS =     7800.1197  EEL     =   -80086.9732  HBOND      =        0.0000
 1-4 VDW =      387.6609  1-4 EEL =     6204.6492  RESTRAINT  =       39.9977
 EAMBER  =   -60106.7250


   NSTEP       ENERGY          RMS            GMAX         NAME    NUMBER
    450      -6.0276E+04     7.0576E-01     5.3602E+01     C        1984

 BOND    =     4161.0872  ANGLE   =      290.8857  DIHED      =     1168.8526
 VDWAALS =     8012.0774  EEL     =   -80543.4200  HBOND      =        0.0000
 1-4 VDW =      388.1564  1-4 EEL =     6205.3133  RESTRAINT  =       41.3793
 EAMBER  =   -60317.0474


   NSTEP       ENERGY          RMS            GMAX         NAME    NUMBER
    500      -6.0604E+04     6.0407E-01     1.7181E+01     O       14369

 BOND    =     4232.6704  ANGLE   =      289.5665  DIHED      =     1169.5647
 VDWAALS =     8376.4640  EEL     =   -81309.5314  HBOND      =        0.0000
 1-4 VDW =      388.3198  1-4 EEL =     6205.6770  RESTRAINT  =       43.6666
 EAMBER  =   -60647.2692


   NSTEP       ENERGY          RMS            GMAX         NAME    NUMBER
    550      -6.0811E+04     7.6276E-01     1.6726E+01     HB        522

 BOND    =     4287.8579  ANGLE   =      296.7812  DIHED      =     1170.5273
 VDWAALS =     8489.2395  EEL     =   -81694.6990  HBOND      =        0.0000
 1-4 VDW =      388.0203  1-4 EEL =     6206.4503  RESTRAINT  =       44.5231
 EAMBER  =   -60855.8225


   NSTEP       ENERGY          RMS            GMAX         NAME    NUMBER
    600      -6.0931E+04     5.4769E-01     1.8572E+01     CE1      1605

 BOND    =     4266.9172  ANGLE   =      288.9976  DIHED      =     1170.0189
 VDWAALS =     8566.4833  EEL     =   -81862.4692  HBOND      =        0.0000
 1-4 VDW =      388.1050  1-4 EEL =     6205.7127  RESTRAINT  =       44.9331
 EAMBER  =   -60976.2343


   NSTEP       ENERGY          RMS            GMAX         NAME    NUMBER
    650      -6.1026E+04     6.1937E-01     3.3488E+01     CE1      1605

 BOND    =     4310.3803  ANGLE   =      289.3125  DIHED      =     1169.9253
 VDWAALS =     8633.1920  EEL     =   -82069.2351  HBOND      =        0.0000
 1-4 VDW =      387.8750  1-4 EEL =     6206.7774  RESTRAINT  =       45.3026
 EAMBER  =   -61071.7727


   NSTEP       ENERGY          RMS            GMAX         NAME    NUMBER
    700      -6.1099E+04     5.1048E-01     2.7759E+01     CE1      1605

 BOND    =     4324.0812  ANGLE   =      289.1895  DIHED      =     1170.0561
 VDWAALS =     8687.6613  EEL     =   -82210.8557  HBOND      =        0.0000
 1-4 VDW =      388.1382  1-4 EEL =     6206.9372  RESTRAINT  =       45.5871
 EAMBER  =   -61144.7922


   NSTEP       ENERGY          RMS            GMAX         NAME    NUMBER
    750      -6.1166E+04     4.6414E-01     2.1532E+01     CE1      1605

 BOND    =     4328.9365  ANGLE   =      289.0956  DIHED      =     1170.1516
 VDWAALS =     8740.9176  EEL     =   -82336.1074  HBOND      =        0.0000
 1-4 VDW =      388.3130  1-4 EEL =     6207.1928  RESTRAINT  =       45.8448
 EAMBER  =   -61211.5004


   NSTEP       ENERGY          RMS            GMAX         NAME    NUMBER
    800      -6.1228E+04     4.3926E-01     1.9628E+01     CE1      1605

 BOND    =     4338.0586  ANGLE   =      288.9753  DIHED      =     1170.2329
 VDWAALS =     8791.1118  EEL     =   -82457.7312  HBOND      =        0.0000
 1-4 VDW =      388.4293  1-4 EEL =     6207.3335  RESTRAINT  =       46.0638
 EAMBER  =   -61273.5898


   NSTEP       ENERGY          RMS            GMAX         NAME    NUMBER
    850      -6.1287E+04     3.4211E-01     1.2830E+01     H1      14370

 BOND    =     4348.7787  ANGLE   =      288.0044  DIHED      =     1170.1244
 VDWAALS =     8841.7659  EEL     =   -82577.7808  HBOND      =        0.0000
 1-4 VDW =      388.6223  1-4 EEL =     6207.3515  RESTRAINT  =       46.2673
 EAMBER  =   -61333.1335


   NSTEP       ENERGY          RMS            GMAX         NAME    NUMBER
    900      -6.1341E+04     4.8065E-01     2.8787E+01     NE2      1607

 BOND    =     4366.2752  ANGLE   =      288.4975  DIHED      =     1170.1998
 VDWAALS =     8898.2436  EEL     =   -82706.8204  HBOND      =        0.0000
 1-4 VDW =      388.6997  1-4 EEL =     6207.6791  RESTRAINT  =       46.4668
 EAMBER  =   -61387.2255


   NSTEP       ENERGY          RMS            GMAX         NAME    NUMBER
    950      -6.1389E+04     3.8565E-01     1.7854E+01     CE1      1605

 BOND    =     4371.7943  ANGLE   =      288.1722  DIHED      =     1170.1690
 VDWAALS =     8939.5303  EEL     =   -82801.7501  HBOND      =        0.0000
 1-4 VDW =      388.7639  1-4 EEL =     6207.6806  RESTRAINT  =       46.6271
 EAMBER  =   -61435.6398


   NSTEP       ENERGY          RMS            GMAX         NAME    NUMBER
   1000      -6.1436E+04     3.1939E-01     1.0341E+01     CE1      1605

 BOND    =     4372.7779  ANGLE   =      287.9538  DIHED      =     1170.2145
 VDWAALS =     8983.9539  EEL     =   -82894.6862  HBOND      =        0.0000
 1-4 VDW =      388.8577  1-4 EEL =     6207.7331  RESTRAINT  =       46.7728
 EAMBER  =   -61483.1953


  Maximum number of minimization cycles reached.


                    FINAL RESULTS



   NSTEP       ENERGY          RMS            GMAX         NAME    NUMBER
   1000      -6.1436E+04     3.1939E-01     1.0341E+01     CE1      1605

 BOND    =     4372.7779  ANGLE   =      287.9538  DIHED      =     1170.2145
 VDWAALS =     8983.9539  EEL     =   -82894.6862  HBOND      =        0.0000
 1-4 VDW =      388.8577  1-4 EEL =     6207.7331  RESTRAINT  =       46.7728
 EAMBER  =   -61483.1953
--------------------------------------------------------------------------------
   5.  TIMINGS
--------------------------------------------------------------------------------

|  NonSetup CPU Time in Major Routines:
|
|     Routine           Sec        %
|     ------------------------------
|     Nonbond           4.40   81.36
|     Bond              0.00    0.00
|     Angle             0.00    0.00
|     Dihedral          0.00    0.00
|     Shake             0.00    0.00
|     Other             1.01   18.64
|     ------------------------------
|     Total             5.41

|  PME Nonbond Pairlist CPU Time:
|
|     Routine              Sec        %
|     ---------------------------------
|     Set Up Cit           0.00    0.00
|     Build List           0.00    0.00
|     ---------------------------------
|     Total                0.00    0.00

|  PME Direct Force CPU Time:
|
|     Routine              Sec        %
|     ---------------------------------
|     NonBonded Calc       0.00    0.00
|     Exclude Masked       0.00    0.00
|     Other                0.00    0.02
|     ---------------------------------
|     Total                0.00    0.02

|  PME Reciprocal Force CPU Time:
|
|     Routine              Sec        %
|     ---------------------------------
|     1D bspline           0.00    0.00
|     Grid Charges         0.00    0.00
|     Scalar Sum           0.00    0.00
|     Gradient Sum         0.00    0.00
|     FFT                  0.00    0.00
|     ---------------------------------
|     Total                0.00    0.00

|  Setup CPU time:            0.37 seconds
|  NonSetup CPU time:         5.41 seconds
|  Total CPU time:            5.78 seconds     0.00 hours

|  Setup wall time:           0    seconds
|  NonSetup wall time:        6    seconds
|  Total wall time:           6    seconds     0.00 hours
