            --------------------------------------------------------
                             AMBER SQM VERSION 17
 
                                     By
              Ross C. Walker, Michael F. Crowley, Scott Brozell,
                         Tim Giese, Andreas W. Goetz,
                        Tai-Sung Lee and David A. Case
 
            --------------------------------------------------------
 

--------------------------------------------------------------------------------
  QM CALCULATION INFO
--------------------------------------------------------------------------------

| QMMM: Citation for AMBER QMMM Run:
| QMMM: R.C. Walker, M.F. Crowley and D.A. Case, J. COMP. CHEM. 29:1019, 2008

QMMM: SINGLET STATE CALCULATION
QMMM: RHF CALCULATION, NO. OF DOUBLY OCCUPIED LEVELS = 30

| QMMM: *** Selected Hamiltonian *** 
| QMMM: AM1         

| QMMM: *** Parameter sets in use ***
| QMMM: C : M.J.S.DEWAR et al. JACS, 107, 3902, (1985)
| QMMM: N : M.J.S.DEWAR et al. JACS, 107, 3902, (1985)
| QMMM: H : M.J.S.DEWAR et al. JACS, 107, 3902, (1985)

| QMMM: *** SCF convergence criteria ***
| QMMM: Energy change                :  0.1D-09 kcal/mol
| QMMM: Error matrix |FP-PF|         :  0.1D+00 au
| QMMM: Density matrix change        :  0.5D-06
| QMMM: Maximum number of SCF cycles :     1000

| QMMM: *** Diagonalization Routine Information ***
| QMMM: Pseudo diagonalizations are allowed.
| QMMM: Auto diagonalization routine selection is in use.
| QMMM:
| QMMM: Timing diagonalization routines:
| QMMM:                              norbs =       59
| QMMM:    diag iterations used for timing =       15
| QMMM:
| QMMM:              Internal diag routine = 0.009752 seconds
| QMMM:                 Dspev diag routine = 0.011230 seconds
| QMMM:                Dspevd diag routine = 0.006793 seconds
| QMMM:                Dspevx diag routine = 0.030811 seconds
| QMMM:                 Dsyev diag routine = 0.010648 seconds
| QMMM:                Dsyevd diag routine = 0.008047 seconds
| QMMM:                Dsyevr diag routine = 0.009698 seconds
| QMMM:
| QMMM:                Pseudo diag routine = 0.002680 seconds
| QMMM:
| QMMM: Using dspevd routine (diag_routine=3).

  QMMM: QM Region Cartesian Coordinates (*=link atom) 
  QMMM: QM_NO.   MM_NO.  ATOM         X         Y         Z
  QMMM:     1        1      C       30.6270   27.6720   32.1000
  QMMM:     2        2      N       30.5090   32.1840   35.7570
  QMMM:     3        3      C       30.2300   29.6150   30.9390
  QMMM:     4        4      C       30.6840   28.9930   32.0470
  QMMM:     5        5      C       30.8130   29.8060   33.3460
  QMMM:     6        6      C       32.0310   29.8300   34.0700
  QMMM:     7        7      C       32.2080   28.5520   34.8220
  QMMM:     8        8      C       32.1150   28.6500   36.3870
  QMMM:     9        9      C       31.6150   29.8080   37.1420
  QMMM:    10       10      C       32.4810   27.3390   37.2810
  QMMM:    11       11      C       31.1110   30.9710   36.4680
  QMMM:    12       12      H       31.8110   26.5200   37.0180
  QMMM:    13       13      H       33.5110   27.0420   37.0860
  QMMM:    14       14      H       32.3660   27.5760   38.3390
  QMMM:    15       15      H       31.6270   29.7830   38.2320
  QMMM:    16       16      H       31.4540   27.8440   34.4780
  QMMM:    17       17      H       33.1800   28.1330   34.5620
  QMMM:    18       18      H       32.8670   29.9770   33.3860
  QMMM:    19       19      H       32.0350   30.6720   34.7630
  QMMM:    20       20      H       29.9570   30.3710   33.7150
  QMMM:    21       21      H       30.8000   29.2780   30.0730
  QMMM:    22       22      H       29.1760   29.3770   30.7940
  QMMM:    23       23      H       30.3460   30.6930   31.0530
  QMMM:    24       24      H       31.2140   27.2490   31.2850
  QMMM:    25       25      H       29.5900   27.3480   32.0060
  QMMM:    26       26      H       31.0290   27.3280   33.0530

--------------------------------------------------------------------------------
  RESULTS
--------------------------------------------------------------------------------

      iter         sqm energy              rms gradient
      ----    -------------------    -----------------------
xmin    10       31.2183 kcal/mol        2.9624 kcal/(mol*A)
xmin    20       25.4045 kcal/mol        0.9644 kcal/(mol*A)
xmin    30       23.7211 kcal/mol        0.3282 kcal/(mol*A)
xmin    40       23.2982 kcal/mol        0.1463 kcal/(mol*A)
xmin    50       23.1074 kcal/mol        0.2136 kcal/(mol*A)
xmin    60       22.9646 kcal/mol        0.1806 kcal/(mol*A)
xmin    70       22.7787 kcal/mol        0.1821 kcal/(mol*A)
xmin    80       22.6994 kcal/mol        0.2362 kcal/(mol*A)
xmin    90       22.5647 kcal/mol        0.1001 kcal/(mol*A)
xmin   100       22.4867 kcal/mol        0.1338 kcal/(mol*A)
xmin   110       22.4095 kcal/mol        0.1204 kcal/(mol*A)
xmin   120       22.3817 kcal/mol        0.0413 kcal/(mol*A)
xmin   130       22.3647 kcal/mol        0.0728 kcal/(mol*A)
xmin   140       22.3556 kcal/mol        0.0557 kcal/(mol*A)
xmin   150       22.3498 kcal/mol        0.0216 kcal/(mol*A)
xmin   160       22.3466 kcal/mol        0.0535 kcal/(mol*A)
xmin   170       22.3457 kcal/mol        0.0107 kcal/(mol*A)
xmin   180       22.3454 kcal/mol        0.0108 kcal/(mol*A)
xmin   190       22.3453 kcal/mol        0.0133 kcal/(mol*A)
xmin   200       22.3452 kcal/mol        0.0111 kcal/(mol*A)
xmin   210       22.3450 kcal/mol        0.0114 kcal/(mol*A)
xmin   220       22.3449 kcal/mol        0.0038 kcal/(mol*A)
xmin   230       22.3448 kcal/mol        0.0060 kcal/(mol*A)
xmin   240       22.3447 kcal/mol        0.0046 kcal/(mol*A)
xmin   250       22.3447 kcal/mol        0.0313 kcal/(mol*A)
xmin   260       22.3443 kcal/mol        0.0052 kcal/(mol*A)
xmin   270       22.3442 kcal/mol        0.0063 kcal/(mol*A)
xmin   280       22.3434 kcal/mol        0.0142 kcal/(mol*A)
xmin   290       22.3396 kcal/mol        0.0290 kcal/(mol*A)
xmin   300       22.3331 kcal/mol        0.0408 kcal/(mol*A)
xmin   310       22.3175 kcal/mol        0.0626 kcal/(mol*A)
xmin   320       22.3078 kcal/mol        0.0126 kcal/(mol*A)
xmin   330       22.3045 kcal/mol        0.0346 kcal/(mol*A)
xmin   340       22.3035 kcal/mol        0.0119 kcal/(mol*A)
xmin   350       22.3034 kcal/mol        0.0058 kcal/(mol*A)
xmin   360       22.3032 kcal/mol        0.0222 kcal/(mol*A)
xmin   370       22.3029 kcal/mol        0.0036 kcal/(mol*A)
xmin   380       22.3028 kcal/mol        0.0066 kcal/(mol*A)
xmin   390       22.3028 kcal/mol        0.0041 kcal/(mol*A)
xmin   400       22.3028 kcal/mol        0.0091 kcal/(mol*A)
xmin   410       22.3028 kcal/mol        0.0026 kcal/(mol*A)
xmin   420       22.3028 kcal/mol        0.0014 kcal/(mol*A)
  ... geometry converged !
 
 Final MO eigenvalues (eV):
 -38.8018  -37.2121  -35.9209  -32.5910  -29.2855  -28.3089  -27.5846  -23.6699
 -21.3171  -19.1000  -17.6731  -16.5662  -15.7058  -15.4414  -15.1838  -14.5779
 -14.4613  -14.2690  -13.7817  -13.2113  -13.1913  -13.1462  -13.0630  -12.6832
 -12.5559  -12.1708  -11.9940  -11.7769  -10.0448   -9.4037    0.0382    1.0623
   1.8170    2.5250    3.1055    3.3865    3.5440    3.7929    4.0005    4.0348
   4.0789    4.1616    4.2148    4.2992    4.3272    4.3689    4.4440    4.5709
   4.6100    4.7354    4.7596    4.8193    4.8833    5.0152    5.0811    5.2821
   5.6502    5.9118    6.7799

 Heat of formation   =         22.30276765 kcal/mol  (        0.96712058 eV)

 Total SCF energy    =     -39052.37749372 kcal/mol  (    -1693.43816373 eV)
 Electronic energy   =    -205320.68305017 kcal/mol  (    -8903.37292616 eV)
 Core-core repulsion =     166268.30555645 kcal/mol  (     7209.93476243 eV)
 
    Atomic Charges for Step       1 :
  Atom    Element       Mulliken Charge
     1      C                 -0.184
     2      N                 -0.051
     3      C                 -0.180
     4      C                 -0.108
     5      C                 -0.178
     6      C                 -0.121
     7      C                 -0.142
     8      C                 -0.033
     9      C                 -0.123
    10      C                 -0.195
    11      C                 -0.100
    12      H                  0.095
    13      H                  0.094
    14      H                  0.086
    15      H                  0.151
    16      H                  0.101
    17      H                  0.096
    18      H                  0.085
    19      H                  0.096
    20      H                  0.125
    21      H                  0.084
    22      H                  0.081
    23      H                  0.078
    24      H                  0.082
    25      H                  0.080
    26      H                  0.081
 Total Mulliken Charge =      -0.000
 
                  X        Y        Z     TOTAL  
  QM DIPOLE     0.494   -3.525   -0.243    3.568
 
 Final Structure

  QMMM: QM Region Cartesian Coordinates (*=link atom) 
  QMMM: QM_NO.   MM_NO.  ATOM         X         Y         Z
  QMMM:     1        1      C       32.2735   28.3425   31.4708
  QMMM:     2        2      N       31.5446   32.5549   36.8672
  QMMM:     3        3      C       29.9330   28.8460   30.7031
  QMMM:     4        4      C       30.8958   28.7591   31.8271
  QMMM:     5        5      C       30.5358   29.0397   33.0900
  QMMM:     6        6      C       31.4715   28.9736   34.2365
  QMMM:     7        7      C       30.7480   29.1357   35.5623
  QMMM:     8        8      C       31.6837   29.0326   36.7175
  QMMM:     9        9      C       32.1453   30.1008   37.3932
  QMMM:    10       10      C       32.0747   27.6566   37.1115
  QMMM:    11       11      C       31.8065   31.4426   37.0917
  QMMM:    12       12      H       31.1749   27.0977   37.4736
  QMMM:    13       13      H       32.4934   27.1094   36.2297
  QMMM:    14       14      H       32.8409   27.6581   37.9248
  QMMM:    15       15      H       32.8338   29.9843   38.2499
  QMMM:    16       16      H       30.2214   30.1281   35.5761
  QMMM:    17       17      H       29.9611   28.3391   35.6560
  QMMM:    18       18      H       32.0205   27.9920   34.2218
  QMMM:    19       19      H       32.2471   29.7816   34.1309
  QMMM:    20       20      H       29.5034   29.3471   33.3227
  QMMM:    21       21      H       30.2731   29.6175   29.9674
  QMMM:    22       22      H       29.8719   27.8625   30.1734
  QMMM:    23       23      H       28.9092   29.1222   31.0554
  QMMM:    24       24      H       33.0225   29.0512   31.9059
  QMMM:    25       25      H       32.4154   28.3137   30.3630
  QMMM:    26       26      H       32.4859   27.3224   31.8804

           --------- Calculation Completed ----------

