
          -------------------------------------------------------
          Amber 18 PMEMD                              2018
          -------------------------------------------------------

| PMEMD implementation of SANDER, Release 18

| Run on 02/22/2021 at 14:06:09

|   Executable path: pmemd.cuda
| Working directory: /home/almacen/pbarletta/reobp/run/eol/pre
|          Hostname: Unknown
  [-O]verwriting output

File Assignments:
|   MDIN: step6.in                                                              
|  MDOUT: step6.out                                                             
| INPCRD: step5.rst7                                                            
|   PARM: ../../../top_files/eol.prmtop                                         
| RESTRT: step6.rst7                                                            
|   REFC: step5.rst7                                                            
|  MDVEL: mdvel                                                                 
|   MDEN: mden                                                                  
|  MDCRD: step6.nc                                                              
| MDINFO: step6.mdinfo                                                          
|  MDFRC: mdfrc                                                                 


 Here is the input file:

MD: step6.in                                                                   
 &cntrl                                                                        
   imin = 0, nstlim = 5000, dt = 0.001,                                        
   ntx = 1, irest = 0, ig = -1,                                                
   ntwx = 500, ntwv = 0, ioutfm = 0, ntxo = 1, ntpr = 50, ntwr = 500,          
   iwrap = 0, nscm = 0,                                                        
   ntc = 2, ntf = 2, ntb = 2, cut = 8.0,                                       
   ntt = 3, gamma_ln = 5, temp0 = 300, tempi = 300,                            
   ntp = 1, barostat = 2, pres0 = 1.0,                                         
   ntr = 1, restraintmask = ":1-119&!@H=|:120", restraint_wt = 1.0,            
 &end                                                                          


Note: ig = -1. Setting random seed to   877841 based on wallclock time in 
      microseconds.
| irandom = 1, using AMBER's internal random number generator (default).
 
|--------------------- INFORMATION ----------------------
| GPU (CUDA) Version of PMEMD in use: NVIDIA GPU IN USE.
|                    Version 18.0.0
| 
|                      03/25/2018
| 
| Implementation by:
|                    Ross C. Walker     (SDSC)
|                    Scott Le Grand     (nVIDIA)
| 
| Version 18 performance extensions by:
|                    David Cerutti     (Rutgers)
| 
| Precision model in use:
|      [SPFP] - Single Precision Forces, 64-bit Fixed Point
|               Accumulation. (Default)
| 
|--------------------------------------------------------
 
|----------------- CITATION INFORMATION -----------------
|
|    When publishing work that utilized the CUDA version
|    of AMBER, please cite the following in addition to
|    the regular AMBER citations:
|
|  - Romelia Salomon-Ferrer; Andreas W. Goetz; Duncan
|    Poole; Scott Le Grand; Ross C. Walker "Routine
|    microsecond molecular dynamics simulations with
|    AMBER - Part II: Particle Mesh Ewald", J. Chem.
|    Theory Comput., 2013, 9 (9), pp3878-3888,
|    DOI: 10.1021/ct400314y.
|
|  - Andreas W. Goetz; Mark J. Williamson; Dong Xu;
|    Duncan Poole; Scott Le Grand; Ross C. Walker
|    "Routine microsecond molecular dynamics simulations
|    with AMBER - Part I: Generalized Born", J. Chem.
|    Theory Comput., 2012, 8 (5), pp1542-1555.
|
|  - Scott Le Grand; Andreas W. Goetz; Ross C. Walker
|    "SPFP: Speed without compromise - a mixed precision
|    model for GPU accelerated molecular dynamics
|    simulations.", Comp. Phys. Comm., 2013, 184
|    pp374-380, DOI: 10.1016/j.cpc.2012.09.022
|
|--------------------------------------------------------
 
|------------------- GPU DEVICE INFO --------------------
|
|            CUDA_VISIBLE_DEVICES: not set
|   CUDA Capable Devices Detected:      1
|           CUDA Device ID in use:      0
|                CUDA Device Name: GeForce GTX 1080 Ti
|     CUDA Device Global Mem Size:  11178 MB
| CUDA Device Num Multiprocessors:     28
|           CUDA Device Core Freq:   1.72 GHz
|
|--------------------------------------------------------
 
 
| Conditional Compilation Defines Used:
| PUBFFT
| BINTRAJ
| CUDA
| EMIL

| Largest sphere to fit in unit cell has radius =    26.907

| New format PARM file being parsed.
| Version =    1.000 Date = 02/22/21 Time = 12:43:47

| Note: 1-4 EEL scale factors are being read from the topology file.

| Note: 1-4 VDW scale factors are being read from the topology file.
| Duplicated    0 dihedrals

| Duplicated    0 dihedrals

--------------------------------------------------------------------------------
   1.  RESOURCE   USE: 
--------------------------------------------------------------------------------

 getting new box info from bottom of inpcrd
 NATOM  =   19204 NTYPES =      18 NBONH =   18248 MBONA  =     965
 NTHETH =    2360 MTHETA =    1297 NPHIH =    4513 MPHIA  =    3275
 NHPARM =       0 NPARM  =       0 NNB   =   34006 NRES   =    5852
 NBONA  =     965 NTHETA =    1297 NPHIA =    3275 NUMBND =      54
 NUMANG =     109 NPTRA  =      44 NATYP =      37 NPHB   =       1
 IFBOX  =       2 NMXRS  =      24 IFCAP =       0 NEXTRA =       0
 NCOPY  =       0

| Coordinate Index Table dimensions:    13   13   13
| Direct force subcell size =     5.0699    5.0699    5.0699

     BOX TYPE: TRUNCATED OCTAHEDRON

--------------------------------------------------------------------------------
   2.  CONTROL  DATA  FOR  THE  RUN
--------------------------------------------------------------------------------

default_name                                                                    

General flags:
     imin    =       0, nmropt  =       0

Nature and format of input:
     ntx     =       1, irest   =       0, ntrx    =       1

Nature and format of output:
     ntxo    =       1, ntpr    =      50, ntrx    =       1, ntwr    =     500
     iwrap   =       0, ntwx    =     500, ntwv    =       0, ntwe    =       0
     ioutfm  =       0, ntwprt  =       0, idecomp =       0, rbornstat=      0

Potential function:
     ntf     =       2, ntb     =       2, igb     =       0, nsnb    =      25
     ipol    =       0, gbsa    =       0, iesp    =       0
     dielc   =   1.00000, cut     =   8.00000, intdiel =   1.00000

Frozen or restrained atoms:
     ibelly  =       0, ntr     =       1
     restraint_wt =   1.00000

Molecular dynamics:
     nstlim  =      5000, nscm    =         0, nrespa  =         1
     t       =   0.00000, dt      =   0.00100, vlimit  =  -1.00000

Langevin dynamics temperature regulation:
     ig      =  877841
     temp0   = 300.00000, tempi   = 300.00000, gamma_ln=   5.00000

Pressure regulation:
     ntp     =       1
     pres0   =   1.00000, comp    =  44.60000, taup    =   1.00000
     Monte-Carlo Barostat:
     mcbarint  =     100

SHAKE:
     ntc     =       2, jfastw  =       0
     tol     =   0.00001

| Intermolecular bonds treatment:
|     no_intermolecular_bonds =       1

| Energy averages sample interval:
|     ene_avg_sampling =      50

Ewald parameters:
     verbose =       0, ew_type =       0, nbflag  =       1, use_pme =       1
     vdwmeth =       1, eedmeth =       1, netfrc  =       1
     Box X =   65.908   Box Y =   65.908   Box Z =   65.908
     Alpha =  109.471   Beta  =  109.471   Gamma =  109.471
     NFFT1 =   64       NFFT2 =   64       NFFT3 =   64
     Cutoff=    8.000   Tol   =0.100E-04
     Ewald Coefficient =  0.34864
     Interpolation order =    4

    LOADING THE CONSTRAINED ATOMS AS GROUPS


   5.  REFERENCE ATOM COORDINATES

  default_name                                                                    
     Mask :1-119&!@H=|:120; matches   967 atoms
| MONTE CARLO BAROSTAT IMPORTANT NOTE:
|   The Monte-Carlo barostat does not require the virial to adjust the system volume.
|   Since it is an expensive calculation, it is skipped for efficiency. A side-effect
|   is that the reported pressure is always 0 because it is not calculated.

--------------------------------------------------------------------------------
   3.  ATOMIC COORDINATES AND VELOCITIES
--------------------------------------------------------------------------------

default_name                                                                    
 begin time read from input coords =     0.000 ps

 
 Number of triangulated 3-point waters found:     5731

     Sum of charges from parm topology file =  -0.00000006
     Forcing neutrality...

| Dynamic Memory, Types Used:
| Reals              940938
| Integers           746108

| Nonbonded Pairs Initial Allocation:     3207548

| GPU memory information (estimate):
| KB of GPU memory in use:         0
| KB of CPU memory in use:         0

--------------------------------------------------------------------------------
   4.  RESULTS
--------------------------------------------------------------------------------


 NSTEP =        0   TIME(PS) =       0.000  TEMP(K) =   444.65  PRESS =     0.0
 Etot   =    -65427.8494  EKtot   =     17391.1699  EPtot      =    -82819.0193
 BOND   =        59.4330  ANGLE   =       289.4902  DIHED      =      1165.8545
 1-4 NB =       385.0396  1-4 EEL =      6260.7649  VDWAALS    =     12465.1617
 EELEC  =   -103444.7631  EHBOND  =         0.0000  RESTRAINT  =         0.0000
 EKCMT  =         0.0000  VIRIAL  =         0.0000  VOLUME     =    220392.2849
                                                    Density    =         0.8819
 ------------------------------------------------------------------------------


 NSTEP =       50   TIME(PS) =       0.050  TEMP(K) =   190.94  PRESS =     0.0
 Etot   =    -57310.3869  EKtot   =      7467.8638  EPtot      =    -64778.2507
 BOND   =       216.3700  ANGLE   =       738.3794  DIHED      =      1298.0621
 1-4 NB =       428.3789  1-4 EEL =      6281.3865  VDWAALS    =     12499.2874
 EELEC  =    -86263.2915  EHBOND  =         0.0000  RESTRAINT  =        23.1765
 EAMBER (non-restraint)  =    -64801.4271
 EKCMT  =         0.0000  VIRIAL  =         0.0000  VOLUME     =    220392.2849
                                                    Density    =         0.8819
 ------------------------------------------------------------------------------


 NSTEP =      100   TIME(PS) =       0.100  TEMP(K) =   207.67  PRESS =     0.0
 Etot   =    -55380.3585  EKtot   =      8122.2832  EPtot      =    -63502.6417
 BOND   =       252.1281  ANGLE   =       771.1615  DIHED      =      1284.2599
 1-4 NB =       430.5976  1-4 EEL =      6282.3520  VDWAALS    =     10078.5136
 EELEC  =    -82646.1814  EHBOND  =         0.0000  RESTRAINT  =        44.5270
 EAMBER (non-restraint)  =    -63547.1687
 EKCMT  =         0.0000  VIRIAL  =         0.0000  VOLUME     =    220392.2849
                                                    Density    =         0.8819
 ------------------------------------------------------------------------------


 NSTEP =      150   TIME(PS) =       0.150  TEMP(K) =   220.77  PRESS =     0.0
 Etot   =    -53692.8102  EKtot   =      8634.8691  EPtot      =    -62327.6794
 BOND   =       279.0282  ANGLE   =       827.9759  DIHED      =      1304.7601
 1-4 NB =       435.5215  1-4 EEL =      6270.0941  VDWAALS    =      9084.2127
 EELEC  =    -80584.7383  EHBOND  =         0.0000  RESTRAINT  =        55.4665
 EAMBER (non-restraint)  =    -62383.1458
 EKCMT  =         0.0000  VIRIAL  =         0.0000  VOLUME     =    220392.2849
                                                    Density    =         0.8819
 ------------------------------------------------------------------------------


 NSTEP =      200   TIME(PS) =       0.200  TEMP(K) =   238.09  PRESS =     0.0
 Etot   =    -52289.4453  EKtot   =      9311.9912  EPtot      =    -61601.4365
 BOND   =       273.8629  ANGLE   =       880.3591  DIHED      =      1309.2544
 1-4 NB =       450.9802  1-4 EEL =      6271.0612  VDWAALS    =      8586.1377
 EELEC  =    -79436.3311  EHBOND  =         0.0000  RESTRAINT  =        63.2392
 EAMBER (non-restraint)  =    -61664.6758
 EKCMT  =         0.0000  VIRIAL  =         0.0000  VOLUME     =    220392.2849
                                                    Density    =         0.8819
 ------------------------------------------------------------------------------


 NSTEP =      250   TIME(PS) =       0.250  TEMP(K) =   246.88  PRESS =     0.0
 Etot   =    -51085.1881  EKtot   =      9655.8936  EPtot      =    -60741.0817
 BOND   =       306.3585  ANGLE   =       924.0144  DIHED      =      1310.8235
 1-4 NB =       444.1342  1-4 EEL =      6259.8782  VDWAALS    =      8399.9127
 EELEC  =    -78453.5475  EHBOND  =         0.0000  RESTRAINT  =        67.3444
 EAMBER (non-restraint)  =    -60808.4260
 EKCMT  =         0.0000  VIRIAL  =         0.0000  VOLUME     =    220392.2849
                                                    Density    =         0.8819
 ------------------------------------------------------------------------------


 NSTEP =      300   TIME(PS) =       0.300  TEMP(K) =   257.88  PRESS =     0.0
 Etot   =    -50186.4215  EKtot   =     10086.3027  EPtot      =    -60272.7242
 BOND   =       338.3160  ANGLE   =       940.8155  DIHED      =      1313.9651
 1-4 NB =       435.2775  1-4 EEL =      6258.2992  VDWAALS    =      8503.5786
 EELEC  =    -78134.7831  EHBOND  =         0.0000  RESTRAINT  =        71.8070
 EAMBER (non-restraint)  =    -60344.5312
 EKCMT  =         0.0000  VIRIAL  =         0.0000  VOLUME     =    219339.7324
                                                    Density    =         0.8861
 ------------------------------------------------------------------------------


 NSTEP =      350   TIME(PS) =       0.350  TEMP(K) =   267.85  PRESS =     0.0
 Etot   =    -49567.4555  EKtot   =     10476.1270  EPtot      =    -60043.5824
 BOND   =       320.6071  ANGLE   =       932.3908  DIHED      =      1329.8137
 1-4 NB =       428.0160  1-4 EEL =      6241.2834  VDWAALS    =      8321.3636
 EELEC  =    -77693.2826  EHBOND  =         0.0000  RESTRAINT  =        76.2255
 EAMBER (non-restraint)  =    -60119.8080
 EKCMT  =         0.0000  VIRIAL  =         0.0000  VOLUME     =    219339.7324
                                                    Density    =         0.8861
 ------------------------------------------------------------------------------


 NSTEP =      400   TIME(PS) =       0.400  TEMP(K) =   270.23  PRESS =     0.0
 Etot   =    -48984.7300  EKtot   =     10569.1797  EPtot      =    -59553.9097
 BOND   =       285.2185  ANGLE   =       935.8704  DIHED      =      1322.6957
 1-4 NB =       466.8622  1-4 EEL =      6298.4287  VDWAALS    =      8693.7941
 EELEC  =    -77632.0902  EHBOND  =         0.0000  RESTRAINT  =        75.3109
 EAMBER (non-restraint)  =    -59629.2206
 EKCMT  =         0.0000  VIRIAL  =         0.0000  VOLUME     =    218421.1190
                                                    Density    =         0.8898
 ------------------------------------------------------------------------------


 NSTEP =      450   TIME(PS) =       0.450  TEMP(K) =   275.77  PRESS =     0.0
 Etot   =    -48546.6808  EKtot   =     10786.0195  EPtot      =    -59332.7003
 BOND   =       314.7578  ANGLE   =       988.9784  DIHED      =      1340.9184
 1-4 NB =       435.8535  1-4 EEL =      6264.0055  VDWAALS    =      8156.1225
 EELEC  =    -76907.9361  EHBOND  =         0.0000  RESTRAINT  =        74.5996
 EAMBER (non-restraint)  =    -59407.3000
 EKCMT  =         0.0000  VIRIAL  =         0.0000  VOLUME     =    218421.1190
                                                    Density    =         0.8898
 ------------------------------------------------------------------------------


 NSTEP =      500   TIME(PS) =       0.500  TEMP(K) =   281.35  PRESS =     0.0
 Etot   =    -48054.6536  EKtot   =     11004.1602  EPtot      =    -59058.8137
 BOND   =       332.0739  ANGLE   =       979.5794  DIHED      =      1332.5721
 1-4 NB =       446.4660  1-4 EEL =      6270.9119  VDWAALS    =      7912.7874
 EELEC  =    -76404.8829  EHBOND  =         0.0000  RESTRAINT  =        71.6783
 EAMBER (non-restraint)  =    -59130.4921
 EKCMT  =         0.0000  VIRIAL  =         0.0000  VOLUME     =    218421.1190
                                                    Density    =         0.8898
 ------------------------------------------------------------------------------


 NSTEP =      550   TIME(PS) =       0.550  TEMP(K) =   281.11  PRESS =     0.0
 Etot   =    -47804.4699  EKtot   =     10994.6748  EPtot      =    -58799.1447
 BOND   =       314.2899  ANGLE   =       971.2455  DIHED      =      1357.4061
 1-4 NB =       450.7261  1-4 EEL =      6261.9981  VDWAALS    =      7788.5308
 EELEC  =    -76014.4553  EHBOND  =         0.0000  RESTRAINT  =        71.1140
 EAMBER (non-restraint)  =    -58870.2587
 EKCMT  =         0.0000  VIRIAL  =         0.0000  VOLUME     =    218421.1190
                                                    Density    =         0.8898
 ------------------------------------------------------------------------------


 NSTEP =      600   TIME(PS) =       0.600  TEMP(K) =   284.89  PRESS =     0.0
 Etot   =    -47427.0488  EKtot   =     11142.7793  EPtot      =    -58569.8281
 BOND   =       334.7373  ANGLE   =       986.9399  DIHED      =      1331.5408
 1-4 NB =       461.1548  1-4 EEL =      6288.6141  VDWAALS    =      8182.6572
 EELEC  =    -76228.3346  EHBOND  =         0.0000  RESTRAINT  =        72.8625
 EAMBER (non-restraint)  =    -58642.6906
 EKCMT  =         0.0000  VIRIAL  =         0.0000  VOLUME     =    216845.0213
                                                    Density    =         0.8963
 ------------------------------------------------------------------------------


 NSTEP =      650   TIME(PS) =       0.650  TEMP(K) =   288.06  PRESS =     0.0
 Etot   =    -47257.4539  EKtot   =     11266.5312  EPtot      =    -58523.9851
 BOND   =       312.1249  ANGLE   =       972.3185  DIHED      =      1338.3990
 1-4 NB =       449.4340  1-4 EEL =      6230.4479  VDWAALS    =      7738.4100
 EELEC  =    -75637.3664  EHBOND  =         0.0000  RESTRAINT  =        72.2471
 EAMBER (non-restraint)  =    -58596.2322
 EKCMT  =         0.0000  VIRIAL  =         0.0000  VOLUME     =    216845.0213
                                                    Density    =         0.8963
 ------------------------------------------------------------------------------


 NSTEP =      700   TIME(PS) =       0.700  TEMP(K) =   289.39  PRESS =     0.0
 Etot   =    -46918.0507  EKtot   =     11318.7256  EPtot      =    -58236.7763
 BOND   =       344.5755  ANGLE   =      1001.7576  DIHED      =      1334.4185
 1-4 NB =       448.8919  1-4 EEL =      6247.0260  VDWAALS    =      7597.4344
 EELEC  =    -75287.6980  EHBOND  =         0.0000  RESTRAINT  =        76.8177
 EAMBER (non-restraint)  =    -58313.5940
 EKCMT  =         0.0000  VIRIAL  =         0.0000  VOLUME     =    216845.0213
                                                    Density    =         0.8963
 ------------------------------------------------------------------------------


 NSTEP =      750   TIME(PS) =       0.750  TEMP(K) =   291.55  PRESS =     0.0
 Etot   =    -46645.5059  EKtot   =     11402.9238  EPtot      =    -58048.4297
 BOND   =       332.3130  ANGLE   =      1012.5538  DIHED      =      1317.7829
 1-4 NB =       449.2638  1-4 EEL =      6243.8292  VDWAALS    =      7488.5285
 EELEC  =    -74971.1258  EHBOND  =         0.0000  RESTRAINT  =        78.4248
 EAMBER (non-restraint)  =    -58126.8545
 EKCMT  =         0.0000  VIRIAL  =         0.0000  VOLUME     =    216845.0213
                                                    Density    =         0.8963
 ------------------------------------------------------------------------------


 NSTEP =      800   TIME(PS) =       0.800  TEMP(K) =   293.95  PRESS =     0.0
 Etot   =    -46433.2774  EKtot   =     11496.9873  EPtot      =    -57930.2647
 BOND   =       321.5709  ANGLE   =       991.5488  DIHED      =      1351.5423
 1-4 NB =       444.6585  1-4 EEL =      6252.0725  VDWAALS    =      7395.3720
 EELEC  =    -74770.3310  EHBOND  =         0.0000  RESTRAINT  =        83.3013
 EAMBER (non-restraint)  =    -58013.5660
 EKCMT  =         0.0000  VIRIAL  =         0.0000  VOLUME     =    216845.0213
                                                    Density    =         0.8963
 ------------------------------------------------------------------------------


 NSTEP =      850   TIME(PS) =       0.850  TEMP(K) =   291.89  PRESS =     0.0
 Etot   =    -46383.3995  EKtot   =     11416.4453  EPtot      =    -57799.8448
 BOND   =       342.9084  ANGLE   =      1022.1553  DIHED      =      1330.3984
 1-4 NB =       443.0299  1-4 EEL =      6257.3587  VDWAALS    =      7212.6865
 EELEC  =    -74492.9278  EHBOND  =         0.0000  RESTRAINT  =        84.5458
 EAMBER (non-restraint)  =    -57884.3905
 EKCMT  =         0.0000  VIRIAL  =         0.0000  VOLUME     =    216845.0213
                                                    Density    =         0.8963
 ------------------------------------------------------------------------------


 NSTEP =      900   TIME(PS) =       0.900  TEMP(K) =   294.86  PRESS =     0.0
 Etot   =    -46306.1674  EKtot   =     11532.3652  EPtot      =    -57838.5326
 BOND   =       301.8503  ANGLE   =      1013.3942  DIHED      =      1335.3908
 1-4 NB =       458.5991  1-4 EEL =      6253.2406  VDWAALS    =      7875.4510
 EELEC  =    -75155.9929  EHBOND  =         0.0000  RESTRAINT  =        79.5342
 EAMBER (non-restraint)  =    -57918.0669
 EKCMT  =         0.0000  VIRIAL  =         0.0000  VOLUME     =    214922.4671
                                                    Density    =         0.9043
 ------------------------------------------------------------------------------


 NSTEP =      950   TIME(PS) =       0.950  TEMP(K) =   297.28  PRESS =     0.0
 Etot   =    -46108.2749  EKtot   =     11627.1270  EPtot      =    -57735.4018
 BOND   =       350.6136  ANGLE   =       995.1230  DIHED      =      1341.1776
 1-4 NB =       442.3444  1-4 EEL =      6246.9465  VDWAALS    =      7530.5261
 EELEC  =    -74719.8308  EHBOND  =         0.0000  RESTRAINT  =        77.6978
 EAMBER (non-restraint)  =    -57813.0997
 EKCMT  =         0.0000  VIRIAL  =         0.0000  VOLUME     =    214922.4671
                                                    Density    =         0.9043
 ------------------------------------------------------------------------------


 NSTEP =     1000   TIME(PS) =       1.000  TEMP(K) =   296.28  PRESS =     0.0
 Etot   =    -46021.3101  EKtot   =     11587.8906  EPtot      =    -57609.2007
 BOND   =       346.5061  ANGLE   =       991.3396  DIHED      =      1335.8482
 1-4 NB =       448.2683  1-4 EEL =      6288.2847  VDWAALS    =      7238.7980
 EELEC  =    -74336.6157  EHBOND  =         0.0000  RESTRAINT  =        78.3701
 EAMBER (non-restraint)  =    -57687.5708
 EKCMT  =         0.0000  VIRIAL  =         0.0000  VOLUME     =    214922.4671
                                                    Density    =         0.9043
 ------------------------------------------------------------------------------


 NSTEP =     1050   TIME(PS) =       1.050  TEMP(K) =   297.69  PRESS =     0.0
 Etot   =    -45981.2302  EKtot   =     11643.2744  EPtot      =    -57624.5046
 BOND   =       342.0885  ANGLE   =      1005.2212  DIHED      =      1347.5715
 1-4 NB =       435.1841  1-4 EEL =      6215.7842  VDWAALS    =      7063.1570
 EELEC  =    -74109.8829  EHBOND  =         0.0000  RESTRAINT  =        76.3719
 EAMBER (non-restraint)  =    -57700.8765
 EKCMT  =         0.0000  VIRIAL  =         0.0000  VOLUME     =    214922.4671
                                                    Density    =         0.9043
 ------------------------------------------------------------------------------


 NSTEP =     1100   TIME(PS) =       1.100  TEMP(K) =   298.38  PRESS =     0.0
 Etot   =    -45940.2880  EKtot   =     11670.3779  EPtot      =    -57610.6659
 BOND   =       326.2375  ANGLE   =      1033.7342  DIHED      =      1332.9616
 1-4 NB =       461.9635  1-4 EEL =      6287.0847  VDWAALS    =      7511.2803
 EELEC  =    -74641.2354  EHBOND  =         0.0000  RESTRAINT  =        77.3077
 EAMBER (non-restraint)  =    -57687.9736
 EKCMT  =         0.0000  VIRIAL  =         0.0000  VOLUME     =    213685.4963
                                                    Density    =         0.9096
 ------------------------------------------------------------------------------


 NSTEP =     1150   TIME(PS) =       1.150  TEMP(K) =   302.05  PRESS =     0.0
 Etot   =    -45867.4336  EKtot   =     11813.8037  EPtot      =    -57681.2373
 BOND   =       325.9123  ANGLE   =      1004.9401  DIHED      =      1339.1206
 1-4 NB =       439.0507  1-4 EEL =      6251.5048  VDWAALS    =      7366.2836
 EELEC  =    -74484.7019  EHBOND  =         0.0000  RESTRAINT  =        76.6526
 EAMBER (non-restraint)  =    -57757.8899
 EKCMT  =         0.0000  VIRIAL  =         0.0000  VOLUME     =    213685.4963
                                                    Density    =         0.9096
 ------------------------------------------------------------------------------


 NSTEP =     1200   TIME(PS) =       1.200  TEMP(K) =   297.42  PRESS =     0.0
 Etot   =    -45815.6077  EKtot   =     11632.5283  EPtot      =    -57448.1360
 BOND   =       338.6900  ANGLE   =      1054.7982  DIHED      =      1333.4078
 1-4 NB =       441.6100  1-4 EEL =      6259.9192  VDWAALS    =      7143.7600
 EELEC  =    -74094.6812  EHBOND  =         0.0000  RESTRAINT  =        74.3599
 EAMBER (non-restraint)  =    -57522.4959
 EKCMT  =         0.0000  VIRIAL  =         0.0000  VOLUME     =    213685.4963
                                                    Density    =         0.9096
 ------------------------------------------------------------------------------


 NSTEP =     1250   TIME(PS) =       1.250  TEMP(K) =   300.67  PRESS =     0.0
 Etot   =    -45721.9220  EKtot   =     11759.5859  EPtot      =    -57481.5079
 BOND   =       350.5271  ANGLE   =      1012.8685  DIHED      =      1322.8575
 1-4 NB =       440.6233  1-4 EEL =      6266.2359  VDWAALS    =      6946.9218
 EELEC  =    -73894.3157  EHBOND  =         0.0000  RESTRAINT  =        72.7737
 EAMBER (non-restraint)  =    -57554.2816
 EKCMT  =         0.0000  VIRIAL  =         0.0000  VOLUME     =    213685.4963
                                                    Density    =         0.9096
 ------------------------------------------------------------------------------


 NSTEP =     1300   TIME(PS) =       1.300  TEMP(K) =   296.16  PRESS =     0.0
 Etot   =    -45736.2259  EKtot   =     11583.3779  EPtot      =    -57319.6038
 BOND   =       323.8427  ANGLE   =      1030.5296  DIHED      =      1329.2103
 1-4 NB =       451.6316  1-4 EEL =      6263.1483  VDWAALS    =      7203.2366
 EELEC  =    -73990.1232  EHBOND  =         0.0000  RESTRAINT  =        68.9202
 EAMBER (non-restraint)  =    -57388.5240
 EKCMT  =         0.0000  VIRIAL  =         0.0000  VOLUME     =    213685.4963
                                                    Density    =         0.9096
 ------------------------------------------------------------------------------


 NSTEP =     1350   TIME(PS) =       1.350  TEMP(K) =   301.06  PRESS =     0.0
 Etot   =    -45725.1290  EKtot   =     11775.2100  EPtot      =    -57500.3390
 BOND   =       342.9822  ANGLE   =       996.6721  DIHED      =      1330.2068
 1-4 NB =       443.6407  1-4 EEL =      6264.4116  VDWAALS    =      7157.8217
 EELEC  =    -74105.8279  EHBOND  =         0.0000  RESTRAINT  =        69.7538
 EAMBER (non-restraint)  =    -57570.0928
 EKCMT  =         0.0000  VIRIAL  =         0.0000  VOLUME     =    213685.4963
                                                    Density    =         0.9096
 ------------------------------------------------------------------------------


 NSTEP =     1400   TIME(PS) =       1.400  TEMP(K) =   299.40  PRESS =     0.0
 Etot   =    -45712.7646  EKtot   =     11710.0195  EPtot      =    -57422.7841
 BOND   =       301.3236  ANGLE   =      1039.4356  DIHED      =      1350.5398
 1-4 NB =       456.1922  1-4 EEL =      6267.0593  VDWAALS    =      7155.6007
 EELEC  =    -74069.0611  EHBOND  =         0.0000  RESTRAINT  =        76.1258
 EAMBER (non-restraint)  =    -57498.9099
 EKCMT  =         0.0000  VIRIAL  =         0.0000  VOLUME     =    213685.4963
                                                    Density    =         0.9096
 ------------------------------------------------------------------------------


 NSTEP =     1450   TIME(PS) =       1.450  TEMP(K) =   296.53  PRESS =     0.0
 Etot   =    -45703.9661  EKtot   =     11597.6865  EPtot      =    -57301.6526
 BOND   =       344.4786  ANGLE   =       995.3023  DIHED      =      1366.8232
 1-4 NB =       462.5578  1-4 EEL =      6271.3041  VDWAALS    =      7170.5997
 EELEC  =    -73990.9262  EHBOND  =         0.0000  RESTRAINT  =        78.2079
 EAMBER (non-restraint)  =    -57379.8604
 EKCMT  =         0.0000  VIRIAL  =         0.0000  VOLUME     =    213685.4963
                                                    Density    =         0.9096
 ------------------------------------------------------------------------------


 NSTEP =     1500   TIME(PS) =       1.500  TEMP(K) =   296.85  PRESS =     0.0
 Etot   =    -45651.1364  EKtot   =     11610.4639  EPtot      =    -57261.6002
 BOND   =       350.0637  ANGLE   =      1015.1429  DIHED      =      1342.1223
 1-4 NB =       446.3335  1-4 EEL =      6271.4720  VDWAALS    =      6979.8834
 EELEC  =    -73747.7911  EHBOND  =         0.0000  RESTRAINT  =        81.1730
 EAMBER (non-restraint)  =    -57342.7733
 EKCMT  =         0.0000  VIRIAL  =         0.0000  VOLUME     =    213685.4963
                                                    Density    =         0.9096
 ------------------------------------------------------------------------------


 NSTEP =     1550   TIME(PS) =       1.550  TEMP(K) =   299.53  PRESS =     0.0
 Etot   =    -45504.5662  EKtot   =     11715.2090  EPtot      =    -57219.7751
 BOND   =       344.0353  ANGLE   =      1015.9134  DIHED      =      1358.4570
 1-4 NB =       445.4058  1-4 EEL =      6269.6748  VDWAALS    =      6906.8700
 EELEC  =    -73641.7088  EHBOND  =         0.0000  RESTRAINT  =        81.5774
 EAMBER (non-restraint)  =    -57301.3525
 EKCMT  =         0.0000  VIRIAL  =         0.0000  VOLUME     =    213685.4963
                                                    Density    =         0.9096
 ------------------------------------------------------------------------------


 NSTEP =     1600   TIME(PS) =       1.600  TEMP(K) =   300.54  PRESS =     0.0
 Etot   =    -45266.3344  EKtot   =     11754.6064  EPtot      =    -57020.9409
 BOND   =       339.4318  ANGLE   =      1011.8906  DIHED      =      1336.7633
 1-4 NB =       445.0602  1-4 EEL =      6236.9515  VDWAALS    =      7006.0131
 EELEC  =    -73479.3718  EHBOND  =         0.0000  RESTRAINT  =        82.3203
 EAMBER (non-restraint)  =    -57103.2612
 EKCMT  =         0.0000  VIRIAL  =         0.0000  VOLUME     =    213685.4963
                                                    Density    =         0.9096
 ------------------------------------------------------------------------------


 NSTEP =     1650   TIME(PS) =       1.650  TEMP(K) =   301.46  PRESS =     0.0
 Etot   =    -45128.5285  EKtot   =     11790.5762  EPtot      =    -56919.1047
 BOND   =       374.9430  ANGLE   =      1052.2186  DIHED      =      1346.7813
 1-4 NB =       442.7796  1-4 EEL =      6202.4340  VDWAALS    =      6903.6059
 EELEC  =    -73320.7020  EHBOND  =         0.0000  RESTRAINT  =        78.8350
 EAMBER (non-restraint)  =    -56997.9397
 EKCMT  =         0.0000  VIRIAL  =         0.0000  VOLUME     =    213685.4963
                                                    Density    =         0.9096
 ------------------------------------------------------------------------------


 NSTEP =     1700   TIME(PS) =       1.700  TEMP(K) =   303.18  PRESS =     0.0
 Etot   =    -45083.0640  EKtot   =     11857.8672  EPtot      =    -56940.9312
 BOND   =       355.9430  ANGLE   =      1041.7848  DIHED      =      1356.8769
 1-4 NB =       434.5145  1-4 EEL =      6225.7177  VDWAALS    =      6869.9026
 EELEC  =    -73303.1750  EHBOND  =         0.0000  RESTRAINT  =        77.5043
 EAMBER (non-restraint)  =    -57018.4355
 EKCMT  =         0.0000  VIRIAL  =         0.0000  VOLUME     =    213685.4963
                                                    Density    =         0.9096
 ------------------------------------------------------------------------------


 NSTEP =     1750   TIME(PS) =       1.750  TEMP(K) =   302.15  PRESS =     0.0
 Etot   =    -44955.1427  EKtot   =     11817.8350  EPtot      =    -56772.9776
 BOND   =       331.5804  ANGLE   =      1019.0629  DIHED      =      1337.8452
 1-4 NB =       460.4218  1-4 EEL =      6304.6974  VDWAALS    =      6797.5138
 EELEC  =    -73099.4703  EHBOND  =         0.0000  RESTRAINT  =        75.3712
 EAMBER (non-restraint)  =    -56848.3488
 EKCMT  =         0.0000  VIRIAL  =         0.0000  VOLUME     =    213685.4963
                                                    Density    =         0.9096
 ------------------------------------------------------------------------------


 NSTEP =     1800   TIME(PS) =       1.800  TEMP(K) =   306.08  PRESS =     0.0
 Etot   =    -44933.0854  EKtot   =     11971.4766  EPtot      =    -56904.5620
 BOND   =       344.9376  ANGLE   =      1057.8113  DIHED      =      1353.5713
 1-4 NB =       440.6491  1-4 EEL =      6265.5160  VDWAALS    =      6862.3413
 EELEC  =    -73305.9374  EHBOND  =         0.0000  RESTRAINT  =        76.5487
 EAMBER (non-restraint)  =    -56981.1107
 EKCMT  =         0.0000  VIRIAL  =         0.0000  VOLUME     =    213685.4963
                                                    Density    =         0.9096
 ------------------------------------------------------------------------------


 NSTEP =     1850   TIME(PS) =       1.850  TEMP(K) =   300.31  PRESS =     0.0
 Etot   =    -45001.9847  EKtot   =     11745.5342  EPtot      =    -56747.5189
 BOND   =       367.7523  ANGLE   =      1011.3372  DIHED      =      1343.6781
 1-4 NB =       423.7684  1-4 EEL =      6238.0808  VDWAALS    =      6875.0547
 EELEC  =    -73082.9518  EHBOND  =         0.0000  RESTRAINT  =        75.7615
 EAMBER (non-restraint)  =    -56823.2803
 EKCMT  =         0.0000  VIRIAL  =         0.0000  VOLUME     =    213685.4963
                                                    Density    =         0.9096
 ------------------------------------------------------------------------------


 NSTEP =     1900   TIME(PS) =       1.900  TEMP(K) =   300.24  PRESS =     0.0
 Etot   =    -45073.3945  EKtot   =     11743.0205  EPtot      =    -56816.4150
 BOND   =       325.6530  ANGLE   =      1044.7373  DIHED      =      1356.0321
 1-4 NB =       459.5481  1-4 EEL =      6232.3075  VDWAALS    =      6645.9770
 EELEC  =    -72955.7044  EHBOND  =         0.0000  RESTRAINT  =        75.0344
 EAMBER (non-restraint)  =    -56891.4494
 EKCMT  =         0.0000  VIRIAL  =         0.0000  VOLUME     =    213685.4963
                                                    Density    =         0.9096
 ------------------------------------------------------------------------------


 NSTEP =     1950   TIME(PS) =       1.950  TEMP(K) =   301.17  PRESS =     0.0
 Etot   =    -45051.7077  EKtot   =     11779.4482  EPtot      =    -56831.1559
 BOND   =       353.9541  ANGLE   =      1008.0379  DIHED      =      1348.6293
 1-4 NB =       436.1120  1-4 EEL =      6273.1329  VDWAALS    =      6723.3924
 EELEC  =    -73053.1047  EHBOND  =         0.0000  RESTRAINT  =        78.6902
 EAMBER (non-restraint)  =    -56909.8461
 EKCMT  =         0.0000  VIRIAL  =         0.0000  VOLUME     =    213685.4963
                                                    Density    =         0.9096
 ------------------------------------------------------------------------------

| MC Barostat: Decreasing size of volume moves

 NSTEP =     2000   TIME(PS) =       2.000  TEMP(K) =   300.04  PRESS =     0.0
 Etot   =    -45004.9577  EKtot   =     11735.0312  EPtot      =    -56739.9890
 BOND   =       337.5952  ANGLE   =      1029.9698  DIHED      =      1333.3428
 1-4 NB =       450.6572  1-4 EEL =      6247.8136  VDWAALS    =      6664.4468
 EELEC  =    -72886.8523  EHBOND  =         0.0000  RESTRAINT  =        83.0379
 EAMBER (non-restraint)  =    -56823.0269
 EKCMT  =         0.0000  VIRIAL  =         0.0000  VOLUME     =    213685.4963
                                                    Density    =         0.9096
 ------------------------------------------------------------------------------


 NSTEP =     2050   TIME(PS) =       2.050  TEMP(K) =   300.62  PRESS =     0.0
 Etot   =    -45004.0479  EKtot   =     11757.6953  EPtot      =    -56761.7432
 BOND   =       326.9073  ANGLE   =      1004.3802  DIHED      =      1327.8675
 1-4 NB =       454.9401  1-4 EEL =      6273.5428  VDWAALS    =      6724.2620
 EELEC  =    -72958.9176  EHBOND  =         0.0000  RESTRAINT  =        85.2746
 EAMBER (non-restraint)  =    -56847.0178
 EKCMT  =         0.0000  VIRIAL  =         0.0000  VOLUME     =    213685.4963
                                                    Density    =         0.9096
 ------------------------------------------------------------------------------


 NSTEP =     2100   TIME(PS) =       2.100  TEMP(K) =   301.28  PRESS =     0.0
 Etot   =    -45040.9619  EKtot   =     11783.5303  EPtot      =    -56824.4921
 BOND   =       338.3873  ANGLE   =       997.2254  DIHED      =      1369.5316
 1-4 NB =       453.1724  1-4 EEL =      6249.6988  VDWAALS    =      6715.1910
 EELEC  =    -73030.4772  EHBOND  =         0.0000  RESTRAINT  =        82.7786
 EAMBER (non-restraint)  =    -56907.2708
 EKCMT  =         0.0000  VIRIAL  =         0.0000  VOLUME     =    213685.4963
                                                    Density    =         0.9096
 ------------------------------------------------------------------------------


 NSTEP =     2150   TIME(PS) =       2.150  TEMP(K) =   298.35  PRESS =     0.0
 Etot   =    -45154.9653  EKtot   =     11669.1572  EPtot      =    -56824.1225
 BOND   =       341.0357  ANGLE   =      1011.4731  DIHED      =      1345.5961
 1-4 NB =       454.6374  1-4 EEL =      6280.3042  VDWAALS    =      6685.5711
 EELEC  =    -73021.3753  EHBOND  =         0.0000  RESTRAINT  =        78.6352
 EAMBER (non-restraint)  =    -56902.7577
 EKCMT  =         0.0000  VIRIAL  =         0.0000  VOLUME     =    213685.4963
                                                    Density    =         0.9096
 ------------------------------------------------------------------------------


 NSTEP =     2200   TIME(PS) =       2.200  TEMP(K) =   303.06  PRESS =     0.0
 Etot   =    -45109.7639  EKtot   =     11853.0996  EPtot      =    -56962.8635
 BOND   =       324.9928  ANGLE   =      1031.3326  DIHED      =      1343.7021
 1-4 NB =       427.0500  1-4 EEL =      6245.0854  VDWAALS    =      6642.3124
 EELEC  =    -73051.1407  EHBOND  =         0.0000  RESTRAINT  =        73.8018
 EAMBER (non-restraint)  =    -57036.6653
 EKCMT  =         0.0000  VIRIAL  =         0.0000  VOLUME     =    213685.4963
                                                    Density    =         0.9096
 ------------------------------------------------------------------------------


 NSTEP =     2250   TIME(PS) =       2.250  TEMP(K) =   300.81  PRESS =     0.0
 Etot   =    -45111.4451  EKtot   =     11765.0947  EPtot      =    -56876.5398
 BOND   =       333.0052  ANGLE   =      1017.1224  DIHED      =      1352.6169
 1-4 NB =       441.4081  1-4 EEL =      6256.3176  VDWAALS    =      6717.3634
 EELEC  =    -73070.4437  EHBOND  =         0.0000  RESTRAINT  =        76.0703
 EAMBER (non-restraint)  =    -56952.6101
 EKCMT  =         0.0000  VIRIAL  =         0.0000  VOLUME     =    213685.4963
                                                    Density    =         0.9096
 ------------------------------------------------------------------------------


 NSTEP =     2300   TIME(PS) =       2.300  TEMP(K) =   300.78  PRESS =     0.0
 Etot   =    -44987.1309  EKtot   =     11764.2188  EPtot      =    -56751.3496
 BOND   =       333.0177  ANGLE   =      1059.7319  DIHED      =      1365.0179
 1-4 NB =       440.4475  1-4 EEL =      6219.2975  VDWAALS    =      6635.7099
 EELEC  =    -72887.9756  EHBOND  =         0.0000  RESTRAINT  =        83.4037
 EAMBER (non-restraint)  =    -56834.7533
 EKCMT  =         0.0000  VIRIAL  =         0.0000  VOLUME     =    213685.4963
                                                    Density    =         0.9096
 ------------------------------------------------------------------------------


 NSTEP =     2350   TIME(PS) =       2.350  TEMP(K) =   299.86  PRESS =     0.0
 Etot   =    -44952.9764  EKtot   =     11727.9160  EPtot      =    -56680.8924
 BOND   =       364.7985  ANGLE   =      1018.8944  DIHED      =      1345.2996
 1-4 NB =       443.4976  1-4 EEL =      6266.8854  VDWAALS    =      6662.3846
 EELEC  =    -72870.7059  EHBOND  =         0.0000  RESTRAINT  =        88.0535
 EAMBER (non-restraint)  =    -56768.9459
 EKCMT  =         0.0000  VIRIAL  =         0.0000  VOLUME     =    213685.4963
                                                    Density    =         0.9096
 ------------------------------------------------------------------------------


 NSTEP =     2400   TIME(PS) =       2.400  TEMP(K) =   300.41  PRESS =     0.0
 Etot   =    -44858.7451  EKtot   =     11749.6973  EPtot      =    -56608.4424
 BOND   =       339.8925  ANGLE   =      1041.7305  DIHED      =      1360.6524
 1-4 NB =       456.9144  1-4 EEL =      6248.1798  VDWAALS    =      6478.5272
 EELEC  =    -72622.0308  EHBOND  =         0.0000  RESTRAINT  =        87.6917
 EAMBER (non-restraint)  =    -56696.1340
 EKCMT  =         0.0000  VIRIAL  =         0.0000  VOLUME     =    213685.4963
                                                    Density    =         0.9096
 ------------------------------------------------------------------------------


 NSTEP =     2450   TIME(PS) =       2.450  TEMP(K) =   302.38  PRESS =     0.0
 Etot   =    -44801.1869  EKtot   =     11826.5303  EPtot      =    -56627.7172
 BOND   =       371.1902  ANGLE   =      1048.6935  DIHED      =      1352.9045
 1-4 NB =       447.3804  1-4 EEL =      6235.1327  VDWAALS    =      6510.3594
 EELEC  =    -72682.5638  EHBOND  =         0.0000  RESTRAINT  =        89.1859
 EAMBER (non-restraint)  =    -56716.9031
 EKCMT  =         0.0000  VIRIAL  =         0.0000  VOLUME     =    213685.4963
                                                    Density    =         0.9096
 ------------------------------------------------------------------------------


 NSTEP =     2500   TIME(PS) =       2.500  TEMP(K) =   302.11  PRESS =     0.0
 Etot   =    -44873.0457  EKtot   =     11815.9170  EPtot      =    -56688.9627
 BOND   =       340.3942  ANGLE   =       993.6926  DIHED      =      1343.9452
 1-4 NB =       456.3923  1-4 EEL =      6261.4607  VDWAALS    =      6547.8353
 EELEC  =    -72722.4593  EHBOND  =         0.0000  RESTRAINT  =        89.7763
 EAMBER (non-restraint)  =    -56778.7390
 EKCMT  =         0.0000  VIRIAL  =         0.0000  VOLUME     =    213589.1600
                                                    Density    =         0.9100
 ------------------------------------------------------------------------------


 NSTEP =     2550   TIME(PS) =       2.550  TEMP(K) =   301.07  PRESS =     0.0
 Etot   =    -44908.1446  EKtot   =     11775.4639  EPtot      =    -56683.6085
 BOND   =       350.7851  ANGLE   =      1027.6022  DIHED      =      1329.5161
 1-4 NB =       448.0352  1-4 EEL =      6251.5639  VDWAALS    =      6525.5422
 EELEC  =    -72704.7412  EHBOND  =         0.0000  RESTRAINT  =        88.0881
 EAMBER (non-restraint)  =    -56771.6966
 EKCMT  =         0.0000  VIRIAL  =         0.0000  VOLUME     =    213589.1600
                                                    Density    =         0.9100
 ------------------------------------------------------------------------------


 NSTEP =     2600   TIME(PS) =       2.600  TEMP(K) =   300.15  PRESS =     0.0
 Etot   =    -45021.5904  EKtot   =     11739.4414  EPtot      =    -56761.0318
 BOND   =       336.3355  ANGLE   =      1044.1656  DIHED      =      1349.3712
 1-4 NB =       455.0223  1-4 EEL =      6256.6624  VDWAALS    =      6693.4867
 EELEC  =    -72980.7911  EHBOND  =         0.0000  RESTRAINT  =        84.7157
 EAMBER (non-restraint)  =    -56845.7475
 EKCMT  =         0.0000  VIRIAL  =         0.0000  VOLUME     =    213295.1362
                                                    Density    =         0.9112
 ------------------------------------------------------------------------------


 NSTEP =     2650   TIME(PS) =       2.650  TEMP(K) =   302.86  PRESS =     0.0
 Etot   =    -45112.6609  EKtot   =     11845.2383  EPtot      =    -56957.8992
 BOND   =       313.9377  ANGLE   =      1008.5918  DIHED      =      1329.5502
 1-4 NB =       462.3862  1-4 EEL =      6251.4349  VDWAALS    =      6825.0565
 EELEC  =    -73229.6373  EHBOND  =         0.0000  RESTRAINT  =        80.7807
 EAMBER (non-restraint)  =    -57038.6799
 EKCMT  =         0.0000  VIRIAL  =         0.0000  VOLUME     =    213295.1362
                                                    Density    =         0.9112
 ------------------------------------------------------------------------------


 NSTEP =     2700   TIME(PS) =       2.700  TEMP(K) =   299.51  PRESS =     0.0
 Etot   =    -45017.3772  EKtot   =     11714.3359  EPtot      =    -56731.7131
 BOND   =       346.5677  ANGLE   =      1042.3954  DIHED      =      1355.4097
 1-4 NB =       437.2274  1-4 EEL =      6262.8776  VDWAALS    =      7356.0092
 EELEC  =    -73613.0102  EHBOND  =         0.0000  RESTRAINT  =        80.8100
 EAMBER (non-restraint)  =    -56812.5231
 EKCMT  =         0.0000  VIRIAL  =         0.0000  VOLUME     =    211366.6731
                                                    Density    =         0.9195
 ------------------------------------------------------------------------------


 NSTEP =     2750   TIME(PS) =       2.750  TEMP(K) =   302.86  PRESS =     0.0
 Etot   =    -45056.8075  EKtot   =     11845.5088  EPtot      =    -56902.3163
 BOND   =       324.9701  ANGLE   =      1001.8192  DIHED      =      1335.0871
 1-4 NB =       454.5015  1-4 EEL =      6274.8283  VDWAALS    =      6774.8055
 EELEC  =    -73145.5087  EHBOND  =         0.0000  RESTRAINT  =        77.1806
 EAMBER (non-restraint)  =    -56979.4970
 EKCMT  =         0.0000  VIRIAL  =         0.0000  VOLUME     =    211366.6731
                                                    Density    =         0.9195
 ------------------------------------------------------------------------------


 NSTEP =     2800   TIME(PS) =       2.800  TEMP(K) =   299.19  PRESS =     0.0
 Etot   =    -45124.7705  EKtot   =     11702.0088  EPtot      =    -56826.7793
 BOND   =       349.6876  ANGLE   =      1000.5564  DIHED      =      1339.4687
 1-4 NB =       456.9297  1-4 EEL =      6253.0252  VDWAALS    =      7039.2063
 EELEC  =    -73337.9103  EHBOND  =         0.0000  RESTRAINT  =        72.2571
 EAMBER (non-restraint)  =    -56899.0364
 EKCMT  =         0.0000  VIRIAL  =         0.0000  VOLUME     =    210038.3586
                                                    Density    =         0.9254
 ------------------------------------------------------------------------------


 NSTEP =     2850   TIME(PS) =       2.850  TEMP(K) =   303.51  PRESS =     0.0
 Etot   =    -44973.6439  EKtot   =     11870.7041  EPtot      =    -56844.3480
 BOND   =       343.5343  ANGLE   =      1040.4032  DIHED      =      1342.7434
 1-4 NB =       440.1796  1-4 EEL =      6255.2867  VDWAALS    =      6678.9158
 EELEC  =    -73022.4651  EHBOND  =         0.0000  RESTRAINT  =        77.0541
 EAMBER (non-restraint)  =    -56921.4021
 EKCMT  =         0.0000  VIRIAL  =         0.0000  VOLUME     =    210038.3586
                                                    Density    =         0.9254
 ------------------------------------------------------------------------------


 NSTEP =     2900   TIME(PS) =       2.900  TEMP(K) =   306.41  PRESS =     0.0
 Etot   =    -44924.7511  EKtot   =     11984.3672  EPtot      =    -56909.1183
 BOND   =       330.7686  ANGLE   =      1047.2872  DIHED      =      1316.2822
 1-4 NB =       450.2369  1-4 EEL =      6293.3613  VDWAALS    =      6916.6957
 EELEC  =    -73345.7111  EHBOND  =         0.0000  RESTRAINT  =        81.9609
 EAMBER (non-restraint)  =    -56991.0792
 EKCMT  =         0.0000  VIRIAL  =         0.0000  VOLUME     =    208768.5026
                                                    Density    =         0.9310
 ------------------------------------------------------------------------------


 NSTEP =     2950   TIME(PS) =       2.950  TEMP(K) =   301.88  PRESS =     0.0
 Etot   =    -44951.6305  EKtot   =     11807.0166  EPtot      =    -56758.6471
 BOND   =       348.6789  ANGLE   =      1077.8626  DIHED      =      1333.9621
 1-4 NB =       462.4457  1-4 EEL =      6247.7863  VDWAALS    =      6819.3932
 EELEC  =    -73137.1119  EHBOND  =         0.0000  RESTRAINT  =        88.3359
 EAMBER (non-restraint)  =    -56846.9830
 EKCMT  =         0.0000  VIRIAL  =         0.0000  VOLUME     =    208768.5026
                                                    Density    =         0.9310
 ------------------------------------------------------------------------------


 NSTEP =     3000   TIME(PS) =       3.000  TEMP(K) =   303.46  PRESS =     0.0
 Etot   =    -44963.0302  EKtot   =     11868.9150  EPtot      =    -56831.9452
 BOND   =       327.0510  ANGLE   =      1066.2199  DIHED      =      1353.9451
 1-4 NB =       457.8677  1-4 EEL =      6260.0849  VDWAALS    =      6923.1980
 EELEC  =    -73307.5103  EHBOND  =         0.0000  RESTRAINT  =        87.1984
 EAMBER (non-restraint)  =    -56919.1436
 EKCMT  =         0.0000  VIRIAL  =         0.0000  VOLUME     =    208207.0884
                                                    Density    =         0.9335
 ------------------------------------------------------------------------------


 NSTEP =     3050   TIME(PS) =       3.050  TEMP(K) =   304.47  PRESS =     0.0
 Etot   =    -44950.1242  EKtot   =     11908.5117  EPtot      =    -56858.6359
 BOND   =       340.3408  ANGLE   =      1065.2161  DIHED      =      1344.6032
 1-4 NB =       436.2717  1-4 EEL =      6281.1910  VDWAALS    =      6747.6096
 EELEC  =    -73158.5012  EHBOND  =         0.0000  RESTRAINT  =        84.6330
 EAMBER (non-restraint)  =    -56943.2689
 EKCMT  =         0.0000  VIRIAL  =         0.0000  VOLUME     =    208207.0884
                                                    Density    =         0.9335
 ------------------------------------------------------------------------------


 NSTEP =     3100   TIME(PS) =       3.100  TEMP(K) =   307.82  PRESS =     0.0
 Etot   =    -44949.1963  EKtot   =     12039.5752  EPtot      =    -56988.7715
 BOND   =       321.7226  ANGLE   =      1039.6311  DIHED      =      1355.3051
 1-4 NB =       462.5216  1-4 EEL =      6260.5461  VDWAALS    =      6898.8143
 EELEC  =    -73410.9044  EHBOND  =         0.0000  RESTRAINT  =        83.5921
 EAMBER (non-restraint)  =    -57072.3636
 EKCMT  =         0.0000  VIRIAL  =         0.0000  VOLUME     =    207702.0430
                                                    Density    =         0.9358
 ------------------------------------------------------------------------------


 NSTEP =     3150   TIME(PS) =       3.150  TEMP(K) =   302.21  PRESS =     0.0
 Etot   =    -45248.2309  EKtot   =     11819.8896  EPtot      =    -57068.1205
 BOND   =       335.1669  ANGLE   =      1017.9556  DIHED      =      1361.2087
 1-4 NB =       458.2452  1-4 EEL =      6257.8743  VDWAALS    =      6737.8562
 EELEC  =    -73319.6221  EHBOND  =         0.0000  RESTRAINT  =        83.1947
 EAMBER (non-restraint)  =    -57151.3153
 EKCMT  =         0.0000  VIRIAL  =         0.0000  VOLUME     =    207702.0430
                                                    Density    =         0.9358
 ------------------------------------------------------------------------------


 NSTEP =     3200   TIME(PS) =       3.200  TEMP(K) =   300.03  PRESS =     0.0
 Etot   =    -45295.9651  EKtot   =     11734.8838  EPtot      =    -57030.8489
 BOND   =       339.2953  ANGLE   =      1014.1462  DIHED      =      1349.8601
 1-4 NB =       442.5764  1-4 EEL =      6259.7268  VDWAALS    =      6647.0598
 EELEC  =    -73167.6313  EHBOND  =         0.0000  RESTRAINT  =        84.1177
 EAMBER (non-restraint)  =    -57114.9667
 EKCMT  =         0.0000  VIRIAL  =         0.0000  VOLUME     =    207702.0430
                                                    Density    =         0.9358
 ------------------------------------------------------------------------------


 NSTEP =     3250   TIME(PS) =       3.250  TEMP(K) =   299.61  PRESS =     0.0
 Etot   =    -45226.5466  EKtot   =     11718.1592  EPtot      =    -56944.7058
 BOND   =       326.0288  ANGLE   =       999.4040  DIHED      =      1365.1455
 1-4 NB =       451.6932  1-4 EEL =      6268.6985  VDWAALS    =      6611.0590
 EELEC  =    -73055.1834  EHBOND  =         0.0000  RESTRAINT  =        88.4487
 EAMBER (non-restraint)  =    -57033.1545
 EKCMT  =         0.0000  VIRIAL  =         0.0000  VOLUME     =    207702.0430
                                                    Density    =         0.9358
 ------------------------------------------------------------------------------


 NSTEP =     3300   TIME(PS) =       3.300  TEMP(K) =   297.03  PRESS =     0.0
 Etot   =    -45329.3183  EKtot   =     11617.4062  EPtot      =    -56946.7245
 BOND   =       354.2139  ANGLE   =      1035.5134  DIHED      =      1352.6899
 1-4 NB =       446.0461  1-4 EEL =      6263.7308  VDWAALS    =      6965.0674
 EELEC  =    -73449.3450  EHBOND  =         0.0000  RESTRAINT  =        85.3591
 EAMBER (non-restraint)  =    -57032.0836
 EKCMT  =         0.0000  VIRIAL  =         0.0000  VOLUME     =    206247.4782
                                                    Density    =         0.9424
 ------------------------------------------------------------------------------


 NSTEP =     3350   TIME(PS) =       3.350  TEMP(K) =   300.51  PRESS =     0.0
 Etot   =    -45373.9486  EKtot   =     11753.5244  EPtot      =    -57127.4730
 BOND   =       332.9772  ANGLE   =      1043.7337  DIHED      =      1362.7233
 1-4 NB =       447.0969  1-4 EEL =      6247.4952  VDWAALS    =      6763.1603
 EELEC  =    -73406.3153  EHBOND  =         0.0000  RESTRAINT  =        81.6558
 EAMBER (non-restraint)  =    -57209.1288
 EKCMT  =         0.0000  VIRIAL  =         0.0000  VOLUME     =    206247.4782
                                                    Density    =         0.9424
 ------------------------------------------------------------------------------


 NSTEP =     3400   TIME(PS) =       3.400  TEMP(K) =   302.69  PRESS =     0.0
 Etot   =    -45303.0407  EKtot   =     11838.6025  EPtot      =    -57141.6432
 BOND   =       294.8457  ANGLE   =      1025.7274  DIHED      =      1317.3399
 1-4 NB =       465.7977  1-4 EEL =      6282.3805  VDWAALS    =      6767.0204
 EELEC  =    -73371.2260  EHBOND  =         0.0000  RESTRAINT  =        76.4711
 EAMBER (non-restraint)  =    -57218.1144
 EKCMT  =         0.0000  VIRIAL  =         0.0000  VOLUME     =    206247.4782
                                                    Density    =         0.9424
 ------------------------------------------------------------------------------


 NSTEP =     3450   TIME(PS) =       3.450  TEMP(K) =   305.51  PRESS =     0.0
 Etot   =    -45284.9118  EKtot   =     11948.9160  EPtot      =    -57233.8278
 BOND   =       331.5859  ANGLE   =      1040.7396  DIHED      =      1356.1840
 1-4 NB =       436.4249  1-4 EEL =      6254.8631  VDWAALS    =      6589.2439
 EELEC  =    -73320.9981  EHBOND  =         0.0000  RESTRAINT  =        78.1289
 EAMBER (non-restraint)  =    -57311.9567
 EKCMT  =         0.0000  VIRIAL  =         0.0000  VOLUME     =    206247.4782
                                                    Density    =         0.9424
 ------------------------------------------------------------------------------


 NSTEP =     3500   TIME(PS) =       3.500  TEMP(K) =   304.61  PRESS =     0.0
 Etot   =    -45231.2385  EKtot   =     11913.7900  EPtot      =    -57145.0286
 BOND   =       358.5654  ANGLE   =      1052.0768  DIHED      =      1350.4844
 1-4 NB =       460.7433  1-4 EEL =      6259.5540  VDWAALS    =      7108.4578
 EELEC  =    -73817.9219  EHBOND  =         0.0000  RESTRAINT  =        83.0116
 EAMBER (non-restraint)  =    -57228.0402
 EKCMT  =         0.0000  VIRIAL  =         0.0000  VOLUME     =    205457.8406
                                                    Density    =         0.9460
 ------------------------------------------------------------------------------


 NSTEP =     3550   TIME(PS) =       3.550  TEMP(K) =   305.38  PRESS =     0.0
 Etot   =    -45281.6225  EKtot   =     11944.1855  EPtot      =    -57225.8081
 BOND   =       369.8410  ANGLE   =      1012.1953  DIHED      =      1352.2206
 1-4 NB =       424.0520  1-4 EEL =      6223.2103  VDWAALS    =      7016.0396
 EELEC  =    -73706.1180  EHBOND  =         0.0000  RESTRAINT  =        82.7512
 EAMBER (non-restraint)  =    -57308.5593
 EKCMT  =         0.0000  VIRIAL  =         0.0000  VOLUME     =    205457.8406
                                                    Density    =         0.9460
 ------------------------------------------------------------------------------


 NSTEP =     3600   TIME(PS) =       3.600  TEMP(K) =   301.21  PRESS =     0.0
 Etot   =    -45403.2188  EKtot   =     11780.8057  EPtot      =    -57184.0245
 BOND   =       341.1332  ANGLE   =      1048.5168  DIHED      =      1347.6290
 1-4 NB =       450.0446  1-4 EEL =      6263.4018  VDWAALS    =      6832.9153
 EELEC  =    -73556.1823  EHBOND  =         0.0000  RESTRAINT  =        88.5172
 EAMBER (non-restraint)  =    -57272.5417
 EKCMT  =         0.0000  VIRIAL  =         0.0000  VOLUME     =    205457.8406
                                                    Density    =         0.9460
 ------------------------------------------------------------------------------


 NSTEP =     3650   TIME(PS) =       3.650  TEMP(K) =   301.26  PRESS =     0.0
 Etot   =    -45411.4761  EKtot   =     11782.9766  EPtot      =    -57194.4526
 BOND   =       355.9684  ANGLE   =      1048.8417  DIHED      =      1355.5245
 1-4 NB =       446.7331  1-4 EEL =      6244.1238  VDWAALS    =      6841.5324
 EELEC  =    -73580.2542  EHBOND  =         0.0000  RESTRAINT  =        93.0777
 EAMBER (non-restraint)  =    -57287.5303
 EKCMT  =         0.0000  VIRIAL  =         0.0000  VOLUME     =    205457.8406
                                                    Density    =         0.9460
 ------------------------------------------------------------------------------


 NSTEP =     3700   TIME(PS) =       3.700  TEMP(K) =   298.59  PRESS =     0.0
 Etot   =    -45545.9485  EKtot   =     11678.5410  EPtot      =    -57224.4895
 BOND   =       345.1482  ANGLE   =      1052.5544  DIHED      =      1351.8262
 1-4 NB =       449.4871  1-4 EEL =      6236.1064  VDWAALS    =      7342.1837
 EELEC  =    -74089.8539  EHBOND  =         0.0000  RESTRAINT  =        88.0583
 EAMBER (non-restraint)  =    -57312.5478
 EKCMT  =         0.0000  VIRIAL  =         0.0000  VOLUME     =    203677.9209
                                                    Density    =         0.9542
 ------------------------------------------------------------------------------


 NSTEP =     3750   TIME(PS) =       3.750  TEMP(K) =   303.51  PRESS =     0.0
 Etot   =    -45428.6665  EKtot   =     11870.7100  EPtot      =    -57299.3765
 BOND   =       330.8279  ANGLE   =      1033.1519  DIHED      =      1367.6720
 1-4 NB =       458.0664  1-4 EEL =      6265.2437  VDWAALS    =      7050.9601
 EELEC  =    -73886.8562  EHBOND  =         0.0000  RESTRAINT  =        81.5576
 EAMBER (non-restraint)  =    -57380.9341
 EKCMT  =         0.0000  VIRIAL  =         0.0000  VOLUME     =    203677.9209
                                                    Density    =         0.9542
 ------------------------------------------------------------------------------


 NSTEP =     3800   TIME(PS) =       3.800  TEMP(K) =   305.20  PRESS =     0.0
 Etot   =    -45447.8070  EKtot   =     11936.9756  EPtot      =    -57384.7826
 BOND   =       330.8841  ANGLE   =       988.4992  DIHED      =      1372.3666
 1-4 NB =       448.6891  1-4 EEL =      6314.0695  VDWAALS    =      6828.6031
 EELEC  =    -73751.7167  EHBOND  =         0.0000  RESTRAINT  =        83.8225
 EAMBER (non-restraint)  =    -57468.6051
 EKCMT  =         0.0000  VIRIAL  =         0.0000  VOLUME     =    203677.9209
                                                    Density    =         0.9542
 ------------------------------------------------------------------------------


 NSTEP =     3850   TIME(PS) =       3.850  TEMP(K) =   298.96  PRESS =     0.0
 Etot   =    -45630.5424  EKtot   =     11692.8740  EPtot      =    -57323.4164
 BOND   =       339.3546  ANGLE   =      1037.2597  DIHED      =      1345.5083
 1-4 NB =       453.5126  1-4 EEL =      6264.2728  VDWAALS    =      7022.9522
 EELEC  =    -73872.2084  EHBOND  =         0.0000  RESTRAINT  =        85.9318
 EAMBER (non-restraint)  =    -57409.3482
 EKCMT  =         0.0000  VIRIAL  =         0.0000  VOLUME     =    203677.9209
                                                    Density    =         0.9542
 ------------------------------------------------------------------------------


 NSTEP =     3900   TIME(PS) =       3.900  TEMP(K) =   301.95  PRESS =     0.0
 Etot   =    -45644.3587  EKtot   =     11809.8691  EPtot      =    -57454.2278
 BOND   =       343.6349  ANGLE   =      1010.0319  DIHED      =      1327.6848
 1-4 NB =       453.3035  1-4 EEL =      6257.5793  VDWAALS    =      6973.3574
 EELEC  =    -73900.1585  EHBOND  =         0.0000  RESTRAINT  =        80.3389
 EAMBER (non-restraint)  =    -57534.5667
 EKCMT  =         0.0000  VIRIAL  =         0.0000  VOLUME     =    203677.9209
                                                    Density    =         0.9542
 ------------------------------------------------------------------------------


 NSTEP =     3950   TIME(PS) =       3.950  TEMP(K) =   304.07  PRESS =     0.0
 Etot   =    -45560.5456  EKtot   =     11892.6016  EPtot      =    -57453.1471
 BOND   =       321.2381  ANGLE   =      1048.3550  DIHED      =      1331.9522
 1-4 NB =       430.0192  1-4 EEL =      6244.6910  VDWAALS    =      6903.4579
 EELEC  =    -73807.1927  EHBOND  =         0.0000  RESTRAINT  =        74.3322
 EAMBER (non-restraint)  =    -57527.4793
 EKCMT  =         0.0000  VIRIAL  =         0.0000  VOLUME     =    203677.9209
                                                    Density    =         0.9542
 ------------------------------------------------------------------------------


 NSTEP =     4000   TIME(PS) =       4.000  TEMP(K) =   303.50  PRESS =     0.0
 Etot   =    -45534.3013  EKtot   =     11870.2832  EPtot      =    -57404.5845
 BOND   =       348.4722  ANGLE   =      1014.3937  DIHED      =      1338.1843
 1-4 NB =       452.4175  1-4 EEL =      6266.9147  VDWAALS    =      6973.9634
 EELEC  =    -73869.7759  EHBOND  =         0.0000  RESTRAINT  =        70.8457
 EAMBER (non-restraint)  =    -57475.4301
 EKCMT  =         0.0000  VIRIAL  =         0.0000  VOLUME     =    203677.9209
                                                    Density    =         0.9542
 ------------------------------------------------------------------------------


 NSTEP =     4050   TIME(PS) =       4.050  TEMP(K) =   301.70  PRESS =     0.0
 Etot   =    -45587.2968  EKtot   =     11800.2354  EPtot      =    -57387.5322
 BOND   =       342.8055  ANGLE   =      1043.4754  DIHED      =      1344.0349
 1-4 NB =       448.5459  1-4 EEL =      6222.5531  VDWAALS    =      6820.4979
 EELEC  =    -73685.1310  EHBOND  =         0.0000  RESTRAINT  =        75.6862
 EAMBER (non-restraint)  =    -57463.2183
 EKCMT  =         0.0000  VIRIAL  =         0.0000  VOLUME     =    203677.9209
                                                    Density    =         0.9542
 ------------------------------------------------------------------------------


 NSTEP =     4100   TIME(PS) =       4.100  TEMP(K) =   298.65  PRESS =     0.0
 Etot   =    -45676.9868  EKtot   =     11680.8076  EPtot      =    -57357.7944
 BOND   =       333.5536  ANGLE   =      1049.1754  DIHED      =      1331.9412
 1-4 NB =       461.2894  1-4 EEL =      6281.3953  VDWAALS    =      6819.1437
 EELEC  =    -73716.7045  EHBOND  =         0.0000  RESTRAINT  =        82.4116
 EAMBER (non-restraint)  =    -57440.2060
 EKCMT  =         0.0000  VIRIAL  =         0.0000  VOLUME     =    203677.9209
                                                    Density    =         0.9542
 ------------------------------------------------------------------------------


 NSTEP =     4150   TIME(PS) =       4.150  TEMP(K) =   299.20  PRESS =     0.0
 Etot   =    -45790.5334  EKtot   =     11702.2100  EPtot      =    -57492.7434
 BOND   =       339.5173  ANGLE   =      1020.1394  DIHED      =      1340.0693
 1-4 NB =       440.5832  1-4 EEL =      6232.2268  VDWAALS    =      6716.9894
 EELEC  =    -73662.7914  EHBOND  =         0.0000  RESTRAINT  =        80.5227
 EAMBER (non-restraint)  =    -57573.2660
 EKCMT  =         0.0000  VIRIAL  =         0.0000  VOLUME     =    203677.9209
                                                    Density    =         0.9542
 ------------------------------------------------------------------------------


 NSTEP =     4200   TIME(PS) =       4.200  TEMP(K) =   296.68  PRESS =     0.0
 Etot   =    -45814.8929  EKtot   =     11603.5342  EPtot      =    -57418.4271
 BOND   =       358.0085  ANGLE   =       951.0952  DIHED      =      1346.3399
 1-4 NB =       458.0245  1-4 EEL =      6273.5868  VDWAALS    =      7273.7544
 EELEC  =    -74164.9297  EHBOND  =         0.0000  RESTRAINT  =        85.6933
 EAMBER (non-restraint)  =    -57504.1205
 EKCMT  =         0.0000  VIRIAL  =         0.0000  VOLUME     =    202208.3820
                                                    Density    =         0.9612
 ------------------------------------------------------------------------------


 NSTEP =     4250   TIME(PS) =       4.250  TEMP(K) =   300.99  PRESS =     0.0
 Etot   =    -45814.0755  EKtot   =     11772.1279  EPtot      =    -57586.2034
 BOND   =       332.3810  ANGLE   =      1026.8400  DIHED      =      1334.1024
 1-4 NB =       430.3310  1-4 EEL =      6235.4730  VDWAALS    =      7005.5111
 EELEC  =    -74044.4914  EHBOND  =         0.0000  RESTRAINT  =        93.6496
 EAMBER (non-restraint)  =    -57679.8530
 EKCMT  =         0.0000  VIRIAL  =         0.0000  VOLUME     =    202208.3820
                                                    Density    =         0.9612
 ------------------------------------------------------------------------------


 NSTEP =     4300   TIME(PS) =       4.300  TEMP(K) =   299.43  PRESS =     0.0
 Etot   =    -45869.6422  EKtot   =     11711.3252  EPtot      =    -57580.9674
 BOND   =       322.9160  ANGLE   =      1007.8107  DIHED      =      1328.2616
 1-4 NB =       455.1025  1-4 EEL =      6289.6486  VDWAALS    =      7023.0016
 EELEC  =    -74102.1509  EHBOND  =         0.0000  RESTRAINT  =        94.4424
 EAMBER (non-restraint)  =    -57675.4098
 EKCMT  =         0.0000  VIRIAL  =         0.0000  VOLUME     =    202208.3820
                                                    Density    =         0.9612
 ------------------------------------------------------------------------------


 NSTEP =     4350   TIME(PS) =       4.350  TEMP(K) =   297.63  PRESS =     0.0
 Etot   =    -45840.1875  EKtot   =     11640.7373  EPtot      =    -57480.9248
 BOND   =       368.8473  ANGLE   =      1013.0828  DIHED      =      1347.6181
 1-4 NB =       459.5194  1-4 EEL =      6290.0103  VDWAALS    =      6952.6385
 EELEC  =    -74002.9639  EHBOND  =         0.0000  RESTRAINT  =        90.3227
 EAMBER (non-restraint)  =    -57571.2474
 EKCMT  =         0.0000  VIRIAL  =         0.0000  VOLUME     =    202208.3820
                                                    Density    =         0.9612
 ------------------------------------------------------------------------------


 NSTEP =     4400   TIME(PS) =       4.400  TEMP(K) =   296.05  PRESS =     0.0
 Etot   =    -45850.9688  EKtot   =     11579.0303  EPtot      =    -57429.9990
 BOND   =       336.5192  ANGLE   =      1028.3001  DIHED      =      1360.2594
 1-4 NB =       432.6986  1-4 EEL =      6232.0838  VDWAALS    =      7032.1181
 EELEC  =    -73938.0947  EHBOND  =         0.0000  RESTRAINT  =        86.1164
 EAMBER (non-restraint)  =    -57516.1155
 EKCMT  =         0.0000  VIRIAL  =         0.0000  VOLUME     =    202208.3820
                                                    Density    =         0.9612
 ------------------------------------------------------------------------------


 NSTEP =     4450   TIME(PS) =       4.450  TEMP(K) =   299.94  PRESS =     0.0
 Etot   =    -45823.1466  EKtot   =     11731.2539  EPtot      =    -57554.4005
 BOND   =       325.7783  ANGLE   =       988.6511  DIHED      =      1353.0617
 1-4 NB =       458.0795  1-4 EEL =      6261.2450  VDWAALS    =      6869.1422
 EELEC  =    -73895.2533  EHBOND  =         0.0000  RESTRAINT  =        84.8950
 EAMBER (non-restraint)  =    -57639.2955
 EKCMT  =         0.0000  VIRIAL  =         0.0000  VOLUME     =    202208.3820
                                                    Density    =         0.9612
 ------------------------------------------------------------------------------


 NSTEP =     4500   TIME(PS) =       4.500  TEMP(K) =   303.45  PRESS =     0.0
 Etot   =    -45808.8258  EKtot   =     11868.3750  EPtot      =    -57677.2008
 BOND   =       351.1453  ANGLE   =       986.8033  DIHED      =      1350.4254
 1-4 NB =       448.0676  1-4 EEL =      6267.8152  VDWAALS    =      7483.8202
 EELEC  =    -74651.6978  EHBOND  =         0.0000  RESTRAINT  =        86.4200
 EAMBER (non-restraint)  =    -57763.6208
 EKCMT  =         0.0000  VIRIAL  =         0.0000  VOLUME     =    200866.0506
                                                    Density    =         0.9676
 ------------------------------------------------------------------------------


 NSTEP =     4550   TIME(PS) =       4.550  TEMP(K) =   302.32  PRESS =     0.0
 Etot   =    -45850.2110  EKtot   =     11824.3555  EPtot      =    -57674.5665
 BOND   =       361.4880  ANGLE   =      1020.5111  DIHED      =      1347.2428
 1-4 NB =       437.1364  1-4 EEL =      6233.9970  VDWAALS    =      7213.2797
 EELEC  =    -74370.7429  EHBOND  =         0.0000  RESTRAINT  =        82.5215
 EAMBER (non-restraint)  =    -57757.0880
 EKCMT  =         0.0000  VIRIAL  =         0.0000  VOLUME     =    200866.0506
                                                    Density    =         0.9676
 ------------------------------------------------------------------------------


 NSTEP =     4600   TIME(PS) =       4.600  TEMP(K) =   302.91  PRESS =     0.0
 Etot   =    -45882.5892  EKtot   =     11847.4023  EPtot      =    -57729.9915
 BOND   =       331.6418  ANGLE   =      1046.4142  DIHED      =      1335.1608
 1-4 NB =       471.6551  1-4 EEL =      6270.2773  VDWAALS    =      7215.7232
 EELEC  =    -74484.8232  EHBOND  =         0.0000  RESTRAINT  =        83.9594
 EAMBER (non-restraint)  =    -57813.9509
 EKCMT  =         0.0000  VIRIAL  =         0.0000  VOLUME     =    200866.0506
                                                    Density    =         0.9676
 ------------------------------------------------------------------------------


 NSTEP =     4650   TIME(PS) =       4.650  TEMP(K) =   301.27  PRESS =     0.0
 Etot   =    -45804.1104  EKtot   =     11783.3057  EPtot      =    -57587.4161
 BOND   =       332.6358  ANGLE   =      1022.4363  DIHED      =      1353.1660
 1-4 NB =       444.5617  1-4 EEL =      6250.0417  VDWAALS    =      7053.7497
 EELEC  =    -74135.2056  EHBOND  =         0.0000  RESTRAINT  =        91.1981
 EAMBER (non-restraint)  =    -57678.6142
 EKCMT  =         0.0000  VIRIAL  =         0.0000  VOLUME     =    200866.0506
                                                    Density    =         0.9676
 ------------------------------------------------------------------------------


 NSTEP =     4700   TIME(PS) =       4.700  TEMP(K) =   302.06  PRESS =     0.0
 Etot   =    -45748.7807  EKtot   =     11814.3164  EPtot      =    -57563.0971
 BOND   =       357.8675  ANGLE   =      1011.1329  DIHED      =      1354.8433
 1-4 NB =       447.3587  1-4 EEL =      6268.7510  VDWAALS    =      6912.0200
 EELEC  =    -74008.8903  EHBOND  =         0.0000  RESTRAINT  =        93.8197
 EAMBER (non-restraint)  =    -57656.9169
 EKCMT  =         0.0000  VIRIAL  =         0.0000  VOLUME     =    200866.0506
                                                    Density    =         0.9676
 ------------------------------------------------------------------------------


 NSTEP =     4750   TIME(PS) =       4.750  TEMP(K) =   303.04  PRESS =     0.0
 Etot   =    -45689.4504  EKtot   =     11852.3594  EPtot      =    -57541.8098
 BOND   =       342.7146  ANGLE   =      1017.1290  DIHED      =      1336.6746
 1-4 NB =       441.6409  1-4 EEL =      6251.8303  VDWAALS    =      6864.0405
 EELEC  =    -73877.5546  EHBOND  =         0.0000  RESTRAINT  =        81.7150
 EAMBER (non-restraint)  =    -57623.5248
 EKCMT  =         0.0000  VIRIAL  =         0.0000  VOLUME     =    200866.0506
                                                    Density    =         0.9676
 ------------------------------------------------------------------------------


 NSTEP =     4800   TIME(PS) =       4.800  TEMP(K) =   300.32  PRESS =     0.0
 Etot   =    -45703.3425  EKtot   =     11745.9736  EPtot      =    -57449.3162
 BOND   =       324.1543  ANGLE   =      1050.7702  DIHED      =      1347.0578
 1-4 NB =       454.0346  1-4 EEL =      6282.6242  VDWAALS    =      6741.4845
 EELEC  =    -73732.3501  EHBOND  =         0.0000  RESTRAINT  =        82.9083
 EAMBER (non-restraint)  =    -57532.2245
 EKCMT  =         0.0000  VIRIAL  =         0.0000  VOLUME     =    200866.0506
                                                    Density    =         0.9676
 ------------------------------------------------------------------------------


 NSTEP =     4850   TIME(PS) =       4.850  TEMP(K) =   301.31  PRESS =     0.0
 Etot   =    -45688.7004  EKtot   =     11784.9082  EPtot      =    -57473.6086
 BOND   =       311.8383  ANGLE   =      1046.9824  DIHED      =      1345.3997
 1-4 NB =       455.1010  1-4 EEL =      6263.0473  VDWAALS    =      6827.4966
 EELEC  =    -73808.4789  EHBOND  =         0.0000  RESTRAINT  =        85.0050
 EAMBER (non-restraint)  =    -57558.6136
 EKCMT  =         0.0000  VIRIAL  =         0.0000  VOLUME     =    200866.0506
                                                    Density    =         0.9676
 ------------------------------------------------------------------------------


 NSTEP =     4900   TIME(PS) =       4.900  TEMP(K) =   303.45  PRESS =     0.0
 Etot   =    -45689.9516  EKtot   =     11868.3320  EPtot      =    -57558.2837
 BOND   =       355.3632  ANGLE   =      1028.2154  DIHED      =      1322.9491
 1-4 NB =       447.1851  1-4 EEL =      6261.6254  VDWAALS    =      7232.8680
 EELEC  =    -74288.0689  EHBOND  =         0.0000  RESTRAINT  =        81.5790
 EAMBER (non-restraint)  =    -57639.8627
 EKCMT  =         0.0000  VIRIAL  =         0.0000  VOLUME     =    199915.3324
                                                    Density    =         0.9722
 ------------------------------------------------------------------------------


 NSTEP =     4950   TIME(PS) =       4.950  TEMP(K) =   304.32  PRESS =     0.0
 Etot   =    -45754.9486  EKtot   =     11902.6709  EPtot      =    -57657.6195
 BOND   =       369.0467  ANGLE   =      1024.8579  DIHED      =      1340.9740
 1-4 NB =       446.1095  1-4 EEL =      6248.1284  VDWAALS    =      6870.9554
 EELEC  =    -74040.7994  EHBOND  =         0.0000  RESTRAINT  =        83.1079
 EAMBER (non-restraint)  =    -57740.7274
 EKCMT  =         0.0000  VIRIAL  =         0.0000  VOLUME     =    199915.3324
                                                    Density    =         0.9722
 ------------------------------------------------------------------------------


 NSTEP =     5000   TIME(PS) =       5.000  TEMP(K) =   300.04  PRESS =     0.0
 Etot   =    -45942.1127  EKtot   =     11735.3271  EPtot      =    -57677.4398
 BOND   =       329.0474  ANGLE   =      1037.3421  DIHED      =      1337.3530
 1-4 NB =       451.6970  1-4 EEL =      6256.3533  VDWAALS    =      6892.2330
 EELEC  =    -74071.1504  EHBOND  =         0.0000  RESTRAINT  =        89.6849
 EAMBER (non-restraint)  =    -57767.1247
 EKCMT  =         0.0000  VIRIAL  =         0.0000  VOLUME     =    199736.3292
                                                    Density    =         0.9731
 ------------------------------------------------------------------------------


      A V E R A G E S   O V E R     100 S T E P S


 NSTEP =     5000   TIME(PS) =       5.000  TEMP(K) =   294.61  PRESS =     0.0
 Etot   =    -46139.2200  EKtot   =     11522.7560  EPtot      =    -57661.9759
 BOND   =       334.1664  ANGLE   =      1009.8960  DIHED      =      1341.4335
 1-4 NB =       447.7930  1-4 EEL =      6259.1297  VDWAALS    =      7185.5137
 EELEC  =    -74319.5199  EHBOND  =         0.0000  RESTRAINT  =        79.6118
 EAMBER (non-restraint)  =    -57741.5877
 EKCMT  =         0.0000  VIRIAL  =         0.0000  VOLUME     =    210229.6344
                                                    Density    =         0.9253
 ------------------------------------------------------------------------------


      R M S  F L U C T U A T I O N S


 NSTEP =     5000   TIME(PS) =       5.000  TEMP(K) =    19.17  PRESS =     0.0
 Etot   =      2088.8948  EKtot   =       749.6521  EPtot      =      1354.8943
 BOND   =        23.5058  ANGLE   =        52.0670  DIHED      =        15.5437
 1-4 NB =        10.1677  1-4 EEL =        19.4073  VDWAALS    =       796.1269
 EELEC  =      2041.6479  EHBOND  =         0.0000  RESTRAINT  =         9.4540
 EAMBER (non-restraint)  =      1345.4403
 EKCMT  =         0.0000  VIRIAL  =         0.0000  VOLUME     =      6092.6094
                                                    Density    =         0.0270
 ------------------------------------------------------------------------------

| MC Barostat:         50 volume changes attempted.
| MC Barostat:         19 changes successful ( 38.00%)
 ------------------------------------------------------------------------------

--------------------------------------------------------------------------------
   5.  TIMINGS
--------------------------------------------------------------------------------

|  NonSetup CPU Time in Major Routines:
|
|     Routine           Sec        %
|     ------------------------------
|     Nonbond           0.48   17.02
|     Bond              0.00    0.00
|     Angle             0.00    0.00
|     Dihedral          0.00    0.00
|     Shake             0.03    1.03
|     RunMD             2.27   80.29
|     Other             0.05    1.66
|     ------------------------------
|     Total             2.83

|  PME Nonbond Pairlist CPU Time:
|
|     Routine              Sec        %
|     ---------------------------------
|     Set Up Cit           0.00    0.00
|     Build List           0.00    0.00
|     ---------------------------------
|     Total                0.00    0.00

|  PME Direct Force CPU Time:
|
|     Routine              Sec        %
|     ---------------------------------
|     NonBonded Calc       0.00    0.00
|     Exclude Masked       0.00    0.00
|     Other                0.00    0.12
|     ---------------------------------
|     Total                0.00    0.12

|  PME Reciprocal Force CPU Time:
|
|     Routine              Sec        %
|     ---------------------------------
|     1D bspline           0.00    0.00
|     Grid Charges         0.00    0.00
|     Scalar Sum           0.00    0.00
|     Gradient Sum         0.00    0.00
|     FFT                  0.00    0.00
|     ---------------------------------
|     Total                0.00    0.00

|  Final Performance Info:
|     -----------------------------------------------------
|     Average timings for last    5000 steps:
|     Elapsed(s) =       2.83 Per Step(ms) =       0.57
|         ns/day =     152.67   seconds/ns =     565.92
|
|     Average timings for all steps:
|     Elapsed(s) =       2.83 Per Step(ms) =       0.57
|         ns/day =     152.67   seconds/ns =     565.92
|     -----------------------------------------------------

|  Setup CPU time:            0.45 seconds
|  NonSetup CPU time:         2.83 seconds
|  Total CPU time:            3.27 seconds     0.00 hours

|  Setup wall time:           0    seconds
|  NonSetup wall time:        3    seconds
|  Total wall time:           3    seconds     0.00 hours
