
          -------------------------------------------------------
          Amber 18 PMEMD                              2018
          -------------------------------------------------------

| PMEMD implementation of SANDER, Release 18

| Run on 02/22/2021 at 14:06:22

|   Executable path: pmemd.cuda
| Working directory: /home/almacen/pbarletta/reobp/run/eol/pre
|          Hostname: Unknown
  [-O]verwriting output

File Assignments:
|   MDIN: step9.in                                                              
|  MDOUT: step9.out                                                             
| INPCRD: step8.rst7                                                            
|   PARM: ../../../top_files/eol.prmtop                                         
| RESTRT: step9.rst7                                                            
|   REFC: step5.rst7                                                            
|  MDVEL: mdvel                                                                 
|   MDEN: mden                                                                  
|  MDCRD: step9.nc                                                              
| MDINFO: step9.mdinfo                                                          
|  MDFRC: mdfrc                                                                 


 Here is the input file:

MD: step9.in                                                                   
 &cntrl                                                                        
   imin = 0, nstlim = 5000, dt = 0.002,                                        
   ntx = 5, irest = 1, ig = -1,                                                
   ntwx = 500, ntwv = 0, ioutfm = 0, ntxo = 1, ntpr = 50, ntwr = 500,          
   iwrap = 0, nscm = 1000,                                                     
   ntc = 2, ntf = 2, ntb = 2, cut = 8.0,                                       
   ntt = 3, gamma_ln = 5, temp0 = 300, tempi = 300,                            
   ntp = 1, barostat = 2, pres0 = 1.0,                                         
   ntr = 0,                                                                    
 &end                                                                          


Note: ig = -1. Setting random seed to   978086 based on wallclock time in 
      microseconds.
| irandom = 1, using AMBER's internal random number generator (default).
 
|--------------------- INFORMATION ----------------------
| GPU (CUDA) Version of PMEMD in use: NVIDIA GPU IN USE.
|                    Version 18.0.0
| 
|                      03/25/2018
| 
| Implementation by:
|                    Ross C. Walker     (SDSC)
|                    Scott Le Grand     (nVIDIA)
| 
| Version 18 performance extensions by:
|                    David Cerutti     (Rutgers)
| 
| Precision model in use:
|      [SPFP] - Single Precision Forces, 64-bit Fixed Point
|               Accumulation. (Default)
| 
|--------------------------------------------------------
 
|----------------- CITATION INFORMATION -----------------
|
|    When publishing work that utilized the CUDA version
|    of AMBER, please cite the following in addition to
|    the regular AMBER citations:
|
|  - Romelia Salomon-Ferrer; Andreas W. Goetz; Duncan
|    Poole; Scott Le Grand; Ross C. Walker "Routine
|    microsecond molecular dynamics simulations with
|    AMBER - Part II: Particle Mesh Ewald", J. Chem.
|    Theory Comput., 2013, 9 (9), pp3878-3888,
|    DOI: 10.1021/ct400314y.
|
|  - Andreas W. Goetz; Mark J. Williamson; Dong Xu;
|    Duncan Poole; Scott Le Grand; Ross C. Walker
|    "Routine microsecond molecular dynamics simulations
|    with AMBER - Part I: Generalized Born", J. Chem.
|    Theory Comput., 2012, 8 (5), pp1542-1555.
|
|  - Scott Le Grand; Andreas W. Goetz; Ross C. Walker
|    "SPFP: Speed without compromise - a mixed precision
|    model for GPU accelerated molecular dynamics
|    simulations.", Comp. Phys. Comm., 2013, 184
|    pp374-380, DOI: 10.1016/j.cpc.2012.09.022
|
|--------------------------------------------------------
 
|------------------- GPU DEVICE INFO --------------------
|
|            CUDA_VISIBLE_DEVICES: not set
|   CUDA Capable Devices Detected:      1
|           CUDA Device ID in use:      0
|                CUDA Device Name: GeForce GTX 1080 Ti
|     CUDA Device Global Mem Size:  11178 MB
| CUDA Device Num Multiprocessors:     28
|           CUDA Device Core Freq:   1.72 GHz
|
|--------------------------------------------------------
 
 
| Conditional Compilation Defines Used:
| PUBFFT
| BINTRAJ
| CUDA
| EMIL

| Largest sphere to fit in unit cell has radius =    25.604

| New format PARM file being parsed.
| Version =    1.000 Date = 02/22/21 Time = 12:43:47

| Note: 1-4 EEL scale factors are being read from the topology file.

| Note: 1-4 VDW scale factors are being read from the topology file.
| Duplicated    0 dihedrals

| Duplicated    0 dihedrals

--------------------------------------------------------------------------------
   1.  RESOURCE   USE: 
--------------------------------------------------------------------------------

 getting new box info from bottom of inpcrd
 NATOM  =   19204 NTYPES =      18 NBONH =   18248 MBONA  =     965
 NTHETH =    2360 MTHETA =    1297 NPHIH =    4513 MPHIA  =    3275
 NHPARM =       0 NPARM  =       0 NNB   =   34006 NRES   =    5852
 NBONA  =     965 NTHETA =    1297 NPHIA =    3275 NUMBND =      54
 NUMANG =     109 NPTRA  =      44 NATYP =      37 NPHB   =       1
 IFBOX  =       2 NMXRS  =      24 IFCAP =       0 NEXTRA =       0
 NCOPY  =       0

| Coordinate Index Table dimensions:    12   12   12
| Direct force subcell size =     5.2264    5.2264    5.2264

     BOX TYPE: TRUNCATED OCTAHEDRON

--------------------------------------------------------------------------------
   2.  CONTROL  DATA  FOR  THE  RUN
--------------------------------------------------------------------------------

default_name                                                                    

General flags:
     imin    =       0, nmropt  =       0

Nature and format of input:
     ntx     =       5, irest   =       1, ntrx    =       1

Nature and format of output:
     ntxo    =       1, ntpr    =      50, ntrx    =       1, ntwr    =     500
     iwrap   =       0, ntwx    =     500, ntwv    =       0, ntwe    =       0
     ioutfm  =       0, ntwprt  =       0, idecomp =       0, rbornstat=      0

Potential function:
     ntf     =       2, ntb     =       2, igb     =       0, nsnb    =      25
     ipol    =       0, gbsa    =       0, iesp    =       0
     dielc   =   1.00000, cut     =   8.00000, intdiel =   1.00000

Frozen or restrained atoms:
     ibelly  =       0, ntr     =       0

Molecular dynamics:
     nstlim  =      5000, nscm    =      1000, nrespa  =         1
     t       =   0.00000, dt      =   0.00200, vlimit  =  -1.00000

Langevin dynamics temperature regulation:
     ig      =  978086
     temp0   = 300.00000, tempi   = 300.00000, gamma_ln=   5.00000

Pressure regulation:
     ntp     =       1
     pres0   =   1.00000, comp    =  44.60000, taup    =   1.00000
     Monte-Carlo Barostat:
     mcbarint  =     100

SHAKE:
     ntc     =       2, jfastw  =       0
     tol     =   0.00001

| Intermolecular bonds treatment:
|     no_intermolecular_bonds =       1

| Energy averages sample interval:
|     ene_avg_sampling =      50

Ewald parameters:
     verbose =       0, ew_type =       0, nbflag  =       1, use_pme =       1
     vdwmeth =       1, eedmeth =       1, netfrc  =       1
     Box X =   62.717   Box Y =   62.717   Box Z =   62.717
     Alpha =  109.471   Beta  =  109.471   Gamma =  109.471
     NFFT1 =   64       NFFT2 =   64       NFFT3 =   64
     Cutoff=    8.000   Tol   =0.100E-04
     Ewald Coefficient =  0.34864
     Interpolation order =    4
| MONTE CARLO BAROSTAT IMPORTANT NOTE:
|   The Monte-Carlo barostat does not require the virial to adjust the system volume.
|   Since it is an expensive calculation, it is skipped for efficiency. A side-effect
|   is that the reported pressure is always 0 because it is not calculated.

--------------------------------------------------------------------------------
   3.  ATOMIC COORDINATES AND VELOCITIES
--------------------------------------------------------------------------------

default_name                                                                    
 begin time read from input coords =    20.000 ps

 
 Number of triangulated 3-point waters found:     5731

     Sum of charges from parm topology file =  -0.00000006
     Forcing neutrality...

| Dynamic Memory, Types Used:
| Reals              864122
| Integers           726904

| Nonbonded Pairs Initial Allocation:     3207548

| GPU memory information (estimate):
| KB of GPU memory in use:         0
| KB of CPU memory in use:         0

--------------------------------------------------------------------------------
   4.  RESULTS
--------------------------------------------------------------------------------


 NSTEP =       50   TIME(PS) =      20.100  TEMP(K) =   298.10  PRESS =     0.0
 Etot   =    -46687.8918  EKtot   =     11659.2725  EPtot      =    -58347.1642
 BOND   =       366.2487  ANGLE   =      1064.4402  DIHED      =      1352.3456
 1-4 NB =       463.2697  1-4 EEL =      6246.9811  VDWAALS    =      6989.6040
 EELEC  =    -74830.0536  EHBOND  =         0.0000  RESTRAINT  =         0.0000
 EKCMT  =         0.0000  VIRIAL  =         0.0000  VOLUME     =    189900.2698
                                                    Density    =         1.0235
 ------------------------------------------------------------------------------


 NSTEP =      100   TIME(PS) =      20.200  TEMP(K) =   304.69  PRESS =     0.0
 Etot   =    -46518.9731  EKtot   =     11916.9258  EPtot      =    -58435.8989
 BOND   =       379.3257  ANGLE   =      1049.9958  DIHED      =      1362.5930
 1-4 NB =       441.2461  1-4 EEL =      6232.9700  VDWAALS    =      7090.8304
 EELEC  =    -74992.8597  EHBOND  =         0.0000  RESTRAINT  =         0.0000
 EKCMT  =         0.0000  VIRIAL  =         0.0000  VOLUME     =    189900.2698
                                                    Density    =         1.0235
 ------------------------------------------------------------------------------


 NSTEP =      150   TIME(PS) =      20.300  TEMP(K) =   303.19  PRESS =     0.0
 Etot   =    -46467.4542  EKtot   =     11858.3418  EPtot      =    -58325.7960
 BOND   =       323.0296  ANGLE   =      1038.1020  DIHED      =      1338.5415
 1-4 NB =       455.4005  1-4 EEL =      6245.8165  VDWAALS    =      7105.7659
 EELEC  =    -74832.4520  EHBOND  =         0.0000  RESTRAINT  =         0.0000
 EKCMT  =         0.0000  VIRIAL  =         0.0000  VOLUME     =    189900.2698
                                                    Density    =         1.0235
 ------------------------------------------------------------------------------


 NSTEP =      200   TIME(PS) =      20.400  TEMP(K) =   299.10  PRESS =     0.0
 Etot   =    -46458.7610  EKtot   =     11698.4600  EPtot      =    -58157.2209
 BOND   =       344.2819  ANGLE   =      1085.4490  DIHED      =      1341.0827
 1-4 NB =       453.0231  1-4 EEL =      6222.8047  VDWAALS    =      6961.6711
 EELEC  =    -74565.5335  EHBOND  =         0.0000  RESTRAINT  =         0.0000
 EKCMT  =         0.0000  VIRIAL  =         0.0000  VOLUME     =    189900.2698
                                                    Density    =         1.0235
 ------------------------------------------------------------------------------


 NSTEP =      250   TIME(PS) =      20.500  TEMP(K) =   300.47  PRESS =     0.0
 Etot   =    -46598.2435  EKtot   =     11751.8232  EPtot      =    -58350.0668
 BOND   =       346.7188  ANGLE   =      1049.3391  DIHED      =      1341.1576
 1-4 NB =       449.0995  1-4 EEL =      6240.8356  VDWAALS    =      6915.2196
 EELEC  =    -74692.4370  EHBOND  =         0.0000  RESTRAINT  =         0.0000
 EKCMT  =         0.0000  VIRIAL  =         0.0000  VOLUME     =    189900.2698
                                                    Density    =         1.0235
 ------------------------------------------------------------------------------


 NSTEP =      300   TIME(PS) =      20.600  TEMP(K) =   303.91  PRESS =     0.0
 Etot   =    -46451.7880  EKtot   =     11886.4902  EPtot      =    -58338.2782
 BOND   =       340.4229  ANGLE   =      1061.4861  DIHED      =      1360.3936
 1-4 NB =       438.6737  1-4 EEL =      6262.1463  VDWAALS    =      7216.0326
 EELEC  =    -75017.4334  EHBOND  =         0.0000  RESTRAINT  =         0.0000
 EKCMT  =         0.0000  VIRIAL  =         0.0000  VOLUME     =    189900.2698
                                                    Density    =         1.0235
 ------------------------------------------------------------------------------


 NSTEP =      350   TIME(PS) =      20.700  TEMP(K) =   300.59  PRESS =     0.0
 Etot   =    -46370.1262  EKtot   =     11756.7090  EPtot      =    -58126.8352
 BOND   =       369.9476  ANGLE   =      1066.6678  DIHED      =      1350.5425
 1-4 NB =       454.8000  1-4 EEL =      6254.5119  VDWAALS    =      7156.4173
 EELEC  =    -74779.7223  EHBOND  =         0.0000  RESTRAINT  =         0.0000
 EKCMT  =         0.0000  VIRIAL  =         0.0000  VOLUME     =    189900.2698
                                                    Density    =         1.0235
 ------------------------------------------------------------------------------


 NSTEP =      400   TIME(PS) =      20.800  TEMP(K) =   303.17  PRESS =     0.0
 Etot   =    -46437.0755  EKtot   =     11857.6719  EPtot      =    -58294.7473
 BOND   =       363.2689  ANGLE   =      1051.5655  DIHED      =      1352.9458
 1-4 NB =       464.3081  1-4 EEL =      6291.3210  VDWAALS    =      7031.0993
 EELEC  =    -74849.2559  EHBOND  =         0.0000  RESTRAINT  =         0.0000
 EKCMT  =         0.0000  VIRIAL  =         0.0000  VOLUME     =    189900.2698
                                                    Density    =         1.0235
 ------------------------------------------------------------------------------


 NSTEP =      450   TIME(PS) =      20.900  TEMP(K) =   302.05  PRESS =     0.0
 Etot   =    -46417.3538  EKtot   =     11813.8418  EPtot      =    -58231.1956
 BOND   =       354.6680  ANGLE   =      1066.0417  DIHED      =      1364.6421
 1-4 NB =       472.3420  1-4 EEL =      6236.3297  VDWAALS    =      6964.5529
 EELEC  =    -74689.7719  EHBOND  =         0.0000  RESTRAINT  =         0.0000
 EKCMT  =         0.0000  VIRIAL  =         0.0000  VOLUME     =    189900.2698
                                                    Density    =         1.0235
 ------------------------------------------------------------------------------


 NSTEP =      500   TIME(PS) =      21.000  TEMP(K) =   302.94  PRESS =     0.0
 Etot   =    -46281.5058  EKtot   =     11848.4922  EPtot      =    -58129.9980
 BOND   =       381.4345  ANGLE   =      1061.7823  DIHED      =      1365.8242
 1-4 NB =       451.5397  1-4 EEL =      6244.1518  VDWAALS    =      7009.3375
 EELEC  =    -74644.0681  EHBOND  =         0.0000  RESTRAINT  =         0.0000
 EKCMT  =         0.0000  VIRIAL  =         0.0000  VOLUME     =    189900.2698
                                                    Density    =         1.0235
 ------------------------------------------------------------------------------


 NSTEP =      550   TIME(PS) =      21.100  TEMP(K) =   300.12  PRESS =     0.0
 Etot   =    -46435.3909  EKtot   =     11738.4102  EPtot      =    -58173.8010
 BOND   =       374.4065  ANGLE   =      1121.6894  DIHED      =      1361.7806
 1-4 NB =       428.4807  1-4 EEL =      6169.5283  VDWAALS    =      6914.1762
 EELEC  =    -74543.8627  EHBOND  =         0.0000  RESTRAINT  =         0.0000
 EKCMT  =         0.0000  VIRIAL  =         0.0000  VOLUME     =    189900.2698
                                                    Density    =         1.0235
 ------------------------------------------------------------------------------


 NSTEP =      600   TIME(PS) =      21.200  TEMP(K) =   300.35  PRESS =     0.0
 Etot   =    -46460.7044  EKtot   =     11747.3750  EPtot      =    -58208.0794
 BOND   =       374.3471  ANGLE   =      1010.5913  DIHED      =      1362.4515
 1-4 NB =       449.4214  1-4 EEL =      6249.9116  VDWAALS    =      7140.4118
 EELEC  =    -74795.2141  EHBOND  =         0.0000  RESTRAINT  =         0.0000
 EKCMT  =         0.0000  VIRIAL  =         0.0000  VOLUME     =    189900.2698
                                                    Density    =         1.0235
 ------------------------------------------------------------------------------


 NSTEP =      650   TIME(PS) =      21.300  TEMP(K) =   296.63  PRESS =     0.0
 Etot   =    -46627.7380  EKtot   =     11601.9531  EPtot      =    -58229.6911
 BOND   =       355.6381  ANGLE   =      1103.4820  DIHED      =      1335.1652
 1-4 NB =       450.3358  1-4 EEL =      6260.1847  VDWAALS    =      7052.6728
 EELEC  =    -74787.1698  EHBOND  =         0.0000  RESTRAINT  =         0.0000
 EKCMT  =         0.0000  VIRIAL  =         0.0000  VOLUME     =    189900.2698
                                                    Density    =         1.0235
 ------------------------------------------------------------------------------


 NSTEP =      700   TIME(PS) =      21.400  TEMP(K) =   299.40  PRESS =     0.0
 Etot   =    -46579.1511  EKtot   =     11710.1680  EPtot      =    -58289.3191
 BOND   =       363.8956  ANGLE   =      1086.7801  DIHED      =      1339.2315
 1-4 NB =       456.9475  1-4 EEL =      6286.3027  VDWAALS    =      6822.6996
 EELEC  =    -74645.1760  EHBOND  =         0.0000  RESTRAINT  =         0.0000
 EKCMT  =         0.0000  VIRIAL  =         0.0000  VOLUME     =    189900.2698
                                                    Density    =         1.0235
 ------------------------------------------------------------------------------


 NSTEP =      750   TIME(PS) =      21.500  TEMP(K) =   299.18  PRESS =     0.0
 Etot   =    -46627.5610  EKtot   =     11701.6934  EPtot      =    -58329.2544
 BOND   =       368.5612  ANGLE   =      1085.1727  DIHED      =      1348.4160
 1-4 NB =       444.2376  1-4 EEL =      6256.8634  VDWAALS    =      7071.2792
 EELEC  =    -74903.7845  EHBOND  =         0.0000  RESTRAINT  =         0.0000
 EKCMT  =         0.0000  VIRIAL  =         0.0000  VOLUME     =    189900.2698
                                                    Density    =         1.0235
 ------------------------------------------------------------------------------


 NSTEP =      800   TIME(PS) =      21.600  TEMP(K) =   299.55  PRESS =     0.0
 Etot   =    -46535.9129  EKtot   =     11715.7910  EPtot      =    -58251.7039
 BOND   =       401.0014  ANGLE   =      1100.5869  DIHED      =      1326.8278
 1-4 NB =       446.0404  1-4 EEL =      6222.4264  VDWAALS    =      6988.9402
 EELEC  =    -74737.5269  EHBOND  =         0.0000  RESTRAINT  =         0.0000
 EKCMT  =         0.0000  VIRIAL  =         0.0000  VOLUME     =    189900.2698
                                                    Density    =         1.0235
 ------------------------------------------------------------------------------


 NSTEP =      850   TIME(PS) =      21.700  TEMP(K) =   301.38  PRESS =     0.0
 Etot   =    -46548.9200  EKtot   =     11787.7334  EPtot      =    -58336.6534
 BOND   =       345.8543  ANGLE   =      1098.1611  DIHED      =      1332.9665
 1-4 NB =       443.4974  1-4 EEL =      6271.0127  VDWAALS    =      7116.4714
 EELEC  =    -74944.6168  EHBOND  =         0.0000  RESTRAINT  =         0.0000
 EKCMT  =         0.0000  VIRIAL  =         0.0000  VOLUME     =    189900.2698
                                                    Density    =         1.0235
 ------------------------------------------------------------------------------


 NSTEP =      900   TIME(PS) =      21.800  TEMP(K) =   301.12  PRESS =     0.0
 Etot   =    -46767.8687  EKtot   =     11777.3691  EPtot      =    -58545.2378
 BOND   =       367.2219  ANGLE   =      1059.5133  DIHED      =      1352.9060
 1-4 NB =       444.1705  1-4 EEL =      6267.0500  VDWAALS    =      6817.2207
 EELEC  =    -74853.3203  EHBOND  =         0.0000  RESTRAINT  =         0.0000
 EKCMT  =         0.0000  VIRIAL  =         0.0000  VOLUME     =    190111.0130
                                                    Density    =         1.0223
 ------------------------------------------------------------------------------


 NSTEP =      950   TIME(PS) =      21.900  TEMP(K) =   298.26  PRESS =     0.0
 Etot   =    -46783.9619  EKtot   =     11665.3994  EPtot      =    -58449.3613
 BOND   =       376.0294  ANGLE   =      1049.3530  DIHED      =      1341.5434
 1-4 NB =       454.4325  1-4 EEL =      6270.0829  VDWAALS    =      6872.1868
 EELEC  =    -74812.9893  EHBOND  =         0.0000  RESTRAINT  =         0.0000
 EKCMT  =         0.0000  VIRIAL  =         0.0000  VOLUME     =    190111.0130
                                                    Density    =         1.0223
 ------------------------------------------------------------------------------

| MC Barostat: Decreasing size of volume moves

 NSTEP =     1000   TIME(PS) =      22.000  TEMP(K) =   294.43  PRESS =     0.0
 Etot   =    -46954.6045  EKtot   =     11515.7539  EPtot      =    -58470.3584
 BOND   =       386.3407  ANGLE   =      1041.9807  DIHED      =      1361.0505
 1-4 NB =       438.5067  1-4 EEL =      6283.7476  VDWAALS    =      6761.4888
 EELEC  =    -74743.4733  EHBOND  =         0.0000  RESTRAINT  =         0.0000
 EKCMT  =         0.0000  VIRIAL  =         0.0000  VOLUME     =    190111.0130
                                                    Density    =         1.0223
 ------------------------------------------------------------------------------


 NSTEP =     1050   TIME(PS) =      22.100  TEMP(K) =   298.50  PRESS =     0.0
 Etot   =    -46785.3467  EKtot   =     11674.9668  EPtot      =    -58460.3135
 BOND   =       360.8880  ANGLE   =      1058.5873  DIHED      =      1335.7903
 1-4 NB =       449.5094  1-4 EEL =      6243.6662  VDWAALS    =      7086.0198
 EELEC  =    -74994.7744  EHBOND  =         0.0000  RESTRAINT  =         0.0000
 EKCMT  =         0.0000  VIRIAL  =         0.0000  VOLUME     =    190111.0130
                                                    Density    =         1.0223
 ------------------------------------------------------------------------------


 NSTEP =     1100   TIME(PS) =      22.200  TEMP(K) =   300.66  PRESS =     0.0
 Etot   =    -46617.7705  EKtot   =     11759.2275  EPtot      =    -58376.9980
 BOND   =       349.7307  ANGLE   =      1070.5254  DIHED      =      1342.8527
 1-4 NB =       457.2275  1-4 EEL =      6312.7321  VDWAALS    =      6828.5936
 EELEC  =    -74738.6600  EHBOND  =         0.0000  RESTRAINT  =         0.0000
 EKCMT  =         0.0000  VIRIAL  =         0.0000  VOLUME     =    190510.2098
                                                    Density    =         1.0202
 ------------------------------------------------------------------------------


 NSTEP =     1150   TIME(PS) =      22.300  TEMP(K) =   301.85  PRESS =     0.0
 Etot   =    -46361.3055  EKtot   =     11805.9512  EPtot      =    -58167.2567
 BOND   =       366.7420  ANGLE   =      1094.4706  DIHED      =      1365.7432
 1-4 NB =       458.8340  1-4 EEL =      6248.2025  VDWAALS    =      6908.2997
 EELEC  =    -74609.5487  EHBOND  =         0.0000  RESTRAINT  =         0.0000
 EKCMT  =         0.0000  VIRIAL  =         0.0000  VOLUME     =    190510.2098
                                                    Density    =         1.0202
 ------------------------------------------------------------------------------


 NSTEP =     1200   TIME(PS) =      22.400  TEMP(K) =   302.84  PRESS =     0.0
 Etot   =    -46413.1903  EKtot   =     11844.7207  EPtot      =    -58257.9110
 BOND   =       358.1543  ANGLE   =      1094.7519  DIHED      =      1353.4741
 1-4 NB =       443.9189  1-4 EEL =      6283.2021  VDWAALS    =      7054.0913
 EELEC  =    -74845.5036  EHBOND  =         0.0000  RESTRAINT  =         0.0000
 EKCMT  =         0.0000  VIRIAL  =         0.0000  VOLUME     =    190510.2098
                                                    Density    =         1.0202
 ------------------------------------------------------------------------------


 NSTEP =     1250   TIME(PS) =      22.500  TEMP(K) =   297.34  PRESS =     0.0
 Etot   =    -46523.2131  EKtot   =     11629.3945  EPtot      =    -58152.6077
 BOND   =       366.2660  ANGLE   =      1067.3953  DIHED      =      1347.6749
 1-4 NB =       449.0200  1-4 EEL =      6246.5447  VDWAALS    =      7141.8581
 EELEC  =    -74771.3667  EHBOND  =         0.0000  RESTRAINT  =         0.0000
 EKCMT  =         0.0000  VIRIAL  =         0.0000  VOLUME     =    190510.2098
                                                    Density    =         1.0202
 ------------------------------------------------------------------------------


 NSTEP =     1300   TIME(PS) =      22.600  TEMP(K) =   300.04  PRESS =     0.0
 Etot   =    -46581.6142  EKtot   =     11735.0439  EPtot      =    -58316.6581
 BOND   =       347.1362  ANGLE   =      1085.7998  DIHED      =      1364.7522
 1-4 NB =       462.6318  1-4 EEL =      6287.1651  VDWAALS    =      7043.3934
 EELEC  =    -74907.5366  EHBOND  =         0.0000  RESTRAINT  =         0.0000
 EKCMT  =         0.0000  VIRIAL  =         0.0000  VOLUME     =    190510.2098
                                                    Density    =         1.0202
 ------------------------------------------------------------------------------


 NSTEP =     1350   TIME(PS) =      22.700  TEMP(K) =   300.75  PRESS =     0.0
 Etot   =    -46693.2887  EKtot   =     11762.7949  EPtot      =    -58456.0836
 BOND   =       343.9888  ANGLE   =      1073.3673  DIHED      =      1344.8846
 1-4 NB =       458.1779  1-4 EEL =      6265.1000  VDWAALS    =      6988.2872
 EELEC  =    -74929.8895  EHBOND  =         0.0000  RESTRAINT  =         0.0000
 EKCMT  =         0.0000  VIRIAL  =         0.0000  VOLUME     =    190510.2098
                                                    Density    =         1.0202
 ------------------------------------------------------------------------------


 NSTEP =     1400   TIME(PS) =      22.800  TEMP(K) =   300.04  PRESS =     0.0
 Etot   =    -46691.1345  EKtot   =     11735.1045  EPtot      =    -58426.2389
 BOND   =       343.1944  ANGLE   =      1053.5502  DIHED      =      1361.0709
 1-4 NB =       442.7487  1-4 EEL =      6226.0991  VDWAALS    =      6921.1118
 EELEC  =    -74774.0140  EHBOND  =         0.0000  RESTRAINT  =         0.0000
 EKCMT  =         0.0000  VIRIAL  =         0.0000  VOLUME     =    190510.2098
                                                    Density    =         1.0202
 ------------------------------------------------------------------------------


 NSTEP =     1450   TIME(PS) =      22.900  TEMP(K) =   296.97  PRESS =     0.0
 Etot   =    -46676.4854  EKtot   =     11615.2354  EPtot      =    -58291.7208
 BOND   =       335.8537  ANGLE   =      1072.6019  DIHED      =      1356.8074
 1-4 NB =       455.7194  1-4 EEL =      6249.6975  VDWAALS    =      6862.8639
 EELEC  =    -74625.2647  EHBOND  =         0.0000  RESTRAINT  =         0.0000
 EKCMT  =         0.0000  VIRIAL  =         0.0000  VOLUME     =    190510.2098
                                                    Density    =         1.0202
 ------------------------------------------------------------------------------


 NSTEP =     1500   TIME(PS) =      23.000  TEMP(K) =   302.38  PRESS =     0.0
 Etot   =    -46504.2690  EKtot   =     11826.5869  EPtot      =    -58330.8559
 BOND   =       352.3478  ANGLE   =      1070.2187  DIHED      =      1352.3941
 1-4 NB =       441.0457  1-4 EEL =      6238.8266  VDWAALS    =      6885.4370
 EELEC  =    -74671.1258  EHBOND  =         0.0000  RESTRAINT  =         0.0000
 EKCMT  =         0.0000  VIRIAL  =         0.0000  VOLUME     =    190510.2098
                                                    Density    =         1.0202
 ------------------------------------------------------------------------------


 NSTEP =     1550   TIME(PS) =      23.100  TEMP(K) =   299.48  PRESS =     0.0
 Etot   =    -46421.5536  EKtot   =     11713.1045  EPtot      =    -58134.6581
 BOND   =       334.0845  ANGLE   =      1079.6494  DIHED      =      1360.0131
 1-4 NB =       449.8270  1-4 EEL =      6234.5761  VDWAALS    =      7054.8066
 EELEC  =    -74647.6149  EHBOND  =         0.0000  RESTRAINT  =         0.0000
 EKCMT  =         0.0000  VIRIAL  =         0.0000  VOLUME     =    190510.2098
                                                    Density    =         1.0202
 ------------------------------------------------------------------------------


 NSTEP =     1600   TIME(PS) =      23.200  TEMP(K) =   301.56  PRESS =     0.0
 Etot   =    -46397.2290  EKtot   =     11794.4238  EPtot      =    -58191.6529
 BOND   =       335.6413  ANGLE   =      1034.3066  DIHED      =      1370.4968
 1-4 NB =       464.9320  1-4 EEL =      6279.3089  VDWAALS    =      7013.9589
 EELEC  =    -74690.2973  EHBOND  =         0.0000  RESTRAINT  =         0.0000
 EKCMT  =         0.0000  VIRIAL  =         0.0000  VOLUME     =    190510.2098
                                                    Density    =         1.0202
 ------------------------------------------------------------------------------


 NSTEP =     1650   TIME(PS) =      23.300  TEMP(K) =   300.58  PRESS =     0.0
 Etot   =    -46411.2998  EKtot   =     11756.2158  EPtot      =    -58167.5156
 BOND   =       356.8051  ANGLE   =      1093.8309  DIHED      =      1362.8006
 1-4 NB =       457.4224  1-4 EEL =      6264.5893  VDWAALS    =      7027.2276
 EELEC  =    -74730.1915  EHBOND  =         0.0000  RESTRAINT  =         0.0000
 EKCMT  =         0.0000  VIRIAL  =         0.0000  VOLUME     =    190510.2098
                                                    Density    =         1.0202
 ------------------------------------------------------------------------------


 NSTEP =     1700   TIME(PS) =      23.400  TEMP(K) =   303.45  PRESS =     0.0
 Etot   =    -46215.8252  EKtot   =     11868.3350  EPtot      =    -58084.1601
 BOND   =       350.0209  ANGLE   =      1092.3986  DIHED      =      1359.5930
 1-4 NB =       454.5341  1-4 EEL =      6257.6104  VDWAALS    =      6841.8111
 EELEC  =    -74440.1283  EHBOND  =         0.0000  RESTRAINT  =         0.0000
 EKCMT  =         0.0000  VIRIAL  =         0.0000  VOLUME     =    191272.9275
                                                    Density    =         1.0161
 ------------------------------------------------------------------------------


 NSTEP =     1750   TIME(PS) =      23.500  TEMP(K) =   301.67  PRESS =     0.0
 Etot   =    -46182.1575  EKtot   =     11798.7666  EPtot      =    -57980.9241
 BOND   =       366.5957  ANGLE   =      1081.5386  DIHED      =      1363.2309
 1-4 NB =       445.0898  1-4 EEL =      6261.1657  VDWAALS    =      6854.3167
 EELEC  =    -74352.8614  EHBOND  =         0.0000  RESTRAINT  =         0.0000
 EKCMT  =         0.0000  VIRIAL  =         0.0000  VOLUME     =    191272.9275
                                                    Density    =         1.0161
 ------------------------------------------------------------------------------


 NSTEP =     1800   TIME(PS) =      23.600  TEMP(K) =   305.10  PRESS =     0.0
 Etot   =    -46085.3273  EKtot   =     11932.9883  EPtot      =    -58018.3156
 BOND   =       355.1365  ANGLE   =      1084.3398  DIHED      =      1346.7643
 1-4 NB =       464.7452  1-4 EEL =      6237.8865  VDWAALS    =      6822.3662
 EELEC  =    -74329.5541  EHBOND  =         0.0000  RESTRAINT  =         0.0000
 EKCMT  =         0.0000  VIRIAL  =         0.0000  VOLUME     =    191272.9275
                                                    Density    =         1.0161
 ------------------------------------------------------------------------------


 NSTEP =     1850   TIME(PS) =      23.700  TEMP(K) =   302.51  PRESS =     0.0
 Etot   =    -46121.8838  EKtot   =     11831.8984  EPtot      =    -57953.7823
 BOND   =       353.1166  ANGLE   =      1075.6161  DIHED      =      1368.7782
 1-4 NB =       447.3656  1-4 EEL =      6267.4578  VDWAALS    =      6809.5427
 EELEC  =    -74275.6593  EHBOND  =         0.0000  RESTRAINT  =         0.0000
 EKCMT  =         0.0000  VIRIAL  =         0.0000  VOLUME     =    191272.9275
                                                    Density    =         1.0161
 ------------------------------------------------------------------------------


 NSTEP =     1900   TIME(PS) =      23.800  TEMP(K) =   301.87  PRESS =     0.0
 Etot   =    -46191.5682  EKtot   =     11806.7197  EPtot      =    -57998.2879
 BOND   =       353.7048  ANGLE   =      1042.9703  DIHED      =      1355.8360
 1-4 NB =       452.2911  1-4 EEL =      6251.5705  VDWAALS    =      6936.9220
 EELEC  =    -74391.5826  EHBOND  =         0.0000  RESTRAINT  =         0.0000
 EKCMT  =         0.0000  VIRIAL  =         0.0000  VOLUME     =    191272.9275
                                                    Density    =         1.0161
 ------------------------------------------------------------------------------


 NSTEP =     1950   TIME(PS) =      23.900  TEMP(K) =   301.34  PRESS =     0.0
 Etot   =    -46399.3081  EKtot   =     11786.1709  EPtot      =    -58185.4790
 BOND   =       376.3373  ANGLE   =      1074.1582  DIHED      =      1355.3513
 1-4 NB =       430.5685  1-4 EEL =      6259.3580  VDWAALS    =      6941.4834
 EELEC  =    -74622.7357  EHBOND  =         0.0000  RESTRAINT  =         0.0000
 EKCMT  =         0.0000  VIRIAL  =         0.0000  VOLUME     =    191272.9275
                                                    Density    =         1.0161
 ------------------------------------------------------------------------------

| MC Barostat: Decreasing size of volume moves

 NSTEP =     2000   TIME(PS) =      24.000  TEMP(K) =   298.45  PRESS =     0.0
 Etot   =    -46453.0713  EKtot   =     11672.9688  EPtot      =    -58126.0400
 BOND   =       358.7714  ANGLE   =      1050.8466  DIHED      =      1371.6036
 1-4 NB =       454.9622  1-4 EEL =      6270.3169  VDWAALS    =      7035.4625
 EELEC  =    -74668.0032  EHBOND  =         0.0000  RESTRAINT  =         0.0000
 EKCMT  =         0.0000  VIRIAL  =         0.0000  VOLUME     =    191272.9275
                                                    Density    =         1.0161
 ------------------------------------------------------------------------------


 NSTEP =     2050   TIME(PS) =      24.100  TEMP(K) =   297.09  PRESS =     0.0
 Etot   =    -46473.9833  EKtot   =     11619.7334  EPtot      =    -58093.7167
 BOND   =       364.5265  ANGLE   =      1054.7528  DIHED      =      1368.4442
 1-4 NB =       460.2304  1-4 EEL =      6280.8246  VDWAALS    =      7136.9043
 EELEC  =    -74759.3995  EHBOND  =         0.0000  RESTRAINT  =         0.0000
 EKCMT  =         0.0000  VIRIAL  =         0.0000  VOLUME     =    191272.9275
                                                    Density    =         1.0161
 ------------------------------------------------------------------------------


 NSTEP =     2100   TIME(PS) =      24.200  TEMP(K) =   295.76  PRESS =     0.0
 Etot   =    -46553.8732  EKtot   =     11567.7383  EPtot      =    -58121.6115
 BOND   =       368.3646  ANGLE   =      1090.3848  DIHED      =      1370.6594
 1-4 NB =       439.0060  1-4 EEL =      6283.9191  VDWAALS    =      7005.8835
 EELEC  =    -74679.8289  EHBOND  =         0.0000  RESTRAINT  =         0.0000
 EKCMT  =         0.0000  VIRIAL  =         0.0000  VOLUME     =    191272.9275
                                                    Density    =         1.0161
 ------------------------------------------------------------------------------


 NSTEP =     2150   TIME(PS) =      24.300  TEMP(K) =   302.49  PRESS =     0.0
 Etot   =    -46266.9148  EKtot   =     11830.8291  EPtot      =    -58097.7439
 BOND   =       368.2645  ANGLE   =      1064.4549  DIHED      =      1357.6667
 1-4 NB =       444.0601  1-4 EEL =      6313.6640  VDWAALS    =      7133.7545
 EELEC  =    -74779.6086  EHBOND  =         0.0000  RESTRAINT  =         0.0000
 EKCMT  =         0.0000  VIRIAL  =         0.0000  VOLUME     =    191272.9275
                                                    Density    =         1.0161
 ------------------------------------------------------------------------------


 NSTEP =     2200   TIME(PS) =      24.400  TEMP(K) =   303.73  PRESS =     0.0
 Etot   =    -46334.5026  EKtot   =     11879.3887  EPtot      =    -58213.8913
 BOND   =       336.3114  ANGLE   =      1078.8578  DIHED      =      1355.4718
 1-4 NB =       448.4691  1-4 EEL =      6269.5628  VDWAALS    =      7084.2097
 EELEC  =    -74786.7738  EHBOND  =         0.0000  RESTRAINT  =         0.0000
 EKCMT  =         0.0000  VIRIAL  =         0.0000  VOLUME     =    191272.9275
                                                    Density    =         1.0161
 ------------------------------------------------------------------------------


 NSTEP =     2250   TIME(PS) =      24.500  TEMP(K) =   299.07  PRESS =     0.0
 Etot   =    -46464.9399  EKtot   =     11697.3535  EPtot      =    -58162.2935
 BOND   =       359.1583  ANGLE   =      1044.3123  DIHED      =      1334.2793
 1-4 NB =       453.1573  1-4 EEL =      6262.3317  VDWAALS    =      7071.7806
 EELEC  =    -74687.3129  EHBOND  =         0.0000  RESTRAINT  =         0.0000
 EKCMT  =         0.0000  VIRIAL  =         0.0000  VOLUME     =    191272.9275
                                                    Density    =         1.0161
 ------------------------------------------------------------------------------


 NSTEP =     2300   TIME(PS) =      24.600  TEMP(K) =   299.51  PRESS =     0.0
 Etot   =    -46536.4255  EKtot   =     11714.2490  EPtot      =    -58250.6745
 BOND   =       344.2317  ANGLE   =      1049.0635  DIHED      =      1338.5871
 1-4 NB =       450.3784  1-4 EEL =      6289.4638  VDWAALS    =      6954.5911
 EELEC  =    -74676.9902  EHBOND  =         0.0000  RESTRAINT  =         0.0000
 EKCMT  =         0.0000  VIRIAL  =         0.0000  VOLUME     =    191272.9275
                                                    Density    =         1.0161
 ------------------------------------------------------------------------------


 NSTEP =     2350   TIME(PS) =      24.700  TEMP(K) =   301.71  PRESS =     0.0
 Etot   =    -46379.1289  EKtot   =     11800.3965  EPtot      =    -58179.5254
 BOND   =       362.3181  ANGLE   =      1050.5780  DIHED      =      1347.5568
 1-4 NB =       448.4530  1-4 EEL =      6294.6797  VDWAALS    =      6955.2294
 EELEC  =    -74638.3404  EHBOND  =         0.0000  RESTRAINT  =         0.0000
 EKCMT  =         0.0000  VIRIAL  =         0.0000  VOLUME     =    191272.9275
                                                    Density    =         1.0161
 ------------------------------------------------------------------------------


 NSTEP =     2400   TIME(PS) =      24.800  TEMP(K) =   302.22  PRESS =     0.0
 Etot   =    -46452.5514  EKtot   =     11820.3750  EPtot      =    -58272.9264
 BOND   =       323.4999  ANGLE   =      1063.1857  DIHED      =      1340.1420
 1-4 NB =       448.9556  1-4 EEL =      6315.5307  VDWAALS    =      7185.9622
 EELEC  =    -74950.2024  EHBOND  =         0.0000  RESTRAINT  =         0.0000
 EKCMT  =         0.0000  VIRIAL  =         0.0000  VOLUME     =    191272.9275
                                                    Density    =         1.0161
 ------------------------------------------------------------------------------


 NSTEP =     2450   TIME(PS) =      24.900  TEMP(K) =   300.40  PRESS =     0.0
 Etot   =    -46313.3256  EKtot   =     11749.1748  EPtot      =    -58062.5004
 BOND   =       386.9759  ANGLE   =      1067.4651  DIHED      =      1366.8175
 1-4 NB =       449.1347  1-4 EEL =      6291.3326  VDWAALS    =      6906.8353
 EELEC  =    -74531.0616  EHBOND  =         0.0000  RESTRAINT  =         0.0000
 EKCMT  =         0.0000  VIRIAL  =         0.0000  VOLUME     =    191272.9275
                                                    Density    =         1.0161
 ------------------------------------------------------------------------------


 NSTEP =     2500   TIME(PS) =      25.000  TEMP(K) =   302.54  PRESS =     0.0
 Etot   =    -46387.1989  EKtot   =     11832.7607  EPtot      =    -58219.9596
 BOND   =       364.7628  ANGLE   =      1048.1061  DIHED      =      1344.9946
 1-4 NB =       445.4389  1-4 EEL =      6280.9038  VDWAALS    =      6948.1098
 EELEC  =    -74652.2756  EHBOND  =         0.0000  RESTRAINT  =         0.0000
 EKCMT  =         0.0000  VIRIAL  =         0.0000  VOLUME     =    191272.9275
                                                    Density    =         1.0161
 ------------------------------------------------------------------------------


 NSTEP =     2550   TIME(PS) =      25.100  TEMP(K) =   300.02  PRESS =     0.0
 Etot   =    -46583.0205  EKtot   =     11734.4072  EPtot      =    -58317.4277
 BOND   =       365.4330  ANGLE   =      1085.8663  DIHED      =      1356.1320
 1-4 NB =       452.0736  1-4 EEL =      6288.4707  VDWAALS    =      6953.5718
 EELEC  =    -74818.9752  EHBOND  =         0.0000  RESTRAINT  =         0.0000
 EKCMT  =         0.0000  VIRIAL  =         0.0000  VOLUME     =    191272.9275
                                                    Density    =         1.0161
 ------------------------------------------------------------------------------


 NSTEP =     2600   TIME(PS) =      25.200  TEMP(K) =   300.38  PRESS =     0.0
 Etot   =    -46479.7471  EKtot   =     11748.4004  EPtot      =    -58228.1475
 BOND   =       371.1620  ANGLE   =      1043.9702  DIHED      =      1373.8715
 1-4 NB =       454.6600  1-4 EEL =      6276.4901  VDWAALS    =      7076.5061
 EELEC  =    -74824.8074  EHBOND  =         0.0000  RESTRAINT  =         0.0000
 EKCMT  =         0.0000  VIRIAL  =         0.0000  VOLUME     =    191272.9275
                                                    Density    =         1.0161
 ------------------------------------------------------------------------------


 NSTEP =     2650   TIME(PS) =      25.300  TEMP(K) =   298.76  PRESS =     0.0
 Etot   =    -46511.7159  EKtot   =     11684.9189  EPtot      =    -58196.6349
 BOND   =       354.5912  ANGLE   =      1055.3067  DIHED      =      1362.7445
 1-4 NB =       458.5085  1-4 EEL =      6312.3769  VDWAALS    =      7169.6657
 EELEC  =    -74909.8283  EHBOND  =         0.0000  RESTRAINT  =         0.0000
 EKCMT  =         0.0000  VIRIAL  =         0.0000  VOLUME     =    191272.9275
                                                    Density    =         1.0161
 ------------------------------------------------------------------------------


 NSTEP =     2700   TIME(PS) =      25.400  TEMP(K) =   300.18  PRESS =     0.0
 Etot   =    -46354.7667  EKtot   =     11740.6094  EPtot      =    -58095.3760
 BOND   =       350.2960  ANGLE   =      1053.2267  DIHED      =      1364.2338
 1-4 NB =       468.6289  1-4 EEL =      6308.2375  VDWAALS    =      7014.0851
 EELEC  =    -74654.0841  EHBOND  =         0.0000  RESTRAINT  =         0.0000
 EKCMT  =         0.0000  VIRIAL  =         0.0000  VOLUME     =    191272.9275
                                                    Density    =         1.0161
 ------------------------------------------------------------------------------


 NSTEP =     2750   TIME(PS) =      25.500  TEMP(K) =   302.06  PRESS =     0.0
 Etot   =    -46382.9034  EKtot   =     11814.2363  EPtot      =    -58197.1397
 BOND   =       342.2449  ANGLE   =      1073.2176  DIHED      =      1364.0634
 1-4 NB =       456.7358  1-4 EEL =      6255.7827  VDWAALS    =      7183.2079
 EELEC  =    -74872.3921  EHBOND  =         0.0000  RESTRAINT  =         0.0000
 EKCMT  =         0.0000  VIRIAL  =         0.0000  VOLUME     =    191272.9275
                                                    Density    =         1.0161
 ------------------------------------------------------------------------------


 NSTEP =     2800   TIME(PS) =      25.600  TEMP(K) =   299.13  PRESS =     0.0
 Etot   =    -46384.2689  EKtot   =     11699.7344  EPtot      =    -58084.0033
 BOND   =       350.4449  ANGLE   =      1050.1906  DIHED      =      1345.8044
 1-4 NB =       460.0198  1-4 EEL =      6269.1472  VDWAALS    =      7035.8796
 EELEC  =    -74595.4898  EHBOND  =         0.0000  RESTRAINT  =         0.0000
 EKCMT  =         0.0000  VIRIAL  =         0.0000  VOLUME     =    191272.9275
                                                    Density    =         1.0161
 ------------------------------------------------------------------------------


 NSTEP =     2850   TIME(PS) =      25.700  TEMP(K) =   303.63  PRESS =     0.0
 Etot   =    -46351.1468  EKtot   =     11875.7217  EPtot      =    -58226.8685
 BOND   =       348.2040  ANGLE   =      1038.9690  DIHED      =      1332.7786
 1-4 NB =       445.1324  1-4 EEL =      6286.3468  VDWAALS    =      7105.8190
 EELEC  =    -74784.1184  EHBOND  =         0.0000  RESTRAINT  =         0.0000
 EKCMT  =         0.0000  VIRIAL  =         0.0000  VOLUME     =    191272.9275
                                                    Density    =         1.0161
 ------------------------------------------------------------------------------


 NSTEP =     2900   TIME(PS) =      25.800  TEMP(K) =   302.13  PRESS =     0.0
 Etot   =    -46486.6223  EKtot   =     11817.0410  EPtot      =    -58303.6633
 BOND   =       314.7558  ANGLE   =      1100.9925  DIHED      =      1342.3844
 1-4 NB =       448.4310  1-4 EEL =      6264.2860  VDWAALS    =      6667.6060
 EELEC  =    -74442.1192  EHBOND  =         0.0000  RESTRAINT  =         0.0000
 EKCMT  =         0.0000  VIRIAL  =         0.0000  VOLUME     =    191155.9345
                                                    Density    =         1.0168
 ------------------------------------------------------------------------------


 NSTEP =     2950   TIME(PS) =      25.900  TEMP(K) =   301.54  PRESS =     0.0
 Etot   =    -46379.9841  EKtot   =     11793.9434  EPtot      =    -58173.9275
 BOND   =       345.0930  ANGLE   =      1044.9471  DIHED      =      1359.5176
 1-4 NB =       437.5342  1-4 EEL =      6253.3602  VDWAALS    =      6716.5252
 EELEC  =    -74330.9048  EHBOND  =         0.0000  RESTRAINT  =         0.0000
 EKCMT  =         0.0000  VIRIAL  =         0.0000  VOLUME     =    191155.9345
                                                    Density    =         1.0168
 ------------------------------------------------------------------------------

| MC Barostat: Decreasing size of volume moves

 NSTEP =     3000   TIME(PS) =      26.000  TEMP(K) =   299.60  PRESS =     0.0
 Etot   =    -46401.7597  EKtot   =     11718.0713  EPtot      =    -58119.8310
 BOND   =       354.2114  ANGLE   =      1076.6904  DIHED      =      1353.1996
 1-4 NB =       453.2114  1-4 EEL =      6275.4666  VDWAALS    =      6830.5785
 EELEC  =    -74463.1889  EHBOND  =         0.0000  RESTRAINT  =         0.0000
 EKCMT  =         0.0000  VIRIAL  =         0.0000  VOLUME     =    191155.9345
                                                    Density    =         1.0168
 ------------------------------------------------------------------------------


 NSTEP =     3050   TIME(PS) =      26.100  TEMP(K) =   300.60  PRESS =     0.0
 Etot   =    -46239.4254  EKtot   =     11757.1299  EPtot      =    -57996.5553
 BOND   =       351.5657  ANGLE   =      1087.1235  DIHED      =      1354.7387
 1-4 NB =       445.0360  1-4 EEL =      6284.7304  VDWAALS    =      6938.5092
 EELEC  =    -74458.2588  EHBOND  =         0.0000  RESTRAINT  =         0.0000
 EKCMT  =         0.0000  VIRIAL  =         0.0000  VOLUME     =    191155.9345
                                                    Density    =         1.0168
 ------------------------------------------------------------------------------


 NSTEP =     3100   TIME(PS) =      26.200  TEMP(K) =   300.21  PRESS =     0.0
 Etot   =    -46407.8147  EKtot   =     11741.7734  EPtot      =    -58149.5881
 BOND   =       384.9078  ANGLE   =      1091.4596  DIHED      =      1353.4127
 1-4 NB =       431.4367  1-4 EEL =      6234.5880  VDWAALS    =      6975.3868
 EELEC  =    -74620.7797  EHBOND  =         0.0000  RESTRAINT  =         0.0000
 EKCMT  =         0.0000  VIRIAL  =         0.0000  VOLUME     =    191155.9345
                                                    Density    =         1.0168
 ------------------------------------------------------------------------------


 NSTEP =     3150   TIME(PS) =      26.300  TEMP(K) =   299.02  PRESS =     0.0
 Etot   =    -46547.9558  EKtot   =     11695.3379  EPtot      =    -58243.2937
 BOND   =       342.9808  ANGLE   =      1090.4548  DIHED      =      1356.2701
 1-4 NB =       455.8731  1-4 EEL =      6241.6133  VDWAALS    =      7060.5654
 EELEC  =    -74791.0513  EHBOND  =         0.0000  RESTRAINT  =         0.0000
 EKCMT  =         0.0000  VIRIAL  =         0.0000  VOLUME     =    191155.9345
                                                    Density    =         1.0168
 ------------------------------------------------------------------------------


 NSTEP =     3200   TIME(PS) =      26.400  TEMP(K) =   300.11  PRESS =     0.0
 Etot   =    -46621.3819  EKtot   =     11737.7109  EPtot      =    -58359.0928
 BOND   =       356.8157  ANGLE   =      1097.3132  DIHED      =      1335.5962
 1-4 NB =       444.4598  1-4 EEL =      6263.8604  VDWAALS    =      6868.7797
 EELEC  =    -74725.9178  EHBOND  =         0.0000  RESTRAINT  =         0.0000
 EKCMT  =         0.0000  VIRIAL  =         0.0000  VOLUME     =    191155.9345
                                                    Density    =         1.0168
 ------------------------------------------------------------------------------


 NSTEP =     3250   TIME(PS) =      26.500  TEMP(K) =   297.98  PRESS =     0.0
 Etot   =    -46616.1669  EKtot   =     11654.4541  EPtot      =    -58270.6210
 BOND   =       357.6333  ANGLE   =      1048.3900  DIHED      =      1355.3195
 1-4 NB =       458.0258  1-4 EEL =      6265.7380  VDWAALS    =      7013.0190
 EELEC  =    -74768.7465  EHBOND  =         0.0000  RESTRAINT  =         0.0000
 EKCMT  =         0.0000  VIRIAL  =         0.0000  VOLUME     =    191155.9345
                                                    Density    =         1.0168
 ------------------------------------------------------------------------------


 NSTEP =     3300   TIME(PS) =      26.600  TEMP(K) =   301.93  PRESS =     0.0
 Etot   =    -46441.9339  EKtot   =     11808.9639  EPtot      =    -58250.8978
 BOND   =       355.7297  ANGLE   =      1077.9869  DIHED      =      1346.9354
 1-4 NB =       439.1530  1-4 EEL =      6241.8283  VDWAALS    =      7084.3665
 EELEC  =    -74796.8976  EHBOND  =         0.0000  RESTRAINT  =         0.0000
 EKCMT  =         0.0000  VIRIAL  =         0.0000  VOLUME     =    191155.9345
                                                    Density    =         1.0168
 ------------------------------------------------------------------------------


 NSTEP =     3350   TIME(PS) =      26.700  TEMP(K) =   301.27  PRESS =     0.0
 Etot   =    -46468.3671  EKtot   =     11783.1836  EPtot      =    -58251.5507
 BOND   =       364.8116  ANGLE   =      1082.5899  DIHED      =      1346.1952
 1-4 NB =       440.5106  1-4 EEL =      6264.3974  VDWAALS    =      7154.9740
 EELEC  =    -74905.0295  EHBOND  =         0.0000  RESTRAINT  =         0.0000
 EKCMT  =         0.0000  VIRIAL  =         0.0000  VOLUME     =    191155.9345
                                                    Density    =         1.0168
 ------------------------------------------------------------------------------


 NSTEP =     3400   TIME(PS) =      26.800  TEMP(K) =   302.80  PRESS =     0.0
 Etot   =    -46520.0415  EKtot   =     11843.1963  EPtot      =    -58363.2378
 BOND   =       330.5761  ANGLE   =      1075.9645  DIHED      =      1350.8168
 1-4 NB =       450.8884  1-4 EEL =      6267.5846  VDWAALS    =      7110.6923
 EELEC  =    -74949.7605  EHBOND  =         0.0000  RESTRAINT  =         0.0000
 EKCMT  =         0.0000  VIRIAL  =         0.0000  VOLUME     =    191155.9345
                                                    Density    =         1.0168
 ------------------------------------------------------------------------------


 NSTEP =     3450   TIME(PS) =      26.900  TEMP(K) =   302.10  PRESS =     0.0
 Etot   =    -46460.4342  EKtot   =     11815.5947  EPtot      =    -58276.0289
 BOND   =       350.2365  ANGLE   =      1079.0199  DIHED      =      1358.4540
 1-4 NB =       448.6961  1-4 EEL =      6261.5216  VDWAALS    =      7072.3860
 EELEC  =    -74846.3430  EHBOND  =         0.0000  RESTRAINT  =         0.0000
 EKCMT  =         0.0000  VIRIAL  =         0.0000  VOLUME     =    191155.9345
                                                    Density    =         1.0168
 ------------------------------------------------------------------------------


 NSTEP =     3500   TIME(PS) =      27.000  TEMP(K) =   301.50  PRESS =     0.0
 Etot   =    -46423.8194  EKtot   =     11792.2129  EPtot      =    -58216.0323
 BOND   =       360.4002  ANGLE   =      1045.2374  DIHED      =      1348.7060
 1-4 NB =       471.8870  1-4 EEL =      6277.6870  VDWAALS    =      7139.7698
 EELEC  =    -74859.7197  EHBOND  =         0.0000  RESTRAINT  =         0.0000
 EKCMT  =         0.0000  VIRIAL  =         0.0000  VOLUME     =    191181.4302
                                                    Density    =         1.0166
 ------------------------------------------------------------------------------


 NSTEP =     3550   TIME(PS) =      27.100  TEMP(K) =   300.02  PRESS =     0.0
 Etot   =    -46511.1396  EKtot   =     11734.4033  EPtot      =    -58245.5429
 BOND   =       353.4054  ANGLE   =      1051.3015  DIHED      =      1366.7589
 1-4 NB =       460.5152  1-4 EEL =      6282.7428  VDWAALS    =      7031.7048
 EELEC  =    -74791.9715  EHBOND  =         0.0000  RESTRAINT  =         0.0000
 EKCMT  =         0.0000  VIRIAL  =         0.0000  VOLUME     =    191181.4302
                                                    Density    =         1.0166
 ------------------------------------------------------------------------------


 NSTEP =     3600   TIME(PS) =      27.200  TEMP(K) =   298.64  PRESS =     0.0
 Etot   =    -46383.5202  EKtot   =     11680.2637  EPtot      =    -58063.7839
 BOND   =       352.6417  ANGLE   =      1117.3995  DIHED      =      1335.9909
 1-4 NB =       441.5385  1-4 EEL =      6283.4306  VDWAALS    =      6917.9810
 EELEC  =    -74512.7660  EHBOND  =         0.0000  RESTRAINT  =         0.0000
 EKCMT  =         0.0000  VIRIAL  =         0.0000  VOLUME     =    191181.4302
                                                    Density    =         1.0166
 ------------------------------------------------------------------------------


 NSTEP =     3650   TIME(PS) =      27.300  TEMP(K) =   298.57  PRESS =     0.0
 Etot   =    -46417.0210  EKtot   =     11677.6113  EPtot      =    -58094.6324
 BOND   =       372.0505  ANGLE   =      1099.0139  DIHED      =      1348.9423
 1-4 NB =       458.9880  1-4 EEL =      6297.2207  VDWAALS    =      7032.1269
 EELEC  =    -74702.9747  EHBOND  =         0.0000  RESTRAINT  =         0.0000
 EKCMT  =         0.0000  VIRIAL  =         0.0000  VOLUME     =    191181.4302
                                                    Density    =         1.0166
 ------------------------------------------------------------------------------


 NSTEP =     3700   TIME(PS) =      27.400  TEMP(K) =   299.95  PRESS =     0.0
 Etot   =    -46516.2396  EKtot   =     11731.5879  EPtot      =    -58247.8275
 BOND   =       378.5065  ANGLE   =      1098.8191  DIHED      =      1354.1467
 1-4 NB =       449.6039  1-4 EEL =      6245.4472  VDWAALS    =      6987.9926
 EELEC  =    -74762.3435  EHBOND  =         0.0000  RESTRAINT  =         0.0000
 EKCMT  =         0.0000  VIRIAL  =         0.0000  VOLUME     =    191181.4302
                                                    Density    =         1.0166
 ------------------------------------------------------------------------------


 NSTEP =     3750   TIME(PS) =      27.500  TEMP(K) =   299.58  PRESS =     0.0
 Etot   =    -46535.7640  EKtot   =     11717.2812  EPtot      =    -58253.0452
 BOND   =       359.6618  ANGLE   =      1065.7920  DIHED      =      1359.9424
 1-4 NB =       457.3408  1-4 EEL =      6258.1365  VDWAALS    =      6955.0311
 EELEC  =    -74708.9498  EHBOND  =         0.0000  RESTRAINT  =         0.0000
 EKCMT  =         0.0000  VIRIAL  =         0.0000  VOLUME     =    191181.4302
                                                    Density    =         1.0166
 ------------------------------------------------------------------------------


 NSTEP =     3800   TIME(PS) =      27.600  TEMP(K) =   298.55  PRESS =     0.0
 Etot   =    -46502.8206  EKtot   =     11676.6982  EPtot      =    -58179.5189
 BOND   =       349.1525  ANGLE   =      1070.2809  DIHED      =      1348.6480
 1-4 NB =       440.8811  1-4 EEL =      6287.5441  VDWAALS    =      7012.7046
 EELEC  =    -74688.7300  EHBOND  =         0.0000  RESTRAINT  =         0.0000
 EKCMT  =         0.0000  VIRIAL  =         0.0000  VOLUME     =    191141.8605
                                                    Density    =         1.0168
 ------------------------------------------------------------------------------


 NSTEP =     3850   TIME(PS) =      27.700  TEMP(K) =   297.20  PRESS =     0.0
 Etot   =    -46463.9378  EKtot   =     11624.1055  EPtot      =    -58088.0433
 BOND   =       381.3390  ANGLE   =      1071.3558  DIHED      =      1335.9074
 1-4 NB =       441.5118  1-4 EEL =      6259.1221  VDWAALS    =      6953.0468
 EELEC  =    -74530.3260  EHBOND  =         0.0000  RESTRAINT  =         0.0000
 EKCMT  =         0.0000  VIRIAL  =         0.0000  VOLUME     =    191141.8605
                                                    Density    =         1.0168
 ------------------------------------------------------------------------------


 NSTEP =     3900   TIME(PS) =      27.800  TEMP(K) =   297.79  PRESS =     0.0
 Etot   =    -46614.9264  EKtot   =     11647.0752  EPtot      =    -58262.0016
 BOND   =       350.7492  ANGLE   =      1051.6846  DIHED      =      1329.7037
 1-4 NB =       457.8766  1-4 EEL =      6285.4074  VDWAALS    =      6942.0513
 EELEC  =    -74679.4744  EHBOND  =         0.0000  RESTRAINT  =         0.0000
 EKCMT  =         0.0000  VIRIAL  =         0.0000  VOLUME     =    191141.8605
                                                    Density    =         1.0168
 ------------------------------------------------------------------------------


 NSTEP =     3950   TIME(PS) =      27.900  TEMP(K) =   299.82  PRESS =     0.0
 Etot   =    -46683.4611  EKtot   =     11726.4043  EPtot      =    -58409.8654
 BOND   =       344.9491  ANGLE   =       993.9915  DIHED      =      1361.6810
 1-4 NB =       453.8201  1-4 EEL =      6264.3826  VDWAALS    =      6954.0158
 EELEC  =    -74782.7056  EHBOND  =         0.0000  RESTRAINT  =         0.0000
 EKCMT  =         0.0000  VIRIAL  =         0.0000  VOLUME     =    191141.8605
                                                    Density    =         1.0168
 ------------------------------------------------------------------------------


 NSTEP =     4000   TIME(PS) =      28.000  TEMP(K) =   299.40  PRESS =     0.0
 Etot   =    -46584.9889  EKtot   =     11709.9424  EPtot      =    -58294.9313
 BOND   =       364.6000  ANGLE   =      1068.9312  DIHED      =      1328.4128
 1-4 NB =       443.2831  1-4 EEL =      6290.1043  VDWAALS    =      7003.9081
 EELEC  =    -74794.1709  EHBOND  =         0.0000  RESTRAINT  =         0.0000
 EKCMT  =         0.0000  VIRIAL  =         0.0000  VOLUME     =    190678.2863
                                                    Density    =         1.0193
 ------------------------------------------------------------------------------


 NSTEP =     4050   TIME(PS) =      28.100  TEMP(K) =   296.12  PRESS =     0.0
 Etot   =    -46768.6333  EKtot   =     11581.9414  EPtot      =    -58350.5747
 BOND   =       352.3277  ANGLE   =      1073.2153  DIHED      =      1331.4294
 1-4 NB =       444.1920  1-4 EEL =      6283.9138  VDWAALS    =      7082.2685
 EELEC  =    -74917.9214  EHBOND  =         0.0000  RESTRAINT  =         0.0000
 EKCMT  =         0.0000  VIRIAL  =         0.0000  VOLUME     =    190678.2863
                                                    Density    =         1.0193
 ------------------------------------------------------------------------------


 NSTEP =     4100   TIME(PS) =      28.200  TEMP(K) =   297.78  PRESS =     0.0
 Etot   =    -46712.3389  EKtot   =     11646.6230  EPtot      =    -58358.9620
 BOND   =       345.9304  ANGLE   =      1086.9735  DIHED      =      1338.2072
 1-4 NB =       446.5382  1-4 EEL =      6234.5176  VDWAALS    =      6928.8801
 EELEC  =    -74740.0090  EHBOND  =         0.0000  RESTRAINT  =         0.0000
 EKCMT  =         0.0000  VIRIAL  =         0.0000  VOLUME     =    190678.2863
                                                    Density    =         1.0193
 ------------------------------------------------------------------------------


 NSTEP =     4150   TIME(PS) =      28.300  TEMP(K) =   297.28  PRESS =     0.0
 Etot   =    -46673.6827  EKtot   =     11627.1006  EPtot      =    -58300.7833
 BOND   =       339.5114  ANGLE   =      1062.2063  DIHED      =      1338.4532
 1-4 NB =       451.3206  1-4 EEL =      6280.6436  VDWAALS    =      7197.5682
 EELEC  =    -74970.4864  EHBOND  =         0.0000  RESTRAINT  =         0.0000
 EKCMT  =         0.0000  VIRIAL  =         0.0000  VOLUME     =    190678.2863
                                                    Density    =         1.0193
 ------------------------------------------------------------------------------


 NSTEP =     4200   TIME(PS) =      28.400  TEMP(K) =   298.39  PRESS =     0.0
 Etot   =    -46704.4231  EKtot   =     11670.6377  EPtot      =    -58375.0608
 BOND   =       342.3425  ANGLE   =      1066.9617  DIHED      =      1323.0796
 1-4 NB =       433.4757  1-4 EEL =      6263.5452  VDWAALS    =      7168.9200
 EELEC  =    -74973.3855  EHBOND  =         0.0000  RESTRAINT  =         0.0000
 EKCMT  =         0.0000  VIRIAL  =         0.0000  VOLUME     =    190678.2863
                                                    Density    =         1.0193
 ------------------------------------------------------------------------------


 NSTEP =     4250   TIME(PS) =      28.500  TEMP(K) =   297.25  PRESS =     0.0
 Etot   =    -46679.8866  EKtot   =     11626.1230  EPtot      =    -58306.0096
 BOND   =       360.0128  ANGLE   =      1091.0562  DIHED      =      1357.7927
 1-4 NB =       437.0538  1-4 EEL =      6264.4863  VDWAALS    =      6949.9372
 EELEC  =    -74766.3486  EHBOND  =         0.0000  RESTRAINT  =         0.0000
 EKCMT  =         0.0000  VIRIAL  =         0.0000  VOLUME     =    190678.2863
                                                    Density    =         1.0193
 ------------------------------------------------------------------------------


 NSTEP =     4300   TIME(PS) =      28.600  TEMP(K) =   297.99  PRESS =     0.0
 Etot   =    -46679.3050  EKtot   =     11654.8301  EPtot      =    -58334.1351
 BOND   =       356.0943  ANGLE   =      1050.5916  DIHED      =      1378.5838
 1-4 NB =       447.7998  1-4 EEL =      6281.6916  VDWAALS    =      6915.8164
 EELEC  =    -74764.7125  EHBOND  =         0.0000  RESTRAINT  =         0.0000
 EKCMT  =         0.0000  VIRIAL  =         0.0000  VOLUME     =    190851.4747
                                                    Density    =         1.0184
 ------------------------------------------------------------------------------


 NSTEP =     4350   TIME(PS) =      28.700  TEMP(K) =   298.39  PRESS =     0.0
 Etot   =    -46708.9739  EKtot   =     11670.5898  EPtot      =    -58379.5637
 BOND   =       336.1700  ANGLE   =      1051.8592  DIHED      =      1332.0805
 1-4 NB =       448.4574  1-4 EEL =      6254.6911  VDWAALS    =      7067.9903
 EELEC  =    -74870.8123  EHBOND  =         0.0000  RESTRAINT  =         0.0000
 EKCMT  =         0.0000  VIRIAL  =         0.0000  VOLUME     =    190851.4747
                                                    Density    =         1.0184
 ------------------------------------------------------------------------------


 NSTEP =     4400   TIME(PS) =      28.800  TEMP(K) =   298.80  PRESS =     0.0
 Etot   =    -46634.7748  EKtot   =     11686.5146  EPtot      =    -58321.2895
 BOND   =       359.1596  ANGLE   =      1056.2743  DIHED      =      1363.5013
 1-4 NB =       448.1116  1-4 EEL =      6296.5299  VDWAALS    =      6857.4495
 EELEC  =    -74702.3158  EHBOND  =         0.0000  RESTRAINT  =         0.0000
 EKCMT  =         0.0000  VIRIAL  =         0.0000  VOLUME     =    191281.0807
                                                    Density    =         1.0161
 ------------------------------------------------------------------------------


 NSTEP =     4450   TIME(PS) =      28.900  TEMP(K) =   299.71  PRESS =     0.0
 Etot   =    -46478.1898  EKtot   =     11722.2803  EPtot      =    -58200.4701
 BOND   =       373.2117  ANGLE   =      1089.1756  DIHED      =      1331.6956
 1-4 NB =       445.0205  1-4 EEL =      6290.6244  VDWAALS    =      7045.0641
 EELEC  =    -74775.2619  EHBOND  =         0.0000  RESTRAINT  =         0.0000
 EKCMT  =         0.0000  VIRIAL  =         0.0000  VOLUME     =    191281.0807
                                                    Density    =         1.0161
 ------------------------------------------------------------------------------


 NSTEP =     4500   TIME(PS) =      29.000  TEMP(K) =   301.94  PRESS =     0.0
 Etot   =    -46475.6159  EKtot   =     11809.5723  EPtot      =    -58285.1882
 BOND   =       368.6904  ANGLE   =      1078.7989  DIHED      =      1363.9567
 1-4 NB =       456.5399  1-4 EEL =      6280.7378  VDWAALS    =      7110.7635
 EELEC  =    -74944.6754  EHBOND  =         0.0000  RESTRAINT  =         0.0000
 EKCMT  =         0.0000  VIRIAL  =         0.0000  VOLUME     =    191281.0807
                                                    Density    =         1.0161
 ------------------------------------------------------------------------------


 NSTEP =     4550   TIME(PS) =      29.100  TEMP(K) =   300.27  PRESS =     0.0
 Etot   =    -46514.3236  EKtot   =     11744.0938  EPtot      =    -58258.4173
 BOND   =       339.9009  ANGLE   =      1099.7738  DIHED      =      1354.6254
 1-4 NB =       467.8608  1-4 EEL =      6245.7382  VDWAALS    =      7079.5788
 EELEC  =    -74845.8952  EHBOND  =         0.0000  RESTRAINT  =         0.0000
 EKCMT  =         0.0000  VIRIAL  =         0.0000  VOLUME     =    191281.0807
                                                    Density    =         1.0161
 ------------------------------------------------------------------------------


 NSTEP =     4600   TIME(PS) =      29.200  TEMP(K) =   297.04  PRESS =     0.0
 Etot   =    -46597.9348  EKtot   =     11617.7402  EPtot      =    -58215.6750
 BOND   =       352.2543  ANGLE   =      1062.1722  DIHED      =      1330.6784
 1-4 NB =       451.5778  1-4 EEL =      6273.9124  VDWAALS    =      6923.0158
 EELEC  =    -74609.2860  EHBOND  =         0.0000  RESTRAINT  =         0.0000
 EKCMT  =         0.0000  VIRIAL  =         0.0000  VOLUME     =    191281.0807
                                                    Density    =         1.0161
 ------------------------------------------------------------------------------


 NSTEP =     4650   TIME(PS) =      29.300  TEMP(K) =   299.50  PRESS =     0.0
 Etot   =    -46409.2983  EKtot   =     11713.9932  EPtot      =    -58123.2915
 BOND   =       358.4922  ANGLE   =      1098.8137  DIHED      =      1366.5403
 1-4 NB =       434.6890  1-4 EEL =      6227.1005  VDWAALS    =      6891.7431
 EELEC  =    -74500.6703  EHBOND  =         0.0000  RESTRAINT  =         0.0000
 EKCMT  =         0.0000  VIRIAL  =         0.0000  VOLUME     =    191281.0807
                                                    Density    =         1.0161
 ------------------------------------------------------------------------------


 NSTEP =     4700   TIME(PS) =      29.400  TEMP(K) =   300.19  PRESS =     0.0
 Etot   =    -46486.1963  EKtot   =     11740.8896  EPtot      =    -58227.0859
 BOND   =       357.0754  ANGLE   =      1041.2964  DIHED      =      1355.3442
 1-4 NB =       456.1993  1-4 EEL =      6291.0834  VDWAALS    =      6976.4474
 EELEC  =    -74704.5321  EHBOND  =         0.0000  RESTRAINT  =         0.0000
 EKCMT  =         0.0000  VIRIAL  =         0.0000  VOLUME     =    191281.0807
                                                    Density    =         1.0161
 ------------------------------------------------------------------------------


 NSTEP =     4750   TIME(PS) =      29.500  TEMP(K) =   298.34  PRESS =     0.0
 Etot   =    -46593.1420  EKtot   =     11668.4512  EPtot      =    -58261.5931
 BOND   =       334.4032  ANGLE   =      1088.0499  DIHED      =      1359.8167
 1-4 NB =       455.0064  1-4 EEL =      6271.3652  VDWAALS    =      7143.8586
 EELEC  =    -74914.0931  EHBOND  =         0.0000  RESTRAINT  =         0.0000
 EKCMT  =         0.0000  VIRIAL  =         0.0000  VOLUME     =    191281.0807
                                                    Density    =         1.0161
 ------------------------------------------------------------------------------


 NSTEP =     4800   TIME(PS) =      29.600  TEMP(K) =   300.88  PRESS =     0.0
 Etot   =    -46536.3312  EKtot   =     11767.7988  EPtot      =    -58304.1300
 BOND   =       347.3085  ANGLE   =      1023.2656  DIHED      =      1363.7432
 1-4 NB =       443.9888  1-4 EEL =      6237.5094  VDWAALS    =      7125.6985
 EELEC  =    -74845.6441  EHBOND  =         0.0000  RESTRAINT  =         0.0000
 EKCMT  =         0.0000  VIRIAL  =         0.0000  VOLUME     =    191281.0807
                                                    Density    =         1.0161
 ------------------------------------------------------------------------------


 NSTEP =     4850   TIME(PS) =      29.700  TEMP(K) =   298.82  PRESS =     0.0
 Etot   =    -46548.1302  EKtot   =     11687.3203  EPtot      =    -58235.4505
 BOND   =       354.8576  ANGLE   =      1057.0070  DIHED      =      1354.9731
 1-4 NB =       454.2383  1-4 EEL =      6278.9645  VDWAALS    =      7065.8439
 EELEC  =    -74801.3349  EHBOND  =         0.0000  RESTRAINT  =         0.0000
 EKCMT  =         0.0000  VIRIAL  =         0.0000  VOLUME     =    191281.0807
                                                    Density    =         1.0161
 ------------------------------------------------------------------------------


 NSTEP =     4900   TIME(PS) =      29.800  TEMP(K) =   298.75  PRESS =     0.0
 Etot   =    -46475.7200  EKtot   =     11684.5303  EPtot      =    -58160.2503
 BOND   =       369.7853  ANGLE   =      1037.1935  DIHED      =      1375.0357
 1-4 NB =       449.1760  1-4 EEL =      6239.1639  VDWAALS    =      7042.1174
 EELEC  =    -74672.7221  EHBOND  =         0.0000  RESTRAINT  =         0.0000
 EKCMT  =         0.0000  VIRIAL  =         0.0000  VOLUME     =    190854.5236
                                                    Density    =         1.0184
 ------------------------------------------------------------------------------


 NSTEP =     4950   TIME(PS) =      29.900  TEMP(K) =   302.05  PRESS =     0.0
 Etot   =    -46540.3671  EKtot   =     11813.8721  EPtot      =    -58354.2392
 BOND   =       372.2829  ANGLE   =      1049.9831  DIHED      =      1383.0199
 1-4 NB =       459.4919  1-4 EEL =      6247.8325  VDWAALS    =      7079.8089
 EELEC  =    -74946.6583  EHBOND  =         0.0000  RESTRAINT  =         0.0000
 EKCMT  =         0.0000  VIRIAL  =         0.0000  VOLUME     =    190854.5236
                                                    Density    =         1.0184
 ------------------------------------------------------------------------------


 NSTEP =     5000   TIME(PS) =      30.000  TEMP(K) =   296.98  PRESS =     0.0
 Etot   =    -46442.0718  EKtot   =     11615.5371  EPtot      =    -58057.6089
 BOND   =       377.7274  ANGLE   =      1095.8499  DIHED      =      1351.7473
 1-4 NB =       463.7655  1-4 EEL =      6294.2097  VDWAALS    =      6973.9595
 EELEC  =    -74614.8681  EHBOND  =         0.0000  RESTRAINT  =         0.0000
 EKCMT  =         0.0000  VIRIAL  =         0.0000  VOLUME     =    190854.5236
                                                    Density    =         1.0184
 ------------------------------------------------------------------------------


      A V E R A G E S   O V E R     100 S T E P S


 NSTEP =     5000   TIME(PS) =      30.000  TEMP(K) =   300.11  PRESS =     0.0
 Etot   =    -46498.3711  EKtot   =     11738.0475  EPtot      =    -58236.4185
 BOND   =       356.8226  ANGLE   =      1068.6227  DIHED      =      1352.4255
 1-4 NB =       450.4839  1-4 EEL =      6265.6758  VDWAALS    =      7000.2838
 EELEC  =    -74730.7329  EHBOND  =         0.0000  RESTRAINT  =         0.0000
 EKCMT  =         0.0000  VIRIAL  =         0.0000  VOLUME     =    190820.9570
                                                    Density    =         1.0186
 ------------------------------------------------------------------------------


      R M S  F L U C T U A T I O N S


 NSTEP =     5000   TIME(PS) =      30.000  TEMP(K) =     2.07  PRESS =     0.0
 Etot   =       148.3085  EKtot   =        81.1445  EPtot      =       117.2265
 BOND   =        14.9304  ANGLE   =        22.2779  DIHED      =        12.7953
 1-4 NB =         8.8393  1-4 EEL =        23.6813  VDWAALS    =       111.3440
 EELEC  =       159.6519  EHBOND  =         0.0000  RESTRAINT  =         0.0000
 EKCMT  =         0.0000  VIRIAL  =         0.0000  VOLUME     =       522.2107
                                                    Density    =         0.0028
 ------------------------------------------------------------------------------

| MC Barostat:         50 volume changes attempted.
| MC Barostat:         10 changes successful ( 20.00%)
 ------------------------------------------------------------------------------

--------------------------------------------------------------------------------
   5.  TIMINGS
--------------------------------------------------------------------------------

|  NonSetup CPU Time in Major Routines:
|
|     Routine           Sec        %
|     ------------------------------
|     Nonbond           0.52   17.42
|     Bond              0.00    0.00
|     Angle             0.00    0.00
|     Dihedral          0.00    0.00
|     Shake             0.03    0.98
|     RunMD             2.39   80.04
|     Other             0.05    1.55
|     ------------------------------
|     Total             2.98

|  PME Nonbond Pairlist CPU Time:
|
|     Routine              Sec        %
|     ---------------------------------
|     Set Up Cit           0.00    0.00
|     Build List           0.00    0.00
|     ---------------------------------
|     Total                0.00    0.00

|  PME Direct Force CPU Time:
|
|     Routine              Sec        %
|     ---------------------------------
|     NonBonded Calc       0.00    0.00
|     Exclude Masked       0.00    0.00
|     Other                0.00    0.11
|     ---------------------------------
|     Total                0.00    0.11

|  PME Reciprocal Force CPU Time:
|
|     Routine              Sec        %
|     ---------------------------------
|     1D bspline           0.00    0.00
|     Grid Charges         0.00    0.00
|     Scalar Sum           0.00    0.00
|     Gradient Sum         0.00    0.00
|     FFT                  0.00    0.00
|     ---------------------------------
|     Total                0.00    0.00

|  Final Performance Info:
|     -----------------------------------------------------
|     Average timings for last    4950 steps:
|     Elapsed(s) =       2.96 Per Step(ms) =       0.60
|         ns/day =     288.69   seconds/ns =     299.29
|
|     Average timings for all steps:
|     Elapsed(s) =       2.98 Per Step(ms) =       0.60
|         ns/day =     289.49   seconds/ns =     298.46
|     -----------------------------------------------------

|  Setup CPU time:            0.45 seconds
|  NonSetup CPU time:         2.98 seconds
|  Total CPU time:            3.44 seconds     0.00 hours

|  Setup wall time:           0    seconds
|  NonSetup wall time:        3    seconds
|  Total wall time:           3    seconds     0.00 hours
