
          -------------------------------------------------------
          Amber 18 PMEMD                              2018
          -------------------------------------------------------

| PMEMD implementation of SANDER, Release 18

| Run on 02/22/2021 at 14:05:31

|   Executable path: pmemd.cuda_DPFP
| Working directory: /home/almacen/pbarletta/reobp/run/eol/pre
|          Hostname: Unknown
  [-O]verwriting output

File Assignments:
|   MDIN: step1.in                                                              
|  MDOUT: step1.out                                                             
| INPCRD: eol.rst7                                                              
|   PARM: ../../../top_files/eol.prmtop                                         
| RESTRT: step1.rst7                                                            
|   REFC: eol.rst7                                                              
|  MDVEL: mdvel                                                                 
|   MDEN: mden                                                                  
|  MDCRD: step1.nc                                                              
| MDINFO: step1.mdinfo                                                          
|  MDFRC: mdfrc                                                                 


 Here is the input file:

Minimization: step1.in                                                         
 &cntrl                                                                        
   imin = 1, ntmin = 1, maxcyc = 1000, ncyc = 200,                             
   ntwx = 500, ioutfm = 1, ntxo = 1, ntpr = 50, ntwr = 500,                    
   ntc = 1, ntf = 1, ntb = 1, cut = 8.0,                                       
   ntr = 1, restraintmask = ":1-119&!@H=|:120", restraint_wt = 5.0,            
 &end                                                                          


Note: ig = -1. Setting random seed to   208341 based on wallclock time in 
      microseconds.
| irandom = 1, using AMBER's internal random number generator (default).
 
|--------------------- INFORMATION ----------------------
| GPU (CUDA) Version of PMEMD in use: NVIDIA GPU IN USE.
|                    Version 18.0.0
| 
|                      03/25/2018
| 
| Implementation by:
|                    Ross C. Walker     (SDSC)
|                    Scott Le Grand     (nVIDIA)
| 
| Version 18 performance extensions by:
|                    David Cerutti     (Rutgers)
| 
| Precision model in use:
|      [DPFP] - Double Precision Forces, 64-bit Fixed point
|               Accumulation.
| 
|--------------------------------------------------------
 
|----------------- CITATION INFORMATION -----------------
|
|    When publishing work that utilized the CUDA version
|    of AMBER, please cite the following in addition to
|    the regular AMBER citations:
|
|  - Romelia Salomon-Ferrer; Andreas W. Goetz; Duncan
|    Poole; Scott Le Grand; Ross C. Walker "Routine
|    microsecond molecular dynamics simulations with
|    AMBER - Part II: Particle Mesh Ewald", J. Chem.
|    Theory Comput., 2013, 9 (9), pp3878-3888,
|    DOI: 10.1021/ct400314y.
|
|  - Andreas W. Goetz; Mark J. Williamson; Dong Xu;
|    Duncan Poole; Scott Le Grand; Ross C. Walker
|    "Routine microsecond molecular dynamics simulations
|    with AMBER - Part I: Generalized Born", J. Chem.
|    Theory Comput., 2012, 8 (5), pp1542-1555.
|
|--------------------------------------------------------
 
|------------------- GPU DEVICE INFO --------------------
|
|            CUDA_VISIBLE_DEVICES: not set
|   CUDA Capable Devices Detected:      1
|           CUDA Device ID in use:      0
|                CUDA Device Name: GeForce GTX 1080 Ti
|     CUDA Device Global Mem Size:  11178 MB
| CUDA Device Num Multiprocessors:     28
|           CUDA Device Core Freq:   1.72 GHz
|
|--------------------------------------------------------
 
 
| Conditional Compilation Defines Used:
| PUBFFT
| BINTRAJ
| CUDA
| EMIL

| Largest sphere to fit in unit cell has radius =    26.907

| New format PARM file being parsed.
| Version =    1.000 Date = 02/22/21 Time = 12:43:47

| Note: 1-4 EEL scale factors are being read from the topology file.

| Note: 1-4 VDW scale factors are being read from the topology file.
| Duplicated    0 dihedrals

| Duplicated    0 dihedrals

--------------------------------------------------------------------------------
   1.  RESOURCE   USE: 
--------------------------------------------------------------------------------

 getting new box info from bottom of inpcrd
 NATOM  =   19204 NTYPES =      18 NBONH =   18248 MBONA  =     965
 NTHETH =    2360 MTHETA =    1297 NPHIH =    4513 MPHIA  =    3275
 NHPARM =       0 NPARM  =       0 NNB   =   34006 NRES   =    5852
 NBONA  =     965 NTHETA =    1297 NPHIA =    3275 NUMBND =      54
 NUMANG =     109 NPTRA  =      44 NATYP =      37 NPHB   =       1
 IFBOX  =       2 NMXRS  =      24 IFCAP =       0 NEXTRA =       0
 NCOPY  =       0

| Coordinate Index Table dimensions:    13   13   13
| Direct force subcell size =     5.0699    5.0699    5.0699

     BOX TYPE: TRUNCATED OCTAHEDRON

--------------------------------------------------------------------------------
   2.  CONTROL  DATA  FOR  THE  RUN
--------------------------------------------------------------------------------

default_name                                                                    

General flags:
     imin    =       1, nmropt  =       0

Nature and format of input:
     ntx     =       1, irest   =       0, ntrx    =       1

Nature and format of output:
     ntxo    =       1, ntpr    =      50, ntrx    =       1, ntwr    =     500
     iwrap   =       0, ntwx    =     500, ntwv    =       0, ntwe    =       0
     ioutfm  =       1, ntwprt  =       0, idecomp =       0, rbornstat=      0

Potential function:
     ntf     =       1, ntb     =       1, igb     =       0, nsnb    =      25
     ipol    =       0, gbsa    =       0, iesp    =       0
     dielc   =   1.00000, cut     =   8.00000, intdiel =   1.00000

Frozen or restrained atoms:
     ibelly  =       0, ntr     =       1
     restraint_wt =   5.00000

Energy minimization:
     maxcyc  =    1000, ncyc    =     200, ntmin   =       1
     dx0     =   0.01000, drms    =   0.00010

| Intermolecular bonds treatment:
|     no_intermolecular_bonds =       1

| Energy averages sample interval:
|     ene_avg_sampling =       1

Ewald parameters:
     verbose =       0, ew_type =       0, nbflag  =       1, use_pme =       1
     vdwmeth =       1, eedmeth =       1, netfrc  =       0
     Box X =   65.908   Box Y =   65.908   Box Z =   65.908
     Alpha =  109.471   Beta  =  109.471   Gamma =  109.471
     NFFT1 =   64       NFFT2 =   64       NFFT3 =   64
     Cutoff=    8.000   Tol   =0.100E-04
     Ewald Coefficient =  0.34864
     Interpolation order =    4

    LOADING THE CONSTRAINED ATOMS AS GROUPS


   5.  REFERENCE ATOM COORDINATES

  default_name                                                                    
     Mask :1-119&!@H=|:120; matches   967 atoms

--------------------------------------------------------------------------------
   3.  ATOMIC COORDINATES AND VELOCITIES
--------------------------------------------------------------------------------

default_name                                                                    
 begin time read from input coords =     0.000 ps

 
 Number of triangulated 3-point waters found:     5731

     Sum of charges from parm topology file =  -0.00000006
     Forcing neutrality...

| Dynamic Memory, Types Used:
| Reals              623425
| Integers           696124

| Nonbonded Pairs Initial Allocation:     3207548

| GPU memory information (estimate):
| KB of GPU memory in use:         0
| KB of CPU memory in use:         0

--------------------------------------------------------------------------------
   4.  RESULTS
--------------------------------------------------------------------------------



   NSTEP       ENERGY          RMS            GMAX         NAME    NUMBER
      1      -5.0669E+04     1.3728E+01     7.7809E+02     HD2      1893

 BOND    =      305.0083  ANGLE   =      399.7668  DIHED      =     1199.7250
 VDWAALS =     4798.2927  EEL     =   -64288.8857  HBOND      =        0.0000
 1-4 VDW =      493.4754  1-4 EEL =     6423.7182  RESTRAINT  =        0.0000


   NSTEP       ENERGY          RMS            GMAX         NAME    NUMBER
     50      -6.1478E+04     1.4643E+00     1.5185E+01     H2       2239

 BOND    =     3218.3855  ANGLE   =      278.4020  DIHED      =     1210.5732
 VDWAALS =     4247.5247  EEL     =   -77212.6859  HBOND      =        0.0000
 1-4 VDW =      445.6668  1-4 EEL =     6318.5702  RESTRAINT  =       15.5377
 EAMBER  =   -61493.5634


   NSTEP       ENERGY          RMS            GMAX         NAME    NUMBER
    100      -6.4165E+04     9.3714E-01     1.1060E+01     H1       2070

 BOND    =     3590.0898  ANGLE   =      275.1956  DIHED      =     1209.6594
 VDWAALS =     4695.7185  EEL     =   -80700.3084  HBOND      =        0.0000
 1-4 VDW =      432.0962  1-4 EEL =     6304.2889  RESTRAINT  =       28.1188
 EAMBER  =   -64193.2599


   NSTEP       ENERGY          RMS            GMAX         NAME    NUMBER
    150      -6.5560E+04     7.3873E-01     8.6584E+00     H1       2106

 BOND    =     3680.6153  ANGLE   =      274.0782  DIHED      =     1208.5169
 VDWAALS =     5171.7774  EEL     =   -82656.2516  HBOND      =        0.0000
 1-4 VDW =      425.2603  1-4 EEL =     6298.7259  RESTRAINT  =       37.2482
 EAMBER  =   -65597.2777


   NSTEP       ENERGY          RMS            GMAX         NAME    NUMBER
    200      -6.6498E+04     8.7030E-01     3.5114E+01     OD1      1456

 BOND    =     3819.5094  ANGLE   =      274.3109  DIHED      =     1207.2634
 VDWAALS =     5624.8771  EEL     =   -84184.5863  HBOND      =        0.0000
 1-4 VDW =      420.7492  1-4 EEL =     6295.5850  RESTRAINT  =       44.0059
 EAMBER  =   -66542.2913


   NSTEP       ENERGY          RMS            GMAX         NAME    NUMBER
    250      -6.9444E+04     1.1848E+00     4.9894E+01     O        2258

 BOND    =     4439.6491  ANGLE   =      287.4759  DIHED      =     1200.9007
 VDWAALS =     8007.1240  EEL     =   -90167.8452  HBOND      =        0.0000
 1-4 VDW =      413.3670  1-4 EEL =     6297.5765  RESTRAINT  =       77.3725
 EAMBER  =   -69521.7520


   NSTEP       ENERGY          RMS            GMAX         NAME    NUMBER
    300      -7.0219E+04     1.0476E+00     5.0807E+01     OD1      1456

 BOND    =     4567.2948  ANGLE   =      289.3210  DIHED      =     1198.3994
 VDWAALS =     8519.2148  EEL     =   -91581.6015  HBOND      =        0.0000
 1-4 VDW =      413.0797  1-4 EEL =     6296.8713  RESTRAINT  =       77.9767
 EAMBER  =   -70297.4205


   NSTEP       ENERGY          RMS            GMAX         NAME    NUMBER
    350      -7.0863E+04     1.3622E+00     7.7766E+01     OD2      1457

 BOND    =     4731.3147  ANGLE   =      295.1308  DIHED      =     1198.7287
 VDWAALS =     9053.0585  EEL     =   -92930.6938  HBOND      =        0.0000
 1-4 VDW =      410.8158  1-4 EEL =     6298.0125  RESTRAINT  =       80.2602
 EAMBER  =   -70943.6327


   NSTEP       ENERGY          RMS            GMAX         NAME    NUMBER
    400      -7.1363E+04     1.2026E+00     4.5266E+01     CB       1478

 BOND    =     4811.5425  ANGLE   =      292.9046  DIHED      =     1199.3647
 VDWAALS =     9441.2555  EEL     =   -93898.2324  HBOND      =        0.0000
 1-4 VDW =      412.0994  1-4 EEL =     6298.0070  RESTRAINT  =       79.9891
 EAMBER  =   -71443.0587


   NSTEP       ENERGY          RMS            GMAX         NAME    NUMBER
    450      -7.1758E+04     1.1089E+00     4.3325E+01     CB       1478

 BOND    =     4867.0404  ANGLE   =      286.5787  DIHED      =     1198.2325
 VDWAALS =     9765.4687  EEL     =   -94665.6515  HBOND      =        0.0000
 1-4 VDW =      411.4878  1-4 EEL =     6298.3280  RESTRAINT  =       80.3566
 EAMBER  =   -71838.5154


   NSTEP       ENERGY          RMS            GMAX         NAME    NUMBER
    500      -7.2082E+04     1.0040E+00     4.2159E+01     CB       1478

 BOND    =     4927.4087  ANGLE   =      286.2417  DIHED      =     1199.0326
 VDWAALS =    10038.8953  EEL     =   -95323.4909  HBOND      =        0.0000
 1-4 VDW =      411.4857  1-4 EEL =     6298.2480  RESTRAINT  =       80.2725
 EAMBER  =   -72162.1790


   NSTEP       ENERGY          RMS            GMAX         NAME    NUMBER
    550      -7.2363E+04     1.0232E+00     4.7553E+01     CB       1478

 BOND    =     4981.2809  ANGLE   =      289.3302  DIHED      =     1199.7537
 VDWAALS =    10283.6119  EEL     =   -95907.3409  HBOND      =        0.0000
 1-4 VDW =      411.7406  1-4 EEL =     6298.1740  RESTRAINT  =       80.5691
 EAMBER  =   -72443.4496


   NSTEP       ENERGY          RMS            GMAX         NAME    NUMBER
    600      -7.2662E+04     1.0569E+00     5.2217E+01     CB       1478

 BOND    =     5052.0008  ANGLE   =      294.3448  DIHED      =     1200.4995
 VDWAALS =    10560.7423  EEL     =   -96559.9233  HBOND      =        0.0000
 1-4 VDW =      411.7498  1-4 EEL =     6297.6437  RESTRAINT  =       80.9446
 EAMBER  =   -72742.9424


   NSTEP       ENERGY          RMS            GMAX         NAME    NUMBER
    650      -7.2959E+04     1.0517E+00     5.5662E+01     CB       1478

 BOND    =     5098.2180  ANGLE   =      297.7969  DIHED      =     1201.6238
 VDWAALS =    10865.3757  EEL     =   -97211.8748  HBOND      =        0.0000
 1-4 VDW =      410.9549  1-4 EEL =     6296.9807  RESTRAINT  =       81.6590
 EAMBER  =   -73040.9249


   NSTEP       ENERGY          RMS            GMAX         NAME    NUMBER
    700      -7.3174E+04     5.6574E-01     2.7763E+01     HG       1482

 BOND    =     5129.1463  ANGLE   =      277.4646  DIHED      =     1199.9693
 VDWAALS =    11037.3385  EEL     =   -97605.5231  HBOND      =        0.0000
 1-4 VDW =      410.2590  1-4 EEL =     6295.4878  RESTRAINT  =       81.5717
 EAMBER  =   -73255.8577


   NSTEP       ENERGY          RMS            GMAX         NAME    NUMBER
    750      -7.3350E+04     5.5140E-01     3.3548E+01     CB       1478

 BOND    =     5167.7009  ANGLE   =      277.0131  DIHED      =     1199.2810
 VDWAALS =    11202.7085  EEL     =   -97984.7790  HBOND      =        0.0000
 1-4 VDW =      410.0438  1-4 EEL =     6295.9201  RESTRAINT  =       82.3927
 EAMBER  =   -73432.1117


   NSTEP       ENERGY          RMS            GMAX         NAME    NUMBER
    800      -7.3495E+04     5.2579E-01     3.4008E+01     CB       1478

 BOND    =     5197.3522  ANGLE   =      276.2135  DIHED      =     1198.8496
 VDWAALS =    11340.3899  EEL     =   -98297.0920  HBOND      =        0.0000
 1-4 VDW =      410.2755  1-4 EEL =     6296.3370  RESTRAINT  =       82.7286
 EAMBER  =   -73577.6742


   NSTEP       ENERGY          RMS            GMAX         NAME    NUMBER
    850      -7.3621E+04     4.7642E-01     2.9365E+01     CB       1478

 BOND    =     5222.0364  ANGLE   =      275.8118  DIHED      =     1198.5944
 VDWAALS =    11460.2706  EEL     =   -98567.8040  HBOND      =        0.0000
 1-4 VDW =      410.3038  1-4 EEL =     6296.5137  RESTRAINT  =       82.7918
 EAMBER  =   -73704.2734


   NSTEP       ENERGY          RMS            GMAX         NAME    NUMBER
    900      -7.3734E+04     4.5008E-01     2.5781E+01     CB       1478

 BOND    =     5245.0975  ANGLE   =      275.1603  DIHED      =     1198.1602
 VDWAALS =    11557.2747  EEL     =   -98798.8943  HBOND      =        0.0000
 1-4 VDW =      410.4035  1-4 EEL =     6296.1900  RESTRAINT  =       82.9664
 EAMBER  =   -73816.6082


   NSTEP       ENERGY          RMS            GMAX         NAME    NUMBER
    950      -7.3845E+04     3.8653E-01     1.6337E+01     CB       1478

 BOND    =     5268.2138  ANGLE   =      274.7464  DIHED      =     1198.0640
 VDWAALS =    11660.4514  EEL     =   -99036.3371  HBOND      =        0.0000
 1-4 VDW =      410.3666  1-4 EEL =     6296.1259  RESTRAINT  =       83.1829
 EAMBER  =   -73928.3690


   NSTEP       ENERGY          RMS            GMAX         NAME    NUMBER
   1000      -7.3943E+04     3.5682E-01     1.2167E+01     CB       1478

 BOND    =     5285.1962  ANGLE   =      274.5582  DIHED      =     1198.1691
 VDWAALS =    11753.1198  EEL     =   -99243.8367  HBOND      =        0.0000
 1-4 VDW =      410.3250  1-4 EEL =     6296.0738  RESTRAINT  =       83.3751
 EAMBER  =   -74026.3946


  Maximum number of minimization cycles reached.


                    FINAL RESULTS



   NSTEP       ENERGY          RMS            GMAX         NAME    NUMBER
   1000      -7.3943E+04     3.5682E-01     1.2167E+01     CB       1478

 BOND    =     5285.1962  ANGLE   =      274.5582  DIHED      =     1198.1691
 VDWAALS =    11753.1198  EEL     =   -99243.8367  HBOND      =        0.0000
 1-4 VDW =      410.3250  1-4 EEL =     6296.0738  RESTRAINT  =       83.3751
 EAMBER  =   -74026.3946
--------------------------------------------------------------------------------
   5.  TIMINGS
--------------------------------------------------------------------------------

|  NonSetup CPU Time in Major Routines:
|
|     Routine           Sec        %
|     ------------------------------
|     Nonbond           5.66   81.12
|     Bond              0.00    0.00
|     Angle             0.00    0.00
|     Dihedral          0.00    0.00
|     Shake             0.00    0.00
|     Other             1.32   18.88
|     ------------------------------
|     Total             6.98

|  PME Nonbond Pairlist CPU Time:
|
|     Routine              Sec        %
|     ---------------------------------
|     Set Up Cit           0.00    0.00
|     Build List           0.00    0.00
|     ---------------------------------
|     Total                0.00    0.00

|  PME Direct Force CPU Time:
|
|     Routine              Sec        %
|     ---------------------------------
|     NonBonded Calc       0.00    0.00
|     Exclude Masked       0.00    0.00
|     Other                0.00    0.03
|     ---------------------------------
|     Total                0.00    0.03

|  PME Reciprocal Force CPU Time:
|
|     Routine              Sec        %
|     ---------------------------------
|     1D bspline           0.00    0.00
|     Grid Charges         0.00    0.00
|     Scalar Sum           0.00    0.00
|     Gradient Sum         0.00    0.00
|     FFT                  0.00    0.00
|     ---------------------------------
|     Total                0.00    0.00

|  Setup CPU time:            0.42 seconds
|  NonSetup CPU time:         6.98 seconds
|  Total CPU time:            7.40 seconds     0.00 hours

|  Setup wall time:           1    seconds
|  NonSetup wall time:        7    seconds
|  Total wall time:           8    seconds     0.00 hours
