
          -------------------------------------------------------
          Amber 18 PMEMD                              2018
          -------------------------------------------------------

| PMEMD implementation of SANDER, Release 18

| Run on 02/22/2021 at 13:49:18

|   Executable path: pmemd.cuda
| Working directory: /home/almacen/pbarletta/reobp/run/ctv/pre
|          Hostname: Unknown
  [-O]verwriting output

File Assignments:
|   MDIN: step6.in                                                              
|  MDOUT: step6.out                                                             
| INPCRD: step5.rst7                                                            
|   PARM: ../../../top_files/ctv.prmtop                                         
| RESTRT: step6.rst7                                                            
|   REFC: step5.rst7                                                            
|  MDVEL: mdvel                                                                 
|   MDEN: mden                                                                  
|  MDCRD: step6.nc                                                              
| MDINFO: step6.mdinfo                                                          
|  MDFRC: mdfrc                                                                 


 Here is the input file:

MD: step6.in                                                                   
 &cntrl                                                                        
   imin = 0, nstlim = 5000, dt = 0.001,                                        
   ntx = 1, irest = 0, ig = -1,                                                
   ntwx = 500, ntwv = 0, ioutfm = 0, ntxo = 1, ntpr = 50, ntwr = 500,          
   iwrap = 0, nscm = 0,                                                        
   ntc = 2, ntf = 2, ntb = 2, cut = 8.0,                                       
   ntt = 3, gamma_ln = 5, temp0 = 300, tempi = 300,                            
   ntp = 1, barostat = 2, pres0 = 1.0,                                         
   ntr = 1, restraintmask = ":1-119&!@H=|:120", restraint_wt = 1.0,            
 &end                                                                          


Note: ig = -1. Setting random seed to   322589 based on wallclock time in 
      microseconds.
| irandom = 1, using AMBER's internal random number generator (default).
 
|--------------------- INFORMATION ----------------------
| GPU (CUDA) Version of PMEMD in use: NVIDIA GPU IN USE.
|                    Version 18.0.0
| 
|                      03/25/2018
| 
| Implementation by:
|                    Ross C. Walker     (SDSC)
|                    Scott Le Grand     (nVIDIA)
| 
| Version 18 performance extensions by:
|                    David Cerutti     (Rutgers)
| 
| Precision model in use:
|      [SPFP] - Single Precision Forces, 64-bit Fixed Point
|               Accumulation. (Default)
| 
|--------------------------------------------------------
 
|----------------- CITATION INFORMATION -----------------
|
|    When publishing work that utilized the CUDA version
|    of AMBER, please cite the following in addition to
|    the regular AMBER citations:
|
|  - Romelia Salomon-Ferrer; Andreas W. Goetz; Duncan
|    Poole; Scott Le Grand; Ross C. Walker "Routine
|    microsecond molecular dynamics simulations with
|    AMBER - Part II: Particle Mesh Ewald", J. Chem.
|    Theory Comput., 2013, 9 (9), pp3878-3888,
|    DOI: 10.1021/ct400314y.
|
|  - Andreas W. Goetz; Mark J. Williamson; Dong Xu;
|    Duncan Poole; Scott Le Grand; Ross C. Walker
|    "Routine microsecond molecular dynamics simulations
|    with AMBER - Part I: Generalized Born", J. Chem.
|    Theory Comput., 2012, 8 (5), pp1542-1555.
|
|  - Scott Le Grand; Andreas W. Goetz; Ross C. Walker
|    "SPFP: Speed without compromise - a mixed precision
|    model for GPU accelerated molecular dynamics
|    simulations.", Comp. Phys. Comm., 2013, 184
|    pp374-380, DOI: 10.1016/j.cpc.2012.09.022
|
|--------------------------------------------------------
 
|------------------- GPU DEVICE INFO --------------------
|
|            CUDA_VISIBLE_DEVICES: not set
|   CUDA Capable Devices Detected:      1
|           CUDA Device ID in use:      0
|                CUDA Device Name: GeForce GTX 1080 Ti
|     CUDA Device Global Mem Size:  11178 MB
| CUDA Device Num Multiprocessors:     28
|           CUDA Device Core Freq:   1.72 GHz
|
|--------------------------------------------------------
 
 
| Conditional Compilation Defines Used:
| PUBFFT
| BINTRAJ
| CUDA
| EMIL

| Largest sphere to fit in unit cell has radius =    24.771

| New format PARM file being parsed.
| Version =    1.000 Date = 02/22/21 Time = 12:43:32

| Note: 1-4 EEL scale factors are being read from the topology file.

| Note: 1-4 VDW scale factors are being read from the topology file.
| Duplicated    0 dihedrals

| Duplicated    0 dihedrals

--------------------------------------------------------------------------------
   1.  RESOURCE   USE: 
--------------------------------------------------------------------------------

 getting new box info from bottom of inpcrd
 NATOM  =   14772 NTYPES =      18 NBONH =   13817 MBONA  =     963
 NTHETH =    2369 MTHETA =    1293 NPHIH =    4533 MPHIA  =    3267
 NHPARM =       0 NPARM  =       0 NNB   =   28105 NRES   =    4374
 NBONA  =     963 NTHETA =    1293 NPHIA =    3267 NUMBND =      51
 NUMANG =     105 NPTRA  =      44 NATYP =      35 NPHB   =       1
 IFBOX  =       2 NMXRS  =      26 IFCAP =       0 NEXTRA =       0
 NCOPY  =       0

| Coordinate Index Table dimensions:    11   11   11
| Direct force subcell size =     5.5161    5.5161    5.5161

     BOX TYPE: TRUNCATED OCTAHEDRON

--------------------------------------------------------------------------------
   2.  CONTROL  DATA  FOR  THE  RUN
--------------------------------------------------------------------------------

default_name                                                                    

General flags:
     imin    =       0, nmropt  =       0

Nature and format of input:
     ntx     =       1, irest   =       0, ntrx    =       1

Nature and format of output:
     ntxo    =       1, ntpr    =      50, ntrx    =       1, ntwr    =     500
     iwrap   =       0, ntwx    =     500, ntwv    =       0, ntwe    =       0
     ioutfm  =       0, ntwprt  =       0, idecomp =       0, rbornstat=      0

Potential function:
     ntf     =       2, ntb     =       2, igb     =       0, nsnb    =      25
     ipol    =       0, gbsa    =       0, iesp    =       0
     dielc   =   1.00000, cut     =   8.00000, intdiel =   1.00000

Frozen or restrained atoms:
     ibelly  =       0, ntr     =       1
     restraint_wt =   1.00000

Molecular dynamics:
     nstlim  =      5000, nscm    =         0, nrespa  =         1
     t       =   0.00000, dt      =   0.00100, vlimit  =  -1.00000

Langevin dynamics temperature regulation:
     ig      =  322589
     temp0   = 300.00000, tempi   = 300.00000, gamma_ln=   5.00000

Pressure regulation:
     ntp     =       1
     pres0   =   1.00000, comp    =  44.60000, taup    =   1.00000
     Monte-Carlo Barostat:
     mcbarint  =     100

SHAKE:
     ntc     =       2, jfastw  =       0
     tol     =   0.00001

| Intermolecular bonds treatment:
|     no_intermolecular_bonds =       1

| Energy averages sample interval:
|     ene_avg_sampling =      50

Ewald parameters:
     verbose =       0, ew_type =       0, nbflag  =       1, use_pme =       1
     vdwmeth =       1, eedmeth =       1, netfrc  =       1
     Box X =   60.677   Box Y =   60.677   Box Z =   60.677
     Alpha =  109.471   Beta  =  109.471   Gamma =  109.471
     NFFT1 =   64       NFFT2 =   64       NFFT3 =   64
     Cutoff=    8.000   Tol   =0.100E-04
     Ewald Coefficient =  0.34864
     Interpolation order =    4

    LOADING THE CONSTRAINED ATOMS AS GROUPS


   5.  REFERENCE ATOM COORDINATES

  default_name                                                                    
     Mask :1-119&!@H=|:120; matches   969 atoms
| MONTE CARLO BAROSTAT IMPORTANT NOTE:
|   The Monte-Carlo barostat does not require the virial to adjust the system volume.
|   Since it is an expensive calculation, it is skipped for efficiency. A side-effect
|   is that the reported pressure is always 0 because it is not calculated.

--------------------------------------------------------------------------------
   3.  ATOMIC COORDINATES AND VELOCITIES
--------------------------------------------------------------------------------

default_name                                                                    
 begin time read from input coords =     0.000 ps

 
 Number of triangulated 3-point waters found:     4253

     Sum of charges from parm topology file =   0.00000094
     Forcing neutrality...

| Dynamic Memory, Types Used:
| Reals              750341
| Integers           619299

| Nonbonded Pairs Initial Allocation:     2467293

| GPU memory information (estimate):
| KB of GPU memory in use:         0
| KB of CPU memory in use:         0

--------------------------------------------------------------------------------
   4.  RESULTS
--------------------------------------------------------------------------------


 NSTEP =        0   TIME(PS) =       0.000  TEMP(K) =   437.84  PRESS =     0.0
 Etot   =    -49006.2257  EKtot   =     13268.1937  EPtot      =    -62274.4194
 BOND   =        58.8794  ANGLE   =       295.5074  DIHED      =      1178.0075
 1-4 NB =       384.3489  1-4 EEL =      6175.2284  VDWAALS    =      8892.9099
 EELEC  =    -79259.3010  EHBOND  =         0.0000  RESTRAINT  =         0.0000
 EKCMT  =         0.0000  VIRIAL  =         0.0000  VOLUME     =    171966.8335
                                                    Density    =         0.8729
 ------------------------------------------------------------------------------


 NSTEP =       50   TIME(PS) =       0.050  TEMP(K) =   188.20  PRESS =     0.0
 Etot   =    -43067.5137  EKtot   =      5703.1489  EPtot      =    -48770.6626
 BOND   =       216.1570  ANGLE   =       727.4330  DIHED      =      1309.3263
 1-4 NB =       419.4571  1-4 EEL =      6155.2336  VDWAALS    =      8927.6352
 EELEC  =    -66546.5124  EHBOND  =         0.0000  RESTRAINT  =        20.6076
 EAMBER (non-restraint)  =    -48791.2702
 EKCMT  =         0.0000  VIRIAL  =         0.0000  VOLUME     =    171966.8335
                                                    Density    =         0.8729
 ------------------------------------------------------------------------------


 NSTEP =      100   TIME(PS) =       0.100  TEMP(K) =   206.69  PRESS =     0.0
 Etot   =    -41512.7693  EKtot   =      6263.5059  EPtot      =    -47776.2751
 BOND   =       236.0506  ANGLE   =       786.2039  DIHED      =      1305.2830
 1-4 NB =       425.5378  1-4 EEL =      6171.9577  VDWAALS    =      6928.0219
 EELEC  =    -63664.9358  EHBOND  =         0.0000  RESTRAINT  =        35.6057
 EAMBER (non-restraint)  =    -47811.8808
 EKCMT  =         0.0000  VIRIAL  =         0.0000  VOLUME     =    171966.8335
                                                    Density    =         0.8729
 ------------------------------------------------------------------------------


 NSTEP =      150   TIME(PS) =       0.150  TEMP(K) =   221.72  PRESS =     0.0
 Etot   =    -40202.0506  EKtot   =      6718.7988  EPtot      =    -46920.8494
 BOND   =       270.2192  ANGLE   =       833.4203  DIHED      =      1314.3080
 1-4 NB =       443.8842  1-4 EEL =      6194.3691  VDWAALS    =      6110.1848
 EELEC  =    -62135.1752  EHBOND  =         0.0000  RESTRAINT  =        47.9400
 EAMBER (non-restraint)  =    -46968.7894
 EKCMT  =         0.0000  VIRIAL  =         0.0000  VOLUME     =    171966.8335
                                                    Density    =         0.8729
 ------------------------------------------------------------------------------


 NSTEP =      200   TIME(PS) =       0.200  TEMP(K) =   236.09  PRESS =     0.0
 Etot   =    -39102.2168  EKtot   =      7154.3359  EPtot      =    -46256.5528
 BOND   =       281.8297  ANGLE   =       889.0148  DIHED      =      1334.4167
 1-4 NB =       423.8480  1-4 EEL =      6161.5927  VDWAALS    =      5803.3709
 EELEC  =    -61205.2128  EHBOND  =         0.0000  RESTRAINT  =        54.5873
 EAMBER (non-restraint)  =    -46311.1400
 EKCMT  =         0.0000  VIRIAL  =         0.0000  VOLUME     =    171966.8335
                                                    Density    =         0.8729
 ------------------------------------------------------------------------------


 NSTEP =      250   TIME(PS) =       0.250  TEMP(K) =   247.50  PRESS =     0.0
 Etot   =    -38157.1539  EKtot   =      7500.2300  EPtot      =    -45657.3839
 BOND   =       304.2143  ANGLE   =       900.1079  DIHED      =      1355.2030
 1-4 NB =       442.5226  1-4 EEL =      6182.7822  VDWAALS    =      5772.8105
 EELEC  =    -60671.7168  EHBOND  =         0.0000  RESTRAINT  =        56.6924
 EAMBER (non-restraint)  =    -45714.0763
 EKCMT  =         0.0000  VIRIAL  =         0.0000  VOLUME     =    171966.8335
                                                    Density    =         0.8729
 ------------------------------------------------------------------------------


 NSTEP =      300   TIME(PS) =       0.300  TEMP(K) =   257.10  PRESS =     0.0
 Etot   =    -37583.7595  EKtot   =      7791.0991  EPtot      =    -45374.8586
 BOND   =       321.4704  ANGLE   =       963.6206  DIHED      =      1351.1646
 1-4 NB =       438.2134  1-4 EEL =      6158.0709  VDWAALS    =      5766.4095
 EELEC  =    -60434.0821  EHBOND  =         0.0000  RESTRAINT  =        60.2741
 EAMBER (non-restraint)  =    -45435.1327
 EKCMT  =         0.0000  VIRIAL  =         0.0000  VOLUME     =    171966.8335
                                                    Density    =         0.8729
 ------------------------------------------------------------------------------


 NSTEP =      350   TIME(PS) =       0.350  TEMP(K) =   265.46  PRESS =     0.0
 Etot   =    -37056.9319  EKtot   =      8044.4492  EPtot      =    -45101.3812
 BOND   =       316.0630  ANGLE   =       997.9096  DIHED      =      1344.6521
 1-4 NB =       420.5324  1-4 EEL =      6157.5476  VDWAALS    =      5579.0379
 EELEC  =    -59982.8065  EHBOND  =         0.0000  RESTRAINT  =        65.6827
 EAMBER (non-restraint)  =    -45167.0638
 EKCMT  =         0.0000  VIRIAL  =         0.0000  VOLUME     =    171966.8335
                                                    Density    =         0.8729
 ------------------------------------------------------------------------------


 NSTEP =      400   TIME(PS) =       0.400  TEMP(K) =   272.92  PRESS =     0.0
 Etot   =    -36603.7527  EKtot   =      8270.3770  EPtot      =    -44874.1297
 BOND   =       315.8978  ANGLE   =       998.3547  DIHED      =      1346.7429
 1-4 NB =       434.2093  1-4 EEL =      6176.2127  VDWAALS    =      6073.5039
 EELEC  =    -60284.8991  EHBOND  =         0.0000  RESTRAINT  =        65.8482
 EAMBER (non-restraint)  =    -44939.9778
 EKCMT  =         0.0000  VIRIAL  =         0.0000  VOLUME     =    170602.5510
                                                    Density    =         0.8799
 ------------------------------------------------------------------------------


 NSTEP =      450   TIME(PS) =       0.450  TEMP(K) =   278.73  PRESS =     0.0
 Etot   =    -36294.8162  EKtot   =      8446.5791  EPtot      =    -44741.3953
 BOND   =       307.9861  ANGLE   =       978.1110  DIHED      =      1340.2315
 1-4 NB =       459.4467  1-4 EEL =      6183.2091  VDWAALS    =      5704.3569
 EELEC  =    -59780.0579  EHBOND  =         0.0000  RESTRAINT  =        65.3212
 EAMBER (non-restraint)  =    -44806.7165
 EKCMT  =         0.0000  VIRIAL  =         0.0000  VOLUME     =    170602.5510
                                                    Density    =         0.8799
 ------------------------------------------------------------------------------


 NSTEP =      500   TIME(PS) =       0.500  TEMP(K) =   282.47  PRESS =     0.0
 Etot   =    -35888.0187  EKtot   =      8559.7803  EPtot      =    -44447.7990
 BOND   =       338.7272  ANGLE   =      1043.7664  DIHED      =      1366.4514
 1-4 NB =       429.0454  1-4 EEL =      6142.2531  VDWAALS    =      5411.1158
 EELEC  =    -59242.5585  EHBOND  =         0.0000  RESTRAINT  =        63.4002
 EAMBER (non-restraint)  =    -44511.1992
 EKCMT  =         0.0000  VIRIAL  =         0.0000  VOLUME     =    170602.5510
                                                    Density    =         0.8799
 ------------------------------------------------------------------------------


 NSTEP =      550   TIME(PS) =       0.550  TEMP(K) =   284.87  PRESS =     0.0
 Etot   =    -35563.5998  EKtot   =      8632.5049  EPtot      =    -44196.1047
 BOND   =       315.9908  ANGLE   =      1000.9179  DIHED      =      1335.3034
 1-4 NB =       447.2481  1-4 EEL =      6189.0769  VDWAALS    =      5403.5485
 EELEC  =    -58951.8659  EHBOND  =         0.0000  RESTRAINT  =        63.6755
 EAMBER (non-restraint)  =    -44259.7802
 EKCMT  =         0.0000  VIRIAL  =         0.0000  VOLUME     =    170602.5510
                                                    Density    =         0.8799
 ------------------------------------------------------------------------------


 NSTEP =      600   TIME(PS) =       0.600  TEMP(K) =   284.12  PRESS =     0.0
 Etot   =    -35434.0295  EKtot   =      8609.9424  EPtot      =    -44043.9719
 BOND   =       332.1156  ANGLE   =      1011.6520  DIHED      =      1332.9455
 1-4 NB =       441.5092  1-4 EEL =      6146.5345  VDWAALS    =      5225.5809
 EELEC  =    -58596.0742  EHBOND  =         0.0000  RESTRAINT  =        61.7645
 EAMBER (non-restraint)  =    -44105.7364
 EKCMT  =         0.0000  VIRIAL  =         0.0000  VOLUME     =    170602.5510
                                                    Density    =         0.8799
 ------------------------------------------------------------------------------


 NSTEP =      650   TIME(PS) =       0.650  TEMP(K) =   285.03  PRESS =     0.0
 Etot   =    -35234.2166  EKtot   =      8637.3809  EPtot      =    -43871.5975
 BOND   =       311.3198  ANGLE   =      1071.3093  DIHED      =      1332.0021
 1-4 NB =       442.6581  1-4 EEL =      6170.8752  VDWAALS    =      5183.9358
 EELEC  =    -58442.9875  EHBOND  =         0.0000  RESTRAINT  =        59.2897
 EAMBER (non-restraint)  =    -43930.8872
 EKCMT  =         0.0000  VIRIAL  =         0.0000  VOLUME     =    170602.5510
                                                    Density    =         0.8799
 ------------------------------------------------------------------------------


 NSTEP =      700   TIME(PS) =       0.700  TEMP(K) =   288.34  PRESS =     0.0
 Etot   =    -34990.3145  EKtot   =      8737.7217  EPtot      =    -43728.0361
 BOND   =       344.5357  ANGLE   =       994.7131  DIHED      =      1375.6724
 1-4 NB =       433.9626  1-4 EEL =      6176.4227  VDWAALS    =      5103.7324
 EELEC  =    -58219.3136  EHBOND  =         0.0000  RESTRAINT  =        62.2386
 EAMBER (non-restraint)  =    -43790.2747
 EKCMT  =         0.0000  VIRIAL  =         0.0000  VOLUME     =    170602.5510
                                                    Density    =         0.8799
 ------------------------------------------------------------------------------


 NSTEP =      750   TIME(PS) =       0.750  TEMP(K) =   287.36  PRESS =     0.0
 Etot   =    -34876.1510  EKtot   =      8708.0537  EPtot      =    -43584.2047
 BOND   =       353.0144  ANGLE   =      1022.8132  DIHED      =      1361.3177
 1-4 NB =       437.0065  1-4 EEL =      6153.6607  VDWAALS    =      4932.7183
 EELEC  =    -57913.0671  EHBOND  =         0.0000  RESTRAINT  =        68.3317
 EAMBER (non-restraint)  =    -43652.5363
 EKCMT  =         0.0000  VIRIAL  =         0.0000  VOLUME     =    170602.5510
                                                    Density    =         0.8799
 ------------------------------------------------------------------------------


 NSTEP =      800   TIME(PS) =       0.800  TEMP(K) =   290.71  PRESS =     0.0
 Etot   =    -34697.5949  EKtot   =      8809.6016  EPtot      =    -43507.1965
 BOND   =       340.5511  ANGLE   =      1051.4664  DIHED      =      1346.9721
 1-4 NB =       430.2441  1-4 EEL =      6146.2562  VDWAALS    =      4930.1170
 EELEC  =    -57818.7963  EHBOND  =         0.0000  RESTRAINT  =        65.9929
 EAMBER (non-restraint)  =    -43573.1894
 EKCMT  =         0.0000  VIRIAL  =         0.0000  VOLUME     =    170602.5510
                                                    Density    =         0.8799
 ------------------------------------------------------------------------------


 NSTEP =      850   TIME(PS) =       0.850  TEMP(K) =   295.01  PRESS =     0.0
 Etot   =    -34547.3417  EKtot   =      8940.0078  EPtot      =    -43487.3495
 BOND   =       334.1999  ANGLE   =      1040.1443  DIHED      =      1348.5901
 1-4 NB =       442.2316  1-4 EEL =      6166.5032  VDWAALS    =      5027.7980
 EELEC  =    -57907.7097  EHBOND  =         0.0000  RESTRAINT  =        60.8930
 EAMBER (non-restraint)  =    -43548.2425
 EKCMT  =         0.0000  VIRIAL  =         0.0000  VOLUME     =    170602.5510
                                                    Density    =         0.8799
 ------------------------------------------------------------------------------


 NSTEP =      900   TIME(PS) =       0.900  TEMP(K) =   296.08  PRESS =     0.0
 Etot   =    -34401.8360  EKtot   =      8972.3311  EPtot      =    -43374.1671
 BOND   =       379.2330  ANGLE   =      1017.8033  DIHED      =      1359.8616
 1-4 NB =       451.3051  1-4 EEL =      6152.7341  VDWAALS    =      5331.5573
 EELEC  =    -58131.5322  EHBOND  =         0.0000  RESTRAINT  =        64.8708
 EAMBER (non-restraint)  =    -43439.0378
 EKCMT  =         0.0000  VIRIAL  =         0.0000  VOLUME     =    169569.2972
                                                    Density    =         0.8853
 ------------------------------------------------------------------------------


 NSTEP =      950   TIME(PS) =       0.950  TEMP(K) =   296.59  PRESS =     0.0
 Etot   =    -34340.6239  EKtot   =      8987.7461  EPtot      =    -43328.3700
 BOND   =       326.5438  ANGLE   =      1027.5888  DIHED      =      1355.8790
 1-4 NB =       433.3896  1-4 EEL =      6166.5400  VDWAALS    =      5190.2181
 EELEC  =    -57894.4595  EHBOND  =         0.0000  RESTRAINT  =        65.9302
 EAMBER (non-restraint)  =    -43394.3002
 EKCMT  =         0.0000  VIRIAL  =         0.0000  VOLUME     =    169569.2972
                                                    Density    =         0.8853
 ------------------------------------------------------------------------------

| MC Barostat: Decreasing size of volume moves

 NSTEP =     1000   TIME(PS) =       1.000  TEMP(K) =   297.77  PRESS =     0.0
 Etot   =    -34172.5306  EKtot   =      9023.5352  EPtot      =    -43196.0657
 BOND   =       347.2590  ANGLE   =      1046.7870  DIHED      =      1352.0623
 1-4 NB =       447.2032  1-4 EEL =      6198.8245  VDWAALS    =      5052.8892
 EELEC  =    -57706.3253  EHBOND  =         0.0000  RESTRAINT  =        65.2343
 EAMBER (non-restraint)  =    -43261.3001
 EKCMT  =         0.0000  VIRIAL  =         0.0000  VOLUME     =    169569.2972
                                                    Density    =         0.8853
 ------------------------------------------------------------------------------


 NSTEP =     1050   TIME(PS) =       1.050  TEMP(K) =   295.37  PRESS =     0.0
 Etot   =    -34140.0854  EKtot   =      8950.9365  EPtot      =    -43091.0220
 BOND   =       335.0398  ANGLE   =      1041.0779  DIHED      =      1345.2786
 1-4 NB =       442.6006  1-4 EEL =      6153.5270  VDWAALS    =      4918.9261
 EELEC  =    -57390.3808  EHBOND  =         0.0000  RESTRAINT  =        62.9090
 EAMBER (non-restraint)  =    -43153.9310
 EKCMT  =         0.0000  VIRIAL  =         0.0000  VOLUME     =    169569.2972
                                                    Density    =         0.8853
 ------------------------------------------------------------------------------


 NSTEP =     1100   TIME(PS) =       1.100  TEMP(K) =   295.77  PRESS =     0.0
 Etot   =    -34150.8267  EKtot   =      8962.8262  EPtot      =    -43113.6528
 BOND   =       316.7171  ANGLE   =      1092.1486  DIHED      =      1356.9949
 1-4 NB =       464.6745  1-4 EEL =      6182.0581  VDWAALS    =      4770.2616
 EELEC  =    -57359.2657  EHBOND  =         0.0000  RESTRAINT  =        62.7582
 EAMBER (non-restraint)  =    -43176.4110
 EKCMT  =         0.0000  VIRIAL  =         0.0000  VOLUME     =    169569.2972
                                                    Density    =         0.8853
 ------------------------------------------------------------------------------


 NSTEP =     1150   TIME(PS) =       1.150  TEMP(K) =   295.40  PRESS =     0.0
 Etot   =    -34053.3365  EKtot   =      8951.8330  EPtot      =    -43005.1695
 BOND   =       364.6111  ANGLE   =      1048.6788  DIHED      =      1363.0310
 1-4 NB =       430.0955  1-4 EEL =      6133.5421  VDWAALS    =      4824.5596
 EELEC  =    -57236.6353  EHBOND  =         0.0000  RESTRAINT  =        66.9477
 EAMBER (non-restraint)  =    -43072.1172
 EKCMT  =         0.0000  VIRIAL  =         0.0000  VOLUME     =    169569.2972
                                                    Density    =         0.8853
 ------------------------------------------------------------------------------


 NSTEP =     1200   TIME(PS) =       1.200  TEMP(K) =   297.81  PRESS =     0.0
 Etot   =    -34030.4953  EKtot   =      9024.6211  EPtot      =    -43055.1164
 BOND   =       328.0652  ANGLE   =      1037.7547  DIHED      =      1346.2135
 1-4 NB =       439.9697  1-4 EEL =      6188.3007  VDWAALS    =      4735.0442
 EELEC  =    -57198.9605  EHBOND  =         0.0000  RESTRAINT  =        68.4960
 EAMBER (non-restraint)  =    -43123.6125
 EKCMT  =         0.0000  VIRIAL  =         0.0000  VOLUME     =    169569.2972
                                                    Density    =         0.8853
 ------------------------------------------------------------------------------


 NSTEP =     1250   TIME(PS) =       1.250  TEMP(K) =   299.70  PRESS =     0.0
 Etot   =    -33931.4358  EKtot   =      9081.9287  EPtot      =    -43013.3645
 BOND   =       340.5033  ANGLE   =      1020.6769  DIHED      =      1374.0937
 1-4 NB =       442.8181  1-4 EEL =      6173.3234  VDWAALS    =      4718.4223
 EELEC  =    -57154.3169  EHBOND  =         0.0000  RESTRAINT  =        71.1147
 EAMBER (non-restraint)  =    -43084.4792
 EKCMT  =         0.0000  VIRIAL  =         0.0000  VOLUME     =    169569.2972
                                                    Density    =         0.8853
 ------------------------------------------------------------------------------


 NSTEP =     1300   TIME(PS) =       1.300  TEMP(K) =   299.51  PRESS =     0.0
 Etot   =    -33937.1337  EKtot   =      9076.1855  EPtot      =    -43013.3192
 BOND   =       332.3118  ANGLE   =      1062.5197  DIHED      =      1372.5049
 1-4 NB =       441.4744  1-4 EEL =      6169.4593  VDWAALS    =      4557.5698
 EELEC  =    -57016.8624  EHBOND  =         0.0000  RESTRAINT  =        67.7034
 EAMBER (non-restraint)  =    -43081.0226
 EKCMT  =         0.0000  VIRIAL  =         0.0000  VOLUME     =    169569.2972
                                                    Density    =         0.8853
 ------------------------------------------------------------------------------


 NSTEP =     1350   TIME(PS) =       1.350  TEMP(K) =   299.50  PRESS =     0.0
 Etot   =    -33864.2774  EKtot   =      9076.0137  EPtot      =    -42940.2911
 BOND   =       323.4518  ANGLE   =      1068.0176  DIHED      =      1365.8762
 1-4 NB =       436.0724  1-4 EEL =      6150.9064  VDWAALS    =      4622.4675
 EELEC  =    -56974.0219  EHBOND  =         0.0000  RESTRAINT  =        66.9388
 EAMBER (non-restraint)  =    -43007.2299
 EKCMT  =         0.0000  VIRIAL  =         0.0000  VOLUME     =    169569.2972
                                                    Density    =         0.8853
 ------------------------------------------------------------------------------


 NSTEP =     1400   TIME(PS) =       1.400  TEMP(K) =   296.07  PRESS =     0.0
 Etot   =    -34009.4848  EKtot   =      8971.9395  EPtot      =    -42981.4242
 BOND   =       343.4542  ANGLE   =      1001.3055  DIHED      =      1365.8875
 1-4 NB =       440.1037  1-4 EEL =      6169.3444  VDWAALS    =      4652.5820
 EELEC  =    -57019.3531  EHBOND  =         0.0000  RESTRAINT  =        65.2515
 EAMBER (non-restraint)  =    -43046.6757
 EKCMT  =         0.0000  VIRIAL  =         0.0000  VOLUME     =    169569.2972
                                                    Density    =         0.8853
 ------------------------------------------------------------------------------


 NSTEP =     1450   TIME(PS) =       1.450  TEMP(K) =   294.98  PRESS =     0.0
 Etot   =    -33999.5090  EKtot   =      8939.1104  EPtot      =    -42938.6194
 BOND   =       342.1289  ANGLE   =      1036.7475  DIHED      =      1351.4552
 1-4 NB =       452.9477  1-4 EEL =      6168.9088  VDWAALS    =      4573.8789
 EELEC  =    -56933.4079  EHBOND  =         0.0000  RESTRAINT  =        68.7216
 EAMBER (non-restraint)  =    -43007.3410
 EKCMT  =         0.0000  VIRIAL  =         0.0000  VOLUME     =    169569.2972
                                                    Density    =         0.8853
 ------------------------------------------------------------------------------


 NSTEP =     1500   TIME(PS) =       1.500  TEMP(K) =   298.66  PRESS =     0.0
 Etot   =    -33922.6465  EKtot   =      9050.3604  EPtot      =    -42973.0068
 BOND   =       347.0923  ANGLE   =      1010.8366  DIHED      =      1362.8640
 1-4 NB =       428.9495  1-4 EEL =      6157.3792  VDWAALS    =      4711.4514
 EELEC  =    -57064.5860  EHBOND  =         0.0000  RESTRAINT  =        73.0063
 EAMBER (non-restraint)  =    -43046.0131
 EKCMT  =         0.0000  VIRIAL  =         0.0000  VOLUME     =    169569.2972
                                                    Density    =         0.8853
 ------------------------------------------------------------------------------


 NSTEP =     1550   TIME(PS) =       1.550  TEMP(K) =   299.66  PRESS =     0.0
 Etot   =    -33862.2840  EKtot   =      9080.8975  EPtot      =    -42943.1815
 BOND   =       350.5135  ANGLE   =      1009.1061  DIHED      =      1363.6452
 1-4 NB =       436.7555  1-4 EEL =      6126.3379  VDWAALS    =      4803.5679
 EELEC  =    -57107.9399  EHBOND  =         0.0000  RESTRAINT  =        74.8323
 EAMBER (non-restraint)  =    -43018.0138
 EKCMT  =         0.0000  VIRIAL  =         0.0000  VOLUME     =    169569.2972
                                                    Density    =         0.8853
 ------------------------------------------------------------------------------


 NSTEP =     1600   TIME(PS) =       1.600  TEMP(K) =   300.80  PRESS =     0.0
 Etot   =    -33759.5734  EKtot   =      9115.1973  EPtot      =    -42874.7707
 BOND   =       337.3699  ANGLE   =      1020.6098  DIHED      =      1361.6110
 1-4 NB =       444.4339  1-4 EEL =      6154.8486  VDWAALS    =      4861.9625
 EELEC  =    -57124.9469  EHBOND  =         0.0000  RESTRAINT  =        69.3406
 EAMBER (non-restraint)  =    -42944.1112
 EKCMT  =         0.0000  VIRIAL  =         0.0000  VOLUME     =    168883.3208
                                                    Density    =         0.8889
 ------------------------------------------------------------------------------


 NSTEP =     1650   TIME(PS) =       1.650  TEMP(K) =   300.40  PRESS =     0.0
 Etot   =    -33780.8385  EKtot   =      9103.1143  EPtot      =    -42883.9527
 BOND   =       342.7299  ANGLE   =      1018.1922  DIHED      =      1385.3749
 1-4 NB =       433.6975  1-4 EEL =      6153.5550  VDWAALS    =      4656.5250
 EELEC  =    -56944.1419  EHBOND  =         0.0000  RESTRAINT  =        70.1147
 EAMBER (non-restraint)  =    -42954.0674
 EKCMT  =         0.0000  VIRIAL  =         0.0000  VOLUME     =    168883.3208
                                                    Density    =         0.8889
 ------------------------------------------------------------------------------


 NSTEP =     1700   TIME(PS) =       1.700  TEMP(K) =   299.21  PRESS =     0.0
 Etot   =    -33752.5245  EKtot   =      9067.0850  EPtot      =    -42819.6095
 BOND   =       354.8770  ANGLE   =      1014.1923  DIHED      =      1355.7131
 1-4 NB =       445.1021  1-4 EEL =      6192.9904  VDWAALS    =      4664.0543
 EELEC  =    -56918.6188  EHBOND  =         0.0000  RESTRAINT  =        72.0801
 EAMBER (non-restraint)  =    -42891.6896
 EKCMT  =         0.0000  VIRIAL  =         0.0000  VOLUME     =    168883.3208
                                                    Density    =         0.8889
 ------------------------------------------------------------------------------


 NSTEP =     1750   TIME(PS) =       1.750  TEMP(K) =   297.20  PRESS =     0.0
 Etot   =    -33772.4088  EKtot   =      9006.2705  EPtot      =    -42778.6793
 BOND   =       348.5722  ANGLE   =      1036.1653  DIHED      =      1354.2564
 1-4 NB =       442.3973  1-4 EEL =      6160.8307  VDWAALS    =      4500.8822
 EELEC  =    -56697.1106  EHBOND  =         0.0000  RESTRAINT  =        75.3273
 EAMBER (non-restraint)  =    -42854.0066
 EKCMT  =         0.0000  VIRIAL  =         0.0000  VOLUME     =    168883.3208
                                                    Density    =         0.8889
 ------------------------------------------------------------------------------


 NSTEP =     1800   TIME(PS) =       1.800  TEMP(K) =   298.13  PRESS =     0.0
 Etot   =    -33771.8233  EKtot   =      9034.4092  EPtot      =    -42806.2325
 BOND   =       319.0702  ANGLE   =      1060.4918  DIHED      =      1362.6573
 1-4 NB =       443.0285  1-4 EEL =      6188.5369  VDWAALS    =      4535.1935
 EELEC  =    -56787.7726  EHBOND  =         0.0000  RESTRAINT  =        72.5619
 EAMBER (non-restraint)  =    -42878.7944
 EKCMT  =         0.0000  VIRIAL  =         0.0000  VOLUME     =    168883.3208
                                                    Density    =         0.8889
 ------------------------------------------------------------------------------


 NSTEP =     1850   TIME(PS) =       1.850  TEMP(K) =   294.94  PRESS =     0.0
 Etot   =    -33851.0675  EKtot   =      8937.7051  EPtot      =    -42788.7726
 BOND   =       322.5546  ANGLE   =      1064.7777  DIHED      =      1358.0361
 1-4 NB =       444.8858  1-4 EEL =      6170.5189  VDWAALS    =      4605.3450
 EELEC  =    -56826.6077  EHBOND  =         0.0000  RESTRAINT  =        71.7172
 EAMBER (non-restraint)  =    -42860.4898
 EKCMT  =         0.0000  VIRIAL  =         0.0000  VOLUME     =    168883.3208
                                                    Density    =         0.8889
 ------------------------------------------------------------------------------


 NSTEP =     1900   TIME(PS) =       1.900  TEMP(K) =   295.70  PRESS =     0.0
 Etot   =    -33885.2693  EKtot   =      8960.7900  EPtot      =    -42846.0594
 BOND   =       359.5183  ANGLE   =      1031.2625  DIHED      =      1350.5621
 1-4 NB =       442.6313  1-4 EEL =      6120.6069  VDWAALS    =      5069.2471
 EELEC  =    -57294.2871  EHBOND  =         0.0000  RESTRAINT  =        74.3997
 EAMBER (non-restraint)  =    -42920.4591
 EKCMT  =         0.0000  VIRIAL  =         0.0000  VOLUME     =    167783.6143
                                                    Density    =         0.8947
 ------------------------------------------------------------------------------


 NSTEP =     1950   TIME(PS) =       1.950  TEMP(K) =   298.59  PRESS =     0.0
 Etot   =    -33816.4008  EKtot   =      9048.3457  EPtot      =    -42864.7465
 BOND   =       331.9303  ANGLE   =      1006.5220  DIHED      =      1361.1049
 1-4 NB =       433.5352  1-4 EEL =      6158.3554  VDWAALS    =      4825.0639
 EELEC  =    -57057.2656  EHBOND  =         0.0000  RESTRAINT  =        76.0073
 EAMBER (non-restraint)  =    -42940.7538
 EKCMT  =         0.0000  VIRIAL  =         0.0000  VOLUME     =    167783.6143
                                                    Density    =         0.8947
 ------------------------------------------------------------------------------


 NSTEP =     2000   TIME(PS) =       2.000  TEMP(K) =   295.57  PRESS =     0.0
 Etot   =    -33850.6008  EKtot   =      8956.9141  EPtot      =    -42807.5148
 BOND   =       324.4712  ANGLE   =      1028.9816  DIHED      =      1381.0273
 1-4 NB =       439.5970  1-4 EEL =      6160.0968  VDWAALS    =      4855.1021
 EELEC  =    -57068.8506  EHBOND  =         0.0000  RESTRAINT  =        72.0599
 EAMBER (non-restraint)  =    -42879.5747
 EKCMT  =         0.0000  VIRIAL  =         0.0000  VOLUME     =    167647.4523
                                                    Density    =         0.8954
 ------------------------------------------------------------------------------


 NSTEP =     2050   TIME(PS) =       2.050  TEMP(K) =   297.91  PRESS =     0.0
 Etot   =    -33770.4071  EKtot   =      9027.9199  EPtot      =    -42798.3270
 BOND   =       356.3261  ANGLE   =      1027.2944  DIHED      =      1355.9839
 1-4 NB =       442.3391  1-4 EEL =      6174.0557  VDWAALS    =      4703.9812
 EELEC  =    -56933.3143  EHBOND  =         0.0000  RESTRAINT  =        75.0068
 EAMBER (non-restraint)  =    -42873.3338
 EKCMT  =         0.0000  VIRIAL  =         0.0000  VOLUME     =    167647.4523
                                                    Density    =         0.8954
 ------------------------------------------------------------------------------


 NSTEP =     2100   TIME(PS) =       2.100  TEMP(K) =   299.69  PRESS =     0.0
 Etot   =    -33705.7520  EKtot   =      9081.7520  EPtot      =    -42787.5039
 BOND   =       339.0028  ANGLE   =      1038.8869  DIHED      =      1363.2034
 1-4 NB =       436.0095  1-4 EEL =      6163.8024  VDWAALS    =      4977.2830
 EELEC  =    -57188.9525  EHBOND  =         0.0000  RESTRAINT  =        83.2606
 EAMBER (non-restraint)  =    -42870.7645
 EKCMT  =         0.0000  VIRIAL  =         0.0000  VOLUME     =    166864.7189
                                                    Density    =         0.8996
 ------------------------------------------------------------------------------


 NSTEP =     2150   TIME(PS) =       2.150  TEMP(K) =   298.16  PRESS =     0.0
 Etot   =    -33754.4996  EKtot   =      9035.3760  EPtot      =    -42789.8756
 BOND   =       330.3774  ANGLE   =      1039.9457  DIHED      =      1372.7801
 1-4 NB =       446.3697  1-4 EEL =      6201.0005  VDWAALS    =      4659.3059
 EELEC  =    -56926.0741  EHBOND  =         0.0000  RESTRAINT  =        86.4192
 EAMBER (non-restraint)  =    -42876.2948
 EKCMT  =         0.0000  VIRIAL  =         0.0000  VOLUME     =    166864.7189
                                                    Density    =         0.8996
 ------------------------------------------------------------------------------


 NSTEP =     2200   TIME(PS) =       2.200  TEMP(K) =   294.87  PRESS =     0.0
 Etot   =    -33696.9898  EKtot   =      8935.7891  EPtot      =    -42632.7789
 BOND   =       322.1106  ANGLE   =      1077.9765  DIHED      =      1383.1749
 1-4 NB =       453.1692  1-4 EEL =      6206.7240  VDWAALS    =      5127.5810
 EELEC  =    -57289.1177  EHBOND  =         0.0000  RESTRAINT  =        85.6026
 EAMBER (non-restraint)  =    -42718.3815
 EKCMT  =         0.0000  VIRIAL  =         0.0000  VOLUME     =    165362.9923
                                                    Density    =         0.9078
 ------------------------------------------------------------------------------


 NSTEP =     2250   TIME(PS) =       2.250  TEMP(K) =   302.48  PRESS =     0.0
 Etot   =    -33643.0468  EKtot   =      9166.1221  EPtot      =    -42809.1689
 BOND   =       332.8587  ANGLE   =      1049.0494  DIHED      =      1360.7597
 1-4 NB =       438.5905  1-4 EEL =      6178.8323  VDWAALS    =      4812.2567
 EELEC  =    -57064.5237  EHBOND  =         0.0000  RESTRAINT  =        83.0076
 EAMBER (non-restraint)  =    -42892.1765
 EKCMT  =         0.0000  VIRIAL  =         0.0000  VOLUME     =    165362.9923
                                                    Density    =         0.9078
 ------------------------------------------------------------------------------


 NSTEP =     2300   TIME(PS) =       2.300  TEMP(K) =   298.73  PRESS =     0.0
 Etot   =    -33675.1728  EKtot   =      9052.6387  EPtot      =    -42727.8114
 BOND   =       328.3579  ANGLE   =      1075.2397  DIHED      =      1355.2681
 1-4 NB =       438.3282  1-4 EEL =      6177.1243  VDWAALS    =      4766.0589
 EELEC  =    -56947.7054  EHBOND  =         0.0000  RESTRAINT  =        79.5168
 EAMBER (non-restraint)  =    -42807.3282
 EKCMT  =         0.0000  VIRIAL  =         0.0000  VOLUME     =    165362.9923
                                                    Density    =         0.9078
 ------------------------------------------------------------------------------


 NSTEP =     2350   TIME(PS) =       2.350  TEMP(K) =   303.42  PRESS =     0.0
 Etot   =    -33616.6788  EKtot   =      9194.7988  EPtot      =    -42811.4776
 BOND   =       354.8547  ANGLE   =      1071.1322  DIHED      =      1347.5867
 1-4 NB =       434.4999  1-4 EEL =      6145.6164  VDWAALS    =      4707.0121
 EELEC  =    -56944.9817  EHBOND  =         0.0000  RESTRAINT  =        72.8020
 EAMBER (non-restraint)  =    -42884.2796
 EKCMT  =         0.0000  VIRIAL  =         0.0000  VOLUME     =    165362.9923
                                                    Density    =         0.9078
 ------------------------------------------------------------------------------


 NSTEP =     2400   TIME(PS) =       2.400  TEMP(K) =   300.07  PRESS =     0.0
 Etot   =    -33705.7716  EKtot   =      9093.1729  EPtot      =    -42798.9445
 BOND   =       361.3634  ANGLE   =      1074.6812  DIHED      =      1366.0021
 1-4 NB =       442.6406  1-4 EEL =      6147.6895  VDWAALS    =      4646.0899
 EELEC  =    -56908.4241  EHBOND  =         0.0000  RESTRAINT  =        71.0131
 EAMBER (non-restraint)  =    -42869.9576
 EKCMT  =         0.0000  VIRIAL  =         0.0000  VOLUME     =    165362.9923
                                                    Density    =         0.9078
 ------------------------------------------------------------------------------


 NSTEP =     2450   TIME(PS) =       2.450  TEMP(K) =   299.52  PRESS =     0.0
 Etot   =    -33767.9909  EKtot   =      9076.6396  EPtot      =    -42844.6306
 BOND   =       353.1420  ANGLE   =      1041.9071  DIHED      =      1362.7323
 1-4 NB =       444.6204  1-4 EEL =      6196.9672  VDWAALS    =      4702.9035
 EELEC  =    -57018.3929  EHBOND  =         0.0000  RESTRAINT  =        71.4898
 EAMBER (non-restraint)  =    -42916.1204
 EKCMT  =         0.0000  VIRIAL  =         0.0000  VOLUME     =    165362.9923
                                                    Density    =         0.9078
 ------------------------------------------------------------------------------


 NSTEP =     2500   TIME(PS) =       2.500  TEMP(K) =   302.25  PRESS =     0.0
 Etot   =    -33770.2200  EKtot   =      9159.3203  EPtot      =    -42929.5403
 BOND   =       338.6356  ANGLE   =      1040.1316  DIHED      =      1356.5492
 1-4 NB =       450.0034  1-4 EEL =      6183.2089  VDWAALS    =      5230.6173
 EELEC  =    -57596.7137  EHBOND  =         0.0000  RESTRAINT  =        68.0274
 EAMBER (non-restraint)  =    -42997.5677
 EKCMT  =         0.0000  VIRIAL  =         0.0000  VOLUME     =    164126.1625
                                                    Density    =         0.9146
 ------------------------------------------------------------------------------


 NSTEP =     2550   TIME(PS) =       2.550  TEMP(K) =   298.25  PRESS =     0.0
 Etot   =    -33932.4944  EKtot   =      9038.0391  EPtot      =    -42970.5335
 BOND   =       335.8830  ANGLE   =      1039.3855  DIHED      =      1372.3621
 1-4 NB =       444.3841  1-4 EEL =      6173.4902  VDWAALS    =      4841.6181
 EELEC  =    -57248.0053  EHBOND  =         0.0000  RESTRAINT  =        70.3487
 EAMBER (non-restraint)  =    -43040.8822
 EKCMT  =         0.0000  VIRIAL  =         0.0000  VOLUME     =    164126.1625
                                                    Density    =         0.9146
 ------------------------------------------------------------------------------


 NSTEP =     2600   TIME(PS) =       2.600  TEMP(K) =   298.56  PRESS =     0.0
 Etot   =    -33944.6943  EKtot   =      9047.4941  EPtot      =    -42992.1885
 BOND   =       316.4772  ANGLE   =      1057.1185  DIHED      =      1364.9158
 1-4 NB =       457.2377  1-4 EEL =      6157.2159  VDWAALS    =      5038.8783
 EELEC  =    -57453.4936  EHBOND  =         0.0000  RESTRAINT  =        69.4617
 EAMBER (non-restraint)  =    -43061.6502
 EKCMT  =         0.0000  VIRIAL  =         0.0000  VOLUME     =    163208.6599
                                                    Density    =         0.9198
 ------------------------------------------------------------------------------


 NSTEP =     2650   TIME(PS) =       2.650  TEMP(K) =   301.62  PRESS =     0.0
 Etot   =    -34040.3838  EKtot   =      9140.1914  EPtot      =    -43180.5753
 BOND   =       306.0622  ANGLE   =      1046.2620  DIHED      =      1359.1748
 1-4 NB =       436.7809  1-4 EEL =      6189.5763  VDWAALS    =      4780.1247
 EELEC  =    -57365.7131  EHBOND  =         0.0000  RESTRAINT  =        67.1569
 EAMBER (non-restraint)  =    -43247.7321
 EKCMT  =         0.0000  VIRIAL  =         0.0000  VOLUME     =    163208.6599
                                                    Density    =         0.9198
 ------------------------------------------------------------------------------


 NSTEP =     2700   TIME(PS) =       2.700  TEMP(K) =   298.11  PRESS =     0.0
 Etot   =    -33995.2744  EKtot   =      9033.7900  EPtot      =    -43029.0645
 BOND   =       354.5619  ANGLE   =      1070.5915  DIHED      =      1380.4783
 1-4 NB =       444.4124  1-4 EEL =      6201.1501  VDWAALS    =      4709.1863
 EELEC  =    -57258.9130  EHBOND  =         0.0000  RESTRAINT  =        69.4680
 EAMBER (non-restraint)  =    -43098.5325
 EKCMT  =         0.0000  VIRIAL  =         0.0000  VOLUME     =    163116.3225
                                                    Density    =         0.9203
 ------------------------------------------------------------------------------


 NSTEP =     2750   TIME(PS) =       2.750  TEMP(K) =   300.30  PRESS =     0.0
 Etot   =    -33959.3432  EKtot   =      9100.3369  EPtot      =    -43059.6801
 BOND   =       326.9163  ANGLE   =      1039.6661  DIHED      =      1379.2501
 1-4 NB =       426.2924  1-4 EEL =      6147.8437  VDWAALS    =      4770.0733
 EELEC  =    -57219.2035  EHBOND  =         0.0000  RESTRAINT  =        69.4814
 EAMBER (non-restraint)  =    -43129.1615
 EKCMT  =         0.0000  VIRIAL  =         0.0000  VOLUME     =    163116.3225
                                                    Density    =         0.9203
 ------------------------------------------------------------------------------


 NSTEP =     2800   TIME(PS) =       2.800  TEMP(K) =   299.86  PRESS =     0.0
 Etot   =    -33912.4030  EKtot   =      9086.9424  EPtot      =    -42999.3454
 BOND   =       334.2224  ANGLE   =      1051.5871  DIHED      =      1389.0455
 1-4 NB =       447.5174  1-4 EEL =      6198.2354  VDWAALS    =      4746.8068
 EELEC  =    -57240.8599  EHBOND  =         0.0000  RESTRAINT  =        74.1000
 EAMBER (non-restraint)  =    -43073.4454
 EKCMT  =         0.0000  VIRIAL  =         0.0000  VOLUME     =    163116.3225
                                                    Density    =         0.9203
 ------------------------------------------------------------------------------


 NSTEP =     2850   TIME(PS) =       2.850  TEMP(K) =   300.38  PRESS =     0.0
 Etot   =    -33883.6560  EKtot   =      9102.5586  EPtot      =    -42986.2146
 BOND   =       340.0641  ANGLE   =      1029.9751  DIHED      =      1370.4742
 1-4 NB =       449.0563  1-4 EEL =      6166.0405  VDWAALS    =      4632.6048
 EELEC  =    -57053.1827  EHBOND  =         0.0000  RESTRAINT  =        78.7530
 EAMBER (non-restraint)  =    -43064.9676
 EKCMT  =         0.0000  VIRIAL  =         0.0000  VOLUME     =    163116.3225
                                                    Density    =         0.9203
 ------------------------------------------------------------------------------


 NSTEP =     2900   TIME(PS) =       2.900  TEMP(K) =   300.82  PRESS =     0.0
 Etot   =    -33813.4007  EKtot   =      9115.9883  EPtot      =    -42929.3890
 BOND   =       372.1804  ANGLE   =      1045.8699  DIHED      =      1368.3404
 1-4 NB =       433.4974  1-4 EEL =      6153.0670  VDWAALS    =      4831.8340
 EELEC  =    -57209.4717  EHBOND  =         0.0000  RESTRAINT  =        75.2937
 EAMBER (non-restraint)  =    -43004.6827
 EKCMT  =         0.0000  VIRIAL  =         0.0000  VOLUME     =    162462.3957
                                                    Density    =         0.9240
 ------------------------------------------------------------------------------


 NSTEP =     2950   TIME(PS) =       2.950  TEMP(K) =   301.27  PRESS =     0.0
 Etot   =    -33787.8329  EKtot   =      9129.5566  EPtot      =    -42917.3895
 BOND   =       347.3005  ANGLE   =      1040.9646  DIHED      =      1363.6420
 1-4 NB =       448.2371  1-4 EEL =      6140.4893  VDWAALS    =      4756.1305
 EELEC  =    -57088.9068  EHBOND  =         0.0000  RESTRAINT  =        74.7533
 EAMBER (non-restraint)  =    -42992.1428
 EKCMT  =         0.0000  VIRIAL  =         0.0000  VOLUME     =    162462.3957
                                                    Density    =         0.9240
 ------------------------------------------------------------------------------


 NSTEP =     3000   TIME(PS) =       3.000  TEMP(K) =   301.23  PRESS =     0.0
 Etot   =    -33813.0792  EKtot   =      9128.2969  EPtot      =    -42941.3761
 BOND   =       334.1013  ANGLE   =      1020.5708  DIHED      =      1355.5303
 1-4 NB =       435.2809  1-4 EEL =      6185.3379  VDWAALS    =      4681.5360
 EELEC  =    -57031.5516  EHBOND  =         0.0000  RESTRAINT  =        77.8182
 EAMBER (non-restraint)  =    -43019.1942
 EKCMT  =         0.0000  VIRIAL  =         0.0000  VOLUME     =    162462.3957
                                                    Density    =         0.9240
 ------------------------------------------------------------------------------


 NSTEP =     3050   TIME(PS) =       3.050  TEMP(K) =   300.00  PRESS =     0.0
 Etot   =    -33813.5260  EKtot   =      9091.0889  EPtot      =    -42904.6149
 BOND   =       360.6660  ANGLE   =      1029.7687  DIHED      =      1389.7464
 1-4 NB =       430.9964  1-4 EEL =      6165.6357  VDWAALS    =      4503.8271
 EELEC  =    -56863.2563  EHBOND  =         0.0000  RESTRAINT  =        78.0011
 EAMBER (non-restraint)  =    -42982.6160
 EKCMT  =         0.0000  VIRIAL  =         0.0000  VOLUME     =    162462.3957
                                                    Density    =         0.9240
 ------------------------------------------------------------------------------


 NSTEP =     3100   TIME(PS) =       3.100  TEMP(K) =   300.69  PRESS =     0.0
 Etot   =    -33781.6915  EKtot   =      9112.0820  EPtot      =    -42893.7736
 BOND   =       336.1424  ANGLE   =      1036.5497  DIHED      =      1370.7176
 1-4 NB =       454.8438  1-4 EEL =      6188.8857  VDWAALS    =      4831.3419
 EELEC  =    -57183.9687  EHBOND  =         0.0000  RESTRAINT  =        71.7140
 EAMBER (non-restraint)  =    -42965.4876
 EKCMT  =         0.0000  VIRIAL  =         0.0000  VOLUME     =    161531.8881
                                                    Density    =         0.9293
 ------------------------------------------------------------------------------


 NSTEP =     3150   TIME(PS) =       3.150  TEMP(K) =   301.33  PRESS =     0.0
 Etot   =    -33866.4678  EKtot   =      9131.4365  EPtot      =    -42997.9043
 BOND   =       349.0591  ANGLE   =      1068.4994  DIHED      =      1384.6867
 1-4 NB =       442.9145  1-4 EEL =      6168.4239  VDWAALS    =      4748.8665
 EELEC  =    -57232.6379  EHBOND  =         0.0000  RESTRAINT  =        72.2836
 EAMBER (non-restraint)  =    -43070.1879
 EKCMT  =         0.0000  VIRIAL  =         0.0000  VOLUME     =    161531.8881
                                                    Density    =         0.9293
 ------------------------------------------------------------------------------


 NSTEP =     3200   TIME(PS) =       3.200  TEMP(K) =   300.89  PRESS =     0.0
 Etot   =    -33936.5430  EKtot   =      9117.9326  EPtot      =    -43054.4757
 BOND   =       346.3786  ANGLE   =      1062.4292  DIHED      =      1379.2743
 1-4 NB =       453.9278  1-4 EEL =      6168.1828  VDWAALS    =      4704.6377
 EELEC  =    -57242.1734  EHBOND  =         0.0000  RESTRAINT  =        72.8674
 EAMBER (non-restraint)  =    -43127.3431
 EKCMT  =         0.0000  VIRIAL  =         0.0000  VOLUME     =    161531.8881
                                                    Density    =         0.9293
 ------------------------------------------------------------------------------


 NSTEP =     3250   TIME(PS) =       3.250  TEMP(K) =   299.50  PRESS =     0.0
 Etot   =    -33926.1222  EKtot   =      9076.0791  EPtot      =    -43002.2013
 BOND   =       379.3819  ANGLE   =      1035.9798  DIHED      =      1382.6327
 1-4 NB =       428.5374  1-4 EEL =      6112.1399  VDWAALS    =      4689.3459
 EELEC  =    -57105.3182  EHBOND  =         0.0000  RESTRAINT  =        75.0994
 EAMBER (non-restraint)  =    -43077.3006
 EKCMT  =         0.0000  VIRIAL  =         0.0000  VOLUME     =    161531.8881
                                                    Density    =         0.9293
 ------------------------------------------------------------------------------


 NSTEP =     3300   TIME(PS) =       3.300  TEMP(K) =   300.80  PRESS =     0.0
 Etot   =    -34106.7043  EKtot   =      9115.4385  EPtot      =    -43222.1428
 BOND   =       321.9212  ANGLE   =      1086.3003  DIHED      =      1376.3404
 1-4 NB =       451.2542  1-4 EEL =      6216.0588  VDWAALS    =      4610.0950
 EELEC  =    -57362.3010  EHBOND  =         0.0000  RESTRAINT  =        78.1882
 EAMBER (non-restraint)  =    -43300.3310
 EKCMT  =         0.0000  VIRIAL  =         0.0000  VOLUME     =    161531.8881
                                                    Density    =         0.9293
 ------------------------------------------------------------------------------


 NSTEP =     3350   TIME(PS) =       3.350  TEMP(K) =   300.96  PRESS =     0.0
 Etot   =    -34158.1820  EKtot   =      9120.2012  EPtot      =    -43278.3832
 BOND   =       327.2544  ANGLE   =      1063.8230  DIHED      =      1356.9858
 1-4 NB =       448.9186  1-4 EEL =      6159.5522  VDWAALS    =      4674.4579
 EELEC  =    -57386.6094  EHBOND  =         0.0000  RESTRAINT  =        77.2342
 EAMBER (non-restraint)  =    -43355.6174
 EKCMT  =         0.0000  VIRIAL  =         0.0000  VOLUME     =    161531.8881
                                                    Density    =         0.9293
 ------------------------------------------------------------------------------


 NSTEP =     3400   TIME(PS) =       3.400  TEMP(K) =   298.09  PRESS =     0.0
 Etot   =    -34237.7964  EKtot   =      9033.2705  EPtot      =    -43271.0669
 BOND   =       336.1897  ANGLE   =      1047.3807  DIHED      =      1367.8551
 1-4 NB =       449.9745  1-4 EEL =      6192.2263  VDWAALS    =      5105.4367
 EELEC  =    -57849.2922  EHBOND  =         0.0000  RESTRAINT  =        79.1623
 EAMBER (non-restraint)  =    -43350.2292
 EKCMT  =         0.0000  VIRIAL  =         0.0000  VOLUME     =    160382.2418
                                                    Density    =         0.9360
 ------------------------------------------------------------------------------


 NSTEP =     3450   TIME(PS) =       3.450  TEMP(K) =   305.20  PRESS =     0.0
 Etot   =    -34140.0317  EKtot   =      9248.8301  EPtot      =    -43388.8618
 BOND   =       324.6293  ANGLE   =      1013.6451  DIHED      =      1369.5257
 1-4 NB =       439.2370  1-4 EEL =      6165.6799  VDWAALS    =      4759.7265
 EELEC  =    -57543.3868  EHBOND  =         0.0000  RESTRAINT  =        82.0816
 EAMBER (non-restraint)  =    -43470.9434
 EKCMT  =         0.0000  VIRIAL  =         0.0000  VOLUME     =    160382.2418
                                                    Density    =         0.9360
 ------------------------------------------------------------------------------


 NSTEP =     3500   TIME(PS) =       3.500  TEMP(K) =   300.85  PRESS =     0.0
 Etot   =    -34069.2433  EKtot   =      9116.7998  EPtot      =    -43186.0431
 BOND   =       349.4451  ANGLE   =      1027.8546  DIHED      =      1370.1549
 1-4 NB =       446.0741  1-4 EEL =      6209.0926  VDWAALS    =      4713.7368
 EELEC  =    -57385.5324  EHBOND  =         0.0000  RESTRAINT  =        83.1313
 EAMBER (non-restraint)  =    -43269.1744
 EKCMT  =         0.0000  VIRIAL  =         0.0000  VOLUME     =    160382.2418
                                                    Density    =         0.9360
 ------------------------------------------------------------------------------


 NSTEP =     3550   TIME(PS) =       3.550  TEMP(K) =   299.21  PRESS =     0.0
 Etot   =    -34064.5144  EKtot   =      9067.2383  EPtot      =    -43131.7527
 BOND   =       335.0198  ANGLE   =      1019.5987  DIHED      =      1371.9268
 1-4 NB =       435.2229  1-4 EEL =      6158.7758  VDWAALS    =      4719.6488
 EELEC  =    -57259.0403  EHBOND  =         0.0000  RESTRAINT  =        87.0948
 EAMBER (non-restraint)  =    -43218.8476
 EKCMT  =         0.0000  VIRIAL  =         0.0000  VOLUME     =    160382.2418
                                                    Density    =         0.9360
 ------------------------------------------------------------------------------


 NSTEP =     3600   TIME(PS) =       3.600  TEMP(K) =   294.55  PRESS =     0.0
 Etot   =    -34079.4624  EKtot   =      8925.8730  EPtot      =    -43005.3354
 BOND   =       321.9033  ANGLE   =      1063.1890  DIHED      =      1356.8147
 1-4 NB =       444.2611  1-4 EEL =      6161.4037  VDWAALS    =      4549.1238
 EELEC  =    -56992.9993  EHBOND  =         0.0000  RESTRAINT  =        90.9683
 EAMBER (non-restraint)  =    -43096.3037
 EKCMT  =         0.0000  VIRIAL  =         0.0000  VOLUME     =    160382.2418
                                                    Density    =         0.9360
 ------------------------------------------------------------------------------


 NSTEP =     3650   TIME(PS) =       3.650  TEMP(K) =   297.88  PRESS =     0.0
 Etot   =    -34082.2731  EKtot   =      9026.8164  EPtot      =    -43109.0895
 BOND   =       324.2497  ANGLE   =      1037.9352  DIHED      =      1362.2885
 1-4 NB =       435.9695  1-4 EEL =      6184.1219  VDWAALS    =      4612.7025
 EELEC  =    -57157.1072  EHBOND  =         0.0000  RESTRAINT  =        90.7504
 EAMBER (non-restraint)  =    -43199.8399
 EKCMT  =         0.0000  VIRIAL  =         0.0000  VOLUME     =    160382.2418
                                                    Density    =         0.9360
 ------------------------------------------------------------------------------


 NSTEP =     3700   TIME(PS) =       3.700  TEMP(K) =   293.95  PRESS =     0.0
 Etot   =    -34085.9720  EKtot   =      8907.7070  EPtot      =    -42993.6790
 BOND   =       344.7586  ANGLE   =      1086.4262  DIHED      =      1345.3274
 1-4 NB =       448.2371  1-4 EEL =      6178.0849  VDWAALS    =      4623.2656
 EELEC  =    -57112.1322  EHBOND  =         0.0000  RESTRAINT  =        92.3533
 EAMBER (non-restraint)  =    -43086.0323
 EKCMT  =         0.0000  VIRIAL  =         0.0000  VOLUME     =    160382.2418
                                                    Density    =         0.9360
 ------------------------------------------------------------------------------


 NSTEP =     3750   TIME(PS) =       3.750  TEMP(K) =   301.52  PRESS =     0.0
 Etot   =    -34016.9260  EKtot   =      9137.3018  EPtot      =    -43154.2278
 BOND   =       326.9264  ANGLE   =      1048.8191  DIHED      =      1366.6581
 1-4 NB =       439.1013  1-4 EEL =      6120.6642  VDWAALS    =      4451.8022
 EELEC  =    -56994.9714  EHBOND  =         0.0000  RESTRAINT  =        86.7723
 EAMBER (non-restraint)  =    -43241.0001
 EKCMT  =         0.0000  VIRIAL  =         0.0000  VOLUME     =    160382.2418
                                                    Density    =         0.9360
 ------------------------------------------------------------------------------


 NSTEP =     3800   TIME(PS) =       3.800  TEMP(K) =   302.21  PRESS =     0.0
 Etot   =    -34050.3327  EKtot   =      9158.0107  EPtot      =    -43208.3434
 BOND   =       336.1038  ANGLE   =      1021.9866  DIHED      =      1361.6389
 1-4 NB =       446.2765  1-4 EEL =      6187.3948  VDWAALS    =      4654.7592
 EELEC  =    -57304.3261  EHBOND  =         0.0000  RESTRAINT  =        87.8228
 EAMBER (non-restraint)  =    -43296.1663
 EKCMT  =         0.0000  VIRIAL  =         0.0000  VOLUME     =    159989.6661
                                                    Density    =         0.9383
 ------------------------------------------------------------------------------


 NSTEP =     3850   TIME(PS) =       3.850  TEMP(K) =   301.54  PRESS =     0.0
 Etot   =    -33973.6537  EKtot   =      9137.6436  EPtot      =    -43111.2973
 BOND   =       348.1532  ANGLE   =      1028.4835  DIHED      =      1370.7243
 1-4 NB =       442.5608  1-4 EEL =      6154.4029  VDWAALS    =      4629.3558
 EELEC  =    -57172.6192  EHBOND  =         0.0000  RESTRAINT  =        87.6415
 EAMBER (non-restraint)  =    -43198.9387
 EKCMT  =         0.0000  VIRIAL  =         0.0000  VOLUME     =    159989.6661
                                                    Density    =         0.9383
 ------------------------------------------------------------------------------


 NSTEP =     3900   TIME(PS) =       3.900  TEMP(K) =   301.32  PRESS =     0.0
 Etot   =    -33952.3520  EKtot   =      9131.0400  EPtot      =    -43083.3920
 BOND   =       344.1162  ANGLE   =      1034.2403  DIHED      =      1374.5522
 1-4 NB =       439.8580  1-4 EEL =      6146.2143  VDWAALS    =      4772.1394
 EELEC  =    -57277.9321  EHBOND  =         0.0000  RESTRAINT  =        83.4195
 EAMBER (non-restraint)  =    -43166.8115
 EKCMT  =         0.0000  VIRIAL  =         0.0000  VOLUME     =    159399.8171
                                                    Density    =         0.9418
 ------------------------------------------------------------------------------


 NSTEP =     3950   TIME(PS) =       3.950  TEMP(K) =   302.01  PRESS =     0.0
 Etot   =    -34018.5635  EKtot   =      9151.9941  EPtot      =    -43170.5577
 BOND   =       351.3487  ANGLE   =      1039.2746  DIHED      =      1345.0215
 1-4 NB =       429.1919  1-4 EEL =      6166.5126  VDWAALS    =      4696.9128
 EELEC  =    -57280.4633  EHBOND  =         0.0000  RESTRAINT  =        81.6436
 EAMBER (non-restraint)  =    -43252.2013
 EKCMT  =         0.0000  VIRIAL  =         0.0000  VOLUME     =    159399.8171
                                                    Density    =         0.9418
 ------------------------------------------------------------------------------


 NSTEP =     4000   TIME(PS) =       4.000  TEMP(K) =   301.38  PRESS =     0.0
 Etot   =    -34074.6301  EKtot   =      9132.8389  EPtot      =    -43207.4690
 BOND   =       366.5939  ANGLE   =      1048.6499  DIHED      =      1368.0576
 1-4 NB =       428.7272  1-4 EEL =      6152.7243  VDWAALS    =      4611.0406
 EELEC  =    -57265.0717  EHBOND  =         0.0000  RESTRAINT  =        81.8092
 EAMBER (non-restraint)  =    -43289.2782
 EKCMT  =         0.0000  VIRIAL  =         0.0000  VOLUME     =    159399.8171
                                                    Density    =         0.9418
 ------------------------------------------------------------------------------


 NSTEP =     4050   TIME(PS) =       4.050  TEMP(K) =   298.27  PRESS =     0.0
 Etot   =    -34014.6458  EKtot   =      9038.7949  EPtot      =    -43053.4407
 BOND   =       359.2724  ANGLE   =      1013.5882  DIHED      =      1385.5731
 1-4 NB =       445.6333  1-4 EEL =      6180.7459  VDWAALS    =      4600.8386
 EELEC  =    -57122.0616  EHBOND  =         0.0000  RESTRAINT  =        82.9693
 EAMBER (non-restraint)  =    -43136.4100
 EKCMT  =         0.0000  VIRIAL  =         0.0000  VOLUME     =    159399.8171
                                                    Density    =         0.9418
 ------------------------------------------------------------------------------


 NSTEP =     4100   TIME(PS) =       4.100  TEMP(K) =   300.29  PRESS =     0.0
 Etot   =    -34109.8101  EKtot   =      9099.8867  EPtot      =    -43209.6968
 BOND   =       362.6538  ANGLE   =      1034.4754  DIHED      =      1368.0017
 1-4 NB =       426.4846  1-4 EEL =      6166.1965  VDWAALS    =      4946.6565
 EELEC  =    -57599.5058  EHBOND  =         0.0000  RESTRAINT  =        85.3405
 EAMBER (non-restraint)  =    -43295.0373
 EKCMT  =         0.0000  VIRIAL  =         0.0000  VOLUME     =    158226.8070
                                                    Density    =         0.9488
 ------------------------------------------------------------------------------


 NSTEP =     4150   TIME(PS) =       4.150  TEMP(K) =   304.18  PRESS =     0.0
 Etot   =    -34124.4572  EKtot   =      9217.6426  EPtot      =    -43342.0998
 BOND   =       316.6490  ANGLE   =      1027.3198  DIHED      =      1370.4362
 1-4 NB =       434.5708  1-4 EEL =      6139.8266  VDWAALS    =      4648.1578
 EELEC  =    -57363.8225  EHBOND  =         0.0000  RESTRAINT  =        84.7626
 EAMBER (non-restraint)  =    -43426.8624
 EKCMT  =         0.0000  VIRIAL  =         0.0000  VOLUME     =    158226.8070
                                                    Density    =         0.9488
 ------------------------------------------------------------------------------


 NSTEP =     4200   TIME(PS) =       4.200  TEMP(K) =   301.60  PRESS =     0.0
 Etot   =    -34157.6719  EKtot   =      9139.5244  EPtot      =    -43297.1964
 BOND   =       338.7241  ANGLE   =      1013.1264  DIHED      =      1357.9756
 1-4 NB =       454.7108  1-4 EEL =      6159.1261  VDWAALS    =      5086.2631
 EELEC  =    -57786.9633  EHBOND  =         0.0000  RESTRAINT  =        79.8408
 EAMBER (non-restraint)  =    -43377.0371
 EKCMT  =         0.0000  VIRIAL  =         0.0000  VOLUME     =    157120.5202
                                                    Density    =         0.9554
 ------------------------------------------------------------------------------


 NSTEP =     4250   TIME(PS) =       4.250  TEMP(K) =   301.97  PRESS =     0.0
 Etot   =    -34220.3405  EKtot   =      9150.9414  EPtot      =    -43371.2819
 BOND   =       325.5949  ANGLE   =      1008.5855  DIHED      =      1377.4215
 1-4 NB =       436.6363  1-4 EEL =      6145.2062  VDWAALS    =      4869.1349
 EELEC  =    -57614.2344  EHBOND  =         0.0000  RESTRAINT  =        80.3732
 EAMBER (non-restraint)  =    -43451.6551
 EKCMT  =         0.0000  VIRIAL  =         0.0000  VOLUME     =    157120.5202
                                                    Density    =         0.9554
 ------------------------------------------------------------------------------


 NSTEP =     4300   TIME(PS) =       4.300  TEMP(K) =   300.10  PRESS =     0.0
 Etot   =    -34216.1691  EKtot   =      9094.0908  EPtot      =    -43310.2599
 BOND   =       354.9595  ANGLE   =      1040.4220  DIHED      =      1375.7009
 1-4 NB =       444.4617  1-4 EEL =      6146.1885  VDWAALS    =      4842.3203
 EELEC  =    -57599.6277  EHBOND  =         0.0000  RESTRAINT  =        85.3149
 EAMBER (non-restraint)  =    -43395.5748
 EKCMT  =         0.0000  VIRIAL  =         0.0000  VOLUME     =    157120.5202
                                                    Density    =         0.9554
 ------------------------------------------------------------------------------


 NSTEP =     4350   TIME(PS) =       4.350  TEMP(K) =   305.28  PRESS =     0.0
 Etot   =    -34166.0316  EKtot   =      9251.2539  EPtot      =    -43417.2855
 BOND   =       329.1361  ANGLE   =      1030.8877  DIHED      =      1376.6800
 1-4 NB =       459.0194  1-4 EEL =      6175.7515  VDWAALS    =      4631.7174
 EELEC  =    -57506.1166  EHBOND  =         0.0000  RESTRAINT  =        85.6391
 EAMBER (non-restraint)  =    -43502.9245
 EKCMT  =         0.0000  VIRIAL  =         0.0000  VOLUME     =    157120.5202
                                                    Density    =         0.9554
 ------------------------------------------------------------------------------


 NSTEP =     4400   TIME(PS) =       4.400  TEMP(K) =   301.77  PRESS =     0.0
 Etot   =    -34197.6220  EKtot   =      9144.7627  EPtot      =    -43342.3847
 BOND   =       346.8270  ANGLE   =      1057.6760  DIHED      =      1357.0811
 1-4 NB =       432.1293  1-4 EEL =      6160.9174  VDWAALS    =      4740.3581
 EELEC  =    -57521.4077  EHBOND  =         0.0000  RESTRAINT  =        84.0341
 EAMBER (non-restraint)  =    -43426.4188
 EKCMT  =         0.0000  VIRIAL  =         0.0000  VOLUME     =    157120.5202
                                                    Density    =         0.9554
 ------------------------------------------------------------------------------


 NSTEP =     4450   TIME(PS) =       4.450  TEMP(K) =   299.76  PRESS =     0.0
 Etot   =    -34231.2585  EKtot   =      9083.9551  EPtot      =    -43315.2135
 BOND   =       354.0583  ANGLE   =      1029.5042  DIHED      =      1355.0129
 1-4 NB =       445.1497  1-4 EEL =      6168.3732  VDWAALS    =      4726.7146
 EELEC  =    -57481.1879  EHBOND  =         0.0000  RESTRAINT  =        87.1615
 EAMBER (non-restraint)  =    -43402.3750
 EKCMT  =         0.0000  VIRIAL  =         0.0000  VOLUME     =    157120.5202
                                                    Density    =         0.9554
 ------------------------------------------------------------------------------


 NSTEP =     4500   TIME(PS) =       4.500  TEMP(K) =   301.92  PRESS =     0.0
 Etot   =    -34232.4936  EKtot   =      9149.2754  EPtot      =    -43381.7690
 BOND   =       325.8154  ANGLE   =      1034.8479  DIHED      =      1358.3573
 1-4 NB =       467.6055  1-4 EEL =      6187.7624  VDWAALS    =      5124.3722
 EELEC  =    -57964.0067  EHBOND  =         0.0000  RESTRAINT  =        83.4771
 EAMBER (non-restraint)  =    -43465.2461
 EKCMT  =         0.0000  VIRIAL  =         0.0000  VOLUME     =    156154.3738
                                                    Density    =         0.9613
 ------------------------------------------------------------------------------


 NSTEP =     4550   TIME(PS) =       4.550  TEMP(K) =   295.33  PRESS =     0.0
 Etot   =    -34386.6265  EKtot   =      8949.6094  EPtot      =    -43336.2359
 BOND   =       347.7327  ANGLE   =      1054.1181  DIHED      =      1357.1655
 1-4 NB =       442.6972  1-4 EEL =      6205.3434  VDWAALS    =      4776.9511
 EELEC  =    -57602.1385  EHBOND  =         0.0000  RESTRAINT  =        81.8948
 EAMBER (non-restraint)  =    -43418.1306
 EKCMT  =         0.0000  VIRIAL  =         0.0000  VOLUME     =    156154.3738
                                                    Density    =         0.9613
 ------------------------------------------------------------------------------


 NSTEP =     4600   TIME(PS) =       4.600  TEMP(K) =   298.22  PRESS =     0.0
 Etot   =    -34459.1162  EKtot   =      9037.2773  EPtot      =    -43496.3935
 BOND   =       340.9739  ANGLE   =      1078.6628  DIHED      =      1355.5333
 1-4 NB =       443.4244  1-4 EEL =      6170.8341  VDWAALS    =      4748.7212
 EELEC  =    -57716.3037  EHBOND  =         0.0000  RESTRAINT  =        81.7604
 EAMBER (non-restraint)  =    -43578.1539
 EKCMT  =         0.0000  VIRIAL  =         0.0000  VOLUME     =    156154.3738
                                                    Density    =         0.9613
 ------------------------------------------------------------------------------


 NSTEP =     4650   TIME(PS) =       4.650  TEMP(K) =   297.02  PRESS =     0.0
 Etot   =    -34460.6290  EKtot   =      9000.7920  EPtot      =    -43461.4210
 BOND   =       346.3672  ANGLE   =      1058.2812  DIHED      =      1350.8528
 1-4 NB =       452.3897  1-4 EEL =      6162.8944  VDWAALS    =      4888.1074
 EELEC  =    -57799.4300  EHBOND  =         0.0000  RESTRAINT  =        79.1162
 EAMBER (non-restraint)  =    -43540.5372
 EKCMT  =         0.0000  VIRIAL  =         0.0000  VOLUME     =    156154.3738
                                                    Density    =         0.9613
 ------------------------------------------------------------------------------


 NSTEP =     4700   TIME(PS) =       4.700  TEMP(K) =   300.15  PRESS =     0.0
 Etot   =    -34487.5315  EKtot   =      9095.6943  EPtot      =    -43583.2259
 BOND   =       356.0164  ANGLE   =      1032.5182  DIHED      =      1353.3104
 1-4 NB =       440.0308  1-4 EEL =      6161.6615  VDWAALS    =      4700.5297
 EELEC  =    -57705.7365  EHBOND  =         0.0000  RESTRAINT  =        78.4437
 EAMBER (non-restraint)  =    -43661.6695
 EKCMT  =         0.0000  VIRIAL  =         0.0000  VOLUME     =    156154.3738
                                                    Density    =         0.9613
 ------------------------------------------------------------------------------


 NSTEP =     4750   TIME(PS) =       4.750  TEMP(K) =   299.06  PRESS =     0.0
 Etot   =    -34435.4616  EKtot   =      9062.6729  EPtot      =    -43498.1345
 BOND   =       356.2651  ANGLE   =      1039.3815  DIHED      =      1348.4427
 1-4 NB =       447.1547  1-4 EEL =      6159.2581  VDWAALS    =      4678.0611
 EELEC  =    -57608.6985  EHBOND  =         0.0000  RESTRAINT  =        82.0008
 EAMBER (non-restraint)  =    -43580.1353
 EKCMT  =         0.0000  VIRIAL  =         0.0000  VOLUME     =    156154.3738
                                                    Density    =         0.9613
 ------------------------------------------------------------------------------


 NSTEP =     4800   TIME(PS) =       4.800  TEMP(K) =   301.62  PRESS =     0.0
 Etot   =    -34372.6605  EKtot   =      9140.1836  EPtot      =    -43512.8441
 BOND   =       352.2018  ANGLE   =      1005.9417  DIHED      =      1340.3747
 1-4 NB =       444.2642  1-4 EEL =      6158.1143  VDWAALS    =      4725.6615
 EELEC  =    -57623.4246  EHBOND  =         0.0000  RESTRAINT  =        84.0221
 EAMBER (non-restraint)  =    -43596.8662
 EKCMT  =         0.0000  VIRIAL  =         0.0000  VOLUME     =    156154.3738
                                                    Density    =         0.9613
 ------------------------------------------------------------------------------


 NSTEP =     4850   TIME(PS) =       4.850  TEMP(K) =   300.71  PRESS =     0.0
 Etot   =    -34386.6026  EKtot   =      9112.7148  EPtot      =    -43499.3174
 BOND   =       363.3794  ANGLE   =      1069.1899  DIHED      =      1345.4248
 1-4 NB =       452.7565  1-4 EEL =      6177.9002  VDWAALS    =      4797.0999
 EELEC  =    -57785.9597  EHBOND  =         0.0000  RESTRAINT  =        80.8915
 EAMBER (non-restraint)  =    -43580.2090
 EKCMT  =         0.0000  VIRIAL  =         0.0000  VOLUME     =    156154.3738
                                                    Density    =         0.9613
 ------------------------------------------------------------------------------


 NSTEP =     4900   TIME(PS) =       4.900  TEMP(K) =   299.18  PRESS =     0.0
 Etot   =    -34388.8560  EKtot   =      9066.1240  EPtot      =    -43454.9800
 BOND   =       385.0560  ANGLE   =      1027.4036  DIHED      =      1361.8294
 1-4 NB =       438.8082  1-4 EEL =      6142.1381  VDWAALS    =      4847.0845
 EELEC  =    -57736.2020  EHBOND  =         0.0000  RESTRAINT  =        78.9022
 EAMBER (non-restraint)  =    -43533.8822
 EKCMT  =         0.0000  VIRIAL  =         0.0000  VOLUME     =    155517.5219
                                                    Density    =         0.9653
 ------------------------------------------------------------------------------


 NSTEP =     4950   TIME(PS) =       4.950  TEMP(K) =   300.60  PRESS =     0.0
 Etot   =    -34446.4877  EKtot   =      9109.2471  EPtot      =    -43555.7348
 BOND   =       342.0298  ANGLE   =      1011.4770  DIHED      =      1355.8002
 1-4 NB =       439.5513  1-4 EEL =      6192.7131  VDWAALS    =      4868.7219
 EELEC  =    -57848.8929  EHBOND  =         0.0000  RESTRAINT  =        82.8648
 EAMBER (non-restraint)  =    -43638.5996
 EKCMT  =         0.0000  VIRIAL  =         0.0000  VOLUME     =    155517.5219
                                                    Density    =         0.9653
 ------------------------------------------------------------------------------


 NSTEP =     5000   TIME(PS) =       5.000  TEMP(K) =   302.69  PRESS =     0.0
 Etot   =    -34409.8172  EKtot   =      9172.4990  EPtot      =    -43582.3163
 BOND   =       344.8658  ANGLE   =      1024.3643  DIHED      =      1357.8275
 1-4 NB =       451.9182  1-4 EEL =      6181.8220  VDWAALS    =      4891.7309
 EELEC  =    -57916.0421  EHBOND  =         0.0000  RESTRAINT  =        81.1972
 EAMBER (non-restraint)  =    -43663.5135
 EKCMT  =         0.0000  VIRIAL  =         0.0000  VOLUME     =    155294.4462
                                                    Density    =         0.9667
 ------------------------------------------------------------------------------


      A V E R A G E S   O V E R     100 S T E P S


 NSTEP =     5000   TIME(PS) =       5.000  TEMP(K) =   293.27  PRESS =     0.0
 Etot   =    -34543.9761  EKtot   =      8887.1090  EPtot      =    -43431.0851
 BOND   =       336.2198  ANGLE   =      1026.8404  DIHED      =      1360.1356
 1-4 NB =       441.5397  1-4 EEL =      6167.7050  VDWAALS    =      4938.4396
 EELEC  =    -57775.6582  EHBOND  =         0.0000  RESTRAINT  =        73.6930
 EAMBER (non-restraint)  =    -43504.7781
 EKCMT  =         0.0000  VIRIAL  =         0.0000  VOLUME     =    164353.8655
                                                    Density    =         0.9144
 ------------------------------------------------------------------------------


      R M S  F L U C T U A T I O N S


 NSTEP =     5000   TIME(PS) =       5.000  TEMP(K) =    18.92  PRESS =     0.0
 Etot   =      1553.6390  EKtot   =       573.4378  EPtot      =       995.9377
 BOND   =        24.3412  ANGLE   =        53.4267  DIHED      =        15.4393
 1-4 NB =         8.9910  1-4 EEL =        20.0817  VDWAALS    =       557.3383
 EELEC  =      1431.6470  EHBOND  =         0.0000  RESTRAINT  =        11.0433
 EAMBER (non-restraint)  =       984.8944
 EKCMT  =         0.0000  VIRIAL  =         0.0000  VOLUME     =      5350.2373
                                                    Density    =         0.0299
 ------------------------------------------------------------------------------

| MC Barostat:         50 volume changes attempted.
| MC Barostat:         20 changes successful ( 40.00%)
 ------------------------------------------------------------------------------

--------------------------------------------------------------------------------
   5.  TIMINGS
--------------------------------------------------------------------------------

|  NonSetup CPU Time in Major Routines:
|
|     Routine           Sec        %
|     ------------------------------
|     Nonbond           0.46   19.99
|     Bond              0.00    0.00
|     Angle             0.00    0.00
|     Dihedral          0.00    0.00
|     Shake             0.03    1.29
|     RunMD             1.77   77.02
|     Other             0.04    1.69
|     ------------------------------
|     Total             2.30

|  PME Nonbond Pairlist CPU Time:
|
|     Routine              Sec        %
|     ---------------------------------
|     Set Up Cit           0.00    0.00
|     Build List           0.00    0.00
|     ---------------------------------
|     Total                0.00    0.00

|  PME Direct Force CPU Time:
|
|     Routine              Sec        %
|     ---------------------------------
|     NonBonded Calc       0.00    0.00
|     Exclude Masked       0.00    0.00
|     Other                0.00    0.13
|     ---------------------------------
|     Total                0.00    0.13

|  PME Reciprocal Force CPU Time:
|
|     Routine              Sec        %
|     ---------------------------------
|     1D bspline           0.00    0.00
|     Grid Charges         0.00    0.00
|     Scalar Sum           0.00    0.00
|     Gradient Sum         0.00    0.00
|     FFT                  0.00    0.00
|     ---------------------------------
|     Total                0.00    0.00

|  Final Performance Info:
|     -----------------------------------------------------
|     Average timings for last    5000 steps:
|     Elapsed(s) =       2.30 Per Step(ms) =       0.46
|         ns/day =     187.66   seconds/ns =     460.42
|
|     Average timings for all steps:
|     Elapsed(s) =       2.30 Per Step(ms) =       0.46
|         ns/day =     187.66   seconds/ns =     460.42
|     -----------------------------------------------------

|  Setup CPU time:            0.41 seconds
|  NonSetup CPU time:         2.30 seconds
|  Total CPU time:            2.71 seconds     0.00 hours

|  Setup wall time:           1    seconds
|  NonSetup wall time:        2    seconds
|  Total wall time:           3    seconds     0.00 hours
