
          -------------------------------------------------------
          Amber 18 PMEMD                              2018
          -------------------------------------------------------

| PMEMD implementation of SANDER, Release 18

| Run on 02/22/2021 at 13:49:21

|   Executable path: pmemd.cuda
| Working directory: /home/almacen/pbarletta/reobp/run/ctv/pre
|          Hostname: Unknown
  [-O]verwriting output

File Assignments:
|   MDIN: step7.in                                                              
|  MDOUT: step7.out                                                             
| INPCRD: step6.rst7                                                            
|   PARM: ../../../top_files/ctv.prmtop                                         
| RESTRT: step7.rst7                                                            
|   REFC: step5.rst7                                                            
|  MDVEL: mdvel                                                                 
|   MDEN: mden                                                                  
|  MDCRD: step7.nc                                                              
| MDINFO: step7.mdinfo                                                          
|  MDFRC: mdfrc                                                                 


 Here is the input file:

MD: step7.in                                                                   
 &cntrl                                                                        
   imin = 0, nstlim = 5000, dt = 0.001,                                        
   ntx = 5, irest = 1, ig = -1,                                                
   ntwx = 500, ntwv = 0, ioutfm = 0, ntxo = 1, ntpr = 50, ntwr = 500,          
   iwrap = 0, nscm = 0,                                                        
   ntc = 2, ntf = 2, ntb = 2, cut = 8.0,                                       
   ntt = 3, gamma_ln = 5, temp0 = 300, tempi = 300,                            
   ntp = 1, barostat = 2, pres0 = 1.0,                                         
   ntr = 1, restraintmask = ":1-119&!@H=|:120", restraint_wt = 0.5,            
 &end                                                                          


Note: ig = -1. Setting random seed to   161218 based on wallclock time in 
      microseconds.
| irandom = 1, using AMBER's internal random number generator (default).
 
|--------------------- INFORMATION ----------------------
| GPU (CUDA) Version of PMEMD in use: NVIDIA GPU IN USE.
|                    Version 18.0.0
| 
|                      03/25/2018
| 
| Implementation by:
|                    Ross C. Walker     (SDSC)
|                    Scott Le Grand     (nVIDIA)
| 
| Version 18 performance extensions by:
|                    David Cerutti     (Rutgers)
| 
| Precision model in use:
|      [SPFP] - Single Precision Forces, 64-bit Fixed Point
|               Accumulation. (Default)
| 
|--------------------------------------------------------
 
|----------------- CITATION INFORMATION -----------------
|
|    When publishing work that utilized the CUDA version
|    of AMBER, please cite the following in addition to
|    the regular AMBER citations:
|
|  - Romelia Salomon-Ferrer; Andreas W. Goetz; Duncan
|    Poole; Scott Le Grand; Ross C. Walker "Routine
|    microsecond molecular dynamics simulations with
|    AMBER - Part II: Particle Mesh Ewald", J. Chem.
|    Theory Comput., 2013, 9 (9), pp3878-3888,
|    DOI: 10.1021/ct400314y.
|
|  - Andreas W. Goetz; Mark J. Williamson; Dong Xu;
|    Duncan Poole; Scott Le Grand; Ross C. Walker
|    "Routine microsecond molecular dynamics simulations
|    with AMBER - Part I: Generalized Born", J. Chem.
|    Theory Comput., 2012, 8 (5), pp1542-1555.
|
|  - Scott Le Grand; Andreas W. Goetz; Ross C. Walker
|    "SPFP: Speed without compromise - a mixed precision
|    model for GPU accelerated molecular dynamics
|    simulations.", Comp. Phys. Comm., 2013, 184
|    pp374-380, DOI: 10.1016/j.cpc.2012.09.022
|
|--------------------------------------------------------
 
|------------------- GPU DEVICE INFO --------------------
|
|            CUDA_VISIBLE_DEVICES: not set
|   CUDA Capable Devices Detected:      1
|           CUDA Device ID in use:      0
|                CUDA Device Name: GeForce GTX 1080 Ti
|     CUDA Device Global Mem Size:  11178 MB
| CUDA Device Num Multiprocessors:     28
|           CUDA Device Core Freq:   1.72 GHz
|
|--------------------------------------------------------
 
 
| Conditional Compilation Defines Used:
| PUBFFT
| BINTRAJ
| CUDA
| EMIL

| Largest sphere to fit in unit cell has radius =    23.943

| New format PARM file being parsed.
| Version =    1.000 Date = 02/22/21 Time = 12:43:32

| Note: 1-4 EEL scale factors are being read from the topology file.

| Note: 1-4 VDW scale factors are being read from the topology file.
| Duplicated    0 dihedrals

| Duplicated    0 dihedrals

--------------------------------------------------------------------------------
   1.  RESOURCE   USE: 
--------------------------------------------------------------------------------

 getting new box info from bottom of inpcrd
 NATOM  =   14772 NTYPES =      18 NBONH =   13817 MBONA  =     963
 NTHETH =    2369 MTHETA =    1293 NPHIH =    4533 MPHIA  =    3267
 NHPARM =       0 NPARM  =       0 NNB   =   28105 NRES   =    4374
 NBONA  =     963 NTHETA =    1293 NPHIA =    3267 NUMBND =      51
 NUMANG =     105 NPTRA  =      44 NATYP =      35 NPHB   =       1
 IFBOX  =       2 NMXRS  =      26 IFCAP =       0 NEXTRA =       0
 NCOPY  =       0

| Coordinate Index Table dimensions:    11   11   11
| Direct force subcell size =     5.3317    5.3317    5.3317

     BOX TYPE: TRUNCATED OCTAHEDRON

--------------------------------------------------------------------------------
   2.  CONTROL  DATA  FOR  THE  RUN
--------------------------------------------------------------------------------

default_name                                                                    

General flags:
     imin    =       0, nmropt  =       0

Nature and format of input:
     ntx     =       5, irest   =       1, ntrx    =       1

Nature and format of output:
     ntxo    =       1, ntpr    =      50, ntrx    =       1, ntwr    =     500
     iwrap   =       0, ntwx    =     500, ntwv    =       0, ntwe    =       0
     ioutfm  =       0, ntwprt  =       0, idecomp =       0, rbornstat=      0

Potential function:
     ntf     =       2, ntb     =       2, igb     =       0, nsnb    =      25
     ipol    =       0, gbsa    =       0, iesp    =       0
     dielc   =   1.00000, cut     =   8.00000, intdiel =   1.00000

Frozen or restrained atoms:
     ibelly  =       0, ntr     =       1
     restraint_wt =   0.50000

Molecular dynamics:
     nstlim  =      5000, nscm    =         0, nrespa  =         1
     t       =   0.00000, dt      =   0.00100, vlimit  =  -1.00000

Langevin dynamics temperature regulation:
     ig      =  161218
     temp0   = 300.00000, tempi   = 300.00000, gamma_ln=   5.00000

Pressure regulation:
     ntp     =       1
     pres0   =   1.00000, comp    =  44.60000, taup    =   1.00000
     Monte-Carlo Barostat:
     mcbarint  =     100

SHAKE:
     ntc     =       2, jfastw  =       0
     tol     =   0.00001

| Intermolecular bonds treatment:
|     no_intermolecular_bonds =       1

| Energy averages sample interval:
|     ene_avg_sampling =      50

Ewald parameters:
     verbose =       0, ew_type =       0, nbflag  =       1, use_pme =       1
     vdwmeth =       1, eedmeth =       1, netfrc  =       1
     Box X =   58.649   Box Y =   58.649   Box Z =   58.649
     Alpha =  109.471   Beta  =  109.471   Gamma =  109.471
     NFFT1 =   64       NFFT2 =   64       NFFT3 =   64
     Cutoff=    8.000   Tol   =0.100E-04
     Ewald Coefficient =  0.34864
     Interpolation order =    4

    LOADING THE CONSTRAINED ATOMS AS GROUPS


   5.  REFERENCE ATOM COORDINATES

  default_name                                                                    
     Mask :1-119&!@H=|:120; matches   969 atoms
| MONTE CARLO BAROSTAT IMPORTANT NOTE:
|   The Monte-Carlo barostat does not require the virial to adjust the system volume.
|   Since it is an expensive calculation, it is skipped for efficiency. A side-effect
|   is that the reported pressure is always 0 because it is not calculated.

--------------------------------------------------------------------------------
   3.  ATOMIC COORDINATES AND VELOCITIES
--------------------------------------------------------------------------------

default_name                                                                    
 begin time read from input coords =     5.000 ps

 
 Number of triangulated 3-point waters found:     4253

     Sum of charges from parm topology file =   0.00000094
     Forcing neutrality...

| Dynamic Memory, Types Used:
| Reals              750341
| Integers           619299

| Nonbonded Pairs Initial Allocation:     2467293

| GPU memory information (estimate):
| KB of GPU memory in use:         0
| KB of CPU memory in use:         0

--------------------------------------------------------------------------------
   4.  RESULTS
--------------------------------------------------------------------------------


 NSTEP =       50   TIME(PS) =       5.050  TEMP(K) =   303.90  PRESS =     0.0
 Etot   =    -33035.7330  EKtot   =      9209.3252  EPtot      =    -42245.0582
 BOND   =       345.6237  ANGLE   =      1082.6169  DIHED      =      1367.1336
 1-4 NB =       442.8834  1-4 EEL =      6164.0634  VDWAALS    =      4867.8428
 EELEC  =    -57822.2536  EHBOND  =         0.0000  RESTRAINT  =      1307.0315
 EAMBER (non-restraint)  =    -43552.0898
 EKCMT  =         0.0000  VIRIAL  =         0.0000  VOLUME     =    155294.4464
                                                    Density    =         0.9667
 ------------------------------------------------------------------------------


 NSTEP =      100   TIME(PS) =       5.100  TEMP(K) =   303.89  PRESS =     0.0
 Etot   =    -33288.4558  EKtot   =      9209.0537  EPtot      =    -42497.5095
 BOND   =       346.5413  ANGLE   =      1041.6528  DIHED      =      1375.8928
 1-4 NB =       447.9052  1-4 EEL =      6143.0189  VDWAALS    =      4826.5291
 EELEC  =    -57795.9580  EHBOND  =         0.0000  RESTRAINT  =      1116.9084
 EAMBER (non-restraint)  =    -43614.4179
 EKCMT  =         0.0000  VIRIAL  =         0.0000  VOLUME     =    155157.5835
                                                    Density    =         0.9675
 ------------------------------------------------------------------------------


 NSTEP =      150   TIME(PS) =       5.150  TEMP(K) =   304.49  PRESS =     0.0
 Etot   =    -33375.0069  EKtot   =      9227.1904  EPtot      =    -42602.1974
 BOND   =       342.4964  ANGLE   =      1058.6201  DIHED      =      1378.4107
 1-4 NB =       442.0819  1-4 EEL =      6171.2949  VDWAALS    =      4746.8242
 EELEC  =    -57653.5784  EHBOND  =         0.0000  RESTRAINT  =       911.6529
 EAMBER (non-restraint)  =    -43513.8503
 EKCMT  =         0.0000  VIRIAL  =         0.0000  VOLUME     =    155157.5835
                                                    Density    =         0.9675
 ------------------------------------------------------------------------------


 NSTEP =      200   TIME(PS) =       5.200  TEMP(K) =   311.63  PRESS =     0.0
 Etot   =    -33481.1511  EKtot   =      9443.4385  EPtot      =    -42924.5896
 BOND   =       366.8238  ANGLE   =       995.7986  DIHED      =      1377.0942
 1-4 NB =       443.0348  1-4 EEL =      6183.3143  VDWAALS    =      4678.2976
 EELEC  =    -57684.3916  EHBOND  =         0.0000  RESTRAINT  =       715.4389
 EAMBER (non-restraint)  =    -43640.0285
 EKCMT  =         0.0000  VIRIAL  =         0.0000  VOLUME     =    155157.5835
                                                    Density    =         0.9675
 ------------------------------------------------------------------------------


 NSTEP =      250   TIME(PS) =       5.250  TEMP(K) =   308.53  PRESS =     0.0
 Etot   =    -33659.2235  EKtot   =      9349.4629  EPtot      =    -43008.6864
 BOND   =       335.8776  ANGLE   =      1023.1555  DIHED      =      1355.8526
 1-4 NB =       459.8985  1-4 EEL =      6178.6521  VDWAALS    =      4744.7497
 EELEC  =    -57655.2564  EHBOND  =         0.0000  RESTRAINT  =       548.3840
 EAMBER (non-restraint)  =    -43557.0703
 EKCMT  =         0.0000  VIRIAL  =         0.0000  VOLUME     =    155157.5835
                                                    Density    =         0.9675
 ------------------------------------------------------------------------------


 NSTEP =      300   TIME(PS) =       5.300  TEMP(K) =   306.44  PRESS =     0.0
 Etot   =    -33804.8086  EKtot   =      9286.3701  EPtot      =    -43091.1787
 BOND   =       338.5345  ANGLE   =      1041.3501  DIHED      =      1368.6555
 1-4 NB =       434.2333  1-4 EEL =      6134.8713  VDWAALS    =      4668.9901
 EELEC  =    -57497.3630  EHBOND  =         0.0000  RESTRAINT  =       419.5496
 EAMBER (non-restraint)  =    -43510.7283
 EKCMT  =         0.0000  VIRIAL  =         0.0000  VOLUME     =    155157.5835
                                                    Density    =         0.9675
 ------------------------------------------------------------------------------


 NSTEP =      350   TIME(PS) =       5.350  TEMP(K) =   307.08  PRESS =     0.0
 Etot   =    -33803.2699  EKtot   =      9305.5234  EPtot      =    -43108.7934
 BOND   =       344.4462  ANGLE   =      1059.2975  DIHED      =      1369.3610
 1-4 NB =       457.1381  1-4 EEL =      6150.0636  VDWAALS    =      4677.4617
 EELEC  =    -57489.8783  EHBOND  =         0.0000  RESTRAINT  =       323.3168
 EAMBER (non-restraint)  =    -43432.1102
 EKCMT  =         0.0000  VIRIAL  =         0.0000  VOLUME     =    155157.5835
                                                    Density    =         0.9675
 ------------------------------------------------------------------------------


 NSTEP =      400   TIME(PS) =       5.400  TEMP(K) =   308.54  PRESS =     0.0
 Etot   =    -33843.7369  EKtot   =      9349.7803  EPtot      =    -43193.5172
 BOND   =       357.1381  ANGLE   =      1028.0782  DIHED      =      1387.2085
 1-4 NB =       462.1931  1-4 EEL =      6175.3123  VDWAALS    =      4641.9376
 EELEC  =    -57497.3463  EHBOND  =         0.0000  RESTRAINT  =       251.9613
 EAMBER (non-restraint)  =    -43445.4786
 EKCMT  =         0.0000  VIRIAL  =         0.0000  VOLUME     =    155157.5835
                                                    Density    =         0.9675
 ------------------------------------------------------------------------------


 NSTEP =      450   TIME(PS) =       5.450  TEMP(K) =   306.09  PRESS =     0.0
 Etot   =    -33983.2051  EKtot   =      9275.7871  EPtot      =    -43258.9922
 BOND   =       333.2777  ANGLE   =      1048.4596  DIHED      =      1373.8895
 1-4 NB =       437.9497  1-4 EEL =      6181.8641  VDWAALS    =      4601.0500
 EELEC  =    -57435.0158  EHBOND  =         0.0000  RESTRAINT  =       199.5330
 EAMBER (non-restraint)  =    -43458.5252
 EKCMT  =         0.0000  VIRIAL  =         0.0000  VOLUME     =    155157.5835
                                                    Density    =         0.9675
 ------------------------------------------------------------------------------


 NSTEP =      500   TIME(PS) =       5.500  TEMP(K) =   304.66  PRESS =     0.0
 Etot   =    -34019.6054  EKtot   =      9232.3965  EPtot      =    -43252.0019
 BOND   =       362.9834  ANGLE   =      1034.3163  DIHED      =      1390.3316
 1-4 NB =       457.0221  1-4 EEL =      6157.0557  VDWAALS    =      4814.7390
 EELEC  =    -57629.2862  EHBOND  =         0.0000  RESTRAINT  =       160.8363
 EAMBER (non-restraint)  =    -43412.8382
 EKCMT  =         0.0000  VIRIAL  =         0.0000  VOLUME     =    154559.1132
                                                    Density    =         0.9713
 ------------------------------------------------------------------------------


 NSTEP =      550   TIME(PS) =       5.550  TEMP(K) =   302.64  PRESS =     0.0
 Etot   =    -34168.2833  EKtot   =      9170.9873  EPtot      =    -43339.2706
 BOND   =       338.6464  ANGLE   =      1004.1639  DIHED      =      1379.0541
 1-4 NB =       465.5019  1-4 EEL =      6194.8012  VDWAALS    =      4886.1093
 EELEC  =    -57747.4399  EHBOND  =         0.0000  RESTRAINT  =       139.8924
 EAMBER (non-restraint)  =    -43479.1630
 EKCMT  =         0.0000  VIRIAL  =         0.0000  VOLUME     =    154559.1132
                                                    Density    =         0.9713
 ------------------------------------------------------------------------------


 NSTEP =      600   TIME(PS) =       5.600  TEMP(K) =   302.81  PRESS =     0.0
 Etot   =    -34259.0103  EKtot   =      9176.1211  EPtot      =    -43435.1314
 BOND   =       344.1706  ANGLE   =      1031.3266  DIHED      =      1366.5056
 1-4 NB =       435.0164  1-4 EEL =      6165.1961  VDWAALS    =      4844.0590
 EELEC  =    -57741.2224  EHBOND  =         0.0000  RESTRAINT  =       119.8168
 EAMBER (non-restraint)  =    -43554.9481
 EKCMT  =         0.0000  VIRIAL  =         0.0000  VOLUME     =    154559.1132
                                                    Density    =         0.9713
 ------------------------------------------------------------------------------


 NSTEP =      650   TIME(PS) =       5.650  TEMP(K) =   298.98  PRESS =     0.0
 Etot   =    -34218.4723  EKtot   =      9060.2373  EPtot      =    -43278.7096
 BOND   =       369.1676  ANGLE   =      1040.4719  DIHED      =      1366.9221
 1-4 NB =       436.5396  1-4 EEL =      6139.5963  VDWAALS    =      4876.6968
 EELEC  =    -57616.5375  EHBOND  =         0.0000  RESTRAINT  =       108.4337
 EAMBER (non-restraint)  =    -43387.1433
 EKCMT  =         0.0000  VIRIAL  =         0.0000  VOLUME     =    154559.1132
                                                    Density    =         0.9713
 ------------------------------------------------------------------------------


 NSTEP =      700   TIME(PS) =       5.700  TEMP(K) =   302.04  PRESS =     0.0
 Etot   =    -34252.8934  EKtot   =      9152.9941  EPtot      =    -43405.8875
 BOND   =       352.6544  ANGLE   =      1054.1508  DIHED      =      1379.9686
 1-4 NB =       442.3608  1-4 EEL =      6152.3190  VDWAALS    =      4915.9637
 EELEC  =    -57801.7634  EHBOND  =         0.0000  RESTRAINT  =        98.4586
 EAMBER (non-restraint)  =    -43504.3461
 EKCMT  =         0.0000  VIRIAL  =         0.0000  VOLUME     =    153959.3182
                                                    Density    =         0.9750
 ------------------------------------------------------------------------------


 NSTEP =      750   TIME(PS) =       5.750  TEMP(K) =   303.40  PRESS =     0.0
 Etot   =    -34246.2722  EKtot   =      9194.0215  EPtot      =    -43440.2937
 BOND   =       346.3404  ANGLE   =      1061.8657  DIHED      =      1378.0517
 1-4 NB =       438.5089  1-4 EEL =      6156.5450  VDWAALS    =      4909.4542
 EELEC  =    -57819.7874  EHBOND  =         0.0000  RESTRAINT  =        88.7279
 EAMBER (non-restraint)  =    -43529.0216
 EKCMT  =         0.0000  VIRIAL  =         0.0000  VOLUME     =    153959.3182
                                                    Density    =         0.9750
 ------------------------------------------------------------------------------


 NSTEP =      800   TIME(PS) =       5.800  TEMP(K) =   304.55  PRESS =     0.0
 Etot   =    -34228.4445  EKtot   =      9228.8350  EPtot      =    -43457.2795
 BOND   =       354.0863  ANGLE   =      1019.7904  DIHED      =      1385.8766
 1-4 NB =       463.5681  1-4 EEL =      6223.9705  VDWAALS    =      4917.6659
 EELEC  =    -57901.7647  EHBOND  =         0.0000  RESTRAINT  =        79.5274
 EAMBER (non-restraint)  =    -43536.8069
 EKCMT  =         0.0000  VIRIAL  =         0.0000  VOLUME     =    154020.1847
                                                    Density    =         0.9747
 ------------------------------------------------------------------------------


 NSTEP =      850   TIME(PS) =       5.850  TEMP(K) =   303.44  PRESS =     0.0
 Etot   =    -34265.6341  EKtot   =      9195.3252  EPtot      =    -43460.9593
 BOND   =       298.1483  ANGLE   =      1040.6288  DIHED      =      1389.7229
 1-4 NB =       444.5515  1-4 EEL =      6203.3838  VDWAALS    =      4839.9712
 EELEC  =    -57753.4071  EHBOND  =         0.0000  RESTRAINT  =        76.0414
 EAMBER (non-restraint)  =    -43537.0007
 EKCMT  =         0.0000  VIRIAL  =         0.0000  VOLUME     =    154020.1847
                                                    Density    =         0.9747
 ------------------------------------------------------------------------------


 NSTEP =      900   TIME(PS) =       5.900  TEMP(K) =   298.98  PRESS =     0.0
 Etot   =    -34293.4236  EKtot   =      9060.2285  EPtot      =    -43353.6521
 BOND   =       343.1753  ANGLE   =      1031.8505  DIHED      =      1381.7680
 1-4 NB =       456.2343  1-4 EEL =      6178.1791  VDWAALS    =      4879.2330
 EELEC  =    -57697.9370  EHBOND  =         0.0000  RESTRAINT  =        73.8446
 EAMBER (non-restraint)  =    -43427.4968
 EKCMT  =         0.0000  VIRIAL  =         0.0000  VOLUME     =    154020.1847
                                                    Density    =         0.9747
 ------------------------------------------------------------------------------


 NSTEP =      950   TIME(PS) =       5.950  TEMP(K) =   300.36  PRESS =     0.0
 Etot   =    -34246.2491  EKtot   =      9102.1152  EPtot      =    -43348.3643
 BOND   =       358.9319  ANGLE   =      1026.2884  DIHED      =      1353.0637
 1-4 NB =       443.9219  1-4 EEL =      6163.2912  VDWAALS    =      4901.9074
 EELEC  =    -57666.6220  EHBOND  =         0.0000  RESTRAINT  =        70.8532
 EAMBER (non-restraint)  =    -43419.2175
 EKCMT  =         0.0000  VIRIAL  =         0.0000  VOLUME     =    154020.1847
                                                    Density    =         0.9747
 ------------------------------------------------------------------------------


 NSTEP =     1000   TIME(PS) =       6.000  TEMP(K) =   303.47  PRESS =     0.0
 Etot   =    -34209.8879  EKtot   =      9196.3740  EPtot      =    -43406.2619
 BOND   =       337.8119  ANGLE   =      1017.9118  DIHED      =      1363.1293
 1-4 NB =       455.4005  1-4 EEL =      6193.5600  VDWAALS    =      4891.5390
 EELEC  =    -57735.6427  EHBOND  =         0.0000  RESTRAINT  =        70.0284
 EAMBER (non-restraint)  =    -43476.2903
 EKCMT  =         0.0000  VIRIAL  =         0.0000  VOLUME     =    154020.1847
                                                    Density    =         0.9747
 ------------------------------------------------------------------------------


 NSTEP =     1050   TIME(PS) =       6.050  TEMP(K) =   300.58  PRESS =     0.0
 Etot   =    -34250.2611  EKtot   =      9108.5400  EPtot      =    -43358.8012
 BOND   =       334.7094  ANGLE   =      1078.0616  DIHED      =      1365.0866
 1-4 NB =       444.7899  1-4 EEL =      6130.3412  VDWAALS    =      4885.3857
 EELEC  =    -57671.3224  EHBOND  =         0.0000  RESTRAINT  =        74.1468
 EAMBER (non-restraint)  =    -43432.9480
 EKCMT  =         0.0000  VIRIAL  =         0.0000  VOLUME     =    154020.1847
                                                    Density    =         0.9747
 ------------------------------------------------------------------------------


 NSTEP =     1100   TIME(PS) =       6.100  TEMP(K) =   303.84  PRESS =     0.0
 Etot   =    -34265.4203  EKtot   =      9207.4375  EPtot      =    -43472.8578
 BOND   =       361.8870  ANGLE   =      1042.9863  DIHED      =      1369.1474
 1-4 NB =       439.7756  1-4 EEL =      6172.5678  VDWAALS    =      4930.2959
 EELEC  =    -57865.9385  EHBOND  =         0.0000  RESTRAINT  =        76.4206
 EAMBER (non-restraint)  =    -43549.2785
 EKCMT  =         0.0000  VIRIAL  =         0.0000  VOLUME     =    153927.8147
                                                    Density    =         0.9752
 ------------------------------------------------------------------------------


 NSTEP =     1150   TIME(PS) =       6.150  TEMP(K) =   303.22  PRESS =     0.0
 Etot   =    -34233.0134  EKtot   =      9188.5605  EPtot      =    -43421.5739
 BOND   =       351.5878  ANGLE   =      1071.7925  DIHED      =      1357.6790
 1-4 NB =       452.5429  1-4 EEL =      6143.0306  VDWAALS    =      4785.0929
 EELEC  =    -57659.4862  EHBOND  =         0.0000  RESTRAINT  =        76.1865
 EAMBER (non-restraint)  =    -43497.7605
 EKCMT  =         0.0000  VIRIAL  =         0.0000  VOLUME     =    153927.8147
                                                    Density    =         0.9752
 ------------------------------------------------------------------------------


 NSTEP =     1200   TIME(PS) =       6.200  TEMP(K) =   300.34  PRESS =     0.0
 Etot   =    -34255.6670  EKtot   =      9101.4883  EPtot      =    -43357.1553
 BOND   =       343.2896  ANGLE   =      1082.8076  DIHED      =      1375.0739
 1-4 NB =       438.8027  1-4 EEL =      6161.8843  VDWAALS    =      4796.4013
 EELEC  =    -57629.5354  EHBOND  =         0.0000  RESTRAINT  =        74.1208
 EAMBER (non-restraint)  =    -43431.2760
 EKCMT  =         0.0000  VIRIAL  =         0.0000  VOLUME     =    153927.8147
                                                    Density    =         0.9752
 ------------------------------------------------------------------------------


 NSTEP =     1250   TIME(PS) =       6.250  TEMP(K) =   302.96  PRESS =     0.0
 Etot   =    -34294.5724  EKtot   =      9180.6885  EPtot      =    -43475.2609
 BOND   =       341.0789  ANGLE   =      1056.5432  DIHED      =      1376.7544
 1-4 NB =       452.7788  1-4 EEL =      6171.1179  VDWAALS    =      4737.9218
 EELEC  =    -57684.3159  EHBOND  =         0.0000  RESTRAINT  =        72.8600
 EAMBER (non-restraint)  =    -43548.1209
 EKCMT  =         0.0000  VIRIAL  =         0.0000  VOLUME     =    153927.8147
                                                    Density    =         0.9752
 ------------------------------------------------------------------------------


 NSTEP =     1300   TIME(PS) =       6.300  TEMP(K) =   299.85  PRESS =     0.0
 Etot   =    -34374.9770  EKtot   =      9086.4639  EPtot      =    -43461.4409
 BOND   =       350.7321  ANGLE   =      1106.2088  DIHED      =      1367.7100
 1-4 NB =       452.3905  1-4 EEL =      6160.1157  VDWAALS    =      4798.8586
 EELEC  =    -57769.9126  EHBOND  =         0.0000  RESTRAINT  =        72.4561
 EAMBER (non-restraint)  =    -43533.8969
 EKCMT  =         0.0000  VIRIAL  =         0.0000  VOLUME     =    153927.8147
                                                    Density    =         0.9752
 ------------------------------------------------------------------------------


 NSTEP =     1350   TIME(PS) =       6.350  TEMP(K) =   302.05  PRESS =     0.0
 Etot   =    -34395.7881  EKtot   =      9153.1260  EPtot      =    -43548.9141
 BOND   =       349.7972  ANGLE   =      1050.7424  DIHED      =      1371.1431
 1-4 NB =       446.3498  1-4 EEL =      6165.4185  VDWAALS    =      4791.3550
 EELEC  =    -57795.1495  EHBOND  =         0.0000  RESTRAINT  =        71.4295
 EAMBER (non-restraint)  =    -43620.3435
 EKCMT  =         0.0000  VIRIAL  =         0.0000  VOLUME     =    153927.8147
                                                    Density    =         0.9752
 ------------------------------------------------------------------------------


 NSTEP =     1400   TIME(PS) =       6.400  TEMP(K) =   300.05  PRESS =     0.0
 Etot   =    -34415.9012  EKtot   =      9092.5166  EPtot      =    -43508.4178
 BOND   =       349.4460  ANGLE   =      1046.4931  DIHED      =      1357.4873
 1-4 NB =       437.2725  1-4 EEL =      6199.9334  VDWAALS    =      4716.6651
 EELEC  =    -57689.0977  EHBOND  =         0.0000  RESTRAINT  =        73.3826
 EAMBER (non-restraint)  =    -43581.8004
 EKCMT  =         0.0000  VIRIAL  =         0.0000  VOLUME     =    153927.8147
                                                    Density    =         0.9752
 ------------------------------------------------------------------------------


 NSTEP =     1450   TIME(PS) =       6.450  TEMP(K) =   299.49  PRESS =     0.0
 Etot   =    -34417.0214  EKtot   =      9075.5938  EPtot      =    -43492.6152
 BOND   =       356.1908  ANGLE   =      1018.9550  DIHED      =      1369.1528
 1-4 NB =       452.4918  1-4 EEL =      6156.6415  VDWAALS    =      4758.1954
 EELEC  =    -57679.9118  EHBOND  =         0.0000  RESTRAINT  =        75.6693
 EAMBER (non-restraint)  =    -43568.2845
 EKCMT  =         0.0000  VIRIAL  =         0.0000  VOLUME     =    153927.8147
                                                    Density    =         0.9752
 ------------------------------------------------------------------------------


 NSTEP =     1500   TIME(PS) =       6.500  TEMP(K) =   298.89  PRESS =     0.0
 Etot   =    -34477.7194  EKtot   =      9057.5986  EPtot      =    -43535.3180
 BOND   =       336.3671  ANGLE   =      1026.6230  DIHED      =      1358.6320
 1-4 NB =       443.1007  1-4 EEL =      6219.3739  VDWAALS    =      4690.5696
 EELEC  =    -57683.9866  EHBOND  =         0.0000  RESTRAINT  =        74.0023
 EAMBER (non-restraint)  =    -43609.3204
 EKCMT  =         0.0000  VIRIAL  =         0.0000  VOLUME     =    153927.8147
                                                    Density    =         0.9752
 ------------------------------------------------------------------------------


 NSTEP =     1550   TIME(PS) =       6.550  TEMP(K) =   295.74  PRESS =     0.0
 Etot   =    -34508.9090  EKtot   =      8961.9141  EPtot      =    -43470.8231
 BOND   =       342.2750  ANGLE   =      1081.1975  DIHED      =      1361.6041
 1-4 NB =       425.7861  1-4 EEL =      6168.8073  VDWAALS    =      4739.4309
 EELEC  =    -57665.2100  EHBOND  =         0.0000  RESTRAINT  =        75.2861
 EAMBER (non-restraint)  =    -43546.1092
 EKCMT  =         0.0000  VIRIAL  =         0.0000  VOLUME     =    153927.8147
                                                    Density    =         0.9752
 ------------------------------------------------------------------------------


 NSTEP =     1600   TIME(PS) =       6.600  TEMP(K) =   306.12  PRESS =     0.0
 Etot   =    -34302.4205  EKtot   =      9276.7139  EPtot      =    -43579.1344
 BOND   =       348.9965  ANGLE   =      1030.6225  DIHED      =      1343.8384
 1-4 NB =       449.3764  1-4 EEL =      6155.1001  VDWAALS    =      4706.5945
 EELEC  =    -57692.1620  EHBOND  =         0.0000  RESTRAINT  =        78.4991
 EAMBER (non-restraint)  =    -43657.6335
 EKCMT  =         0.0000  VIRIAL  =         0.0000  VOLUME     =    153927.8147
                                                    Density    =         0.9752
 ------------------------------------------------------------------------------


 NSTEP =     1650   TIME(PS) =       6.650  TEMP(K) =   303.47  PRESS =     0.0
 Etot   =    -34262.0289  EKtot   =      9196.4062  EPtot      =    -43458.4351
 BOND   =       344.8761  ANGLE   =      1037.2968  DIHED      =      1344.5851
 1-4 NB =       444.7418  1-4 EEL =      6153.7312  VDWAALS    =      4689.4230
 EELEC  =    -57555.7174  EHBOND  =         0.0000  RESTRAINT  =        82.6283
 EAMBER (non-restraint)  =    -43541.0634
 EKCMT  =         0.0000  VIRIAL  =         0.0000  VOLUME     =    153927.8147
                                                    Density    =         0.9752
 ------------------------------------------------------------------------------


 NSTEP =     1700   TIME(PS) =       6.700  TEMP(K) =   300.07  PRESS =     0.0
 Etot   =    -34331.5433  EKtot   =      9093.3330  EPtot      =    -43424.8763
 BOND   =       353.3658  ANGLE   =      1074.2812  DIHED      =      1349.0613
 1-4 NB =       448.1712  1-4 EEL =      6198.0352  VDWAALS    =      4658.0337
 EELEC  =    -57587.1594  EHBOND  =         0.0000  RESTRAINT  =        81.3347
 EAMBER (non-restraint)  =    -43506.2110
 EKCMT  =         0.0000  VIRIAL  =         0.0000  VOLUME     =    153927.8147
                                                    Density    =         0.9752
 ------------------------------------------------------------------------------


 NSTEP =     1750   TIME(PS) =       6.750  TEMP(K) =   299.65  PRESS =     0.0
 Etot   =    -34259.5153  EKtot   =      9080.5088  EPtot      =    -43340.0241
 BOND   =       357.6347  ANGLE   =      1042.8769  DIHED      =      1346.4708
 1-4 NB =       453.4735  1-4 EEL =      6149.3783  VDWAALS    =      4686.6055
 EELEC  =    -57452.7577  EHBOND  =         0.0000  RESTRAINT  =        76.2941
 EAMBER (non-restraint)  =    -43416.3181
 EKCMT  =         0.0000  VIRIAL  =         0.0000  VOLUME     =    153927.8147
                                                    Density    =         0.9752
 ------------------------------------------------------------------------------


 NSTEP =     1800   TIME(PS) =       6.800  TEMP(K) =   303.14  PRESS =     0.0
 Etot   =    -34155.4808  EKtot   =      9186.1094  EPtot      =    -43341.5901
 BOND   =       337.7692  ANGLE   =      1053.9442  DIHED      =      1380.0545
 1-4 NB =       453.8207  1-4 EEL =      6203.2386  VDWAALS    =      4578.3048
 EELEC  =    -57420.4790  EHBOND  =         0.0000  RESTRAINT  =        71.7569
 EAMBER (non-restraint)  =    -43413.3470
 EKCMT  =         0.0000  VIRIAL  =         0.0000  VOLUME     =    153927.8147
                                                    Density    =         0.9752
 ------------------------------------------------------------------------------


 NSTEP =     1850   TIME(PS) =       6.850  TEMP(K) =   305.93  PRESS =     0.0
 Etot   =    -34097.0103  EKtot   =      9270.6748  EPtot      =    -43367.6851
 BOND   =       336.7385  ANGLE   =      1057.7544  DIHED      =      1363.1637
 1-4 NB =       440.7420  1-4 EEL =      6193.1121  VDWAALS    =      4690.8838
 EELEC  =    -57515.4906  EHBOND  =         0.0000  RESTRAINT  =        65.4111
 EAMBER (non-restraint)  =    -43433.0963
 EKCMT  =         0.0000  VIRIAL  =         0.0000  VOLUME     =    153927.8147
                                                    Density    =         0.9752
 ------------------------------------------------------------------------------


 NSTEP =     1900   TIME(PS) =       6.900  TEMP(K) =   300.79  PRESS =     0.0
 Etot   =    -34156.7164  EKtot   =      9114.9512  EPtot      =    -43271.6676
 BOND   =       375.1292  ANGLE   =      1026.8618  DIHED      =      1366.1514
 1-4 NB =       452.7597  1-4 EEL =      6191.7400  VDWAALS    =      4603.7430
 EELEC  =    -57349.3176  EHBOND  =         0.0000  RESTRAINT  =        61.2650
 EAMBER (non-restraint)  =    -43332.9325
 EKCMT  =         0.0000  VIRIAL  =         0.0000  VOLUME     =    153927.8147
                                                    Density    =         0.9752
 ------------------------------------------------------------------------------


 NSTEP =     1950   TIME(PS) =       6.950  TEMP(K) =   297.55  PRESS =     0.0
 Etot   =    -34360.1198  EKtot   =      9016.9805  EPtot      =    -43377.1002
 BOND   =       379.3602  ANGLE   =      1034.9452  DIHED      =      1368.2235
 1-4 NB =       455.3330  1-4 EEL =      6118.2977  VDWAALS    =      4664.8154
 EELEC  =    -57453.7332  EHBOND  =         0.0000  RESTRAINT  =        55.6580
 EAMBER (non-restraint)  =    -43432.7582
 EKCMT  =         0.0000  VIRIAL  =         0.0000  VOLUME     =    153927.8147
                                                    Density    =         0.9752
 ------------------------------------------------------------------------------

| MC Barostat: Decreasing size of volume moves

 NSTEP =     2000   TIME(PS) =       7.000  TEMP(K) =   300.83  PRESS =     0.0
 Etot   =    -34375.1323  EKtot   =      9116.3750  EPtot      =    -43491.5073
 BOND   =       335.6018  ANGLE   =      1054.2248  DIHED      =      1358.6724
 1-4 NB =       453.0998  1-4 EEL =      6195.9537  VDWAALS    =      4692.5257
 EELEC  =    -57634.4780  EHBOND  =         0.0000  RESTRAINT  =        52.8925
 EAMBER (non-restraint)  =    -43544.3998
 EKCMT  =         0.0000  VIRIAL  =         0.0000  VOLUME     =    153927.8147
                                                    Density    =         0.9752
 ------------------------------------------------------------------------------


 NSTEP =     2050   TIME(PS) =       7.050  TEMP(K) =   302.78  PRESS =     0.0
 Etot   =    -34374.7150  EKtot   =      9175.3252  EPtot      =    -43550.0402
 BOND   =       345.5903  ANGLE   =      1026.4123  DIHED      =      1364.7972
 1-4 NB =       441.8088  1-4 EEL =      6149.9209  VDWAALS    =      4704.7639
 EELEC  =    -57635.7033  EHBOND  =         0.0000  RESTRAINT  =        52.3697
 EAMBER (non-restraint)  =    -43602.4099
 EKCMT  =         0.0000  VIRIAL  =         0.0000  VOLUME     =    153927.8147
                                                    Density    =         0.9752
 ------------------------------------------------------------------------------


 NSTEP =     2100   TIME(PS) =       7.100  TEMP(K) =   298.39  PRESS =     0.0
 Etot   =    -34442.9234  EKtot   =      9042.1748  EPtot      =    -43485.0982
 BOND   =       340.2748  ANGLE   =      1038.7700  DIHED      =      1369.2022
 1-4 NB =       451.6022  1-4 EEL =      6219.7145  VDWAALS    =      4637.3123
 EELEC  =    -57597.4107  EHBOND  =         0.0000  RESTRAINT  =        55.4367
 EAMBER (non-restraint)  =    -43540.5348
 EKCMT  =         0.0000  VIRIAL  =         0.0000  VOLUME     =    154040.2979
                                                    Density    =         0.9745
 ------------------------------------------------------------------------------


 NSTEP =     2150   TIME(PS) =       7.150  TEMP(K) =   304.12  PRESS =     0.0
 Etot   =    -34430.9493  EKtot   =      9216.0723  EPtot      =    -43647.0216
 BOND   =       336.0468  ANGLE   =      1024.0638  DIHED      =      1355.3579
 1-4 NB =       436.4972  1-4 EEL =      6173.2370  VDWAALS    =      4611.1120
 EELEC  =    -57642.5285  EHBOND  =         0.0000  RESTRAINT  =        59.1923
 EAMBER (non-restraint)  =    -43706.2139
 EKCMT  =         0.0000  VIRIAL  =         0.0000  VOLUME     =    154040.2979
                                                    Density    =         0.9745
 ------------------------------------------------------------------------------


 NSTEP =     2200   TIME(PS) =       7.200  TEMP(K) =   301.76  PRESS =     0.0
 Etot   =    -34405.8179  EKtot   =      9144.4238  EPtot      =    -43550.2417
 BOND   =       337.4144  ANGLE   =      1024.2478  DIHED      =      1360.4555
 1-4 NB =       436.9312  1-4 EEL =      6189.1027  VDWAALS    =      4644.9384
 EELEC  =    -57605.0837  EHBOND  =         0.0000  RESTRAINT  =        61.7520
 EAMBER (non-restraint)  =    -43611.9937
 EKCMT  =         0.0000  VIRIAL  =         0.0000  VOLUME     =    154040.2979
                                                    Density    =         0.9745
 ------------------------------------------------------------------------------


 NSTEP =     2250   TIME(PS) =       7.250  TEMP(K) =   300.20  PRESS =     0.0
 Etot   =    -34562.5643  EKtot   =      9097.1123  EPtot      =    -43659.6766
 BOND   =       343.5754  ANGLE   =      1023.5798  DIHED      =      1344.0086
 1-4 NB =       448.1224  1-4 EEL =      6166.6213  VDWAALS    =      4682.9550
 EELEC  =    -57730.5177  EHBOND  =         0.0000  RESTRAINT  =        61.9787
 EAMBER (non-restraint)  =    -43721.6553
 EKCMT  =         0.0000  VIRIAL  =         0.0000  VOLUME     =    154040.2979
                                                    Density    =         0.9745
 ------------------------------------------------------------------------------


 NSTEP =     2300   TIME(PS) =       7.300  TEMP(K) =   299.29  PRESS =     0.0
 Etot   =    -34546.1103  EKtot   =      9069.6895  EPtot      =    -43615.7998
 BOND   =       362.4536  ANGLE   =       997.8836  DIHED      =      1354.2579
 1-4 NB =       432.7571  1-4 EEL =      6168.0390  VDWAALS    =      4845.9512
 EELEC  =    -57841.6138  EHBOND  =         0.0000  RESTRAINT  =        64.4716
 EAMBER (non-restraint)  =    -43680.2713
 EKCMT  =         0.0000  VIRIAL  =         0.0000  VOLUME     =    153560.2887
                                                    Density    =         0.9776
 ------------------------------------------------------------------------------


 NSTEP =     2350   TIME(PS) =       7.350  TEMP(K) =   301.92  PRESS =     0.0
 Etot   =    -34679.4709  EKtot   =      9149.4277  EPtot      =    -43828.8987
 BOND   =       329.3775  ANGLE   =      1042.8422  DIHED      =      1351.5817
 1-4 NB =       447.3353  1-4 EEL =      6172.8837  VDWAALS    =      4780.6544
 EELEC  =    -58020.4156  EHBOND  =         0.0000  RESTRAINT  =        66.8422
 EAMBER (non-restraint)  =    -43895.7408
 EKCMT  =         0.0000  VIRIAL  =         0.0000  VOLUME     =    153560.2887
                                                    Density    =         0.9776
 ------------------------------------------------------------------------------


 NSTEP =     2400   TIME(PS) =       7.400  TEMP(K) =   298.23  PRESS =     0.0
 Etot   =    -34724.0498  EKtot   =      9037.3389  EPtot      =    -43761.3886
 BOND   =       317.8291  ANGLE   =      1055.4544  DIHED      =      1350.7886
 1-4 NB =       441.0420  1-4 EEL =      6153.9669  VDWAALS    =      4703.8806
 EELEC  =    -57850.4369  EHBOND  =         0.0000  RESTRAINT  =        66.0867
 EAMBER (non-restraint)  =    -43827.4753
 EKCMT  =         0.0000  VIRIAL  =         0.0000  VOLUME     =    153560.2887
                                                    Density    =         0.9776
 ------------------------------------------------------------------------------


 NSTEP =     2450   TIME(PS) =       7.450  TEMP(K) =   298.18  PRESS =     0.0
 Etot   =    -34644.8390  EKtot   =      9036.0576  EPtot      =    -43680.8966
 BOND   =       345.4737  ANGLE   =      1023.4607  DIHED      =      1350.4434
 1-4 NB =       449.9879  1-4 EEL =      6182.6253  VDWAALS    =      4580.9102
 EELEC  =    -57677.9087  EHBOND  =         0.0000  RESTRAINT  =        64.1110
 EAMBER (non-restraint)  =    -43745.0076
 EKCMT  =         0.0000  VIRIAL  =         0.0000  VOLUME     =    153560.2887
                                                    Density    =         0.9776
 ------------------------------------------------------------------------------


 NSTEP =     2500   TIME(PS) =       7.500  TEMP(K) =   296.01  PRESS =     0.0
 Etot   =    -34681.2878  EKtot   =      8970.1709  EPtot      =    -43651.4587
 BOND   =       355.3260  ANGLE   =       977.6567  DIHED      =      1355.3882
 1-4 NB =       448.0401  1-4 EEL =      6168.2889  VDWAALS    =      4868.2080
 EELEC  =    -57889.9663  EHBOND  =         0.0000  RESTRAINT  =        65.5996
 EAMBER (non-restraint)  =    -43717.0583
 EKCMT  =         0.0000  VIRIAL  =         0.0000  VOLUME     =    153100.6250
                                                    Density    =         0.9805
 ------------------------------------------------------------------------------


 NSTEP =     2550   TIME(PS) =       7.550  TEMP(K) =   299.41  PRESS =     0.0
 Etot   =    -34628.9447  EKtot   =      9073.3213  EPtot      =    -43702.2660
 BOND   =       338.0878  ANGLE   =      1053.6577  DIHED      =      1371.9310
 1-4 NB =       428.9593  1-4 EEL =      6150.6509  VDWAALS    =      4846.3305
 EELEC  =    -57955.5708  EHBOND  =         0.0000  RESTRAINT  =        63.6877
 EAMBER (non-restraint)  =    -43765.9537
 EKCMT  =         0.0000  VIRIAL  =         0.0000  VOLUME     =    153100.6250
                                                    Density    =         0.9805
 ------------------------------------------------------------------------------


 NSTEP =     2600   TIME(PS) =       7.600  TEMP(K) =   303.72  PRESS =     0.0
 Etot   =    -34553.2789  EKtot   =      9203.8252  EPtot      =    -43757.1041
 BOND   =       323.9874  ANGLE   =      1027.1160  DIHED      =      1350.8348
 1-4 NB =       443.0252  1-4 EEL =      6182.7467  VDWAALS    =      4790.1340
 EELEC  =    -57938.6046  EHBOND  =         0.0000  RESTRAINT  =        63.6563
 EAMBER (non-restraint)  =    -43820.7605
 EKCMT  =         0.0000  VIRIAL  =         0.0000  VOLUME     =    152784.4857
                                                    Density    =         0.9825
 ------------------------------------------------------------------------------


 NSTEP =     2650   TIME(PS) =       7.650  TEMP(K) =   301.25  PRESS =     0.0
 Etot   =    -34564.9818  EKtot   =      9129.0117  EPtot      =    -43693.9935
 BOND   =       354.1914  ANGLE   =      1042.0005  DIHED      =      1352.2131
 1-4 NB =       438.5269  1-4 EEL =      6192.8318  VDWAALS    =      4779.5333
 EELEC  =    -57916.0862  EHBOND  =         0.0000  RESTRAINT  =        62.7957
 EAMBER (non-restraint)  =    -43756.7892
 EKCMT  =         0.0000  VIRIAL  =         0.0000  VOLUME     =    152784.4857
                                                    Density    =         0.9825
 ------------------------------------------------------------------------------


 NSTEP =     2700   TIME(PS) =       7.700  TEMP(K) =   302.28  PRESS =     0.0
 Etot   =    -34636.5586  EKtot   =      9160.2803  EPtot      =    -43796.8389
 BOND   =       350.3361  ANGLE   =      1025.1564  DIHED      =      1373.4749
 1-4 NB =       441.3180  1-4 EEL =      6167.4686  VDWAALS    =      4773.1498
 EELEC  =    -57989.9811  EHBOND  =         0.0000  RESTRAINT  =        62.2384
 EAMBER (non-restraint)  =    -43859.0772
 EKCMT  =         0.0000  VIRIAL  =         0.0000  VOLUME     =    152784.4857
                                                    Density    =         0.9825
 ------------------------------------------------------------------------------


 NSTEP =     2750   TIME(PS) =       7.750  TEMP(K) =   301.23  PRESS =     0.0
 Etot   =    -34619.2420  EKtot   =      9128.2969  EPtot      =    -43747.5389
 BOND   =       347.5234  ANGLE   =      1050.6358  DIHED      =      1359.4701
 1-4 NB =       441.0670  1-4 EEL =      6185.0049  VDWAALS    =      4776.6662
 EELEC  =    -57968.3686  EHBOND  =         0.0000  RESTRAINT  =        60.4624
 EAMBER (non-restraint)  =    -43808.0013
 EKCMT  =         0.0000  VIRIAL  =         0.0000  VOLUME     =    152784.4857
                                                    Density    =         0.9825
 ------------------------------------------------------------------------------


 NSTEP =     2800   TIME(PS) =       7.800  TEMP(K) =   300.59  PRESS =     0.0
 Etot   =    -34644.5607  EKtot   =      9108.8496  EPtot      =    -43753.4103
 BOND   =       360.6738  ANGLE   =      1023.6557  DIHED      =      1342.4647
 1-4 NB =       438.8954  1-4 EEL =      6184.2963  VDWAALS    =      4808.1932
 EELEC  =    -57971.6846  EHBOND  =         0.0000  RESTRAINT  =        60.0952
 EAMBER (non-restraint)  =    -43813.5055
 EKCMT  =         0.0000  VIRIAL  =         0.0000  VOLUME     =    152784.4857
                                                    Density    =         0.9825
 ------------------------------------------------------------------------------


 NSTEP =     2850   TIME(PS) =       7.850  TEMP(K) =   299.32  PRESS =     0.0
 Etot   =    -34635.5577  EKtot   =      9070.3926  EPtot      =    -43705.9502
 BOND   =       350.2731  ANGLE   =      1030.5641  DIHED      =      1374.1237
 1-4 NB =       437.5582  1-4 EEL =      6176.1006  VDWAALS    =      4627.2185
 EELEC  =    -57765.5154  EHBOND  =         0.0000  RESTRAINT  =        63.7269
 EAMBER (non-restraint)  =    -43769.6772
 EKCMT  =         0.0000  VIRIAL  =         0.0000  VOLUME     =    152784.4857
                                                    Density    =         0.9825
 ------------------------------------------------------------------------------


 NSTEP =     2900   TIME(PS) =       7.900  TEMP(K) =   299.12  PRESS =     0.0
 Etot   =    -34504.6515  EKtot   =      9064.4434  EPtot      =    -43569.0949
 BOND   =       366.8102  ANGLE   =      1071.2960  DIHED      =      1388.2765
 1-4 NB =       438.0171  1-4 EEL =      6168.7285  VDWAALS    =      4689.4115
 EELEC  =    -57757.8843  EHBOND  =         0.0000  RESTRAINT  =        66.2497
 EAMBER (non-restraint)  =    -43635.3445
 EKCMT  =         0.0000  VIRIAL  =         0.0000  VOLUME     =    152784.4857
                                                    Density    =         0.9825
 ------------------------------------------------------------------------------


 NSTEP =     2950   TIME(PS) =       7.950  TEMP(K) =   298.71  PRESS =     0.0
 Etot   =    -34592.7920  EKtot   =      9051.8848  EPtot      =    -43644.6767
 BOND   =       342.8756  ANGLE   =      1044.7643  DIHED      =      1375.6986
 1-4 NB =       449.5331  1-4 EEL =      6167.4753  VDWAALS    =      4676.6152
 EELEC  =    -57767.9514  EHBOND  =         0.0000  RESTRAINT  =        66.3126
 EAMBER (non-restraint)  =    -43710.9894
 EKCMT  =         0.0000  VIRIAL  =         0.0000  VOLUME     =    152784.4857
                                                    Density    =         0.9825
 ------------------------------------------------------------------------------


 NSTEP =     3000   TIME(PS) =       8.000  TEMP(K) =   298.99  PRESS =     0.0
 Etot   =    -34637.8726  EKtot   =      9060.5039  EPtot      =    -43698.3765
 BOND   =       340.5892  ANGLE   =      1033.2710  DIHED      =      1353.3394
 1-4 NB =       441.1939  1-4 EEL =      6216.5557  VDWAALS    =      4660.2821
 EELEC  =    -57807.6608  EHBOND  =         0.0000  RESTRAINT  =        64.0529
 EAMBER (non-restraint)  =    -43762.4294
 EKCMT  =         0.0000  VIRIAL  =         0.0000  VOLUME     =    152784.4857
                                                    Density    =         0.9825
 ------------------------------------------------------------------------------


 NSTEP =     3050   TIME(PS) =       8.050  TEMP(K) =   299.07  PRESS =     0.0
 Etot   =    -34654.4731  EKtot   =      9062.9521  EPtot      =    -43717.4253
 BOND   =       372.7848  ANGLE   =      1040.8041  DIHED      =      1358.1115
 1-4 NB =       434.5266  1-4 EEL =      6168.2552  VDWAALS    =      4679.3353
 EELEC  =    -57835.1038  EHBOND  =         0.0000  RESTRAINT  =        63.8609
 EAMBER (non-restraint)  =    -43781.2862
 EKCMT  =         0.0000  VIRIAL  =         0.0000  VOLUME     =    152784.4857
                                                    Density    =         0.9825
 ------------------------------------------------------------------------------


 NSTEP =     3100   TIME(PS) =       8.100  TEMP(K) =   296.83  PRESS =     0.0
 Etot   =    -34651.3881  EKtot   =      8995.0254  EPtot      =    -43646.4135
 BOND   =       330.5432  ANGLE   =      1057.5311  DIHED      =      1370.1640
 1-4 NB =       447.0309  1-4 EEL =      6199.1772  VDWAALS    =      4756.2948
 EELEC  =    -57873.3154  EHBOND  =         0.0000  RESTRAINT  =        66.1607
 EAMBER (non-restraint)  =    -43712.5742
 EKCMT  =         0.0000  VIRIAL  =         0.0000  VOLUME     =    152784.4857
                                                    Density    =         0.9825
 ------------------------------------------------------------------------------


 NSTEP =     3150   TIME(PS) =       8.150  TEMP(K) =   300.15  PRESS =     0.0
 Etot   =    -34631.8292  EKtot   =      9095.5273  EPtot      =    -43727.3566
 BOND   =       370.7189  ANGLE   =      1035.8258  DIHED      =      1364.2964
 1-4 NB =       444.6367  1-4 EEL =      6175.6820  VDWAALS    =      4844.8616
 EELEC  =    -58029.2831  EHBOND  =         0.0000  RESTRAINT  =        65.9050
 EAMBER (non-restraint)  =    -43793.2616
 EKCMT  =         0.0000  VIRIAL  =         0.0000  VOLUME     =    152784.4857
                                                    Density    =         0.9825
 ------------------------------------------------------------------------------


 NSTEP =     3200   TIME(PS) =       8.200  TEMP(K) =   303.17  PRESS =     0.0
 Etot   =    -34572.8833  EKtot   =      9187.1455  EPtot      =    -43760.0288
 BOND   =       333.9019  ANGLE   =      1049.9948  DIHED      =      1354.8447
 1-4 NB =       459.6602  1-4 EEL =      6202.0240  VDWAALS    =      4715.1674
 EELEC  =    -57943.7932  EHBOND  =         0.0000  RESTRAINT  =        68.1714
 EAMBER (non-restraint)  =    -43828.2003
 EKCMT  =         0.0000  VIRIAL  =         0.0000  VOLUME     =    152674.1838
                                                    Density    =         0.9833
 ------------------------------------------------------------------------------


 NSTEP =     3250   TIME(PS) =       8.250  TEMP(K) =   299.65  PRESS =     0.0
 Etot   =    -34605.9185  EKtot   =      9080.4189  EPtot      =    -43686.3375
 BOND   =       350.4224  ANGLE   =      1037.6446  DIHED      =      1365.8334
 1-4 NB =       445.3370  1-4 EEL =      6151.2473  VDWAALS    =      4761.6048
 EELEC  =    -57869.0990  EHBOND  =         0.0000  RESTRAINT  =        70.6720
 EAMBER (non-restraint)  =    -43757.0095
 EKCMT  =         0.0000  VIRIAL  =         0.0000  VOLUME     =    152674.1838
                                                    Density    =         0.9833
 ------------------------------------------------------------------------------


 NSTEP =     3300   TIME(PS) =       8.300  TEMP(K) =   301.58  PRESS =     0.0
 Etot   =    -34675.7341  EKtot   =      9138.8350  EPtot      =    -43814.5691
 BOND   =       355.6122  ANGLE   =       998.5310  DIHED      =      1341.0492
 1-4 NB =       448.3937  1-4 EEL =      6194.3977  VDWAALS    =      4777.8758
 EELEC  =    -57998.2542  EHBOND  =         0.0000  RESTRAINT  =        67.8256
 EAMBER (non-restraint)  =    -43882.3946
 EKCMT  =         0.0000  VIRIAL  =         0.0000  VOLUME     =    152674.1838
                                                    Density    =         0.9833
 ------------------------------------------------------------------------------


 NSTEP =     3350   TIME(PS) =       8.350  TEMP(K) =   299.36  PRESS =     0.0
 Etot   =    -34622.4906  EKtot   =      9071.8193  EPtot      =    -43694.3099
 BOND   =       361.6784  ANGLE   =      1040.9739  DIHED      =      1360.1194
 1-4 NB =       446.6882  1-4 EEL =      6196.1152  VDWAALS    =      4711.4252
 EELEC  =    -57877.4560  EHBOND  =         0.0000  RESTRAINT  =        66.1457
 EAMBER (non-restraint)  =    -43760.4556
 EKCMT  =         0.0000  VIRIAL  =         0.0000  VOLUME     =    152674.1838
                                                    Density    =         0.9833
 ------------------------------------------------------------------------------


 NSTEP =     3400   TIME(PS) =       8.400  TEMP(K) =   302.24  PRESS =     0.0
 Etot   =    -34531.1192  EKtot   =      9158.9424  EPtot      =    -43690.0616
 BOND   =       326.8532  ANGLE   =      1053.4520  DIHED      =      1371.0035
 1-4 NB =       445.6961  1-4 EEL =      6197.4192  VDWAALS    =      4796.3399
 EELEC  =    -57944.6238  EHBOND  =         0.0000  RESTRAINT  =        63.7983
 EAMBER (non-restraint)  =    -43753.8599
 EKCMT  =         0.0000  VIRIAL  =         0.0000  VOLUME     =    152674.1838
                                                    Density    =         0.9833
 ------------------------------------------------------------------------------


 NSTEP =     3450   TIME(PS) =       8.450  TEMP(K) =   302.30  PRESS =     0.0
 Etot   =    -34486.3751  EKtot   =      9160.7988  EPtot      =    -43647.1740
 BOND   =       365.3023  ANGLE   =      1059.5066  DIHED      =      1387.3158
 1-4 NB =       448.1202  1-4 EEL =      6161.1369  VDWAALS    =      4719.6231
 EELEC  =    -57850.7230  EHBOND  =         0.0000  RESTRAINT  =        62.5442
 EAMBER (non-restraint)  =    -43709.7182
 EKCMT  =         0.0000  VIRIAL  =         0.0000  VOLUME     =    152674.1838
                                                    Density    =         0.9833
 ------------------------------------------------------------------------------


 NSTEP =     3500   TIME(PS) =       8.500  TEMP(K) =   297.48  PRESS =     0.0
 Etot   =    -34525.9645  EKtot   =      9014.8789  EPtot      =    -43540.8434
 BOND   =       342.6003  ANGLE   =      1040.8253  DIHED      =      1385.1620
 1-4 NB =       455.7984  1-4 EEL =      6187.4261  VDWAALS    =      4863.3453
 EELEC  =    -57878.0456  EHBOND  =         0.0000  RESTRAINT  =        62.0448
 EAMBER (non-restraint)  =    -43602.8883
 EKCMT  =         0.0000  VIRIAL  =         0.0000  VOLUME     =    152194.4744
                                                    Density    =         0.9864
 ------------------------------------------------------------------------------


 NSTEP =     3550   TIME(PS) =       8.550  TEMP(K) =   302.63  PRESS =     0.0
 Etot   =    -34625.7959  EKtot   =      9170.7842  EPtot      =    -43796.5801
 BOND   =       335.0914  ANGLE   =      1032.1579  DIHED      =      1377.5492
 1-4 NB =       444.9667  1-4 EEL =      6188.9839  VDWAALS    =      4727.8797
 EELEC  =    -57965.5419  EHBOND  =         0.0000  RESTRAINT  =        62.3331
 EAMBER (non-restraint)  =    -43858.9132
 EKCMT  =         0.0000  VIRIAL  =         0.0000  VOLUME     =    152194.4744
                                                    Density    =         0.9864
 ------------------------------------------------------------------------------


 NSTEP =     3600   TIME(PS) =       8.600  TEMP(K) =   300.18  PRESS =     0.0
 Etot   =    -34747.3263  EKtot   =      9096.5977  EPtot      =    -43843.9239
 BOND   =       331.1194  ANGLE   =      1044.1809  DIHED      =      1380.3880
 1-4 NB =       443.2234  1-4 EEL =      6211.3698  VDWAALS    =      5196.8796
 EELEC  =    -58517.6704  EHBOND  =         0.0000  RESTRAINT  =        66.5854
 EAMBER (non-restraint)  =    -43910.5093
 EKCMT  =         0.0000  VIRIAL  =         0.0000  VOLUME     =    151199.2961
                                                    Density    =         0.9928
 ------------------------------------------------------------------------------


 NSTEP =     3650   TIME(PS) =       8.650  TEMP(K) =   303.70  PRESS =     0.0
 Etot   =    -34728.2157  EKtot   =      9203.3711  EPtot      =    -43931.5868
 BOND   =       339.2216  ANGLE   =      1028.4068  DIHED      =      1404.6185
 1-4 NB =       439.9583  1-4 EEL =      6138.7995  VDWAALS    =      5137.3337
 EELEC  =    -58489.2960  EHBOND  =         0.0000  RESTRAINT  =        69.3707
 EAMBER (non-restraint)  =    -44000.9575
 EKCMT  =         0.0000  VIRIAL  =         0.0000  VOLUME     =    151199.2961
                                                    Density    =         0.9928
 ------------------------------------------------------------------------------


 NSTEP =     3700   TIME(PS) =       8.700  TEMP(K) =   302.00  PRESS =     0.0
 Etot   =    -34727.5981  EKtot   =      9151.6689  EPtot      =    -43879.2670
 BOND   =       319.5449  ANGLE   =      1073.1774  DIHED      =      1369.9108
 1-4 NB =       449.1908  1-4 EEL =      6140.5666  VDWAALS    =      4816.6004
 EELEC  =    -58119.0330  EHBOND  =         0.0000  RESTRAINT  =        70.7750
 EAMBER (non-restraint)  =    -43950.0420
 EKCMT  =         0.0000  VIRIAL  =         0.0000  VOLUME     =    151199.2961
                                                    Density    =         0.9928
 ------------------------------------------------------------------------------


 NSTEP =     3750   TIME(PS) =       8.750  TEMP(K) =   299.62  PRESS =     0.0
 Etot   =    -34801.7546  EKtot   =      9079.5039  EPtot      =    -43881.2585
 BOND   =       350.0728  ANGLE   =      1025.4047  DIHED      =      1369.7029
 1-4 NB =       437.7761  1-4 EEL =      6150.2751  VDWAALS    =      4781.0443
 EELEC  =    -58064.9969  EHBOND  =         0.0000  RESTRAINT  =        69.4624
 EAMBER (non-restraint)  =    -43950.7210
 EKCMT  =         0.0000  VIRIAL  =         0.0000  VOLUME     =    151199.2961
                                                    Density    =         0.9928
 ------------------------------------------------------------------------------


 NSTEP =     3800   TIME(PS) =       8.800  TEMP(K) =   300.38  PRESS =     0.0
 Etot   =    -34892.6749  EKtot   =      9102.7549  EPtot      =    -43995.4298
 BOND   =       372.6734  ANGLE   =      1051.9528  DIHED      =      1353.0492
 1-4 NB =       444.3421  1-4 EEL =      6119.8408  VDWAALS    =      4814.6421
 EELEC  =    -58221.0236  EHBOND  =         0.0000  RESTRAINT  =        69.0934
 EAMBER (non-restraint)  =    -44064.5232
 EKCMT  =         0.0000  VIRIAL  =         0.0000  VOLUME     =    151021.5623
                                                    Density    =         0.9940
 ------------------------------------------------------------------------------


 NSTEP =     3850   TIME(PS) =       8.850  TEMP(K) =   300.52  PRESS =     0.0
 Etot   =    -34956.5268  EKtot   =      9106.9072  EPtot      =    -44063.4340
 BOND   =       343.4956  ANGLE   =      1025.3303  DIHED      =      1353.2869
 1-4 NB =       437.5650  1-4 EEL =      6163.1754  VDWAALS    =      4967.1255
 EELEC  =    -58424.2723  EHBOND  =         0.0000  RESTRAINT  =        70.8597
 EAMBER (non-restraint)  =    -44134.2937
 EKCMT  =         0.0000  VIRIAL  =         0.0000  VOLUME     =    151021.5623
                                                    Density    =         0.9940
 ------------------------------------------------------------------------------


 NSTEP =     3900   TIME(PS) =       8.900  TEMP(K) =   299.82  PRESS =     0.0
 Etot   =    -34922.9626  EKtot   =      9085.6914  EPtot      =    -44008.6541
 BOND   =       341.3406  ANGLE   =      1074.6402  DIHED      =      1351.4393
 1-4 NB =       447.6391  1-4 EEL =      6180.4637  VDWAALS    =      5159.6158
 EELEC  =    -58632.6184  EHBOND  =         0.0000  RESTRAINT  =        68.8257
 EAMBER (non-restraint)  =    -44077.4798
 EKCMT  =         0.0000  VIRIAL  =         0.0000  VOLUME     =    150568.4005
                                                    Density    =         0.9970
 ------------------------------------------------------------------------------


 NSTEP =     3950   TIME(PS) =       8.950  TEMP(K) =   303.17  PRESS =     0.0
 Etot   =    -34912.8514  EKtot   =      9187.1836  EPtot      =    -44100.0350
 BOND   =       325.0952  ANGLE   =      1034.5174  DIHED      =      1349.1630
 1-4 NB =       454.1758  1-4 EEL =      6183.9111  VDWAALS    =      4918.5019
 EELEC  =    -58432.6431  EHBOND  =         0.0000  RESTRAINT  =        67.2438
 EAMBER (non-restraint)  =    -44167.2787
 EKCMT  =         0.0000  VIRIAL  =         0.0000  VOLUME     =    150568.4005
                                                    Density    =         0.9970
 ------------------------------------------------------------------------------


 NSTEP =     4000   TIME(PS) =       9.000  TEMP(K) =   299.05  PRESS =     0.0
 Etot   =    -34863.6117  EKtot   =      9062.3125  EPtot      =    -43925.9242
 BOND   =       370.3862  ANGLE   =      1036.1489  DIHED      =      1369.1179
 1-4 NB =       437.9984  1-4 EEL =      6152.8193  VDWAALS    =      4958.4703
 EELEC  =    -58318.6120  EHBOND  =         0.0000  RESTRAINT  =        67.7469
 EAMBER (non-restraint)  =    -43993.6711
 EKCMT  =         0.0000  VIRIAL  =         0.0000  VOLUME     =    150568.4005
                                                    Density    =         0.9970
 ------------------------------------------------------------------------------


 NSTEP =     4050   TIME(PS) =       9.050  TEMP(K) =   302.19  PRESS =     0.0
 Etot   =    -34799.5705  EKtot   =      9157.3447  EPtot      =    -43956.9152
 BOND   =       354.9175  ANGLE   =      1014.7698  DIHED      =      1357.5634
 1-4 NB =       454.6770  1-4 EEL =      6167.9945  VDWAALS    =      4874.6841
 EELEC  =    -58249.6450  EHBOND  =         0.0000  RESTRAINT  =        68.1235
 EAMBER (non-restraint)  =    -44025.0387
 EKCMT  =         0.0000  VIRIAL  =         0.0000  VOLUME     =    150568.4005
                                                    Density    =         0.9970
 ------------------------------------------------------------------------------


 NSTEP =     4100   TIME(PS) =       9.100  TEMP(K) =   300.38  PRESS =     0.0
 Etot   =    -34892.8321  EKtot   =      9102.7012  EPtot      =    -43995.5332
 BOND   =       316.9152  ANGLE   =      1016.3346  DIHED      =      1384.3300
 1-4 NB =       440.0280  1-4 EEL =      6185.9758  VDWAALS    =      4978.3094
 EELEC  =    -58387.0068  EHBOND  =         0.0000  RESTRAINT  =        69.5805
 EAMBER (non-restraint)  =    -44065.1138
 EKCMT  =         0.0000  VIRIAL  =         0.0000  VOLUME     =    150206.4704
                                                    Density    =         0.9994
 ------------------------------------------------------------------------------


 NSTEP =     4150   TIME(PS) =       9.150  TEMP(K) =   299.54  PRESS =     0.0
 Etot   =    -34777.3358  EKtot   =      9077.0547  EPtot      =    -43854.3905
 BOND   =       356.1241  ANGLE   =      1033.2302  DIHED      =      1370.0159
 1-4 NB =       451.1430  1-4 EEL =      6141.7049  VDWAALS    =      4940.5734
 EELEC  =    -58220.2316  EHBOND  =         0.0000  RESTRAINT  =        73.0496
 EAMBER (non-restraint)  =    -43927.4400
 EKCMT  =         0.0000  VIRIAL  =         0.0000  VOLUME     =    150206.4704
                                                    Density    =         0.9994
 ------------------------------------------------------------------------------


 NSTEP =     4200   TIME(PS) =       9.200  TEMP(K) =   297.28  PRESS =     0.0
 Etot   =    -34871.1799  EKtot   =      9008.6006  EPtot      =    -43879.7805
 BOND   =       336.0532  ANGLE   =      1038.9359  DIHED      =      1364.9870
 1-4 NB =       451.3251  1-4 EEL =      6192.0772  VDWAALS    =      4709.8398
 EELEC  =    -58048.3960  EHBOND  =         0.0000  RESTRAINT  =        75.3973
 EAMBER (non-restraint)  =    -43955.1778
 EKCMT  =         0.0000  VIRIAL  =         0.0000  VOLUME     =    150402.1731
                                                    Density    =         0.9981
 ------------------------------------------------------------------------------


 NSTEP =     4250   TIME(PS) =       9.250  TEMP(K) =   298.14  PRESS =     0.0
 Etot   =    -34900.2652  EKtot   =      9034.6572  EPtot      =    -43934.9224
 BOND   =       334.1315  ANGLE   =      1040.5488  DIHED      =      1361.9211
 1-4 NB =       438.4564  1-4 EEL =      6140.6068  VDWAALS    =      4819.6765
 EELEC  =    -58143.0234  EHBOND  =         0.0000  RESTRAINT  =        72.7599
 EAMBER (non-restraint)  =    -44007.6823
 EKCMT  =         0.0000  VIRIAL  =         0.0000  VOLUME     =    150402.1731
                                                    Density    =         0.9981
 ------------------------------------------------------------------------------


 NSTEP =     4300   TIME(PS) =       9.300  TEMP(K) =   299.53  PRESS =     0.0
 Etot   =    -34908.4249  EKtot   =      9076.8789  EPtot      =    -43985.3039
 BOND   =       344.1264  ANGLE   =      1049.7852  DIHED      =      1347.9066
 1-4 NB =       458.5361  1-4 EEL =      6153.6983  VDWAALS    =      4778.7393
 EELEC  =    -58194.5952  EHBOND  =         0.0000  RESTRAINT  =        76.4994
 EAMBER (non-restraint)  =    -44061.8032
 EKCMT  =         0.0000  VIRIAL  =         0.0000  VOLUME     =    150402.1731
                                                    Density    =         0.9981
 ------------------------------------------------------------------------------


 NSTEP =     4350   TIME(PS) =       9.350  TEMP(K) =   295.03  PRESS =     0.0
 Etot   =    -34845.2014  EKtot   =      8940.5850  EPtot      =    -43785.7864
 BOND   =       333.9485  ANGLE   =      1048.1492  DIHED      =      1358.1744
 1-4 NB =       441.7008  1-4 EEL =      6180.0176  VDWAALS    =      4856.2699
 EELEC  =    -58078.5011  EHBOND  =         0.0000  RESTRAINT  =        74.4543
 EAMBER (non-restraint)  =    -43860.2407
 EKCMT  =         0.0000  VIRIAL  =         0.0000  VOLUME     =    150402.1731
                                                    Density    =         0.9981
 ------------------------------------------------------------------------------


 NSTEP =     4400   TIME(PS) =       9.400  TEMP(K) =   299.34  PRESS =     0.0
 Etot   =    -34712.9705  EKtot   =      9071.0762  EPtot      =    -43784.0467
 BOND   =       359.4615  ANGLE   =      1073.7673  DIHED      =      1380.6181
 1-4 NB =       432.9286  1-4 EEL =      6157.2466  VDWAALS    =      4988.8978
 EELEC  =    -58251.5539  EHBOND  =         0.0000  RESTRAINT  =        74.5874
 EAMBER (non-restraint)  =    -43858.6341
 EKCMT  =         0.0000  VIRIAL  =         0.0000  VOLUME     =    149816.4980
                                                    Density    =         1.0020
 ------------------------------------------------------------------------------


 NSTEP =     4450   TIME(PS) =       9.450  TEMP(K) =   300.28  PRESS =     0.0
 Etot   =    -34778.2821  EKtot   =      9099.6455  EPtot      =    -43877.9276
 BOND   =       352.8558  ANGLE   =      1067.4726  DIHED      =      1360.4975
 1-4 NB =       455.8619  1-4 EEL =      6172.9578  VDWAALS    =      4937.8542
 EELEC  =    -58299.0188  EHBOND  =         0.0000  RESTRAINT  =        73.5914
 EAMBER (non-restraint)  =    -43951.5190
 EKCMT  =         0.0000  VIRIAL  =         0.0000  VOLUME     =    149816.4980
                                                    Density    =         1.0020
 ------------------------------------------------------------------------------


 NSTEP =     4500   TIME(PS) =       9.500  TEMP(K) =   299.93  PRESS =     0.0
 Etot   =    -34835.6536  EKtot   =      9088.9863  EPtot      =    -43924.6400
 BOND   =       334.5772  ANGLE   =      1037.3581  DIHED      =      1380.3383
 1-4 NB =       442.5781  1-4 EEL =      6163.4620  VDWAALS    =      4931.3227
 EELEC  =    -58286.1449  EHBOND  =         0.0000  RESTRAINT  =        71.8686
 EAMBER (non-restraint)  =    -43996.5086
 EKCMT  =         0.0000  VIRIAL  =         0.0000  VOLUME     =    149816.4980
                                                    Density    =         1.0020
 ------------------------------------------------------------------------------


 NSTEP =     4550   TIME(PS) =       9.550  TEMP(K) =   298.15  PRESS =     0.0
 Etot   =    -34872.0767  EKtot   =      9035.0430  EPtot      =    -43907.1197
 BOND   =       335.5997  ANGLE   =      1063.3575  DIHED      =      1357.6552
 1-4 NB =       435.1930  1-4 EEL =      6160.4657  VDWAALS    =      4875.5202
 EELEC  =    -58203.1913  EHBOND  =         0.0000  RESTRAINT  =        68.2802
 EAMBER (non-restraint)  =    -43975.3999
 EKCMT  =         0.0000  VIRIAL  =         0.0000  VOLUME     =    149816.4980
                                                    Density    =         1.0020
 ------------------------------------------------------------------------------


 NSTEP =     4600   TIME(PS) =       9.600  TEMP(K) =   301.38  PRESS =     0.0
 Etot   =    -34795.1529  EKtot   =      9133.0557  EPtot      =    -43928.2085
 BOND   =       354.7594  ANGLE   =      1045.7142  DIHED      =      1352.8967
 1-4 NB =       447.6966  1-4 EEL =      6155.3174  VDWAALS    =      4858.0042
 EELEC  =    -58205.7957  EHBOND  =         0.0000  RESTRAINT  =        63.1986
 EAMBER (non-restraint)  =    -43991.4072
 EKCMT  =         0.0000  VIRIAL  =         0.0000  VOLUME     =    149816.4980
                                                    Density    =         1.0020
 ------------------------------------------------------------------------------


 NSTEP =     4650   TIME(PS) =       9.650  TEMP(K) =   302.20  PRESS =     0.0
 Etot   =    -34780.9019  EKtot   =      9157.7383  EPtot      =    -43938.6402
 BOND   =       353.3704  ANGLE   =      1078.2355  DIHED      =      1364.7622
 1-4 NB =       435.7301  1-4 EEL =      6148.4413  VDWAALS    =      4640.8406
 EELEC  =    -58023.5106  EHBOND  =         0.0000  RESTRAINT  =        63.4903
 EAMBER (non-restraint)  =    -44002.1305
 EKCMT  =         0.0000  VIRIAL  =         0.0000  VOLUME     =    149816.4980
                                                    Density    =         1.0020
 ------------------------------------------------------------------------------


 NSTEP =     4700   TIME(PS) =       9.700  TEMP(K) =   299.80  PRESS =     0.0
 Etot   =    -34793.4229  EKtot   =      9084.9268  EPtot      =    -43878.3496
 BOND   =       324.5699  ANGLE   =      1054.3243  DIHED      =      1369.2725
 1-4 NB =       463.1240  1-4 EEL =      6183.2602  VDWAALS    =      4721.0921
 EELEC  =    -58056.9923  EHBOND  =         0.0000  RESTRAINT  =        62.9996
 EAMBER (non-restraint)  =    -43941.3492
 EKCMT  =         0.0000  VIRIAL  =         0.0000  VOLUME     =    149816.4980
                                                    Density    =         1.0020
 ------------------------------------------------------------------------------


 NSTEP =     4750   TIME(PS) =       9.750  TEMP(K) =   298.23  PRESS =     0.0
 Etot   =    -34905.1033  EKtot   =      9037.4922  EPtot      =    -43942.5955
 BOND   =       332.4608  ANGLE   =      1061.6098  DIHED      =      1353.3877
 1-4 NB =       463.3625  1-4 EEL =      6174.1870  VDWAALS    =      4890.1745
 EELEC  =    -58279.5548  EHBOND  =         0.0000  RESTRAINT  =        61.7772
 EAMBER (non-restraint)  =    -44004.3727
 EKCMT  =         0.0000  VIRIAL  =         0.0000  VOLUME     =    149816.4980
                                                    Density    =         1.0020
 ------------------------------------------------------------------------------


 NSTEP =     4800   TIME(PS) =       9.800  TEMP(K) =   301.50  PRESS =     0.0
 Etot   =    -34858.5992  EKtot   =      9136.7021  EPtot      =    -43995.3014
 BOND   =       343.4731  ANGLE   =      1024.6757  DIHED      =      1377.8491
 1-4 NB =       447.0426  1-4 EEL =      6158.1441  VDWAALS    =      4805.2920
 EELEC  =    -58214.5370  EHBOND  =         0.0000  RESTRAINT  =        62.7590
 EAMBER (non-restraint)  =    -44058.0604
 EKCMT  =         0.0000  VIRIAL  =         0.0000  VOLUME     =    150194.2333
                                                    Density    =         0.9995
 ------------------------------------------------------------------------------


 NSTEP =     4850   TIME(PS) =       9.850  TEMP(K) =   298.70  PRESS =     0.0
 Etot   =    -34899.3890  EKtot   =      9051.6572  EPtot      =    -43951.0462
 BOND   =       341.1000  ANGLE   =      1022.3792  DIHED      =      1356.2603
 1-4 NB =       449.3281  1-4 EEL =      6200.4895  VDWAALS    =      4781.9192
 EELEC  =    -58168.6492  EHBOND  =         0.0000  RESTRAINT  =        66.1266
 EAMBER (non-restraint)  =    -44017.1728
 EKCMT  =         0.0000  VIRIAL  =         0.0000  VOLUME     =    150194.2333
                                                    Density    =         0.9995
 ------------------------------------------------------------------------------


 NSTEP =     4900   TIME(PS) =       9.900  TEMP(K) =   298.42  PRESS =     0.0
 Etot   =    -34865.9632  EKtot   =      9043.2646  EPtot      =    -43909.2278
 BOND   =       344.4855  ANGLE   =      1047.0894  DIHED      =      1367.9353
 1-4 NB =       452.2835  1-4 EEL =      6153.0003  VDWAALS    =      4774.9827
 EELEC  =    -58121.0548  EHBOND  =         0.0000  RESTRAINT  =        72.0502
 EAMBER (non-restraint)  =    -43981.2780
 EKCMT  =         0.0000  VIRIAL  =         0.0000  VOLUME     =    150194.2333
                                                    Density    =         0.9995
 ------------------------------------------------------------------------------


 NSTEP =     4950   TIME(PS) =       9.950  TEMP(K) =   298.51  PRESS =     0.0
 Etot   =    -34806.0295  EKtot   =      9045.9014  EPtot      =    -43851.9309
 BOND   =       379.1536  ANGLE   =      1037.2211  DIHED      =      1348.8271
 1-4 NB =       433.8831  1-4 EEL =      6182.6641  VDWAALS    =      4776.8923
 EELEC  =    -58083.3132  EHBOND  =         0.0000  RESTRAINT  =        72.7411
 EAMBER (non-restraint)  =    -43924.6720
 EKCMT  =         0.0000  VIRIAL  =         0.0000  VOLUME     =    150194.2333
                                                    Density    =         0.9995
 ------------------------------------------------------------------------------


 NSTEP =     5000   TIME(PS) =      10.000  TEMP(K) =   297.34  PRESS =     0.0
 Etot   =    -34908.1058  EKtot   =      9010.3535  EPtot      =    -43918.4593
 BOND   =       347.0636  ANGLE   =      1031.3989  DIHED      =      1360.2687
 1-4 NB =       455.8961  1-4 EEL =      6204.2909  VDWAALS    =      4633.2870
 EELEC  =    -58023.4458  EHBOND  =         0.0000  RESTRAINT  =        72.7812
 EAMBER (non-restraint)  =    -43991.2406
 EKCMT  =         0.0000  VIRIAL  =         0.0000  VOLUME     =    150194.2333
                                                    Density    =         0.9995
 ------------------------------------------------------------------------------


      A V E R A G E S   O V E R     100 S T E P S


 NSTEP =     5000   TIME(PS) =      10.000  TEMP(K) =   301.15  PRESS =     0.0
 Etot   =    -34473.2711  EKtot   =      9125.8693  EPtot      =    -43599.1404
 BOND   =       346.1002  ANGLE   =      1041.8087  DIHED      =      1365.4728
 1-4 NB =       445.9926  1-4 EEL =      6171.9352  VDWAALS    =      4788.9848
 EELEC  =    -57882.5207  EHBOND  =         0.0000  RESTRAINT  =       123.0860
 EAMBER (non-restraint)  =    -43722.2264
 EKCMT  =         0.0000  VIRIAL  =         0.0000  VOLUME     =    152764.7778
                                                    Density    =         0.9828
 ------------------------------------------------------------------------------


      R M S  F L U C T U A T I O N S


 NSTEP =     5000   TIME(PS) =      10.000  TEMP(K) =     2.86  PRESS =     0.0
 Etot   =       374.2827  EKtot   =        86.7075  EPtot      =       324.3105
 BOND   =        14.1449  ANGLE   =        20.8045  DIHED      =        12.6386
 1-4 NB =         8.2679  1-4 EEL =        22.0706  VDWAALS    =       119.2173
 EELEC  =       274.6174  EHBOND  =         0.0000  RESTRAINT  =       198.9040
 EAMBER (non-restraint)  =       125.4065
 EKCMT  =         0.0000  VIRIAL  =         0.0000  VOLUME     =      1695.8359
                                                    Density    =         0.0110
 ------------------------------------------------------------------------------

| MC Barostat:         50 volume changes attempted.
| MC Barostat:         18 changes successful ( 36.00%)
 ------------------------------------------------------------------------------

--------------------------------------------------------------------------------
   5.  TIMINGS
--------------------------------------------------------------------------------

|  NonSetup CPU Time in Major Routines:
|
|     Routine           Sec        %
|     ------------------------------
|     Nonbond           0.46   19.76
|     Bond              0.00    0.00
|     Angle             0.00    0.00
|     Dihedral          0.00    0.00
|     Shake             0.03    1.20
|     RunMD             1.79   77.41
|     Other             0.04    1.63
|     ------------------------------
|     Total             2.31

|  PME Nonbond Pairlist CPU Time:
|
|     Routine              Sec        %
|     ---------------------------------
|     Set Up Cit           0.00    0.00
|     Build List           0.00    0.00
|     ---------------------------------
|     Total                0.00    0.00

|  PME Direct Force CPU Time:
|
|     Routine              Sec        %
|     ---------------------------------
|     NonBonded Calc       0.00    0.00
|     Exclude Masked       0.00    0.00
|     Other                0.00    0.11
|     ---------------------------------
|     Total                0.00    0.11

|  PME Reciprocal Force CPU Time:
|
|     Routine              Sec        %
|     ---------------------------------
|     1D bspline           0.00    0.00
|     Grid Charges         0.00    0.00
|     Scalar Sum           0.00    0.00
|     Gradient Sum         0.00    0.00
|     FFT                  0.00    0.00
|     ---------------------------------
|     Total                0.00    0.00

|  Final Performance Info:
|     -----------------------------------------------------
|     Average timings for last    4950 steps:
|     Elapsed(s) =       2.29 Per Step(ms) =       0.46
|         ns/day =     186.72   seconds/ns =     462.73
|
|     Average timings for all steps:
|     Elapsed(s) =       2.31 Per Step(ms) =       0.46
|         ns/day =     187.20   seconds/ns =     461.53
|     -----------------------------------------------------

|  Setup CPU time:            0.41 seconds
|  NonSetup CPU time:         2.31 seconds
|  Total CPU time:            2.72 seconds     0.00 hours

|  Setup wall time:           1    seconds
|  NonSetup wall time:        2    seconds
|  Total wall time:           3    seconds     0.00 hours
