
          -------------------------------------------------------
          Amber 18 PMEMD                              2018
          -------------------------------------------------------

| PMEMD implementation of SANDER, Release 18

| Run on 02/22/2021 at 13:49:29

|   Executable path: pmemd.cuda
| Working directory: /home/almacen/pbarletta/reobp/run/ctv/pre
|          Hostname: Unknown
  [-O]verwriting output

File Assignments:
|   MDIN: step9.in                                                              
|  MDOUT: step9.out                                                             
| INPCRD: step8.rst7                                                            
|   PARM: ../../../top_files/ctv.prmtop                                         
| RESTRT: step9.rst7                                                            
|   REFC: step5.rst7                                                            
|  MDVEL: mdvel                                                                 
|   MDEN: mden                                                                  
|  MDCRD: step9.nc                                                              
| MDINFO: step9.mdinfo                                                          
|  MDFRC: mdfrc                                                                 


 Here is the input file:

MD: step9.in                                                                   
 &cntrl                                                                        
   imin = 0, nstlim = 5000, dt = 0.002,                                        
   ntx = 5, irest = 1, ig = -1,                                                
   ntwx = 500, ntwv = 0, ioutfm = 0, ntxo = 1, ntpr = 50, ntwr = 500,          
   iwrap = 0, nscm = 1000,                                                     
   ntc = 2, ntf = 2, ntb = 2, cut = 8.0,                                       
   ntt = 3, gamma_ln = 5, temp0 = 300, tempi = 300,                            
   ntp = 1, barostat = 2, pres0 = 1.0,                                         
   ntr = 0,                                                                    
 &end                                                                          


Note: ig = -1. Setting random seed to   174533 based on wallclock time in 
      microseconds.
| irandom = 1, using AMBER's internal random number generator (default).
 
|--------------------- INFORMATION ----------------------
| GPU (CUDA) Version of PMEMD in use: NVIDIA GPU IN USE.
|                    Version 18.0.0
| 
|                      03/25/2018
| 
| Implementation by:
|                    Ross C. Walker     (SDSC)
|                    Scott Le Grand     (nVIDIA)
| 
| Version 18 performance extensions by:
|                    David Cerutti     (Rutgers)
| 
| Precision model in use:
|      [SPFP] - Single Precision Forces, 64-bit Fixed Point
|               Accumulation. (Default)
| 
|--------------------------------------------------------
 
|----------------- CITATION INFORMATION -----------------
|
|    When publishing work that utilized the CUDA version
|    of AMBER, please cite the following in addition to
|    the regular AMBER citations:
|
|  - Romelia Salomon-Ferrer; Andreas W. Goetz; Duncan
|    Poole; Scott Le Grand; Ross C. Walker "Routine
|    microsecond molecular dynamics simulations with
|    AMBER - Part II: Particle Mesh Ewald", J. Chem.
|    Theory Comput., 2013, 9 (9), pp3878-3888,
|    DOI: 10.1021/ct400314y.
|
|  - Andreas W. Goetz; Mark J. Williamson; Dong Xu;
|    Duncan Poole; Scott Le Grand; Ross C. Walker
|    "Routine microsecond molecular dynamics simulations
|    with AMBER - Part I: Generalized Born", J. Chem.
|    Theory Comput., 2012, 8 (5), pp1542-1555.
|
|  - Scott Le Grand; Andreas W. Goetz; Ross C. Walker
|    "SPFP: Speed without compromise - a mixed precision
|    model for GPU accelerated molecular dynamics
|    simulations.", Comp. Phys. Comm., 2013, 184
|    pp374-380, DOI: 10.1016/j.cpc.2012.09.022
|
|--------------------------------------------------------
 
|------------------- GPU DEVICE INFO --------------------
|
|            CUDA_VISIBLE_DEVICES: not set
|   CUDA Capable Devices Detected:      1
|           CUDA Device ID in use:      0
|                CUDA Device Name: GeForce GTX 1080 Ti
|     CUDA Device Global Mem Size:  11178 MB
| CUDA Device Num Multiprocessors:     28
|           CUDA Device Core Freq:   1.72 GHz
|
|--------------------------------------------------------
 
 
| Conditional Compilation Defines Used:
| PUBFFT
| BINTRAJ
| CUDA
| EMIL

| Largest sphere to fit in unit cell has radius =    23.374

| New format PARM file being parsed.
| Version =    1.000 Date = 02/22/21 Time = 12:43:32

| Note: 1-4 EEL scale factors are being read from the topology file.

| Note: 1-4 VDW scale factors are being read from the topology file.
| Duplicated    0 dihedrals

| Duplicated    0 dihedrals

--------------------------------------------------------------------------------
   1.  RESOURCE   USE: 
--------------------------------------------------------------------------------

 getting new box info from bottom of inpcrd
 NATOM  =   14772 NTYPES =      18 NBONH =   13817 MBONA  =     963
 NTHETH =    2369 MTHETA =    1293 NPHIH =    4533 MPHIA  =    3267
 NHPARM =       0 NPARM  =       0 NNB   =   28105 NRES   =    4374
 NBONA  =     963 NTHETA =    1293 NPHIA =    3267 NUMBND =      51
 NUMANG =     105 NPTRA  =      44 NATYP =      35 NPHB   =       1
 IFBOX  =       2 NMXRS  =      26 IFCAP =       0 NEXTRA =       0
 NCOPY  =       0

| Coordinate Index Table dimensions:    11   11   11
| Direct force subcell size =     5.2049    5.2049    5.2049

     BOX TYPE: TRUNCATED OCTAHEDRON

--------------------------------------------------------------------------------
   2.  CONTROL  DATA  FOR  THE  RUN
--------------------------------------------------------------------------------

default_name                                                                    

General flags:
     imin    =       0, nmropt  =       0

Nature and format of input:
     ntx     =       5, irest   =       1, ntrx    =       1

Nature and format of output:
     ntxo    =       1, ntpr    =      50, ntrx    =       1, ntwr    =     500
     iwrap   =       0, ntwx    =     500, ntwv    =       0, ntwe    =       0
     ioutfm  =       0, ntwprt  =       0, idecomp =       0, rbornstat=      0

Potential function:
     ntf     =       2, ntb     =       2, igb     =       0, nsnb    =      25
     ipol    =       0, gbsa    =       0, iesp    =       0
     dielc   =   1.00000, cut     =   8.00000, intdiel =   1.00000

Frozen or restrained atoms:
     ibelly  =       0, ntr     =       0

Molecular dynamics:
     nstlim  =      5000, nscm    =      1000, nrespa  =         1
     t       =   0.00000, dt      =   0.00200, vlimit  =  -1.00000

Langevin dynamics temperature regulation:
     ig      =  174533
     temp0   = 300.00000, tempi   = 300.00000, gamma_ln=   5.00000

Pressure regulation:
     ntp     =       1
     pres0   =   1.00000, comp    =  44.60000, taup    =   1.00000
     Monte-Carlo Barostat:
     mcbarint  =     100

SHAKE:
     ntc     =       2, jfastw  =       0
     tol     =   0.00001

| Intermolecular bonds treatment:
|     no_intermolecular_bonds =       1

| Energy averages sample interval:
|     ene_avg_sampling =      50

Ewald parameters:
     verbose =       0, ew_type =       0, nbflag  =       1, use_pme =       1
     vdwmeth =       1, eedmeth =       1, netfrc  =       1
     Box X =   57.254   Box Y =   57.254   Box Z =   57.254
     Alpha =  109.471   Beta  =  109.471   Gamma =  109.471
     NFFT1 =   64       NFFT2 =   64       NFFT3 =   64
     Cutoff=    8.000   Tol   =0.100E-04
     Ewald Coefficient =  0.34864
     Interpolation order =    4
| MONTE CARLO BAROSTAT IMPORTANT NOTE:
|   The Monte-Carlo barostat does not require the virial to adjust the system volume.
|   Since it is an expensive calculation, it is skipped for efficiency. A side-effect
|   is that the reported pressure is always 0 because it is not calculated.

--------------------------------------------------------------------------------
   3.  ATOMIC COORDINATES AND VELOCITIES
--------------------------------------------------------------------------------

default_name                                                                    
 begin time read from input coords =    20.000 ps

 
 Number of triangulated 3-point waters found:     4253

     Sum of charges from parm topology file =   0.00000094
     Forcing neutrality...

| Dynamic Memory, Types Used:
| Reals              691253
| Integers           604527

| Nonbonded Pairs Initial Allocation:     2467293

| GPU memory information (estimate):
| KB of GPU memory in use:         0
| KB of CPU memory in use:         0

--------------------------------------------------------------------------------
   4.  RESULTS
--------------------------------------------------------------------------------


 NSTEP =       50   TIME(PS) =      20.100  TEMP(K) =   297.39  PRESS =     0.0
 Etot   =    -35211.3894  EKtot   =      9012.0820  EPtot      =    -44223.4714
 BOND   =       364.8313  ANGLE   =      1057.2584  DIHED      =      1381.8542
 1-4 NB =       436.2716  1-4 EEL =      6159.7322  VDWAALS    =      4972.1789
 EELEC  =    -58595.5980  EHBOND  =         0.0000  RESTRAINT  =         0.0000
 EKCMT  =         0.0000  VIRIAL  =         0.0000  VOLUME     =    144476.7185
                                                    Density    =         1.0390
 ------------------------------------------------------------------------------


 NSTEP =      100   TIME(PS) =      20.200  TEMP(K) =   300.67  PRESS =     0.0
 Etot   =    -35008.8239  EKtot   =      9111.5283  EPtot      =    -44120.3522
 BOND   =       383.4405  ANGLE   =      1041.9966  DIHED      =      1382.8570
 1-4 NB =       435.7938  1-4 EEL =      6165.9954  VDWAALS    =      5167.8919
 EELEC  =    -58698.3275  EHBOND  =         0.0000  RESTRAINT  =         0.0000
 EKCMT  =         0.0000  VIRIAL  =         0.0000  VOLUME     =    144476.7185
                                                    Density    =         1.0390
 ------------------------------------------------------------------------------


 NSTEP =      150   TIME(PS) =      20.300  TEMP(K) =   303.27  PRESS =     0.0
 Etot   =    -35096.3282  EKtot   =      9190.2061  EPtot      =    -44286.5343
 BOND   =       349.3851  ANGLE   =      1073.3765  DIHED      =      1372.0387
 1-4 NB =       450.4030  1-4 EEL =      6191.3947  VDWAALS    =      4908.8031
 EELEC  =    -58631.9352  EHBOND  =         0.0000  RESTRAINT  =         0.0000
 EKCMT  =         0.0000  VIRIAL  =         0.0000  VOLUME     =    144476.7185
                                                    Density    =         1.0390
 ------------------------------------------------------------------------------


 NSTEP =      200   TIME(PS) =      20.400  TEMP(K) =   296.07  PRESS =     0.0
 Etot   =    -35242.5890  EKtot   =      8972.1445  EPtot      =    -44214.7336
 BOND   =       371.3132  ANGLE   =      1088.3139  DIHED      =      1386.6011
 1-4 NB =       460.8715  1-4 EEL =      6181.6314  VDWAALS    =      4960.5636
 EELEC  =    -58664.0283  EHBOND  =         0.0000  RESTRAINT  =         0.0000
 EKCMT  =         0.0000  VIRIAL  =         0.0000  VOLUME     =    144476.7185
                                                    Density    =         1.0390
 ------------------------------------------------------------------------------


 NSTEP =      250   TIME(PS) =      20.500  TEMP(K) =   299.81  PRESS =     0.0
 Etot   =    -35344.4037  EKtot   =      9085.2061  EPtot      =    -44429.6097
 BOND   =       350.0912  ANGLE   =      1047.1867  DIHED      =      1386.5566
 1-4 NB =       444.2487  1-4 EEL =      6205.1873  VDWAALS    =      4973.2262
 EELEC  =    -58836.1063  EHBOND  =         0.0000  RESTRAINT  =         0.0000
 EKCMT  =         0.0000  VIRIAL  =         0.0000  VOLUME     =    144476.7185
                                                    Density    =         1.0390
 ------------------------------------------------------------------------------


 NSTEP =      300   TIME(PS) =      20.600  TEMP(K) =   295.88  PRESS =     0.0
 Etot   =    -35269.0421  EKtot   =      8966.1670  EPtot      =    -44235.2091
 BOND   =       356.4473  ANGLE   =      1051.5243  DIHED      =      1363.5916
 1-4 NB =       444.3118  1-4 EEL =      6209.0724  VDWAALS    =      4942.5115
 EELEC  =    -58602.6679  EHBOND  =         0.0000  RESTRAINT  =         0.0000
 EKCMT  =         0.0000  VIRIAL  =         0.0000  VOLUME     =    144527.1138
                                                    Density    =         1.0387
 ------------------------------------------------------------------------------


 NSTEP =      350   TIME(PS) =      20.700  TEMP(K) =   296.30  PRESS =     0.0
 Etot   =    -35217.2638  EKtot   =      8979.0684  EPtot      =    -44196.3322
 BOND   =       348.3775  ANGLE   =      1106.3456  DIHED      =      1358.6155
 1-4 NB =       440.6321  1-4 EEL =      6171.6080  VDWAALS    =      4953.1677
 EELEC  =    -58575.0787  EHBOND  =         0.0000  RESTRAINT  =         0.0000
 EKCMT  =         0.0000  VIRIAL  =         0.0000  VOLUME     =    144527.1138
                                                    Density    =         1.0387
 ------------------------------------------------------------------------------


 NSTEP =      400   TIME(PS) =      20.800  TEMP(K) =   302.15  PRESS =     0.0
 Etot   =    -35056.0120  EKtot   =      9156.2041  EPtot      =    -44212.2161
 BOND   =       346.5012  ANGLE   =      1049.5717  DIHED      =      1367.3987
 1-4 NB =       444.0789  1-4 EEL =      6175.1266  VDWAALS    =      4984.0995
 EELEC  =    -58578.9927  EHBOND  =         0.0000  RESTRAINT  =         0.0000
 EKCMT  =         0.0000  VIRIAL  =         0.0000  VOLUME     =    144527.1138
                                                    Density    =         1.0387
 ------------------------------------------------------------------------------


 NSTEP =      450   TIME(PS) =      20.900  TEMP(K) =   300.04  PRESS =     0.0
 Etot   =    -35123.9790  EKtot   =      9092.3408  EPtot      =    -44216.3198
 BOND   =       360.6061  ANGLE   =      1095.1372  DIHED      =      1381.9933
 1-4 NB =       449.1466  1-4 EEL =      6163.5867  VDWAALS    =      4960.1442
 EELEC  =    -58626.9339  EHBOND  =         0.0000  RESTRAINT  =         0.0000
 EKCMT  =         0.0000  VIRIAL  =         0.0000  VOLUME     =    144527.1138
                                                    Density    =         1.0387
 ------------------------------------------------------------------------------


 NSTEP =      500   TIME(PS) =      21.000  TEMP(K) =   304.76  PRESS =     0.0
 Etot   =    -34942.1875  EKtot   =      9235.4160  EPtot      =    -44177.6035
 BOND   =       352.2739  ANGLE   =      1095.7088  DIHED      =      1354.0338
 1-4 NB =       434.4948  1-4 EEL =      6189.2282  VDWAALS    =      5142.1367
 EELEC  =    -58745.4797  EHBOND  =         0.0000  RESTRAINT  =         0.0000
 EKCMT  =         0.0000  VIRIAL  =         0.0000  VOLUME     =    144527.1138
                                                    Density    =         1.0387
 ------------------------------------------------------------------------------


 NSTEP =      550   TIME(PS) =      21.100  TEMP(K) =   299.12  PRESS =     0.0
 Etot   =    -35059.0320  EKtot   =      9064.3154  EPtot      =    -44123.3475
 BOND   =       371.9668  ANGLE   =      1059.3891  DIHED      =      1363.5612
 1-4 NB =       458.2779  1-4 EEL =      6183.9653  VDWAALS    =      5097.5633
 EELEC  =    -58658.0711  EHBOND  =         0.0000  RESTRAINT  =         0.0000
 EKCMT  =         0.0000  VIRIAL  =         0.0000  VOLUME     =    144527.1138
                                                    Density    =         1.0387
 ------------------------------------------------------------------------------


 NSTEP =      600   TIME(PS) =      21.200  TEMP(K) =   297.71  PRESS =     0.0
 Etot   =    -35199.2176  EKtot   =      9021.7676  EPtot      =    -44220.9852
 BOND   =       384.9903  ANGLE   =      1083.2233  DIHED      =      1366.4583
 1-4 NB =       443.2021  1-4 EEL =      6168.7849  VDWAALS    =      4881.5750
 EELEC  =    -58549.2191  EHBOND  =         0.0000  RESTRAINT  =         0.0000
 EKCMT  =         0.0000  VIRIAL  =         0.0000  VOLUME     =    144527.1138
                                                    Density    =         1.0387
 ------------------------------------------------------------------------------


 NSTEP =      650   TIME(PS) =      21.300  TEMP(K) =   300.19  PRESS =     0.0
 Etot   =    -35137.7515  EKtot   =      9096.8389  EPtot      =    -44234.5904
 BOND   =       358.1969  ANGLE   =      1120.0659  DIHED      =      1367.6242
 1-4 NB =       444.3099  1-4 EEL =      6182.6722  VDWAALS    =      5055.5054
 EELEC  =    -58762.9648  EHBOND  =         0.0000  RESTRAINT  =         0.0000
 EKCMT  =         0.0000  VIRIAL  =         0.0000  VOLUME     =    144527.1138
                                                    Density    =         1.0387
 ------------------------------------------------------------------------------


 NSTEP =      700   TIME(PS) =      21.400  TEMP(K) =   300.86  PRESS =     0.0
 Etot   =    -35132.6160  EKtot   =      9117.0596  EPtot      =    -44249.6756
 BOND   =       343.1825  ANGLE   =      1096.9505  DIHED      =      1366.8033
 1-4 NB =       447.6799  1-4 EEL =      6182.1444  VDWAALS    =      5128.7467
 EELEC  =    -58815.1831  EHBOND  =         0.0000  RESTRAINT  =         0.0000
 EKCMT  =         0.0000  VIRIAL  =         0.0000  VOLUME     =    144527.1138
                                                    Density    =         1.0387
 ------------------------------------------------------------------------------


 NSTEP =      750   TIME(PS) =      21.500  TEMP(K) =   300.55  PRESS =     0.0
 Etot   =    -35172.0321  EKtot   =      9107.8818  EPtot      =    -44279.9140
 BOND   =       361.2516  ANGLE   =      1062.0498  DIHED      =      1353.1043
 1-4 NB =       453.5795  1-4 EEL =      6203.9781  VDWAALS    =      5033.6350
 EELEC  =    -58747.5122  EHBOND  =         0.0000  RESTRAINT  =         0.0000
 EKCMT  =         0.0000  VIRIAL  =         0.0000  VOLUME     =    144527.1138
                                                    Density    =         1.0387
 ------------------------------------------------------------------------------


 NSTEP =      800   TIME(PS) =      21.600  TEMP(K) =   296.53  PRESS =     0.0
 Etot   =    -35109.1408  EKtot   =      8985.8330  EPtot      =    -44094.9738
 BOND   =       333.9607  ANGLE   =      1085.9811  DIHED      =      1373.7809
 1-4 NB =       459.4041  1-4 EEL =      6198.8964  VDWAALS    =      5125.5074
 EELEC  =    -58672.5044  EHBOND  =         0.0000  RESTRAINT  =         0.0000
 EKCMT  =         0.0000  VIRIAL  =         0.0000  VOLUME     =    144527.1138
                                                    Density    =         1.0387
 ------------------------------------------------------------------------------


 NSTEP =      850   TIME(PS) =      21.700  TEMP(K) =   301.52  PRESS =     0.0
 Etot   =    -35063.1928  EKtot   =      9137.2002  EPtot      =    -44200.3930
 BOND   =       345.8888  ANGLE   =      1133.7539  DIHED      =      1375.8423
 1-4 NB =       438.1577  1-4 EEL =      6175.7416  VDWAALS    =      4983.5478
 EELEC  =    -58653.3251  EHBOND  =         0.0000  RESTRAINT  =         0.0000
 EKCMT  =         0.0000  VIRIAL  =         0.0000  VOLUME     =    144527.1138
                                                    Density    =         1.0387
 ------------------------------------------------------------------------------


 NSTEP =      900   TIME(PS) =      21.800  TEMP(K) =   304.26  PRESS =     0.0
 Etot   =    -35058.6620  EKtot   =      9220.0684  EPtot      =    -44278.7303
 BOND   =       332.5599  ANGLE   =      1076.8316  DIHED      =      1350.3973
 1-4 NB =       466.5047  1-4 EEL =      6190.7565  VDWAALS    =      4976.4994
 EELEC  =    -58672.2797  EHBOND  =         0.0000  RESTRAINT  =         0.0000
 EKCMT  =         0.0000  VIRIAL  =         0.0000  VOLUME     =    144527.1138
                                                    Density    =         1.0387
 ------------------------------------------------------------------------------


 NSTEP =      950   TIME(PS) =      21.900  TEMP(K) =   302.37  PRESS =     0.0
 Etot   =    -34977.5414  EKtot   =      9162.8750  EPtot      =    -44140.4164
 BOND   =       343.0819  ANGLE   =      1065.4895  DIHED      =      1348.3153
 1-4 NB =       460.6538  1-4 EEL =      6224.2744  VDWAALS    =      4857.2177
 EELEC  =    -58439.4490  EHBOND  =         0.0000  RESTRAINT  =         0.0000
 EKCMT  =         0.0000  VIRIAL  =         0.0000  VOLUME     =    144527.1138
                                                    Density    =         1.0387
 ------------------------------------------------------------------------------

| MC Barostat: Decreasing size of volume moves

 NSTEP =     1000   TIME(PS) =      22.000  TEMP(K) =   301.10  PRESS =     0.0
 Etot   =    -35094.7511  EKtot   =      9124.4541  EPtot      =    -44219.2052
 BOND   =       379.6798  ANGLE   =      1084.6586  DIHED      =      1363.9046
 1-4 NB =       446.2739  1-4 EEL =      6139.8160  VDWAALS    =      4966.3460
 EELEC  =    -58599.8840  EHBOND  =         0.0000  RESTRAINT  =         0.0000
 EKCMT  =         0.0000  VIRIAL  =         0.0000  VOLUME     =    144527.1138
                                                    Density    =         1.0387
 ------------------------------------------------------------------------------


 NSTEP =     1050   TIME(PS) =      22.100  TEMP(K) =   304.84  PRESS =     0.0
 Etot   =    -35072.1523  EKtot   =      9237.7305  EPtot      =    -44309.8828
 BOND   =       361.4381  ANGLE   =      1097.3437  DIHED      =      1383.1751
 1-4 NB =       446.3838  1-4 EEL =      6196.4037  VDWAALS    =      5035.4101
 EELEC  =    -58830.0373  EHBOND  =         0.0000  RESTRAINT  =         0.0000
 EKCMT  =         0.0000  VIRIAL  =         0.0000  VOLUME     =    144527.1138
                                                    Density    =         1.0387
 ------------------------------------------------------------------------------


 NSTEP =     1100   TIME(PS) =      22.200  TEMP(K) =   301.57  PRESS =     0.0
 Etot   =    -35030.7036  EKtot   =      9138.5615  EPtot      =    -44169.2652
 BOND   =       356.7972  ANGLE   =      1076.2034  DIHED      =      1377.6034
 1-4 NB =       451.3440  1-4 EEL =      6145.4913  VDWAALS    =      4853.1599
 EELEC  =    -58429.8643  EHBOND  =         0.0000  RESTRAINT  =         0.0000
 EKCMT  =         0.0000  VIRIAL  =         0.0000  VOLUME     =    144527.1138
                                                    Density    =         1.0387
 ------------------------------------------------------------------------------


 NSTEP =     1150   TIME(PS) =      22.300  TEMP(K) =   299.62  PRESS =     0.0
 Etot   =    -35072.0907  EKtot   =      9079.6807  EPtot      =    -44151.7714
 BOND   =       344.6462  ANGLE   =      1066.3645  DIHED      =      1367.8823
 1-4 NB =       453.3101  1-4 EEL =      6177.7570  VDWAALS    =      5021.9514
 EELEC  =    -58583.6829  EHBOND  =         0.0000  RESTRAINT  =         0.0000
 EKCMT  =         0.0000  VIRIAL  =         0.0000  VOLUME     =    144527.1138
                                                    Density    =         1.0387
 ------------------------------------------------------------------------------


 NSTEP =     1200   TIME(PS) =      22.400  TEMP(K) =   298.09  PRESS =     0.0
 Etot   =    -35016.5386  EKtot   =      9033.1055  EPtot      =    -44049.6441
 BOND   =       353.9971  ANGLE   =      1104.2409  DIHED      =      1373.3278
 1-4 NB =       443.6346  1-4 EEL =      6168.7496  VDWAALS    =      4899.7671
 EELEC  =    -58393.3611  EHBOND  =         0.0000  RESTRAINT  =         0.0000
 EKCMT  =         0.0000  VIRIAL  =         0.0000  VOLUME     =    144527.1138
                                                    Density    =         1.0387
 ------------------------------------------------------------------------------


 NSTEP =     1250   TIME(PS) =      22.500  TEMP(K) =   303.62  PRESS =     0.0
 Etot   =    -34909.6763  EKtot   =      9200.8291  EPtot      =    -44110.5054
 BOND   =       356.1873  ANGLE   =      1070.4164  DIHED      =      1371.3658
 1-4 NB =       442.5838  1-4 EEL =      6196.1721  VDWAALS    =      5004.9923
 EELEC  =    -58552.2231  EHBOND  =         0.0000  RESTRAINT  =         0.0000
 EKCMT  =         0.0000  VIRIAL  =         0.0000  VOLUME     =    144527.1138
                                                    Density    =         1.0387
 ------------------------------------------------------------------------------


 NSTEP =     1300   TIME(PS) =      22.600  TEMP(K) =   303.51  PRESS =     0.0
 Etot   =    -34916.6202  EKtot   =      9197.4629  EPtot      =    -44114.0831
 BOND   =       338.8700  ANGLE   =      1073.4291  DIHED      =      1357.4328
 1-4 NB =       459.6272  1-4 EEL =      6183.5559  VDWAALS    =      4758.3255
 EELEC  =    -58285.3236  EHBOND  =         0.0000  RESTRAINT  =         0.0000
 EKCMT  =         0.0000  VIRIAL  =         0.0000  VOLUME     =    144527.1138
                                                    Density    =         1.0387
 ------------------------------------------------------------------------------


 NSTEP =     1350   TIME(PS) =      22.700  TEMP(K) =   302.68  PRESS =     0.0
 Etot   =    -34952.3430  EKtot   =      9172.2441  EPtot      =    -44124.5872
 BOND   =       342.1940  ANGLE   =      1077.9888  DIHED      =      1377.7296
 1-4 NB =       465.9232  1-4 EEL =      6129.0660  VDWAALS    =      4961.7586
 EELEC  =    -58479.2473  EHBOND  =         0.0000  RESTRAINT  =         0.0000
 EKCMT  =         0.0000  VIRIAL  =         0.0000  VOLUME     =    144527.1138
                                                    Density    =         1.0387
 ------------------------------------------------------------------------------


 NSTEP =     1400   TIME(PS) =      22.800  TEMP(K) =   299.65  PRESS =     0.0
 Etot   =    -35057.0529  EKtot   =      9080.5889  EPtot      =    -44137.6418
 BOND   =       343.7013  ANGLE   =      1083.9902  DIHED      =      1368.1509
 1-4 NB =       456.8515  1-4 EEL =      6181.0081  VDWAALS    =      4901.4109
 EELEC  =    -58472.7547  EHBOND  =         0.0000  RESTRAINT  =         0.0000
 EKCMT  =         0.0000  VIRIAL  =         0.0000  VOLUME     =    144527.1138
                                                    Density    =         1.0387
 ------------------------------------------------------------------------------


 NSTEP =     1450   TIME(PS) =      22.900  TEMP(K) =   298.86  PRESS =     0.0
 Etot   =    -35207.2815  EKtot   =      9056.4248  EPtot      =    -44263.7063
 BOND   =       338.3452  ANGLE   =      1067.3686  DIHED      =      1369.5538
 1-4 NB =       445.2606  1-4 EEL =      6172.4928  VDWAALS    =      4947.2194
 EELEC  =    -58603.9467  EHBOND  =         0.0000  RESTRAINT  =         0.0000
 EKCMT  =         0.0000  VIRIAL  =         0.0000  VOLUME     =    144527.1138
                                                    Density    =         1.0387
 ------------------------------------------------------------------------------


 NSTEP =     1500   TIME(PS) =      23.000  TEMP(K) =   301.92  PRESS =     0.0
 Etot   =    -35017.8972  EKtot   =      9149.2686  EPtot      =    -44167.1657
 BOND   =       360.7401  ANGLE   =      1026.4445  DIHED      =      1353.7675
 1-4 NB =       449.1814  1-4 EEL =      6178.5848  VDWAALS    =      4970.4707
 EELEC  =    -58506.3546  EHBOND  =         0.0000  RESTRAINT  =         0.0000
 EKCMT  =         0.0000  VIRIAL  =         0.0000  VOLUME     =    144527.1138
                                                    Density    =         1.0387
 ------------------------------------------------------------------------------


 NSTEP =     1550   TIME(PS) =      23.100  TEMP(K) =   301.83  PRESS =     0.0
 Etot   =    -35078.9855  EKtot   =      9146.5244  EPtot      =    -44225.5099
 BOND   =       373.3813  ANGLE   =      1070.3486  DIHED      =      1366.8490
 1-4 NB =       457.6147  1-4 EEL =      6179.7140  VDWAALS    =      4862.7280
 EELEC  =    -58536.1456  EHBOND  =         0.0000  RESTRAINT  =         0.0000
 EKCMT  =         0.0000  VIRIAL  =         0.0000  VOLUME     =    144527.1138
                                                    Density    =         1.0387
 ------------------------------------------------------------------------------


 NSTEP =     1600   TIME(PS) =      23.200  TEMP(K) =   302.71  PRESS =     0.0
 Etot   =    -35143.8885  EKtot   =      9173.1562  EPtot      =    -44317.0448
 BOND   =       342.2933  ANGLE   =      1024.5845  DIHED      =      1364.4477
 1-4 NB =       451.1707  1-4 EEL =      6191.3313  VDWAALS    =      4808.4031
 EELEC  =    -58499.2753  EHBOND  =         0.0000  RESTRAINT  =         0.0000
 EKCMT  =         0.0000  VIRIAL  =         0.0000  VOLUME     =    144527.1138
                                                    Density    =         1.0387
 ------------------------------------------------------------------------------


 NSTEP =     1650   TIME(PS) =      23.300  TEMP(K) =   304.08  PRESS =     0.0
 Etot   =    -35104.4302  EKtot   =      9214.8379  EPtot      =    -44319.2681
 BOND   =       365.1068  ANGLE   =      1020.8465  DIHED      =      1369.5831
 1-4 NB =       453.5137  1-4 EEL =      6167.9728  VDWAALS    =      4974.4244
 EELEC  =    -58670.7153  EHBOND  =         0.0000  RESTRAINT  =         0.0000
 EKCMT  =         0.0000  VIRIAL  =         0.0000  VOLUME     =    144527.1138
                                                    Density    =         1.0387
 ------------------------------------------------------------------------------


 NSTEP =     1700   TIME(PS) =      23.400  TEMP(K) =   299.30  PRESS =     0.0
 Etot   =    -35128.7294  EKtot   =      9070.0146  EPtot      =    -44198.7440
 BOND   =       357.2252  ANGLE   =      1065.5176  DIHED      =      1367.6270
 1-4 NB =       461.6362  1-4 EEL =      6206.3376  VDWAALS    =      4851.4618
 EELEC  =    -58508.5495  EHBOND  =         0.0000  RESTRAINT  =         0.0000
 EKCMT  =         0.0000  VIRIAL  =         0.0000  VOLUME     =    144527.1138
                                                    Density    =         1.0387
 ------------------------------------------------------------------------------


 NSTEP =     1750   TIME(PS) =      23.500  TEMP(K) =   300.86  PRESS =     0.0
 Etot   =    -35092.6566  EKtot   =      9117.0977  EPtot      =    -44209.7542
 BOND   =       359.0333  ANGLE   =      1100.9500  DIHED      =      1374.7399
 1-4 NB =       442.7455  1-4 EEL =      6166.8427  VDWAALS    =      4988.2134
 EELEC  =    -58642.2790  EHBOND  =         0.0000  RESTRAINT  =         0.0000
 EKCMT  =         0.0000  VIRIAL  =         0.0000  VOLUME     =    144527.1138
                                                    Density    =         1.0387
 ------------------------------------------------------------------------------


 NSTEP =     1800   TIME(PS) =      23.600  TEMP(K) =   300.78  PRESS =     0.0
 Etot   =    -35249.0557  EKtot   =      9114.6973  EPtot      =    -44363.7530
 BOND   =       355.7992  ANGLE   =      1047.5451  DIHED      =      1380.7307
 1-4 NB =       454.5548  1-4 EEL =      6179.3177  VDWAALS    =      4881.0874
 EELEC  =    -58662.7880  EHBOND  =         0.0000  RESTRAINT  =         0.0000
 EKCMT  =         0.0000  VIRIAL  =         0.0000  VOLUME     =    144527.1138
                                                    Density    =         1.0387
 ------------------------------------------------------------------------------


 NSTEP =     1850   TIME(PS) =      23.700  TEMP(K) =   296.80  PRESS =     0.0
 Etot   =    -35420.1050  EKtot   =      8994.0586  EPtot      =    -44414.1636
 BOND   =       366.1467  ANGLE   =      1069.3770  DIHED      =      1357.0486
 1-4 NB =       459.1800  1-4 EEL =      6163.0516  VDWAALS    =      5071.7993
 EELEC  =    -58900.7668  EHBOND  =         0.0000  RESTRAINT  =         0.0000
 EKCMT  =         0.0000  VIRIAL  =         0.0000  VOLUME     =    144527.1138
                                                    Density    =         1.0387
 ------------------------------------------------------------------------------


 NSTEP =     1900   TIME(PS) =      23.800  TEMP(K) =   300.93  PRESS =     0.0
 Etot   =    -35221.5225  EKtot   =      9119.3076  EPtot      =    -44340.8302
 BOND   =       328.2048  ANGLE   =      1089.5364  DIHED      =      1367.3242
 1-4 NB =       455.2805  1-4 EEL =      6196.3373  VDWAALS    =      5038.5940
 EELEC  =    -58816.1073  EHBOND  =         0.0000  RESTRAINT  =         0.0000
 EKCMT  =         0.0000  VIRIAL  =         0.0000  VOLUME     =    144527.1138
                                                    Density    =         1.0387
 ------------------------------------------------------------------------------


 NSTEP =     1950   TIME(PS) =      23.900  TEMP(K) =   297.27  PRESS =     0.0
 Etot   =    -35293.9927  EKtot   =      9008.2969  EPtot      =    -44302.2896
 BOND   =       356.7236  ANGLE   =      1079.0365  DIHED      =      1372.4026
 1-4 NB =       478.5184  1-4 EEL =      6172.8552  VDWAALS    =      5043.2280
 EELEC  =    -58805.0540  EHBOND  =         0.0000  RESTRAINT  =         0.0000
 EKCMT  =         0.0000  VIRIAL  =         0.0000  VOLUME     =    144527.1138
                                                    Density    =         1.0387
 ------------------------------------------------------------------------------

| MC Barostat: Decreasing size of volume moves

 NSTEP =     2000   TIME(PS) =      24.000  TEMP(K) =   299.80  PRESS =     0.0
 Etot   =    -35227.9008  EKtot   =      9085.1221  EPtot      =    -44313.0228
 BOND   =       345.2429  ANGLE   =      1093.3639  DIHED      =      1370.3606
 1-4 NB =       446.5975  1-4 EEL =      6165.1602  VDWAALS    =      4972.0916
 EELEC  =    -58705.8396  EHBOND  =         0.0000  RESTRAINT  =         0.0000
 EKCMT  =         0.0000  VIRIAL  =         0.0000  VOLUME     =    144527.1138
                                                    Density    =         1.0387
 ------------------------------------------------------------------------------


 NSTEP =     2050   TIME(PS) =      24.100  TEMP(K) =   302.28  PRESS =     0.0
 Etot   =    -35068.1204  EKtot   =      9160.0615  EPtot      =    -44228.1819
 BOND   =       356.5351  ANGLE   =      1066.4171  DIHED      =      1363.0427
 1-4 NB =       465.7215  1-4 EEL =      6204.4366  VDWAALS    =      5045.2064
 EELEC  =    -58729.5413  EHBOND  =         0.0000  RESTRAINT  =         0.0000
 EKCMT  =         0.0000  VIRIAL  =         0.0000  VOLUME     =    144527.1138
                                                    Density    =         1.0387
 ------------------------------------------------------------------------------


 NSTEP =     2100   TIME(PS) =      24.200  TEMP(K) =   300.82  PRESS =     0.0
 Etot   =    -35096.1542  EKtot   =      9115.8760  EPtot      =    -44212.0302
 BOND   =       382.2738  ANGLE   =      1042.0199  DIHED      =      1368.1248
 1-4 NB =       449.3852  1-4 EEL =      6172.7855  VDWAALS    =      4965.2428
 EELEC  =    -58591.8621  EHBOND  =         0.0000  RESTRAINT  =         0.0000
 EKCMT  =         0.0000  VIRIAL  =         0.0000  VOLUME     =    144527.1138
                                                    Density    =         1.0387
 ------------------------------------------------------------------------------


 NSTEP =     2150   TIME(PS) =      24.300  TEMP(K) =   298.00  PRESS =     0.0
 Etot   =    -35266.9776  EKtot   =      9030.6035  EPtot      =    -44297.5811
 BOND   =       359.0534  ANGLE   =      1045.6689  DIHED      =      1352.2224
 1-4 NB =       457.8134  1-4 EEL =      6194.4925  VDWAALS    =      5055.8538
 EELEC  =    -58762.6855  EHBOND  =         0.0000  RESTRAINT  =         0.0000
 EKCMT  =         0.0000  VIRIAL  =         0.0000  VOLUME     =    144527.1138
                                                    Density    =         1.0387
 ------------------------------------------------------------------------------


 NSTEP =     2200   TIME(PS) =      24.400  TEMP(K) =   297.12  PRESS =     0.0
 Etot   =    -35251.2763  EKtot   =      9003.7207  EPtot      =    -44254.9970
 BOND   =       364.4757  ANGLE   =      1063.4169  DIHED      =      1352.7830
 1-4 NB =       447.3314  1-4 EEL =      6206.3576  VDWAALS    =      5028.8825
 EELEC  =    -58718.2441  EHBOND  =         0.0000  RESTRAINT  =         0.0000
 EKCMT  =         0.0000  VIRIAL  =         0.0000  VOLUME     =    144527.1138
                                                    Density    =         1.0387
 ------------------------------------------------------------------------------


 NSTEP =     2250   TIME(PS) =      24.500  TEMP(K) =   299.76  PRESS =     0.0
 Etot   =    -35222.3161  EKtot   =      9083.8076  EPtot      =    -44306.1237
 BOND   =       365.0609  ANGLE   =      1065.9313  DIHED      =      1396.3782
 1-4 NB =       450.0577  1-4 EEL =      6179.1998  VDWAALS    =      4945.4383
 EELEC  =    -58708.1898  EHBOND  =         0.0000  RESTRAINT  =         0.0000
 EKCMT  =         0.0000  VIRIAL  =         0.0000  VOLUME     =    144527.1138
                                                    Density    =         1.0387
 ------------------------------------------------------------------------------


 NSTEP =     2300   TIME(PS) =      24.600  TEMP(K) =   301.79  PRESS =     0.0
 Etot   =    -35112.7682  EKtot   =      9145.3984  EPtot      =    -44258.1666
 BOND   =       353.0780  ANGLE   =      1058.3288  DIHED      =      1380.8555
 1-4 NB =       451.6926  1-4 EEL =      6190.6246  VDWAALS    =      5113.0760
 EELEC  =    -58805.8221  EHBOND  =         0.0000  RESTRAINT  =         0.0000
 EKCMT  =         0.0000  VIRIAL  =         0.0000  VOLUME     =    144572.5955
                                                    Density    =         1.0384
 ------------------------------------------------------------------------------


 NSTEP =     2350   TIME(PS) =      24.700  TEMP(K) =   300.89  PRESS =     0.0
 Etot   =    -35094.8723  EKtot   =      9118.1182  EPtot      =    -44212.9905
 BOND   =       365.0593  ANGLE   =      1100.8095  DIHED      =      1379.1578
 1-4 NB =       442.4273  1-4 EEL =      6157.1578  VDWAALS    =      5030.3574
 EELEC  =    -58687.9597  EHBOND  =         0.0000  RESTRAINT  =         0.0000
 EKCMT  =         0.0000  VIRIAL  =         0.0000  VOLUME     =    144572.5955
                                                    Density    =         1.0384
 ------------------------------------------------------------------------------


 NSTEP =     2400   TIME(PS) =      24.800  TEMP(K) =   301.75  PRESS =     0.0
 Etot   =    -35067.8186  EKtot   =      9144.0479  EPtot      =    -44211.8664
 BOND   =       351.8788  ANGLE   =      1052.7735  DIHED      =      1386.9633
 1-4 NB =       443.6126  1-4 EEL =      6187.4947  VDWAALS    =      4712.0167
 EELEC  =    -58346.6061  EHBOND  =         0.0000  RESTRAINT  =         0.0000
 EKCMT  =         0.0000  VIRIAL  =         0.0000  VOLUME     =    144814.0191
                                                    Density    =         1.0366
 ------------------------------------------------------------------------------


 NSTEP =     2450   TIME(PS) =      24.900  TEMP(K) =   299.51  PRESS =     0.0
 Etot   =    -35069.5251  EKtot   =      9076.2217  EPtot      =    -44145.7467
 BOND   =       370.8384  ANGLE   =      1067.3981  DIHED      =      1373.3068
 1-4 NB =       444.7608  1-4 EEL =      6195.9919  VDWAALS    =      4789.2429
 EELEC  =    -58387.2856  EHBOND  =         0.0000  RESTRAINT  =         0.0000
 EKCMT  =         0.0000  VIRIAL  =         0.0000  VOLUME     =    144814.0191
                                                    Density    =         1.0366
 ------------------------------------------------------------------------------


 NSTEP =     2500   TIME(PS) =      25.000  TEMP(K) =   298.98  PRESS =     0.0
 Etot   =    -35057.4382  EKtot   =      9060.0518  EPtot      =    -44117.4899
 BOND   =       349.9976  ANGLE   =      1063.5867  DIHED      =      1375.2631
 1-4 NB =       468.0385  1-4 EEL =      6212.0142  VDWAALS    =      4815.7557
 EELEC  =    -58402.1457  EHBOND  =         0.0000  RESTRAINT  =         0.0000
 EKCMT  =         0.0000  VIRIAL  =         0.0000  VOLUME     =    145106.2349
                                                    Density    =         1.0345
 ------------------------------------------------------------------------------


 NSTEP =     2550   TIME(PS) =      25.100  TEMP(K) =   301.21  PRESS =     0.0
 Etot   =    -35106.9457  EKtot   =      9127.9053  EPtot      =    -44234.8510
 BOND   =       364.4492  ANGLE   =      1063.2690  DIHED      =      1370.2154
 1-4 NB =       441.0737  1-4 EEL =      6152.3809  VDWAALS    =      4800.6185
 EELEC  =    -58426.8577  EHBOND  =         0.0000  RESTRAINT  =         0.0000
 EKCMT  =         0.0000  VIRIAL  =         0.0000  VOLUME     =    145106.2349
                                                    Density    =         1.0345
 ------------------------------------------------------------------------------


 NSTEP =     2600   TIME(PS) =      25.200  TEMP(K) =   303.67  PRESS =     0.0
 Etot   =    -34994.9998  EKtot   =      9202.3086  EPtot      =    -44197.3084
 BOND   =       379.7172  ANGLE   =      1088.5681  DIHED      =      1348.9781
 1-4 NB =       438.3127  1-4 EEL =      6135.3839  VDWAALS    =      4878.8934
 EELEC  =    -58467.1619  EHBOND  =         0.0000  RESTRAINT  =         0.0000
 EKCMT  =         0.0000  VIRIAL  =         0.0000  VOLUME     =    145106.2349
                                                    Density    =         1.0345
 ------------------------------------------------------------------------------


 NSTEP =     2650   TIME(PS) =      25.300  TEMP(K) =   302.86  PRESS =     0.0
 Etot   =    -34946.4239  EKtot   =      9177.7197  EPtot      =    -44124.1436
 BOND   =       360.1473  ANGLE   =      1048.4144  DIHED      =      1348.0605
 1-4 NB =       448.0953  1-4 EEL =      6189.5777  VDWAALS    =      4801.1394
 EELEC  =    -58319.5782  EHBOND  =         0.0000  RESTRAINT  =         0.0000
 EKCMT  =         0.0000  VIRIAL  =         0.0000  VOLUME     =    145106.2349
                                                    Density    =         1.0345
 ------------------------------------------------------------------------------


 NSTEP =     2700   TIME(PS) =      25.400  TEMP(K) =   299.13  PRESS =     0.0
 Etot   =    -35085.4357  EKtot   =      9064.8711  EPtot      =    -44150.3068
 BOND   =       349.2663  ANGLE   =      1062.0244  DIHED      =      1363.3387
 1-4 NB =       447.9619  1-4 EEL =      6180.1697  VDWAALS    =      4810.3295
 EELEC  =    -58363.3974  EHBOND  =         0.0000  RESTRAINT  =         0.0000
 EKCMT  =         0.0000  VIRIAL  =         0.0000  VOLUME     =    144996.0770
                                                    Density    =         1.0353
 ------------------------------------------------------------------------------


 NSTEP =     2750   TIME(PS) =      25.500  TEMP(K) =   301.31  PRESS =     0.0
 Etot   =    -35052.3676  EKtot   =      9130.7881  EPtot      =    -44183.1557
 BOND   =       388.5980  ANGLE   =      1100.4631  DIHED      =      1376.9651
 1-4 NB =       450.3370  1-4 EEL =      6171.5753  VDWAALS    =      4848.2077
 EELEC  =    -58519.3017  EHBOND  =         0.0000  RESTRAINT  =         0.0000
 EKCMT  =         0.0000  VIRIAL  =         0.0000  VOLUME     =    144996.0770
                                                    Density    =         1.0353
 ------------------------------------------------------------------------------


 NSTEP =     2800   TIME(PS) =      25.600  TEMP(K) =   298.42  PRESS =     0.0
 Etot   =    -34986.8437  EKtot   =      9043.1787  EPtot      =    -44030.0224
 BOND   =       318.5798  ANGLE   =      1106.1152  DIHED      =      1368.6294
 1-4 NB =       464.6226  1-4 EEL =      6193.7785  VDWAALS    =      4895.9524
 EELEC  =    -58377.7003  EHBOND  =         0.0000  RESTRAINT  =         0.0000
 EKCMT  =         0.0000  VIRIAL  =         0.0000  VOLUME     =    144996.0770
                                                    Density    =         1.0353
 ------------------------------------------------------------------------------


 NSTEP =     2850   TIME(PS) =      25.700  TEMP(K) =   307.62  PRESS =     0.0
 Etot   =    -34829.6015  EKtot   =      9321.9082  EPtot      =    -44151.5097
 BOND   =       368.3558  ANGLE   =      1094.5491  DIHED      =      1376.0016
 1-4 NB =       448.4616  1-4 EEL =      6149.9546  VDWAALS    =      4943.1930
 EELEC  =    -58532.0255  EHBOND  =         0.0000  RESTRAINT  =         0.0000
 EKCMT  =         0.0000  VIRIAL  =         0.0000  VOLUME     =    144996.0770
                                                    Density    =         1.0353
 ------------------------------------------------------------------------------


 NSTEP =     2900   TIME(PS) =      25.800  TEMP(K) =   302.91  PRESS =     0.0
 Etot   =    -34929.1693  EKtot   =      9179.1514  EPtot      =    -44108.3206
 BOND   =       360.7356  ANGLE   =      1085.7183  DIHED      =      1364.5879
 1-4 NB =       450.2269  1-4 EEL =      6176.7455  VDWAALS    =      4856.4086
 EELEC  =    -58402.7433  EHBOND  =         0.0000  RESTRAINT  =         0.0000
 EKCMT  =         0.0000  VIRIAL  =         0.0000  VOLUME     =    144996.0770
                                                    Density    =         1.0353
 ------------------------------------------------------------------------------


 NSTEP =     2950   TIME(PS) =      25.900  TEMP(K) =   299.12  PRESS =     0.0
 Etot   =    -34926.9159  EKtot   =      9064.2979  EPtot      =    -43991.2137
 BOND   =       351.9786  ANGLE   =      1116.3396  DIHED      =      1375.3403
 1-4 NB =       452.0321  1-4 EEL =      6190.4902  VDWAALS    =      4850.7792
 EELEC  =    -58328.1737  EHBOND  =         0.0000  RESTRAINT  =         0.0000
 EKCMT  =         0.0000  VIRIAL  =         0.0000  VOLUME     =    144996.0770
                                                    Density    =         1.0353
 ------------------------------------------------------------------------------


 NSTEP =     3000   TIME(PS) =      26.000  TEMP(K) =   299.77  PRESS =     0.0
 Etot   =    -34996.3979  EKtot   =      9084.0635  EPtot      =    -44080.4614
 BOND   =       380.5687  ANGLE   =      1101.9863  DIHED      =      1370.1937
 1-4 NB =       436.4152  1-4 EEL =      6154.8869  VDWAALS    =      4882.9348
 EELEC  =    -58407.4471  EHBOND  =         0.0000  RESTRAINT  =         0.0000
 EKCMT  =         0.0000  VIRIAL  =         0.0000  VOLUME     =    144996.0770
                                                    Density    =         1.0353
 ------------------------------------------------------------------------------


 NSTEP =     3050   TIME(PS) =      26.100  TEMP(K) =   297.76  PRESS =     0.0
 Etot   =    -34989.1274  EKtot   =      9023.2764  EPtot      =    -44012.4038
 BOND   =       346.8451  ANGLE   =      1068.0532  DIHED      =      1380.8247
 1-4 NB =       452.7151  1-4 EEL =      6176.6102  VDWAALS    =      4871.2202
 EELEC  =    -58308.6723  EHBOND  =         0.0000  RESTRAINT  =         0.0000
 EKCMT  =         0.0000  VIRIAL  =         0.0000  VOLUME     =    144996.0770
                                                    Density    =         1.0353
 ------------------------------------------------------------------------------


 NSTEP =     3100   TIME(PS) =      26.200  TEMP(K) =   300.09  PRESS =     0.0
 Etot   =    -34969.2654  EKtot   =      9093.8291  EPtot      =    -44063.0945
 BOND   =       334.1873  ANGLE   =      1104.8111  DIHED      =      1367.7572
 1-4 NB =       458.2669  1-4 EEL =      6183.4767  VDWAALS    =      4775.4000
 EELEC  =    -58286.9935  EHBOND  =         0.0000  RESTRAINT  =         0.0000
 EKCMT  =         0.0000  VIRIAL  =         0.0000  VOLUME     =    144996.0770
                                                    Density    =         1.0353
 ------------------------------------------------------------------------------


 NSTEP =     3150   TIME(PS) =      26.300  TEMP(K) =   301.75  PRESS =     0.0
 Etot   =    -35107.9271  EKtot   =      9144.1797  EPtot      =    -44252.1068
 BOND   =       354.1533  ANGLE   =      1082.1376  DIHED      =      1361.2537
 1-4 NB =       454.7411  1-4 EEL =      6203.2874  VDWAALS    =      4771.9243
 EELEC  =    -58479.6042  EHBOND  =         0.0000  RESTRAINT  =         0.0000
 EKCMT  =         0.0000  VIRIAL  =         0.0000  VOLUME     =    144996.0770
                                                    Density    =         1.0353
 ------------------------------------------------------------------------------


 NSTEP =     3200   TIME(PS) =      26.400  TEMP(K) =   303.34  PRESS =     0.0
 Etot   =    -35102.1071  EKtot   =      9192.4521  EPtot      =    -44294.5592
 BOND   =       335.1682  ANGLE   =      1058.9732  DIHED      =      1361.9659
 1-4 NB =       458.3659  1-4 EEL =      6235.0130  VDWAALS    =      4931.1627
 EELEC  =    -58675.2081  EHBOND  =         0.0000  RESTRAINT  =         0.0000
 EKCMT  =         0.0000  VIRIAL  =         0.0000  VOLUME     =    144996.0770
                                                    Density    =         1.0353
 ------------------------------------------------------------------------------


 NSTEP =     3250   TIME(PS) =      26.500  TEMP(K) =   298.80  PRESS =     0.0
 Etot   =    -35150.0553  EKtot   =      9054.7539  EPtot      =    -44204.8092
 BOND   =       350.6401  ANGLE   =      1071.7758  DIHED      =      1361.7091
 1-4 NB =       443.8890  1-4 EEL =      6180.3811  VDWAALS    =      5033.2047
 EELEC  =    -58646.4090  EHBOND  =         0.0000  RESTRAINT  =         0.0000
 EKCMT  =         0.0000  VIRIAL  =         0.0000  VOLUME     =    144996.0770
                                                    Density    =         1.0353
 ------------------------------------------------------------------------------


 NSTEP =     3300   TIME(PS) =      26.600  TEMP(K) =   300.12  PRESS =     0.0
 Etot   =    -35108.7361  EKtot   =      9094.7861  EPtot      =    -44203.5223
 BOND   =       355.2458  ANGLE   =      1068.5470  DIHED      =      1366.1594
 1-4 NB =       446.9284  1-4 EEL =      6138.6331  VDWAALS    =      4909.4650
 EELEC  =    -58488.5009  EHBOND  =         0.0000  RESTRAINT  =         0.0000
 EKCMT  =         0.0000  VIRIAL  =         0.0000  VOLUME     =    144996.0770
                                                    Density    =         1.0353
 ------------------------------------------------------------------------------


 NSTEP =     3350   TIME(PS) =      26.700  TEMP(K) =   299.69  PRESS =     0.0
 Etot   =    -35126.6594  EKtot   =      9081.6777  EPtot      =    -44208.3371
 BOND   =       381.4978  ANGLE   =      1087.6413  DIHED      =      1382.2782
 1-4 NB =       432.6151  1-4 EEL =      6169.0354  VDWAALS    =      5117.7195
 EELEC  =    -58779.1244  EHBOND  =         0.0000  RESTRAINT  =         0.0000
 EKCMT  =         0.0000  VIRIAL  =         0.0000  VOLUME     =    144996.0770
                                                    Density    =         1.0353
 ------------------------------------------------------------------------------


 NSTEP =     3400   TIME(PS) =      26.800  TEMP(K) =   297.81  PRESS =     0.0
 Etot   =    -35139.0528  EKtot   =      9024.8848  EPtot      =    -44163.9375
 BOND   =       340.6320  ANGLE   =      1066.4173  DIHED      =      1370.0898
 1-4 NB =       453.1641  1-4 EEL =      6174.6049  VDWAALS    =      4863.6916
 EELEC  =    -58432.5371  EHBOND  =         0.0000  RESTRAINT  =         0.0000
 EKCMT  =         0.0000  VIRIAL  =         0.0000  VOLUME     =    144996.0770
                                                    Density    =         1.0353
 ------------------------------------------------------------------------------


 NSTEP =     3450   TIME(PS) =      26.900  TEMP(K) =   301.07  PRESS =     0.0
 Etot   =    -35090.2348  EKtot   =      9123.6211  EPtot      =    -44213.8559
 BOND   =       347.0115  ANGLE   =      1113.2222  DIHED      =      1345.3607
 1-4 NB =       439.4181  1-4 EEL =      6157.8781  VDWAALS    =      4843.0278
 EELEC  =    -58459.7742  EHBOND  =         0.0000  RESTRAINT  =         0.0000
 EKCMT  =         0.0000  VIRIAL  =         0.0000  VOLUME     =    144996.0770
                                                    Density    =         1.0353
 ------------------------------------------------------------------------------


 NSTEP =     3500   TIME(PS) =      27.000  TEMP(K) =   298.98  PRESS =     0.0
 Etot   =    -34910.5336  EKtot   =      9060.1758  EPtot      =    -43970.7093
 BOND   =       372.1765  ANGLE   =      1094.1087  DIHED      =      1347.2520
 1-4 NB =       457.0906  1-4 EEL =      6153.6622  VDWAALS    =      4886.1487
 EELEC  =    -58281.1481  EHBOND  =         0.0000  RESTRAINT  =         0.0000
 EKCMT  =         0.0000  VIRIAL  =         0.0000  VOLUME     =    144996.0770
                                                    Density    =         1.0353
 ------------------------------------------------------------------------------


 NSTEP =     3550   TIME(PS) =      27.100  TEMP(K) =   299.94  PRESS =     0.0
 Etot   =    -34955.3750  EKtot   =      9089.3857  EPtot      =    -44044.7607
 BOND   =       363.7226  ANGLE   =      1117.4827  DIHED      =      1342.8112
 1-4 NB =       454.7302  1-4 EEL =      6173.7726  VDWAALS    =      5006.4054
 EELEC  =    -58503.6855  EHBOND  =         0.0000  RESTRAINT  =         0.0000
 EKCMT  =         0.0000  VIRIAL  =         0.0000  VOLUME     =    144996.0770
                                                    Density    =         1.0353
 ------------------------------------------------------------------------------


 NSTEP =     3600   TIME(PS) =      27.200  TEMP(K) =   300.20  PRESS =     0.0
 Etot   =    -35035.8230  EKtot   =      9097.1377  EPtot      =    -44132.9607
 BOND   =       364.4642  ANGLE   =      1060.6486  DIHED      =      1355.7585
 1-4 NB =       445.4513  1-4 EEL =      6191.3371  VDWAALS    =      4869.8963
 EELEC  =    -58420.5168  EHBOND  =         0.0000  RESTRAINT  =         0.0000
 EKCMT  =         0.0000  VIRIAL  =         0.0000  VOLUME     =    144996.0770
                                                    Density    =         1.0353
 ------------------------------------------------------------------------------


 NSTEP =     3650   TIME(PS) =      27.300  TEMP(K) =   297.67  PRESS =     0.0
 Etot   =    -35056.2978  EKtot   =      9020.5088  EPtot      =    -44076.8066
 BOND   =       361.2071  ANGLE   =      1104.3090  DIHED      =      1355.5255
 1-4 NB =       436.8503  1-4 EEL =      6161.2174  VDWAALS    =      4863.5483
 EELEC  =    -58359.4643  EHBOND  =         0.0000  RESTRAINT  =         0.0000
 EKCMT  =         0.0000  VIRIAL  =         0.0000  VOLUME     =    144996.0770
                                                    Density    =         1.0353
 ------------------------------------------------------------------------------


 NSTEP =     3700   TIME(PS) =      27.400  TEMP(K) =   298.83  PRESS =     0.0
 Etot   =    -35169.4023  EKtot   =      9055.7520  EPtot      =    -44225.1543
 BOND   =       374.5821  ANGLE   =      1029.9111  DIHED      =      1340.5244
 1-4 NB =       440.1429  1-4 EEL =      6185.3547  VDWAALS    =      4992.5501
 EELEC  =    -58588.2196  EHBOND  =         0.0000  RESTRAINT  =         0.0000
 EKCMT  =         0.0000  VIRIAL  =         0.0000  VOLUME     =    144996.0770
                                                    Density    =         1.0353
 ------------------------------------------------------------------------------


 NSTEP =     3750   TIME(PS) =      27.500  TEMP(K) =   297.58  PRESS =     0.0
 Etot   =    -35134.8695  EKtot   =      9017.6270  EPtot      =    -44152.4964
 BOND   =       345.3067  ANGLE   =      1074.3179  DIHED      =      1359.0659
 1-4 NB =       452.8258  1-4 EEL =      6167.2892  VDWAALS    =      4984.8781
 EELEC  =    -58536.1801  EHBOND  =         0.0000  RESTRAINT  =         0.0000
 EKCMT  =         0.0000  VIRIAL  =         0.0000  VOLUME     =    144996.0770
                                                    Density    =         1.0353
 ------------------------------------------------------------------------------


 NSTEP =     3800   TIME(PS) =      27.600  TEMP(K) =   299.58  PRESS =     0.0
 Etot   =    -35206.2686  EKtot   =      9078.4893  EPtot      =    -44284.7578
 BOND   =       327.0693  ANGLE   =      1044.5498  DIHED      =      1356.1691
 1-4 NB =       476.8241  1-4 EEL =      6208.7633  VDWAALS    =      4813.3443
 EELEC  =    -58511.4777  EHBOND  =         0.0000  RESTRAINT  =         0.0000
 EKCMT  =         0.0000  VIRIAL  =         0.0000  VOLUME     =    144996.0770
                                                    Density    =         1.0353
 ------------------------------------------------------------------------------


 NSTEP =     3850   TIME(PS) =      27.700  TEMP(K) =   298.72  PRESS =     0.0
 Etot   =    -35059.4351  EKtot   =      9052.2969  EPtot      =    -44111.7320
 BOND   =       350.7157  ANGLE   =      1105.5930  DIHED      =      1361.2094
 1-4 NB =       461.6551  1-4 EEL =      6177.6205  VDWAALS    =      4923.4258
 EELEC  =    -58491.9514  EHBOND  =         0.0000  RESTRAINT  =         0.0000
 EKCMT  =         0.0000  VIRIAL  =         0.0000  VOLUME     =    144996.0770
                                                    Density    =         1.0353
 ------------------------------------------------------------------------------


 NSTEP =     3900   TIME(PS) =      27.800  TEMP(K) =   300.88  PRESS =     0.0
 Etot   =    -34993.2220  EKtot   =      9117.8672  EPtot      =    -44111.0891
 BOND   =       326.8300  ANGLE   =      1091.8283  DIHED      =      1360.7807
 1-4 NB =       461.8116  1-4 EEL =      6214.3252  VDWAALS    =      4861.7084
 EELEC  =    -58428.3734  EHBOND  =         0.0000  RESTRAINT  =         0.0000
 EKCMT  =         0.0000  VIRIAL  =         0.0000  VOLUME     =    145157.6133
                                                    Density    =         1.0342
 ------------------------------------------------------------------------------


 NSTEP =     3950   TIME(PS) =      27.900  TEMP(K) =   298.96  PRESS =     0.0
 Etot   =    -35119.3072  EKtot   =      9059.6436  EPtot      =    -44178.9508
 BOND   =       353.4292  ANGLE   =      1043.4248  DIHED      =      1350.0482
 1-4 NB =       447.4584  1-4 EEL =      6221.5730  VDWAALS    =      4843.2197
 EELEC  =    -58438.1041  EHBOND  =         0.0000  RESTRAINT  =         0.0000
 EKCMT  =         0.0000  VIRIAL  =         0.0000  VOLUME     =    145157.6133
                                                    Density    =         1.0342
 ------------------------------------------------------------------------------

| MC Barostat: Decreasing size of volume moves

 NSTEP =     4000   TIME(PS) =      28.000  TEMP(K) =   301.33  PRESS =     0.0
 Etot   =    -35066.6297  EKtot   =      9131.5088  EPtot      =    -44198.1385
 BOND   =       351.0123  ANGLE   =      1050.4125  DIHED      =      1355.8229
 1-4 NB =       448.8301  1-4 EEL =      6164.0838  VDWAALS    =      4892.6576
 EELEC  =    -58460.9576  EHBOND  =         0.0000  RESTRAINT  =         0.0000
 EKCMT  =         0.0000  VIRIAL  =         0.0000  VOLUME     =    145157.6133
                                                    Density    =         1.0342
 ------------------------------------------------------------------------------


 NSTEP =     4050   TIME(PS) =      28.100  TEMP(K) =   298.63  PRESS =     0.0
 Etot   =    -35089.0754  EKtot   =      9049.5479  EPtot      =    -44138.6233
 BOND   =       321.7955  ANGLE   =      1030.9856  DIHED      =      1348.9697
 1-4 NB =       458.7300  1-4 EEL =      6171.3136  VDWAALS    =      4845.9428
 EELEC  =    -58316.3604  EHBOND  =         0.0000  RESTRAINT  =         0.0000
 EKCMT  =         0.0000  VIRIAL  =         0.0000  VOLUME     =    145157.6133
                                                    Density    =         1.0342
 ------------------------------------------------------------------------------


 NSTEP =     4100   TIME(PS) =      28.200  TEMP(K) =   302.67  PRESS =     0.0
 Etot   =    -35103.5239  EKtot   =      9172.1299  EPtot      =    -44275.6537
 BOND   =       364.9733  ANGLE   =      1040.6220  DIHED      =      1359.6664
 1-4 NB =       451.6871  1-4 EEL =      6159.4923  VDWAALS    =      4652.0821
 EELEC  =    -58304.1770  EHBOND  =         0.0000  RESTRAINT  =         0.0000
 EKCMT  =         0.0000  VIRIAL  =         0.0000  VOLUME     =    145157.6133
                                                    Density    =         1.0342
 ------------------------------------------------------------------------------


 NSTEP =     4150   TIME(PS) =      28.300  TEMP(K) =   296.38  PRESS =     0.0
 Etot   =    -35159.7841  EKtot   =      8981.5527  EPtot      =    -44141.3369
 BOND   =       365.2280  ANGLE   =      1073.7804  DIHED      =      1368.2881
 1-4 NB =       433.9946  1-4 EEL =      6130.2424  VDWAALS    =      5010.1734
 EELEC  =    -58523.0438  EHBOND  =         0.0000  RESTRAINT  =         0.0000
 EKCMT  =         0.0000  VIRIAL  =         0.0000  VOLUME     =    145157.6133
                                                    Density    =         1.0342
 ------------------------------------------------------------------------------


 NSTEP =     4200   TIME(PS) =      28.400  TEMP(K) =   296.80  PRESS =     0.0
 Etot   =    -35118.8121  EKtot   =      8994.1074  EPtot      =    -44112.9195
 BOND   =       352.9770  ANGLE   =      1088.8873  DIHED      =      1384.7716
 1-4 NB =       456.7061  1-4 EEL =      6145.1671  VDWAALS    =      4887.1113
 EELEC  =    -58428.5399  EHBOND  =         0.0000  RESTRAINT  =         0.0000
 EKCMT  =         0.0000  VIRIAL  =         0.0000  VOLUME     =    145157.6133
                                                    Density    =         1.0342
 ------------------------------------------------------------------------------


 NSTEP =     4250   TIME(PS) =      28.500  TEMP(K) =   297.94  PRESS =     0.0
 Etot   =    -35061.5860  EKtot   =      9028.6777  EPtot      =    -44090.2637
 BOND   =       371.8565  ANGLE   =      1094.7676  DIHED      =      1342.3997
 1-4 NB =       438.8557  1-4 EEL =      6137.5958  VDWAALS    =      4790.7059
 EELEC  =    -58266.4449  EHBOND  =         0.0000  RESTRAINT  =         0.0000
 EKCMT  =         0.0000  VIRIAL  =         0.0000  VOLUME     =    145157.6133
                                                    Density    =         1.0342
 ------------------------------------------------------------------------------


 NSTEP =     4300   TIME(PS) =      28.600  TEMP(K) =   300.97  PRESS =     0.0
 Etot   =    -35153.7293  EKtot   =      9120.5049  EPtot      =    -44274.2342
 BOND   =       399.5089  ANGLE   =      1106.5268  DIHED      =      1371.2568
 1-4 NB =       446.8457  1-4 EEL =      6132.4416  VDWAALS    =      4961.4420
 EELEC  =    -58692.2559  EHBOND  =         0.0000  RESTRAINT  =         0.0000
 EKCMT  =         0.0000  VIRIAL  =         0.0000  VOLUME     =    145157.6133
                                                    Density    =         1.0342
 ------------------------------------------------------------------------------


 NSTEP =     4350   TIME(PS) =      28.700  TEMP(K) =   302.83  PRESS =     0.0
 Etot   =    -35063.1844  EKtot   =      9176.8428  EPtot      =    -44240.0272
 BOND   =       346.5046  ANGLE   =      1092.3363  DIHED      =      1365.5544
 1-4 NB =       467.7354  1-4 EEL =      6196.1027  VDWAALS    =      5086.5311
 EELEC  =    -58794.7917  EHBOND  =         0.0000  RESTRAINT  =         0.0000
 EKCMT  =         0.0000  VIRIAL  =         0.0000  VOLUME     =    145157.6133
                                                    Density    =         1.0342
 ------------------------------------------------------------------------------


 NSTEP =     4400   TIME(PS) =      28.800  TEMP(K) =   302.39  PRESS =     0.0
 Etot   =    -34984.0901  EKtot   =      9163.5996  EPtot      =    -44147.6897
 BOND   =       362.4245  ANGLE   =      1036.7279  DIHED      =      1353.9119
 1-4 NB =       475.1803  1-4 EEL =      6206.1958  VDWAALS    =      4749.7549
 EELEC  =    -58331.8850  EHBOND  =         0.0000  RESTRAINT  =         0.0000
 EKCMT  =         0.0000  VIRIAL  =         0.0000  VOLUME     =    145323.7554
                                                    Density    =         1.0330
 ------------------------------------------------------------------------------


 NSTEP =     4450   TIME(PS) =      28.900  TEMP(K) =   301.20  PRESS =     0.0
 Etot   =    -35154.6873  EKtot   =      9127.5967  EPtot      =    -44282.2840
 BOND   =       373.8480  ANGLE   =      1064.8127  DIHED      =      1364.9537
 1-4 NB =       435.6252  1-4 EEL =      6195.7890  VDWAALS    =      4944.0830
 EELEC  =    -58661.3956  EHBOND  =         0.0000  RESTRAINT  =         0.0000
 EKCMT  =         0.0000  VIRIAL  =         0.0000  VOLUME     =    145323.7554
                                                    Density    =         1.0330
 ------------------------------------------------------------------------------


 NSTEP =     4500   TIME(PS) =      29.000  TEMP(K) =   300.82  PRESS =     0.0
 Etot   =    -34966.5527  EKtot   =      9115.8545  EPtot      =    -44082.4072
 BOND   =       356.5718  ANGLE   =      1092.7980  DIHED      =      1377.6620
 1-4 NB =       454.0432  1-4 EEL =      6175.8916  VDWAALS    =      5086.2234
 EELEC  =    -58625.5972  EHBOND  =         0.0000  RESTRAINT  =         0.0000
 EKCMT  =         0.0000  VIRIAL  =         0.0000  VOLUME     =    145323.7554
                                                    Density    =         1.0330
 ------------------------------------------------------------------------------


 NSTEP =     4550   TIME(PS) =      29.100  TEMP(K) =   300.30  PRESS =     0.0
 Etot   =    -34982.9333  EKtot   =      9100.0908  EPtot      =    -44083.0241
 BOND   =       368.5601  ANGLE   =      1091.4660  DIHED      =      1376.9121
 1-4 NB =       449.1945  1-4 EEL =      6193.7174  VDWAALS    =      4912.5865
 EELEC  =    -58475.4606  EHBOND  =         0.0000  RESTRAINT  =         0.0000
 EKCMT  =         0.0000  VIRIAL  =         0.0000  VOLUME     =    145323.7554
                                                    Density    =         1.0330
 ------------------------------------------------------------------------------


 NSTEP =     4600   TIME(PS) =      29.200  TEMP(K) =   300.78  PRESS =     0.0
 Etot   =    -35033.8391  EKtot   =      9114.7471  EPtot      =    -44148.5861
 BOND   =       366.4193  ANGLE   =      1096.0753  DIHED      =      1376.9165
 1-4 NB =       445.0689  1-4 EEL =      6168.0702  VDWAALS    =      4640.9091
 EELEC  =    -58242.0454  EHBOND  =         0.0000  RESTRAINT  =         0.0000
 EKCMT  =         0.0000  VIRIAL  =         0.0000  VOLUME     =    145661.8750
                                                    Density    =         1.0306
 ------------------------------------------------------------------------------


 NSTEP =     4650   TIME(PS) =      29.300  TEMP(K) =   300.71  PRESS =     0.0
 Etot   =    -34948.1261  EKtot   =      9112.5537  EPtot      =    -44060.6798
 BOND   =       358.3215  ANGLE   =      1137.2383  DIHED      =      1377.3379
 1-4 NB =       454.7299  1-4 EEL =      6192.9215  VDWAALS    =      4914.9753
 EELEC  =    -58496.2042  EHBOND  =         0.0000  RESTRAINT  =         0.0000
 EKCMT  =         0.0000  VIRIAL  =         0.0000  VOLUME     =    145661.8750
                                                    Density    =         1.0306
 ------------------------------------------------------------------------------


 NSTEP =     4700   TIME(PS) =      29.400  TEMP(K) =   296.69  PRESS =     0.0
 Etot   =    -35044.6781  EKtot   =      8990.7715  EPtot      =    -44035.4496
 BOND   =       364.2440  ANGLE   =      1098.4995  DIHED      =      1367.7019
 1-4 NB =       456.4447  1-4 EEL =      6132.0871  VDWAALS    =      5040.8393
 EELEC  =    -58495.2660  EHBOND  =         0.0000  RESTRAINT  =         0.0000
 EKCMT  =         0.0000  VIRIAL  =         0.0000  VOLUME     =    145661.8750
                                                    Density    =         1.0306
 ------------------------------------------------------------------------------


 NSTEP =     4750   TIME(PS) =      29.500  TEMP(K) =   303.30  PRESS =     0.0
 Etot   =    -34867.2464  EKtot   =      9191.1299  EPtot      =    -44058.3762
 BOND   =       348.8845  ANGLE   =      1075.3013  DIHED      =      1359.0550
 1-4 NB =       461.5370  1-4 EEL =      6177.1277  VDWAALS    =      4987.3052
 EELEC  =    -58467.5870  EHBOND  =         0.0000  RESTRAINT  =         0.0000
 EKCMT  =         0.0000  VIRIAL  =         0.0000  VOLUME     =    145661.8750
                                                    Density    =         1.0306
 ------------------------------------------------------------------------------


 NSTEP =     4800   TIME(PS) =      29.600  TEMP(K) =   301.12  PRESS =     0.0
 Etot   =    -35052.0481  EKtot   =      9125.1533  EPtot      =    -44177.2014
 BOND   =       347.4309  ANGLE   =      1085.7544  DIHED      =      1355.3702
 1-4 NB =       437.0769  1-4 EEL =      6159.6161  VDWAALS    =      4925.4897
 EELEC  =    -58487.9396  EHBOND  =         0.0000  RESTRAINT  =         0.0000
 EKCMT  =         0.0000  VIRIAL  =         0.0000  VOLUME     =    145661.8750
                                                    Density    =         1.0306
 ------------------------------------------------------------------------------


 NSTEP =     4850   TIME(PS) =      29.700  TEMP(K) =   299.09  PRESS =     0.0
 Etot   =    -35115.8080  EKtot   =      9063.5684  EPtot      =    -44179.3764
 BOND   =       349.6971  ANGLE   =      1039.0486  DIHED      =      1364.2647
 1-4 NB =       453.8691  1-4 EEL =      6154.1190  VDWAALS    =      4919.4901
 EELEC  =    -58459.8650  EHBOND  =         0.0000  RESTRAINT  =         0.0000
 EKCMT  =         0.0000  VIRIAL  =         0.0000  VOLUME     =    145661.8750
                                                    Density    =         1.0306
 ------------------------------------------------------------------------------


 NSTEP =     4900   TIME(PS) =      29.800  TEMP(K) =   297.97  PRESS =     0.0
 Etot   =    -35134.1238  EKtot   =      9029.4541  EPtot      =    -44163.5779
 BOND   =       359.4445  ANGLE   =      1064.9092  DIHED      =      1363.7852
 1-4 NB =       455.6871  1-4 EEL =      6172.1767  VDWAALS    =      4748.3881
 EELEC  =    -58327.9685  EHBOND  =         0.0000  RESTRAINT  =         0.0000
 EKCMT  =         0.0000  VIRIAL  =         0.0000  VOLUME     =    146088.9659
                                                    Density    =         1.0276
 ------------------------------------------------------------------------------


 NSTEP =     4950   TIME(PS) =      29.900  TEMP(K) =   299.91  PRESS =     0.0
 Etot   =    -35033.4268  EKtot   =      9088.2480  EPtot      =    -44121.6748
 BOND   =       362.2621  ANGLE   =      1042.1668  DIHED      =      1345.6498
 1-4 NB =       444.0478  1-4 EEL =      6162.4277  VDWAALS    =      5051.5769
 EELEC  =    -58529.8059  EHBOND  =         0.0000  RESTRAINT  =         0.0000
 EKCMT  =         0.0000  VIRIAL  =         0.0000  VOLUME     =    146088.9659
                                                    Density    =         1.0276
 ------------------------------------------------------------------------------


 NSTEP =     5000   TIME(PS) =      30.000  TEMP(K) =   303.74  PRESS =     0.0
 Etot   =    -34952.6935  EKtot   =      9204.4990  EPtot      =    -44157.1925
 BOND   =       348.4178  ANGLE   =      1086.2512  DIHED      =      1387.1669
 1-4 NB =       452.8033  1-4 EEL =      6175.8242  VDWAALS    =      4838.8616
 EELEC  =    -58446.5175  EHBOND  =         0.0000  RESTRAINT  =         0.0000
 EKCMT  =         0.0000  VIRIAL  =         0.0000  VOLUME     =    146088.9659
                                                    Density    =         1.0276
 ------------------------------------------------------------------------------


      A V E R A G E S   O V E R     100 S T E P S


 NSTEP =     5000   TIME(PS) =      30.000  TEMP(K) =   300.34  PRESS =     0.0
 Etot   =    -35084.0222  EKtot   =      9101.2625  EPtot      =    -44185.2847
 BOND   =       356.5001  ANGLE   =      1075.5063  DIHED      =      1366.4080
 1-4 NB =       450.8523  1-4 EEL =      6177.5353  VDWAALS    =      4930.3596
 EELEC  =    -58542.4464  EHBOND  =         0.0000  RESTRAINT  =         0.0000
 EKCMT  =         0.0000  VIRIAL  =         0.0000  VOLUME     =    144876.8146
                                                    Density    =         1.0362
 ------------------------------------------------------------------------------


      R M S  F L U C T U A T I O N S


 NSTEP =     5000   TIME(PS) =      30.000  TEMP(K) =     2.25  PRESS =     0.0
 Etot   =       103.3986  EKtot   =        68.1829  EPtot      =        88.8339
 BOND   =        14.6669  ANGLE   =        24.5002  DIHED      =        11.6613
 1-4 NB =         9.4825  1-4 EEL =        21.6092  VDWAALS    =       107.2354
 EELEC  =       155.0403  EHBOND  =         0.0000  RESTRAINT  =         0.0000
 EKCMT  =         0.0000  VIRIAL  =         0.0000  VOLUME     =       401.6248
                                                    Density    =         0.0029
 ------------------------------------------------------------------------------

| MC Barostat:         50 volume changes attempted.
| MC Barostat:          9 changes successful ( 18.00%)
 ------------------------------------------------------------------------------

--------------------------------------------------------------------------------
   5.  TIMINGS
--------------------------------------------------------------------------------

|  NonSetup CPU Time in Major Routines:
|
|     Routine           Sec        %
|     ------------------------------
|     Nonbond           0.56   22.28
|     Bond              0.00    0.00
|     Angle             0.00    0.00
|     Dihedral          0.00    0.00
|     Shake             0.03    1.08
|     RunMD             1.87   75.14
|     Other             0.04    1.49
|     ------------------------------
|     Total             2.49

|  PME Nonbond Pairlist CPU Time:
|
|     Routine              Sec        %
|     ---------------------------------
|     Set Up Cit           0.00    0.00
|     Build List           0.00    0.00
|     ---------------------------------
|     Total                0.00    0.00

|  PME Direct Force CPU Time:
|
|     Routine              Sec        %
|     ---------------------------------
|     NonBonded Calc       0.00    0.00
|     Exclude Masked       0.00    0.00
|     Other                0.00    0.11
|     ---------------------------------
|     Total                0.00    0.11

|  PME Reciprocal Force CPU Time:
|
|     Routine              Sec        %
|     ---------------------------------
|     1D bspline           0.00    0.00
|     Grid Charges         0.00    0.00
|     Scalar Sum           0.00    0.00
|     Gradient Sum         0.00    0.00
|     FFT                  0.00    0.00
|     ---------------------------------
|     Total                0.00    0.00

|  Final Performance Info:
|     -----------------------------------------------------
|     Average timings for last    4950 steps:
|     Elapsed(s) =       2.47 Per Step(ms) =       0.50
|         ns/day =     345.79   seconds/ns =     249.87
|
|     Average timings for all steps:
|     Elapsed(s) =       2.49 Per Step(ms) =       0.50
|         ns/day =     346.65   seconds/ns =     249.24
|     -----------------------------------------------------

|  Setup CPU time:            0.40 seconds
|  NonSetup CPU time:         2.49 seconds
|  Total CPU time:            2.89 seconds     0.00 hours

|  Setup wall time:           1    seconds
|  NonSetup wall time:        2    seconds
|  Total wall time:           3    seconds     0.00 hours
