            --------------------------------------------------------
                             AMBER SQM VERSION 17
 
                                     By
              Ross C. Walker, Michael F. Crowley, Scott Brozell,
                         Tim Giese, Andreas W. Goetz,
                        Tai-Sung Lee and David A. Case
 
            --------------------------------------------------------
 

--------------------------------------------------------------------------------
  QM CALCULATION INFO
--------------------------------------------------------------------------------

| QMMM: Citation for AMBER QMMM Run:
| QMMM: R.C. Walker, M.F. Crowley and D.A. Case, J. COMP. CHEM. 29:1019, 2008

QMMM: SINGLET STATE CALCULATION
QMMM: RHF CALCULATION, NO. OF DOUBLY OCCUPIED LEVELS = 32

| QMMM: *** Selected Hamiltonian *** 
| QMMM: AM1         

| QMMM: *** Parameter sets in use ***
| QMMM: C : M.J.S.DEWAR et al. JACS, 107, 3902, (1985)
| QMMM: O : M.J.S.DEWAR et al. JACS, 107, 3902, (1985)
| QMMM: H : M.J.S.DEWAR et al. JACS, 107, 3902, (1985)

| QMMM: *** SCF convergence criteria ***
| QMMM: Energy change                :  0.1D-09 kcal/mol
| QMMM: Error matrix |FP-PF|         :  0.1D+00 au
| QMMM: Density matrix change        :  0.5D-06
| QMMM: Maximum number of SCF cycles :     1000

| QMMM: *** Diagonalization Routine Information ***
| QMMM: Pseudo diagonalizations are allowed.
| QMMM: Auto diagonalization routine selection is in use.
| QMMM:
| QMMM: Timing diagonalization routines:
| QMMM:                              norbs =       60
| QMMM:    diag iterations used for timing =       15
| QMMM:
| QMMM:              Internal diag routine = 0.007827 seconds
| QMMM:                 Dspev diag routine = 0.010509 seconds
| QMMM:                Dspevd diag routine = 0.006852 seconds
| QMMM:                Dspevx diag routine = 0.031548 seconds
| QMMM:                 Dsyev diag routine = 0.010486 seconds
| QMMM:                Dsyevd diag routine = 0.008419 seconds
| QMMM:                Dsyevr diag routine = 0.009238 seconds
| QMMM:
| QMMM:                Pseudo diag routine = 0.002625 seconds
| QMMM:
| QMMM: Using dspevd routine (diag_routine=3).

  QMMM: QM Region Cartesian Coordinates (*=link atom) 
  QMMM: QM_NO.   MM_NO.  ATOM         X         Y         Z
  QMMM:     1        1      C       31.1070   34.3150   33.3950
  QMMM:     2        2      O       31.3580   31.8300   36.0520
  QMMM:     3        3      C       31.2670   33.4950   32.2730
  QMMM:     4        4      O       30.9730   34.4900   35.8170
  QMMM:     5        5      C       31.1510   33.7470   34.6660
  QMMM:     6        6      C       31.4930   32.1300   32.4280
  QMMM:     7        7      C       31.3280   32.3790   34.8070
  QMMM:     8        8      C       31.5190   31.5620   33.6970
  QMMM:     9        9      C       31.2020   34.0740   30.8950
  QMMM:    10       10      C       32.0880   35.2230   30.5850
  QMMM:    11       11      C       33.2650   35.3590   31.2550
  QMMM:    12       12      C       30.8200   35.8590   35.7450
  QMMM:    13       13      H       30.9510   35.3770   33.2770
  QMMM:    14       14      H       31.6490   31.5090   31.5580
  QMMM:    15       15      H       31.6850   30.5020   33.8190
  QMMM:    16       16      H       31.4480   33.2760   30.1950
  QMMM:    17       17      H       30.1730   34.3810   30.7070
  QMMM:    18       18      H       31.8020   35.9450   29.8350
  QMMM:    19       19      H       33.5470   34.6340   32.0050
  QMMM:    20       20      H       33.9170   36.1920   31.0370
  QMMM:    21       21      H       30.7260   36.2680   36.7510
  QMMM:    22       22      H       31.6900   36.2960   35.2550
  QMMM:    23       23      H       29.9230   36.0950   35.1720
  QMMM:    24       24      H       30.6700   31.1650   36.1250

--------------------------------------------------------------------------------
  RESULTS
--------------------------------------------------------------------------------

      iter         sqm energy              rms gradient
      ----    -------------------    -----------------------
xmin    10      -43.9537 kcal/mol        0.5217 kcal/(mol*A)
xmin    20      -44.3009 kcal/mol        0.2317 kcal/(mol*A)
xmin    30      -44.4074 kcal/mol        0.1173 kcal/(mol*A)
xmin    40      -44.4353 kcal/mol        0.1314 kcal/(mol*A)
xmin    50      -44.4432 kcal/mol        0.1636 kcal/(mol*A)
xmin    60      -44.4537 kcal/mol        0.1499 kcal/(mol*A)
xmin    70      -44.4606 kcal/mol        0.0805 kcal/(mol*A)
xmin    80      -44.4659 kcal/mol        0.1402 kcal/(mol*A)
xmin    90      -44.4683 kcal/mol        0.0245 kcal/(mol*A)
xmin   100      -44.4686 kcal/mol        0.0147 kcal/(mol*A)
xmin   110      -44.4688 kcal/mol        0.0192 kcal/(mol*A)
xmin   120      -44.4688 kcal/mol        0.0086 kcal/(mol*A)
xmin   130      -44.4688 kcal/mol        0.0029 kcal/(mol*A)
xmin   140      -44.4688 kcal/mol        0.0071 kcal/(mol*A)
xmin   150      -44.4688 kcal/mol        0.0020 kcal/(mol*A)
  ... geometry converged !
 
 Final MO eigenvalues (eV):
 -40.7844  -38.5020  -37.9866  -34.9497  -31.0992  -30.7162  -28.1279  -26.7663
 -23.3963  -22.7880  -20.2272  -18.9966  -17.9858  -17.3747  -16.5406  -16.1399
 -15.7623  -15.3340  -14.8541  -14.6877  -14.4497  -13.7841  -13.2961  -12.9677
 -12.5752  -12.3459  -12.2339  -11.7939  -11.6246  -10.0396   -9.5426   -8.6100
   0.3468    0.4883    1.3261    2.5361    2.7235    3.0263    3.6631    3.7478
   3.9315    4.0591    4.0818    4.1047    4.1568    4.3321    4.3418    4.4112
   4.4893    4.5919    4.7539    5.0502    5.1229    5.2851    5.5746    5.6390
   5.7733    5.8882    6.1088    6.6066

 Heat of formation   =        -44.46883559 kcal/mol  (       -1.92831341 eV)

 Total SCF energy    =     -48091.93918793 kcal/mol  (    -2085.42297333 eV)
 Electronic energy   =    -247565.03832970 kcal/mol  (   -10735.22563331 eV)
 Core-core repulsion =     199473.09914177 kcal/mol  (     8649.80265998 eV)
 
    Atomic Charges for Step       1 :
  Atom    Element       Mulliken Charge
     1      C                 -0.171
     2      O                 -0.230
     3      C                 -0.070
     4      O                 -0.188
     5      C                  0.056
     6      C                 -0.120
     7      C                  0.055
     8      C                 -0.188
     9      C                 -0.093
    10      C                 -0.167
    11      C                 -0.215
    12      C                 -0.079
    13      H                  0.142
    14      H                  0.136
    15      H                  0.135
    16      H                  0.094
    17      H                  0.093
    18      H                  0.116
    19      H                  0.121
    20      H                  0.111
    21      H                  0.108
    22      H                  0.071
    23      H                  0.070
    24      H                  0.213
 Total Mulliken Charge =      -0.000
 
                  X        Y        Z     TOTAL  
  QM DIPOLE    -0.088    0.293   -1.572    1.602
 
 Final Structure

  QMMM: QM Region Cartesian Coordinates (*=link atom) 
  QMMM: QM_NO.   MM_NO.  ATOM         X         Y         Z
  QMMM:     1        1      C       30.9635   34.4119   33.4615
  QMMM:     2        2      O       31.4166   31.8996   36.0876
  QMMM:     3        3      C       31.1889   33.6542   32.3033
  QMMM:     4        4      O       30.8400   34.4658   35.9194
  QMMM:     5        5      C       31.0435   33.8142   34.7191
  QMMM:     6        6      C       31.4899   32.2958   32.4124
  QMMM:     7        7      C       31.3523   32.4336   34.8219
  QMMM:     8        8      C       31.5729   31.6852   33.6637
  QMMM:     9        9      C       31.0766   34.2970   30.9639
  QMMM:    10       10      C       32.3201   34.9398   30.4686
  QMMM:    11       11      C       33.4843   34.9860   31.1105
  QMMM:    12       12      C       30.5422   35.8542   35.8301
  QMMM:    13       13      H       30.7242   35.4809   33.3662
  QMMM:    14       14      H       31.6647   31.6970   31.5062
  QMMM:    15       15      H       31.8110   30.6146   33.7412
  QMMM:    16       16      H       30.7553   33.5249   30.2092
  QMMM:    17       17      H       30.2650   35.0777   30.9962
  QMMM:    18       18      H       32.2072   35.4031   29.4726
  QMMM:    19       19      H       33.6358   34.5371   32.1015
  QMMM:    20       20      H       34.3668   35.4792   30.6824
  QMMM:    21       21      H       30.4287   36.1622   36.9006
  QMMM:    22       22      H       31.3822   36.4101   35.3472
  QMMM:    23       23      H       29.5901   36.0199   35.2698
  QMMM:    24       24      H       31.6303   30.9591   35.9959

           --------- Calculation Completed ----------

